[0.000000] (-) TimerEvent: {}
[0.001882] (mimi_head) JobQueued: {'identifier': 'mimi_head', 'dependencies': OrderedDict()}
[0.002628] (mimi_head) JobStarted: {'identifier': 'mimi_head'}
[0.051877] (mimi_head) JobProgress: {'identifier': 'mimi_head', 'progress': 'cmake'}
[0.055028] (mimi_head) JobProgress: {'identifier': 'mimi_head', 'progress': 'build'}
[0.058441] (mimi_head) Command: {'cmd': ['/usr/bin/cmake', '--build', '/home/mimi/mimi_ros2_ws/build/mimi_head', '--', '-j4', '-l4'], 'cwd': '/home/mimi/mimi_ros2_ws/build/mimi_head', 'env': OrderedDict([('LESSOPEN', '| /usr/bin/lesspipe %s'), ('USER', 'mimi'), ('SSH_CLIENT', '192.168.1.102 50262 22'), ('LC_TIME', 'th_TH.UTF-8'), ('XDG_SESSION_TYPE', 'tty'), ('GIT_ASKPASS', '/home/mimi/.vscode-server/bin/6a995c4f4cc2ced6e3237749973982e751cb0bf9/extensions/git/dist/askpass.sh'), ('SHLVL', '0'), ('LD_LIBRARY_PATH', '/opt/ros/humble/opt/rviz_ogre_vendor/lib:/opt/ros/humble/lib/aarch64-linux-gnu:/opt/ros/humble/lib'), ('BROWSER', '/home/mimi/.vscode-server/bin/6a995c4f4cc2ced6e3237749973982e751cb0bf9/bin/helpers/browser.sh'), ('MOTD_SHOWN', 'pam'), ('HOME', '/home/mimi'), ('TERM_PROGRAM_VERSION', '1.78.1'), ('VSCODE_IPC_HOOK_CLI', '/run/user/1000/vscode-ipc-0ae08e71-5d13-484b-8da3-0f232d990218.sock'), ('ROS_PYTHON_VERSION', '3'), ('VSCODE_GIT_ASKPASS_MAIN', '/home/mimi/.vscode-server/bin/6a995c4f4cc2ced6e3237749973982e751cb0bf9/extensions/git/dist/askpass-main.js'), ('LC_MONETARY', 'th_TH.UTF-8'), ('VSCODE_GIT_ASKPASS_NODE', '/home/mimi/.vscode-server/bin/6a995c4f4cc2ced6e3237749973982e751cb0bf9/node'), ('DBUS_SESSION_BUS_ADDRESS', 'unix:path=/run/user/1000/bus'), ('COLORTERM', 'truecolor'), ('ROS_DISTRO', 'humble'), ('LOGNAME', 'mimi'), ('_', '/usr/bin/colcon'), ('ROS_VERSION', '2'), ('XDG_SESSION_CLASS', 'user'), ('TERM', 'xterm-256color'), ('XDG_SESSION_ID', '2'), ('ROS_LOCALHOST_ONLY', '0'), ('PATH', '/home/mimi/.vscode-server/bin/6a995c4f4cc2ced6e3237749973982e751cb0bf9/bin/remote-cli:/home/mimi/.local/bin:/opt/ros/humble/bin:/usr/local/sbin:/usr/local/bin:/usr/sbin:/usr/bin:/sbin:/bin:/usr/games:/usr/local/games:/snap/bin'), ('LC_ADDRESS', 'th_TH.UTF-8'), ('XDG_RUNTIME_DIR', '/run/user/1000'), ('LANG', 'en_US.UTF-8'), ('LC_TELEPHONE', 'th_TH.UTF-8'), ('LS_COLORS', ''), ('VSCODE_GIT_IPC_HANDLE', '/run/user/1000/vscode-git-bb3d78543e.sock'), ('TERM_PROGRAM', 'vscode'), ('AMENT_PREFIX_PATH', '/opt/ros/humble'), ('SHELL', '/bin/bash'), ('LC_NAME', 'th_TH.UTF-8'), ('LESSCLOSE', '/usr/bin/lesspipe %s %s'), ('LC_MEASUREMENT', 'th_TH.UTF-8'), ('LC_IDENTIFICATION', 'th_TH.UTF-8'), ('VSCODE_GIT_ASKPASS_EXTRA_ARGS', ''), ('PWD', '/home/mimi/mimi_ros2_ws/build/mimi_head'), ('SSH_CONNECTION', '192.168.1.102 50262 192.168.1.100 22'), ('XDG_DATA_DIRS', '/usr/share/gnome:/usr/local/share:/usr/share:/var/lib/snapd/desktop'), ('PYTHONPATH', '/opt/ros/humble/lib/python3.10/site-packages:/opt/ros/humble/local/lib/python3.10/dist-packages'), ('LC_NUMERIC', 'th_TH.UTF-8'), ('LC_PAPER', 'th_TH.UTF-8'), ('COLCON', '1'), ('CMAKE_PREFIX_PATH', '/opt/ros/humble')]), 'shell': False}
[0.099217] (-) TimerEvent: {}
[0.200179] (-) TimerEvent: {}
[0.259131] (mimi_head) StdoutLine: {'line': b'\x1b[35m\x1b[1mConsolidate compiler generated dependencies of target mimi_camera\x1b[0m\n'}
[0.302508] (-) TimerEvent: {}
[0.341721] (mimi_head) StdoutLine: {'line': b'[ 50%] Built target mimi_monitor\n'}
[0.384831] (mimi_head) StdoutLine: {'line': b'[ 75%] \x1b[32mBuilding CXX object CMakeFiles/mimi_camera.dir/src/mimi_camera.cpp.o\x1b[0m\n'}
[0.402746] (-) TimerEvent: {}
[0.505057] (-) TimerEvent: {}
[0.605959] (-) TimerEvent: {}
[0.706982] (-) TimerEvent: {}
[0.807794] (-) TimerEvent: {}
[0.908517] (-) TimerEvent: {}
[1.009430] (-) TimerEvent: {}
[1.111219] (-) TimerEvent: {}
[1.212039] (-) TimerEvent: {}
[1.312870] (-) TimerEvent: {}
[1.413674] (-) TimerEvent: {}
[1.514489] (-) TimerEvent: {}
[1.615270] (-) TimerEvent: {}
[1.716024] (-) TimerEvent: {}
[1.816782] (-) TimerEvent: {}
[1.917578] (-) TimerEvent: {}
[2.019878] (-) TimerEvent: {}
[2.120706] (-) TimerEvent: {}
[2.221478] (-) TimerEvent: {}
[2.322361] (-) TimerEvent: {}
[2.423561] (-) TimerEvent: {}
[2.524395] (-) TimerEvent: {}
[2.625267] (-) TimerEvent: {}
[2.726095] (-) TimerEvent: {}
[2.826981] (-) TimerEvent: {}
[2.927843] (-) TimerEvent: {}
[3.028644] (-) TimerEvent: {}
[3.129477] (-) TimerEvent: {}
[3.230392] (-) TimerEvent: {}
[3.331284] (-) TimerEvent: {}
[3.432130] (-) TimerEvent: {}
[3.533020] (-) TimerEvent: {}
[3.633877] (-) TimerEvent: {}
[3.734782] (-) TimerEvent: {}
[3.835587] (-) TimerEvent: {}
[3.936397] (-) TimerEvent: {}
[4.037252] (-) TimerEvent: {}
[4.138095] (-) TimerEvent: {}
[4.238969] (-) TimerEvent: {}
[4.339825] (-) TimerEvent: {}
[4.440649] (-) TimerEvent: {}
[4.541468] (-) TimerEvent: {}
[4.642467] (-) TimerEvent: {}
[4.743324] (-) TimerEvent: {}
[4.844200] (-) TimerEvent: {}
[4.945068] (-) TimerEvent: {}
[5.045907] (-) TimerEvent: {}
[5.146813] (-) TimerEvent: {}
[5.247649] (-) TimerEvent: {}
[5.348496] (-) TimerEvent: {}
[5.449379] (-) TimerEvent: {}
[5.550235] (-) TimerEvent: {}
[5.651044] (-) TimerEvent: {}
[5.751980] (-) TimerEvent: {}
[5.852874] (-) TimerEvent: {}
[5.953696] (-) TimerEvent: {}
[6.054666] (-) TimerEvent: {}
[6.155751] (-) TimerEvent: {}
[6.256775] (-) TimerEvent: {}
[6.357652] (-) TimerEvent: {}
[6.458555] (-) TimerEvent: {}
[6.559358] (-) TimerEvent: {}
[6.660198] (-) TimerEvent: {}
[6.761103] (-) TimerEvent: {}
[6.861917] (-) TimerEvent: {}
[6.962805] (-) TimerEvent: {}
[7.063754] (-) TimerEvent: {}
[7.164626] (-) TimerEvent: {}
[7.265594] (-) TimerEvent: {}
[7.366423] (-) TimerEvent: {}
[7.467352] (-) TimerEvent: {}
[7.568209] (-) TimerEvent: {}
[7.669032] (-) TimerEvent: {}
[7.769900] (-) TimerEvent: {}
[7.870843] (-) TimerEvent: {}
[7.971978] (-) TimerEvent: {}
[8.072835] (-) TimerEvent: {}
[8.173749] (-) TimerEvent: {}
[8.274625] (-) TimerEvent: {}
[8.375552] (-) TimerEvent: {}
[8.476665] (-) TimerEvent: {}
[8.577576] (-) TimerEvent: {}
[8.678474] (-) TimerEvent: {}
[8.779385] (-) TimerEvent: {}
[8.880254] (-) TimerEvent: {}
[8.981121] (-) TimerEvent: {}
[9.081960] (-) TimerEvent: {}
[9.182853] (-) TimerEvent: {}
[9.283721] (-) TimerEvent: {}
[9.384599] (-) TimerEvent: {}
[9.485531] (-) TimerEvent: {}
[9.586408] (-) TimerEvent: {}
[9.687276] (-) TimerEvent: {}
[9.788120] (-) TimerEvent: {}
[9.889096] (-) TimerEvent: {}
[9.989926] (-) TimerEvent: {}
[10.090798] (-) TimerEvent: {}
[10.191624] (-) TimerEvent: {}
[10.292450] (-) TimerEvent: {}
[10.393317] (-) TimerEvent: {}
[10.494172] (-) TimerEvent: {}
[10.595249] (-) TimerEvent: {}
[10.696102] (-) TimerEvent: {}
[10.796991] (-) TimerEvent: {}
[10.897833] (-) TimerEvent: {}
[10.998729] (-) TimerEvent: {}
[11.099630] (-) TimerEvent: {}
[11.200632] (-) TimerEvent: {}
[11.301483] (-) TimerEvent: {}
[11.402349] (-) TimerEvent: {}
[11.503163] (-) TimerEvent: {}
[11.603977] (-) TimerEvent: {}
[11.704829] (-) TimerEvent: {}
[11.805672] (-) TimerEvent: {}
[11.906648] (-) TimerEvent: {}
[12.007455] (-) TimerEvent: {}
[12.108279] (-) TimerEvent: {}
[12.209112] (-) TimerEvent: {}
[12.310029] (-) TimerEvent: {}
[12.410940] (-) TimerEvent: {}
[12.511880] (-) TimerEvent: {}
[12.612845] (-) TimerEvent: {}
[12.713712] (-) TimerEvent: {}
[12.758386] (mimi_head) StderrLine: {'line': b'\x1b[01m\x1b[K/home/mimi/mimi_ros2_ws/src/mimi_head/src/mimi_camera.cpp:\x1b[m\x1b[K In member function \xe2\x80\x98\x1b[01m\x1b[Kvoid MimiCameraNode::pub_angle()\x1b[m\x1b[K\xe2\x80\x99:\n'}
[12.759332] (mimi_head) StderrLine: {'line': b'\x1b[01m\x1b[K/home/mimi/mimi_ros2_ws/src/mimi_head/src/mimi_camera.cpp:147:17:\x1b[m\x1b[K \x1b[01;35m\x1b[Kwarning: \x1b[m\x1b[Kunused variable \xe2\x80\x98\x1b[01m\x1b[Kx\x1b[m\x1b[K\xe2\x80\x99 [\x1b[01;35m\x1b[K\x1b]8;;https://gcc.gnu.org/onlinedocs/gcc/Warning-Options.html#index-Wunused-variable\x07-Wunused-variable\x1b]8;;\x07\x1b[m\x1b[K]\n'}
[12.759837] (mimi_head) StderrLine: {'line': b'  147 |             int \x1b[01;35m\x1b[Kx\x1b[m\x1b[K = gb_closest_face_rect.x;\n'}
[12.760239] (mimi_head) StderrLine: {'line': b'      |                 \x1b[01;35m\x1b[K^\x1b[m\x1b[K\n'}
[12.760628] (mimi_head) StderrLine: {'line': b'\x1b[01m\x1b[K/home/mimi/mimi_ros2_ws/src/mimi_head/src/mimi_camera.cpp:\x1b[m\x1b[K In function \xe2\x80\x98\x1b[01m\x1b[Kvoid sigint_handler(int)\x1b[m\x1b[K\xe2\x80\x99:\n'}
[12.761063] (mimi_head) StderrLine: {'line': b'\x1b[01m\x1b[K/home/mimi/mimi_ros2_ws/src/mimi_head/src/mimi_camera.cpp:160:25:\x1b[m\x1b[K \x1b[01;35m\x1b[Kwarning: \x1b[m\x1b[Kunused parameter \xe2\x80\x98\x1b[01m\x1b[Ksig\x1b[m\x1b[K\xe2\x80\x99 [\x1b[01;35m\x1b[K\x1b]8;;https://gcc.gnu.org/onlinedocs/gcc/Warning-Options.html#index-Wunused-parameter\x07-Wunused-parameter\x1b]8;;\x07\x1b[m\x1b[K]\n'}
[12.761467] (mimi_head) StderrLine: {'line': b'  160 | void sigint_handler(\x1b[01;35m\x1b[Kint sig\x1b[m\x1b[K)\n'}
[12.761850] (mimi_head) StderrLine: {'line': b'      |                     \x1b[01;35m\x1b[K~~~~^~~\x1b[m\x1b[K\n'}
[12.813905] (-) TimerEvent: {}
[12.914803] (-) TimerEvent: {}
[13.015645] (-) TimerEvent: {}
[13.116469] (-) TimerEvent: {}
[13.217375] (-) TimerEvent: {}
[13.318174] (-) TimerEvent: {}
[13.419048] (-) TimerEvent: {}
[13.519862] (-) TimerEvent: {}
[13.620707] (-) TimerEvent: {}
[13.721563] (-) TimerEvent: {}
[13.822485] (-) TimerEvent: {}
[13.923312] (-) TimerEvent: {}
[14.024160] (-) TimerEvent: {}
[14.124985] (-) TimerEvent: {}
[14.225839] (-) TimerEvent: {}
[14.326824] (-) TimerEvent: {}
[14.427690] (-) TimerEvent: {}
[14.528632] (-) TimerEvent: {}
[14.629485] (-) TimerEvent: {}
[14.730346] (-) TimerEvent: {}
[14.831187] (-) TimerEvent: {}
[14.932076] (-) TimerEvent: {}
[15.032889] (-) TimerEvent: {}
[15.133713] (-) TimerEvent: {}
[15.234545] (-) TimerEvent: {}
[15.335357] (-) TimerEvent: {}
[15.436185] (-) TimerEvent: {}
[15.537044] (-) TimerEvent: {}
[15.638006] (-) TimerEvent: {}
[15.738875] (-) TimerEvent: {}
[15.839735] (-) TimerEvent: {}
[15.940563] (-) TimerEvent: {}
[16.041399] (-) TimerEvent: {}
[16.142274] (-) TimerEvent: {}
[16.243126] (-) TimerEvent: {}
[16.343949] (-) TimerEvent: {}
[16.444796] (-) TimerEvent: {}
[16.545639] (-) TimerEvent: {}
[16.646499] (-) TimerEvent: {}
[16.747272] (-) TimerEvent: {}
[16.848161] (-) TimerEvent: {}
[16.949080] (-) TimerEvent: {}
[17.049910] (-) TimerEvent: {}
[17.150979] (-) TimerEvent: {}
[17.251850] (-) TimerEvent: {}
[17.352742] (-) TimerEvent: {}
[17.453760] (-) TimerEvent: {}
[17.554688] (-) TimerEvent: {}
[17.655502] (-) TimerEvent: {}
[17.756318] (-) TimerEvent: {}
[17.857093] (-) TimerEvent: {}
[17.957918] (-) TimerEvent: {}
[18.058744] (-) TimerEvent: {}
[18.159563] (-) TimerEvent: {}
[18.260488] (-) TimerEvent: {}
[18.361328] (-) TimerEvent: {}
[18.462151] (-) TimerEvent: {}
[18.562967] (-) TimerEvent: {}
[18.663842] (-) TimerEvent: {}
[18.764677] (-) TimerEvent: {}
[18.865579] (-) TimerEvent: {}
[18.966356] (-) TimerEvent: {}
[19.067192] (-) TimerEvent: {}
[19.168007] (-) TimerEvent: {}
[19.268865] (-) TimerEvent: {}
[19.369785] (-) TimerEvent: {}
[19.470654] (-) TimerEvent: {}
[19.571524] (-) TimerEvent: {}
[19.672299] (-) TimerEvent: {}
[19.773139] (-) TimerEvent: {}
[19.873970] (-) TimerEvent: {}
[19.974924] (-) TimerEvent: {}
[20.075705] (-) TimerEvent: {}
[20.176608] (-) TimerEvent: {}
[20.277379] (-) TimerEvent: {}
[20.378178] (-) TimerEvent: {}
[20.479026] (-) TimerEvent: {}
[20.579835] (-) TimerEvent: {}
[20.680716] (-) TimerEvent: {}
[20.781485] (-) TimerEvent: {}
[20.882357] (-) TimerEvent: {}
[20.983123] (-) TimerEvent: {}
[21.083940] (-) TimerEvent: {}
[21.184815] (-) TimerEvent: {}
[21.285732] (-) TimerEvent: {}
[21.386731] (-) TimerEvent: {}
[21.487708] (-) TimerEvent: {}
[21.588594] (-) TimerEvent: {}
[21.689434] (-) TimerEvent: {}
[21.790333] (-) TimerEvent: {}
[21.891116] (-) TimerEvent: {}
[21.991930] (-) TimerEvent: {}
[22.092799] (-) TimerEvent: {}
[22.193802] (-) TimerEvent: {}
[22.294694] (-) TimerEvent: {}
[22.374245] (mimi_head) StdoutLine: {'line': b'[100%] \x1b[32m\x1b[1mLinking CXX executable mimi_camera\x1b[0m\n'}
[22.394931] (-) TimerEvent: {}
[22.496015] (-) TimerEvent: {}
[22.597067] (-) TimerEvent: {}
[22.698118] (-) TimerEvent: {}
[22.799279] (-) TimerEvent: {}
[22.900769] (-) TimerEvent: {}
[23.002497] (-) TimerEvent: {}
[23.103675] (-) TimerEvent: {}
[23.204749] (-) TimerEvent: {}
[23.305764] (-) TimerEvent: {}
[23.406637] (-) TimerEvent: {}
[23.507524] (-) TimerEvent: {}
[23.608460] (-) TimerEvent: {}
[23.709328] (-) TimerEvent: {}
[23.810182] (-) TimerEvent: {}
[23.911052] (-) TimerEvent: {}
[24.011914] (-) TimerEvent: {}
[24.112724] (-) TimerEvent: {}
[24.213570] (-) TimerEvent: {}
[24.314386] (-) TimerEvent: {}
[24.415215] (-) TimerEvent: {}
[24.516058] (-) TimerEvent: {}
[24.616941] (-) TimerEvent: {}
[24.717889] (-) TimerEvent: {}
[24.819090] (-) TimerEvent: {}
[24.920104] (-) TimerEvent: {}
[25.021009] (-) TimerEvent: {}
[25.064016] (mimi_head) StdoutLine: {'line': b'[100%] Built target mimi_camera\n'}
[25.102606] (mimi_head) CommandEnded: {'returncode': 0}
[25.121182] (-) TimerEvent: {}
[25.222120] (-) TimerEvent: {}
[25.242424] (mimi_head) JobProgress: {'identifier': 'mimi_head', 'progress': 'install'}
[25.275903] (mimi_head) Command: {'cmd': ['/usr/bin/cmake', '--install', '/home/mimi/mimi_ros2_ws/build/mimi_head'], 'cwd': '/home/mimi/mimi_ros2_ws/build/mimi_head', 'env': OrderedDict([('LESSOPEN', '| /usr/bin/lesspipe %s'), ('USER', 'mimi'), ('SSH_CLIENT', '192.168.1.102 50262 22'), ('LC_TIME', 'th_TH.UTF-8'), ('XDG_SESSION_TYPE', 'tty'), ('GIT_ASKPASS', '/home/mimi/.vscode-server/bin/6a995c4f4cc2ced6e3237749973982e751cb0bf9/extensions/git/dist/askpass.sh'), ('SHLVL', '0'), ('LD_LIBRARY_PATH', '/opt/ros/humble/opt/rviz_ogre_vendor/lib:/opt/ros/humble/lib/aarch64-linux-gnu:/opt/ros/humble/lib'), ('BROWSER', '/home/mimi/.vscode-server/bin/6a995c4f4cc2ced6e3237749973982e751cb0bf9/bin/helpers/browser.sh'), ('MOTD_SHOWN', 'pam'), ('HOME', '/home/mimi'), ('TERM_PROGRAM_VERSION', '1.78.1'), ('VSCODE_IPC_HOOK_CLI', '/run/user/1000/vscode-ipc-0ae08e71-5d13-484b-8da3-0f232d990218.sock'), ('ROS_PYTHON_VERSION', '3'), ('VSCODE_GIT_ASKPASS_MAIN', '/home/mimi/.vscode-server/bin/6a995c4f4cc2ced6e3237749973982e751cb0bf9/extensions/git/dist/askpass-main.js'), ('LC_MONETARY', 'th_TH.UTF-8'), ('VSCODE_GIT_ASKPASS_NODE', '/home/mimi/.vscode-server/bin/6a995c4f4cc2ced6e3237749973982e751cb0bf9/node'), ('DBUS_SESSION_BUS_ADDRESS', 'unix:path=/run/user/1000/bus'), ('COLORTERM', 'truecolor'), ('ROS_DISTRO', 'humble'), ('LOGNAME', 'mimi'), ('_', '/usr/bin/colcon'), ('ROS_VERSION', '2'), ('XDG_SESSION_CLASS', 'user'), ('TERM', 'xterm-256color'), ('XDG_SESSION_ID', '2'), ('ROS_LOCALHOST_ONLY', '0'), ('PATH', '/home/mimi/.vscode-server/bin/6a995c4f4cc2ced6e3237749973982e751cb0bf9/bin/remote-cli:/home/mimi/.local/bin:/opt/ros/humble/bin:/usr/local/sbin:/usr/local/bin:/usr/sbin:/usr/bin:/sbin:/bin:/usr/games:/usr/local/games:/snap/bin'), ('LC_ADDRESS', 'th_TH.UTF-8'), ('XDG_RUNTIME_DIR', '/run/user/1000'), ('LANG', 'en_US.UTF-8'), ('LC_TELEPHONE', 'th_TH.UTF-8'), ('LS_COLORS', ''), ('VSCODE_GIT_IPC_HANDLE', '/run/user/1000/vscode-git-bb3d78543e.sock'), ('TERM_PROGRAM', 'vscode'), ('AMENT_PREFIX_PATH', '/opt/ros/humble'), ('SHELL', '/bin/bash'), ('LC_NAME', 'th_TH.UTF-8'), ('LESSCLOSE', '/usr/bin/lesspipe %s %s'), ('LC_MEASUREMENT', 'th_TH.UTF-8'), ('LC_IDENTIFICATION', 'th_TH.UTF-8'), ('VSCODE_GIT_ASKPASS_EXTRA_ARGS', ''), ('PWD', '/home/mimi/mimi_ros2_ws/build/mimi_head'), ('SSH_CONNECTION', '192.168.1.102 50262 192.168.1.100 22'), ('XDG_DATA_DIRS', '/usr/share/gnome:/usr/local/share:/usr/share:/var/lib/snapd/desktop'), ('PYTHONPATH', '/opt/ros/humble/lib/python3.10/site-packages:/opt/ros/humble/local/lib/python3.10/dist-packages'), ('LC_NUMERIC', 'th_TH.UTF-8'), ('LC_PAPER', 'th_TH.UTF-8'), ('COLCON', '1'), ('CMAKE_PREFIX_PATH', '/opt/ros/humble')]), 'shell': False}
[25.305772] (mimi_head) StdoutLine: {'line': b'-- Install configuration: ""\n'}
[25.307783] (mimi_head) StdoutLine: {'line': b'-- Execute custom install script\n'}
[25.309435] (mimi_head) StdoutLine: {'line': b'-- Up-to-date symlink: /home/mimi/mimi_ros2_ws/install/mimi_head/lib/mimi_head/mimi_camera\n'}
[25.310488] (mimi_head) StdoutLine: {'line': b'-- Up-to-date symlink: /home/mimi/mimi_ros2_ws/install/mimi_head/lib/mimi_head/mimi_monitor\n'}
[25.312167] (mimi_head) StdoutLine: {'line': b'-- Up-to-date symlink: /home/mimi/mimi_ros2_ws/install/mimi_head/share/ament_index/resource_index/package_run_dependencies/mimi_head\n'}
[25.313526] (mimi_head) StdoutLine: {'line': b'-- Up-to-date symlink: /home/mimi/mimi_ros2_ws/install/mimi_head/share/ament_index/resource_index/parent_prefix_path/mimi_head\n'}
[25.318687] (mimi_head) StdoutLine: {'line': b'-- Up-to-date symlink: /home/mimi/mimi_ros2_ws/install/mimi_head/share/mimi_head/environment/ament_prefix_path.sh\n'}
[25.322375] (-) TimerEvent: {}
[25.323715] (mimi_head) StdoutLine: {'line': b'-- Up-to-date symlink: /home/mimi/mimi_ros2_ws/install/mimi_head/share/mimi_head/environment/ament_prefix_path.dsv\n'}
[25.324770] (mimi_head) StdoutLine: {'line': b'-- Up-to-date symlink: /home/mimi/mimi_ros2_ws/install/mimi_head/share/mimi_head/environment/path.sh\n'}
[25.325478] (mimi_head) StdoutLine: {'line': b'-- Up-to-date symlink: /home/mimi/mimi_ros2_ws/install/mimi_head/share/mimi_head/environment/path.dsv\n'}
[25.326112] (mimi_head) StdoutLine: {'line': b'-- Up-to-date symlink: /home/mimi/mimi_ros2_ws/install/mimi_head/share/mimi_head/local_setup.bash\n'}
[25.330912] (mimi_head) StdoutLine: {'line': b'-- Up-to-date symlink: /home/mimi/mimi_ros2_ws/install/mimi_head/share/mimi_head/local_setup.sh\n'}
[25.331570] (mimi_head) StdoutLine: {'line': b'-- Up-to-date symlink: /home/mimi/mimi_ros2_ws/install/mimi_head/share/mimi_head/local_setup.zsh\n'}
[25.332176] (mimi_head) StdoutLine: {'line': b'-- Up-to-date symlink: /home/mimi/mimi_ros2_ws/install/mimi_head/share/mimi_head/local_setup.dsv\n'}
[25.332727] (mimi_head) StdoutLine: {'line': b'-- Symlinking: /home/mimi/mimi_ros2_ws/install/mimi_head/share/mimi_head/package.dsv\n'}
[25.359564] (mimi_head) StdoutLine: {'line': b'-- Up-to-date symlink: /home/mimi/mimi_ros2_ws/install/mimi_head/share/ament_index/resource_index/packages/mimi_head\n'}
[25.360896] (mimi_head) StdoutLine: {'line': b'-- Up-to-date symlink: /home/mimi/mimi_ros2_ws/install/mimi_head/share/mimi_head/cmake/mimi_headConfig.cmake\n'}
[25.362112] (mimi_head) StdoutLine: {'line': b'-- Up-to-date symlink: /home/mimi/mimi_ros2_ws/install/mimi_head/share/mimi_head/cmake/mimi_headConfig-version.cmake\n'}
[25.363582] (mimi_head) StdoutLine: {'line': b'-- Up-to-date symlink: /home/mimi/mimi_ros2_ws/install/mimi_head/share/mimi_head/package.xml\n'}
[25.381320] (mimi_head) CommandEnded: {'returncode': 0}
[25.422557] (-) TimerEvent: {}
[25.523302] (-) TimerEvent: {}
[25.624695] (-) TimerEvent: {}
[25.661358] (mimi_head) JobEnded: {'identifier': 'mimi_head', 'rc': 0}
[25.667728] (-) EventReactorShutdown: {}
