[  2%] Built target mimi_head__cpp
[ 10%] Built target mimi_head__rosidl_generator_c
[ 10%] Built target ament_cmake_python_symlink_mimi_head
[ 16%] Built target mimi_monitor
[ 24%] Built target mimi_head__rosidl_typesupport_introspection_c
[ 32%] Built target mimi_head__rosidl_typesupport_fastrtps_cpp
[ 40%] Built target mimi_head__rosidl_typesupport_cpp
[ 48%] Built target mimi_head__rosidl_typesupport_c
[ 56%] Built target mimi_head__rosidl_typesupport_introspection_cpp
[ 64%] Built target mimi_head__rosidl_typesupport_fastrtps_c
[35m[1mConsolidate compiler generated dependencies of target mimi_head_movement[0m
[ 64%] Built target mimi_head
[ 70%] Built target mimi_camera
[ 72%] [32mBuilding CXX object CMakeFiles/mimi_head_movement.dir/src/mimi_head_movement.cpp.o[0m
[ 75%] Built target mimi_head__py
[ 81%] Built target mimi_head__rosidl_generator_py
[ 86%] Built target mimi_head__rosidl_typesupport_fastrtps_c__pyext
[ 91%] Built target mimi_head__rosidl_typesupport_introspection_c__pyext
[ 97%] Built target mimi_head__rosidl_typesupport_c__pyext
running egg_info
writing mimi_head.egg-info/PKG-INFO
writing dependency_links to mimi_head.egg-info/dependency_links.txt
writing top-level names to mimi_head.egg-info/top_level.txt
reading manifest file 'mimi_head.egg-info/SOURCES.txt'
writing manifest file 'mimi_head.egg-info/SOURCES.txt'
[ 97%] Built target ament_cmake_python_build_mimi_head_egg
In file included from [01m[K/usr/include/c++/11/future:48[m[K,
                 from [01m[K/opt/ros/humble/include/rclcpp/rclcpp/executors.hpp:18[m[K,
                 from [01m[K/opt/ros/humble/include/rclcpp/rclcpp/rclcpp.hpp:155[m[K,
                 from [01m[K/home/mimi/mimi_ros2_ws/src/mimi_head/src/mimi_head_movement.cpp:4[m[K:
/usr/include/c++/11/bits/std_thread.h: In instantiation of ‘[01m[Kstd::thread::thread(_Callable&&, _Args&& ...) [with _Callable = std::_Bind<void (MimiHeadMovementNode::*(MimiHeadMovementNode*, std::_Placeholder<1>))(const mimi_head::msg::Angle_<std::allocator<void> >&)>; _Args = {}; <template-parameter-1-3> = void][m[K’:
[01m[K/home/mimi/mimi_ros2_ws/src/mimi_head/src/mimi_head_movement.cpp:37:106:[m[K   required from here
[01m[K/usr/include/c++/11/bits/std_thread.h:130:72:[m[K [01;31m[Kerror: [m[Kstatic assertion failed: std::thread arguments must be invocable after conversion to rvalues
  130 |                                       typename decay<_Args>::type...>::[01;31m[Kvalue[m[K,
      |                                                                        [01;31m[K^~~~~[m[K
[01m[K/usr/include/c++/11/bits/std_thread.h:130:72:[m[K [01;36m[Knote: [m[K‘[01m[Kstd::integral_constant<bool, false>::value[m[K’ evaluates to false
/usr/include/c++/11/bits/std_thread.h: In instantiation of ‘[01m[Kstruct std::thread::_Invoker<std::tuple<std::_Bind<void (MimiHeadMovementNode::*(MimiHeadMovementNode*, std::_Placeholder<1>))(const mimi_head::msg::Angle_<std::allocator<void> >&)> > >[m[K’:
[01m[K/usr/include/c++/11/bits/std_thread.h:203:13:[m[K   required from ‘[01m[Kstruct std::thread::_State_impl<std::thread::_Invoker<std::tuple<std::_Bind<void (MimiHeadMovementNode::*(MimiHeadMovementNode*, std::_Placeholder<1>))(const mimi_head::msg::Angle_<std::allocator<void> >&)> > > >[m[K’
[01m[K/usr/include/c++/11/bits/std_thread.h:143:29:[m[K   required from ‘[01m[Kstd::thread::thread(_Callable&&, _Args&& ...) [with _Callable = std::_Bind<void (MimiHeadMovementNode::*(MimiHeadMovementNode*, std::_Placeholder<1>))(const mimi_head::msg::Angle_<std::allocator<void> >&)>; _Args = {}; <template-parameter-1-3> = void][m[K’
[01m[K/home/mimi/mimi_ros2_ws/src/mimi_head/src/mimi_head_movement.cpp:37:106:[m[K   required from here
[01m[K/usr/include/c++/11/bits/std_thread.h:252:11:[m[K [01;31m[Kerror: [m[Kno type named ‘[01m[Ktype[m[K’ in ‘[01m[Kstruct std::thread::_Invoker<std::tuple<std::_Bind<void (MimiHeadMovementNode::*(MimiHeadMovementNode*, std::_Placeholder<1>))(const mimi_head::msg::Angle_<std::allocator<void> >&)> > >::__result<std::tuple<std::_Bind<void (MimiHeadMovementNode::*(MimiHeadMovementNode*, std::_Placeholder<1>))(const mimi_head::msg::Angle_<std::allocator<void> >&)> > >[m[K’
  252 |           [01;31m[K_M_invoke[m[K(_Index_tuple<_Ind...>)
      |           [01;31m[K^~~~~~~~~[m[K
[01m[K/usr/include/c++/11/bits/std_thread.h:256:9:[m[K [01;31m[Kerror: [m[Kno type named ‘[01m[Ktype[m[K’ in ‘[01m[Kstruct std::thread::_Invoker<std::tuple<std::_Bind<void (MimiHeadMovementNode::*(MimiHeadMovementNode*, std::_Placeholder<1>))(const mimi_head::msg::Angle_<std::allocator<void> >&)> > >::__result<std::tuple<std::_Bind<void (MimiHeadMovementNode::*(MimiHeadMovementNode*, std::_Placeholder<1>))(const mimi_head::msg::Angle_<std::allocator<void> >&)> > >[m[K’
  256 |         [01;31m[Koperator[m[K()()
      |         [01;31m[K^~~~~~~~[m[K
gmake[2]: *** [CMakeFiles/mimi_head_movement.dir/build.make:76: CMakeFiles/mimi_head_movement.dir/src/mimi_head_movement.cpp.o] Error 1
gmake[1]: *** [CMakeFiles/Makefile2:650: CMakeFiles/mimi_head_movement.dir/all] Error 2
gmake: *** [Makefile:146: all] Error 2
