[0.109s] Invoking command in '/home/mimi/mimi_ros2_ws/build/mimi_head': CMAKE_PREFIX_PATH=/opt/ros/humble /usr/bin/cmake --build /home/mimi/mimi_ros2_ws/build/mimi_head -- -j4 -l4
[0.766s] [  2%] Built target mimi_head__cpp
[0.868s] [ 10%] Built target mimi_head__rosidl_generator_c
[0.923s] [ 10%] Built target ament_cmake_python_symlink_mimi_head
[0.960s] [ 16%] Built target mimi_monitor
[1.140s] [ 24%] Built target mimi_head__rosidl_typesupport_introspection_c
[1.213s] [ 32%] Built target mimi_head__rosidl_typesupport_fastrtps_cpp
[1.246s] [ 40%] Built target mimi_head__rosidl_typesupport_cpp
[1.279s] [ 48%] Built target mimi_head__rosidl_typesupport_c
[1.441s] [ 56%] Built target mimi_head__rosidl_typesupport_introspection_cpp
[1.500s] [ 64%] Built target mimi_head__rosidl_typesupport_fastrtps_c
[1.588s] [35m[1mConsolidate compiler generated dependencies of target mimi_head_movement[0m
[1.722s] [ 64%] Built target mimi_head
[1.723s] [ 70%] Built target mimi_camera
[1.792s] [ 72%] [32mBuilding CXX object CMakeFiles/mimi_head_movement.dir/src/mimi_head_movement.cpp.o[0m
[1.906s] [ 75%] Built target mimi_head__py
[2.198s] [ 81%] Built target mimi_head__rosidl_generator_py
[2.446s] [ 86%] Built target mimi_head__rosidl_typesupport_fastrtps_c__pyext
[2.544s] [ 91%] Built target mimi_head__rosidl_typesupport_introspection_c__pyext
[2.728s] [ 97%] Built target mimi_head__rosidl_typesupport_c__pyext
[4.558s] running egg_info
[4.569s] writing mimi_head.egg-info/PKG-INFO
[4.569s] writing dependency_links to mimi_head.egg-info/dependency_links.txt
[4.570s] writing top-level names to mimi_head.egg-info/top_level.txt
[4.593s] reading manifest file 'mimi_head.egg-info/SOURCES.txt'
[4.597s] writing manifest file 'mimi_head.egg-info/SOURCES.txt'
[4.798s] [ 97%] Built target ament_cmake_python_build_mimi_head_egg
[16.405s] In file included from [01m[K/usr/include/c++/11/future:48[m[K,
[16.406s]                  from [01m[K/opt/ros/humble/include/rclcpp/rclcpp/executors.hpp:18[m[K,
[16.407s]                  from [01m[K/opt/ros/humble/include/rclcpp/rclcpp/rclcpp.hpp:155[m[K,
[16.408s]                  from [01m[K/home/mimi/mimi_ros2_ws/src/mimi_head/src/mimi_head_movement.cpp:4[m[K:
[16.408s] /usr/include/c++/11/bits/std_thread.h: In instantiation of ‘[01m[Kstd::thread::thread(_Callable&&, _Args&& ...) [with _Callable = std::_Bind<void (MimiHeadMovementNode::*(MimiHeadMovementNode*, std::_Placeholder<1>))(const mimi_head::msg::Angle_<std::allocator<void> >&)>; _Args = {}; <template-parameter-1-3> = void][m[K’:
[16.409s] [01m[K/home/mimi/mimi_ros2_ws/src/mimi_head/src/mimi_head_movement.cpp:37:106:[m[K   required from here
[16.410s] [01m[K/usr/include/c++/11/bits/std_thread.h:130:72:[m[K [01;31m[Kerror: [m[Kstatic assertion failed: std::thread arguments must be invocable after conversion to rvalues
[16.411s]   130 |                                       typename decay<_Args>::type...>::[01;31m[Kvalue[m[K,
[16.412s]       |                                                                        [01;31m[K^~~~~[m[K
[16.413s] [01m[K/usr/include/c++/11/bits/std_thread.h:130:72:[m[K [01;36m[Knote: [m[K‘[01m[Kstd::integral_constant<bool, false>::value[m[K’ evaluates to false
[16.421s] /usr/include/c++/11/bits/std_thread.h: In instantiation of ‘[01m[Kstruct std::thread::_Invoker<std::tuple<std::_Bind<void (MimiHeadMovementNode::*(MimiHeadMovementNode*, std::_Placeholder<1>))(const mimi_head::msg::Angle_<std::allocator<void> >&)> > >[m[K’:
[16.422s] [01m[K/usr/include/c++/11/bits/std_thread.h:203:13:[m[K   required from ‘[01m[Kstruct std::thread::_State_impl<std::thread::_Invoker<std::tuple<std::_Bind<void (MimiHeadMovementNode::*(MimiHeadMovementNode*, std::_Placeholder<1>))(const mimi_head::msg::Angle_<std::allocator<void> >&)> > > >[m[K’
[16.422s] [01m[K/usr/include/c++/11/bits/std_thread.h:143:29:[m[K   required from ‘[01m[Kstd::thread::thread(_Callable&&, _Args&& ...) [with _Callable = std::_Bind<void (MimiHeadMovementNode::*(MimiHeadMovementNode*, std::_Placeholder<1>))(const mimi_head::msg::Angle_<std::allocator<void> >&)>; _Args = {}; <template-parameter-1-3> = void][m[K’
[16.423s] [01m[K/home/mimi/mimi_ros2_ws/src/mimi_head/src/mimi_head_movement.cpp:37:106:[m[K   required from here
[16.423s] [01m[K/usr/include/c++/11/bits/std_thread.h:252:11:[m[K [01;31m[Kerror: [m[Kno type named ‘[01m[Ktype[m[K’ in ‘[01m[Kstruct std::thread::_Invoker<std::tuple<std::_Bind<void (MimiHeadMovementNode::*(MimiHeadMovementNode*, std::_Placeholder<1>))(const mimi_head::msg::Angle_<std::allocator<void> >&)> > >::__result<std::tuple<std::_Bind<void (MimiHeadMovementNode::*(MimiHeadMovementNode*, std::_Placeholder<1>))(const mimi_head::msg::Angle_<std::allocator<void> >&)> > >[m[K’
[16.424s]   252 |           [01;31m[K_M_invoke[m[K(_Index_tuple<_Ind...>)
[16.424s]       |           [01;31m[K^~~~~~~~~[m[K
[16.425s] [01m[K/usr/include/c++/11/bits/std_thread.h:256:9:[m[K [01;31m[Kerror: [m[Kno type named ‘[01m[Ktype[m[K’ in ‘[01m[Kstruct std::thread::_Invoker<std::tuple<std::_Bind<void (MimiHeadMovementNode::*(MimiHeadMovementNode*, std::_Placeholder<1>))(const mimi_head::msg::Angle_<std::allocator<void> >&)> > >::__result<std::tuple<std::_Bind<void (MimiHeadMovementNode::*(MimiHeadMovementNode*, std::_Placeholder<1>))(const mimi_head::msg::Angle_<std::allocator<void> >&)> > >[m[K’
[16.425s]   256 |         [01;31m[Koperator[m[K()()
[16.426s]       |         [01;31m[K^~~~~~~~[m[K
[25.174s] gmake[2]: *** [CMakeFiles/mimi_head_movement.dir/build.make:76: CMakeFiles/mimi_head_movement.dir/src/mimi_head_movement.cpp.o] Error 1
[25.176s] gmake[1]: *** [CMakeFiles/Makefile2:650: CMakeFiles/mimi_head_movement.dir/all] Error 2
[25.177s] gmake: *** [Makefile:146: all] Error 2
[25.189s] Invoked command in '/home/mimi/mimi_ros2_ws/build/mimi_head' returned '2': CMAKE_PREFIX_PATH=/opt/ros/humble /usr/bin/cmake --build /home/mimi/mimi_ros2_ws/build/mimi_head -- -j4 -l4
