[0.067s] Invoking command in '/home/mimi/mimi_ros2_ws/build/mimi_head': CMAKE_PREFIX_PATH=/opt/ros/humble /usr/bin/cmake --build /home/mimi/mimi_ros2_ws/build/mimi_head -- -j4 -l4
[0.172s] -- Found ament_cmake: 1.3.4 (/opt/ros/humble/share/ament_cmake/cmake)
[1.035s] -- Override CMake install command with custom implementation using symlinks instead of copying resources
[1.087s] -- Found rclcpp: 16.0.4 (/opt/ros/humble/share/rclcpp/cmake)
[1.304s] -- Found rosidl_generator_c: 3.1.4 (/opt/ros/humble/share/rosidl_generator_c/cmake)
[1.317s] -- Found rosidl_adapter: 3.1.4 (/opt/ros/humble/share/rosidl_adapter/cmake)
[1.347s] -- Found rosidl_generator_cpp: 3.1.4 (/opt/ros/humble/share/rosidl_generator_cpp/cmake)
[1.400s] -- Using all available rosidl_typesupport_c: rosidl_typesupport_fastrtps_c;rosidl_typesupport_introspection_c
[1.480s] -- Using all available rosidl_typesupport_cpp: rosidl_typesupport_fastrtps_cpp;rosidl_typesupport_introspection_cpp
[1.741s] -- Found rmw_implementation_cmake: 6.1.1 (/opt/ros/humble/share/rmw_implementation_cmake/cmake)
[1.748s] -- Found rmw_fastrtps_cpp: 6.2.2 (/opt/ros/humble/share/rmw_fastrtps_cpp/cmake)
[2.806s] -- Using RMW implementation 'rmw_fastrtps_cpp' as default
[3.451s] -- Found sensor_msgs: 4.2.3 (/opt/ros/humble/share/sensor_msgs/cmake)
[3.950s] -- Found cv_bridge: 3.2.1 (/opt/ros/humble/share/cv_bridge/cmake)
[3.979s] -- Found rosidl_default_generators: 1.2.0 (/opt/ros/humble/share/rosidl_default_generators/cmake)
[6.392s] -- Found ament_cmake_cppcheck: 0.12.6 (/opt/ros/humble/share/ament_cmake_cppcheck/cmake)
[6.398s] -- Found ament_cmake_cpplint: 0.12.6 (/opt/ros/humble/share/ament_cmake_cpplint/cmake)
[6.402s] -- Found ament_cmake_uncrustify: 0.12.6 (/opt/ros/humble/share/ament_cmake_uncrustify/cmake)
[6.407s] -- Found ament_cmake_ros: 0.10.0 (/opt/ros/humble/share/ament_cmake_ros/cmake)
[7.896s] -- Using all available rosidl_typesupport_c: rosidl_typesupport_fastrtps_c;rosidl_typesupport_introspection_c
[8.438s] -- Using all available rosidl_typesupport_cpp: rosidl_typesupport_fastrtps_cpp;rosidl_typesupport_introspection_cpp
[8.546s] -- Found python_cmake_module: 0.10.0 (/opt/ros/humble/share/python_cmake_module/cmake)
[8.657s] -- Using PYTHON_EXECUTABLE: /usr/bin/python3
[8.657s] -- Using PYTHON_INCLUDE_DIRS: /usr/include/python3.10
[8.658s] -- Using PYTHON_LIBRARIES: /usr/lib/aarch64-linux-gnu/libpython3.10.so
[8.711s] -- Found ament_cmake_flake8: 0.12.6 (/opt/ros/humble/share/ament_cmake_flake8/cmake)
[8.714s] -- Found ament_cmake_pep257: 0.12.6 (/opt/ros/humble/share/ament_cmake_pep257/cmake)
[8.722s] -- Found ament_lint_auto: 0.12.6 (/opt/ros/humble/share/ament_lint_auto/cmake)
[8.777s] -- Added test 'cppcheck' to perform static code analysis on C / C++ code
[8.779s] -- Configured cppcheck include dirs: 
[8.779s] -- Configured cppcheck exclude dirs and/or files: 
[8.797s] -- Added test 'cpplint' to check C / C++ code against the Google style
[8.798s] -- Configured cpplint exclude dirs and/or files: 
[8.815s] -- Added test 'uncrustify' to check C / C++ code style
[8.815s] -- Configured uncrustify additional arguments: 
[8.819s] -- Added test 'flake8' to check Python code syntax and style conventions
[8.822s] -- Added test 'pep257' to check Python code against some of the docstring style conventions in PEP 257
[8.828s] -- Added test 'lint_cmake' to check CMake code style
[8.831s] -- Added test 'xmllint' to check XML markup files
[8.848s] -- Configuring done
[9.081s] -- Generating done
[9.101s] -- Build files have been written to: /home/mimi/mimi_ros2_ws/build/mimi_head
[9.227s] [35m[1mConsolidate compiler generated dependencies of target mimi_camera[0m
[9.227s] [35m[1mConsolidate compiler generated dependencies of target mimi_monitor[0m
[9.233s] [35m[1mConsolidate compiler generated dependencies of target mimi_head__rosidl_generator_c[0m
[9.306s] [  2%] Built target mimi_head__cpp
[9.334s] [ 11%] Built target mimi_head__rosidl_generator_c
[9.355s] [ 17%] Built target mimi_monitor
[9.414s] [ 20%] [32mBuilding CXX object CMakeFiles/mimi_camera.dir/src/mimi_camera.cpp.o[0m
[9.467s] [35m[1mConsolidate compiler generated dependencies of target mimi_head__rosidl_typesupport_cpp[0m
[9.478s] [35m[1mConsolidate compiler generated dependencies of target mimi_head__rosidl_typesupport_fastrtps_c[0m
[9.564s] [ 20%] Built target ament_cmake_python_symlink_mimi_head
[9.610s] [ 28%] Built target mimi_head__rosidl_typesupport_cpp
[9.620s] [ 37%] Built target mimi_head__rosidl_typesupport_fastrtps_c
[9.653s] [35m[1mConsolidate compiler generated dependencies of target mimi_head__rosidl_typesupport_fastrtps_cpp[0m
[9.726s] [35m[1mConsolidate compiler generated dependencies of target mimi_head__rosidl_typesupport_introspection_c[0m
[9.738s] [35m[1mConsolidate compiler generated dependencies of target mimi_head__rosidl_typesupport_c[0m
[9.800s] [ 45%] Built target mimi_head__rosidl_typesupport_fastrtps_cpp
[9.834s] [ 54%] Built target mimi_head__rosidl_typesupport_introspection_c
[9.886s] [35m[1mConsolidate compiler generated dependencies of target mimi_head__rosidl_typesupport_introspection_cpp[0m
[9.909s] [ 62%] Built target mimi_head__rosidl_typesupport_c
[10.007s] [ 71%] Built target mimi_head__rosidl_typesupport_introspection_cpp
[10.213s] [ 71%] Built target mimi_head
[10.381s] [ 74%] Built target mimi_head__py
[10.473s] [35m[1mConsolidate compiler generated dependencies of target mimi_head__rosidl_generator_py[0m
[10.674s] [ 80%] Built target mimi_head__rosidl_generator_py
[10.793s] [35m[1mConsolidate compiler generated dependencies of target mimi_head__rosidl_typesupport_fastrtps_c__pyext[0m
[10.828s] [35m[1mConsolidate compiler generated dependencies of target mimi_head__rosidl_typesupport_introspection_c__pyext[0m
[11.004s] [ 85%] Built target mimi_head__rosidl_typesupport_introspection_c__pyext
[11.009s] [ 91%] Built target mimi_head__rosidl_typesupport_fastrtps_c__pyext
[11.068s] [35m[1mConsolidate compiler generated dependencies of target mimi_head__rosidl_typesupport_c__pyext[0m
[11.594s] [ 97%] Built target mimi_head__rosidl_typesupport_c__pyext
[11.967s] running egg_info
[11.975s] writing mimi_head.egg-info/PKG-INFO
[12.080s] writing dependency_links to mimi_head.egg-info/dependency_links.txt
[12.081s] writing top-level names to mimi_head.egg-info/top_level.txt
[12.100s] reading manifest file 'mimi_head.egg-info/SOURCES.txt'
[12.104s] writing manifest file 'mimi_head.egg-info/SOURCES.txt'
[12.117s] [01m[K/home/mimi/mimi_ros2_ws/src/mimi_head/src/mimi_camera.cpp:10:10:[m[K [01;31m[Kfatal error: [m[Kmimi_head/msg/angle.hpp: No such file or directory
[12.119s]    10 | #include [01;31m[K"mimi_head/msg/angle.hpp"[m[K
[12.120s]       |          [01;31m[K^~~~~~~~~~~~~~~~~~~~~~~~~[m[K
[12.121s] compilation terminated.
[12.294s] [ 97%] Built target ament_cmake_python_build_mimi_head_egg
[12.803s] gmake[2]: *** [CMakeFiles/mimi_camera.dir/build.make:76: CMakeFiles/mimi_camera.dir/src/mimi_camera.cpp.o] Error 1
[12.814s] gmake[1]: *** [CMakeFiles/Makefile2:184: CMakeFiles/mimi_camera.dir/all] Error 2
[12.817s] gmake: *** [Makefile:146: all] Error 2
[12.821s] Invoked command in '/home/mimi/mimi_ros2_ws/build/mimi_head' returned '2': CMAKE_PREFIX_PATH=/opt/ros/humble /usr/bin/cmake --build /home/mimi/mimi_ros2_ws/build/mimi_head -- -j4 -l4
