[0.000000] (-) TimerEvent: {}
[0.003156] (mimi_head) JobQueued: {'identifier': 'mimi_head', 'dependencies': OrderedDict()}
[0.003461] (mimi_head) JobStarted: {'identifier': 'mimi_head'}
[0.057757] (mimi_head) JobProgress: {'identifier': 'mimi_head', 'progress': 'cmake'}
[0.061231] (mimi_head) JobProgress: {'identifier': 'mimi_head', 'progress': 'build'}
[0.065151] (mimi_head) Command: {'cmd': ['/usr/bin/cmake', '--build', '/home/mimi/mimi_ros2_ws/build/mimi_head', '--', '-j4', '-l4'], 'cwd': '/home/mimi/mimi_ros2_ws/build/mimi_head', 'env': OrderedDict([('LESSOPEN', '| /usr/bin/lesspipe %s'), ('USER', 'mimi'), ('SSH_CLIENT', '192.168.1.102 62143 22'), ('LC_TIME', 'th_TH.UTF-8'), ('XDG_SESSION_TYPE', 'tty'), ('GIT_ASKPASS', '/home/mimi/.vscode-server/bin/b3e4e68a0bc097f0ae7907b217c1119af9e03435/extensions/git/dist/askpass.sh'), ('SHLVL', '0'), ('LD_LIBRARY_PATH', '/opt/ros/humble/opt/rviz_ogre_vendor/lib:/opt/ros/humble/lib/aarch64-linux-gnu:/opt/ros/humble/lib'), ('BROWSER', '/home/mimi/.vscode-server/bin/b3e4e68a0bc097f0ae7907b217c1119af9e03435/bin/helpers/browser.sh'), ('MOTD_SHOWN', 'pam'), ('HOME', '/home/mimi'), ('TERM_PROGRAM_VERSION', '1.78.2'), ('VSCODE_IPC_HOOK_CLI', '/run/user/1000/vscode-ipc-a84a6ca7-f618-4092-86ea-4ca60fc13aaa.sock'), ('ROS_PYTHON_VERSION', '3'), ('VSCODE_GIT_ASKPASS_MAIN', '/home/mimi/.vscode-server/bin/b3e4e68a0bc097f0ae7907b217c1119af9e03435/extensions/git/dist/askpass-main.js'), ('LC_MONETARY', 'th_TH.UTF-8'), ('VSCODE_GIT_ASKPASS_NODE', '/home/mimi/.vscode-server/bin/b3e4e68a0bc097f0ae7907b217c1119af9e03435/node'), ('DBUS_SESSION_BUS_ADDRESS', 'unix:path=/run/user/1000/bus'), ('COLORTERM', 'truecolor'), ('ROS_DISTRO', 'humble'), ('LOGNAME', 'mimi'), ('_', '/usr/bin/colcon'), ('ROS_VERSION', '2'), ('XDG_SESSION_CLASS', 'user'), ('TERM', 'xterm-256color'), ('XDG_SESSION_ID', '2'), ('ROS_LOCALHOST_ONLY', '0'), ('PATH', '/home/mimi/.vscode-server/bin/b3e4e68a0bc097f0ae7907b217c1119af9e03435/bin/remote-cli:/home/mimi/.local/bin:/opt/ros/humble/bin:/usr/local/sbin:/usr/local/bin:/usr/sbin:/usr/bin:/sbin:/bin:/usr/games:/usr/local/games:/snap/bin'), ('LC_ADDRESS', 'th_TH.UTF-8'), ('XDG_RUNTIME_DIR', '/run/user/1000'), ('LANG', 'en_US.UTF-8'), ('LC_TELEPHONE', 'th_TH.UTF-8'), ('LS_COLORS', ''), ('VSCODE_GIT_IPC_HANDLE', '/run/user/1000/vscode-git-bb3d78543e.sock'), ('TERM_PROGRAM', 'vscode'), ('AMENT_PREFIX_PATH', '/opt/ros/humble'), ('SHELL', '/bin/bash'), ('LC_NAME', 'th_TH.UTF-8'), ('LESSCLOSE', '/usr/bin/lesspipe %s %s'), ('LC_MEASUREMENT', 'th_TH.UTF-8'), ('LC_IDENTIFICATION', 'th_TH.UTF-8'), ('VSCODE_GIT_ASKPASS_EXTRA_ARGS', ''), ('PWD', '/home/mimi/mimi_ros2_ws/build/mimi_head'), ('SSH_CONNECTION', '192.168.1.102 62143 192.168.1.100 22'), ('XDG_DATA_DIRS', '/usr/share/gnome:/usr/local/share:/usr/share:/var/lib/snapd/desktop'), ('PYTHONPATH', '/opt/ros/humble/lib/python3.10/site-packages:/opt/ros/humble/local/lib/python3.10/dist-packages'), ('LC_NUMERIC', 'th_TH.UTF-8'), ('LC_PAPER', 'th_TH.UTF-8'), ('COLCON', '1'), ('CMAKE_PREFIX_PATH', '/opt/ros/humble')]), 'shell': False}
[0.096276] (-) TimerEvent: {}
[0.182731] (mimi_head) StdoutLine: {'line': b'-- Found ament_cmake: 1.3.4 (/opt/ros/humble/share/ament_cmake/cmake)\n'}
[0.196490] (-) TimerEvent: {}
[0.301618] (-) TimerEvent: {}
[0.402586] (-) TimerEvent: {}
[0.503604] (-) TimerEvent: {}
[0.604410] (-) TimerEvent: {}
[0.705211] (-) TimerEvent: {}
[0.806033] (-) TimerEvent: {}
[0.906921] (-) TimerEvent: {}
[1.008011] (-) TimerEvent: {}
[1.037132] (mimi_head) StdoutLine: {'line': b'-- Override CMake install command with custom implementation using symlinks instead of copying resources\n'}
[1.092728] (mimi_head) StdoutLine: {'line': b'-- Found rclcpp: 16.0.4 (/opt/ros/humble/share/rclcpp/cmake)\n'}
[1.108230] (-) TimerEvent: {}
[1.209290] (-) TimerEvent: {}
[1.310203] (-) TimerEvent: {}
[1.351701] (mimi_head) StdoutLine: {'line': b'-- Found rosidl_generator_c: 3.1.4 (/opt/ros/humble/share/rosidl_generator_c/cmake)\n'}
[1.365639] (mimi_head) StdoutLine: {'line': b'-- Found rosidl_adapter: 3.1.4 (/opt/ros/humble/share/rosidl_adapter/cmake)\n'}
[1.400943] (mimi_head) StdoutLine: {'line': b'-- Found rosidl_generator_cpp: 3.1.4 (/opt/ros/humble/share/rosidl_generator_cpp/cmake)\n'}
[1.410410] (-) TimerEvent: {}
[1.461316] (mimi_head) StdoutLine: {'line': b'-- Using all available rosidl_typesupport_c: rosidl_typesupport_fastrtps_c;rosidl_typesupport_introspection_c\n'}
[1.510643] (-) TimerEvent: {}
[1.552706] (mimi_head) StdoutLine: {'line': b'-- Using all available rosidl_typesupport_cpp: rosidl_typesupport_fastrtps_cpp;rosidl_typesupport_introspection_cpp\n'}
[1.610937] (-) TimerEvent: {}
[1.711858] (-) TimerEvent: {}
[1.812790] (-) TimerEvent: {}
[1.857374] (mimi_head) StdoutLine: {'line': b'-- Found rmw_implementation_cmake: 6.1.1 (/opt/ros/humble/share/rmw_implementation_cmake/cmake)\n'}
[1.869490] (mimi_head) StdoutLine: {'line': b'-- Found rmw_fastrtps_cpp: 6.2.2 (/opt/ros/humble/share/rmw_fastrtps_cpp/cmake)\n'}
[1.913885] (-) TimerEvent: {}
[2.014693] (-) TimerEvent: {}
[2.115516] (-) TimerEvent: {}
[2.216476] (-) TimerEvent: {}
[2.317429] (-) TimerEvent: {}
[2.418268] (-) TimerEvent: {}
[2.519063] (-) TimerEvent: {}
[2.619796] (-) TimerEvent: {}
[2.720488] (-) TimerEvent: {}
[2.821204] (-) TimerEvent: {}
[2.922011] (-) TimerEvent: {}
[2.928237] (mimi_head) StdoutLine: {'line': b"-- Using RMW implementation 'rmw_fastrtps_cpp' as default\n"}
[3.022379] (-) TimerEvent: {}
[3.123736] (-) TimerEvent: {}
[3.233649] (-) TimerEvent: {}
[3.334433] (-) TimerEvent: {}
[3.435272] (-) TimerEvent: {}
[3.536020] (-) TimerEvent: {}
[3.549110] (mimi_head) StdoutLine: {'line': b'-- Found sensor_msgs: 4.2.3 (/opt/ros/humble/share/sensor_msgs/cmake)\n'}
[3.636201] (-) TimerEvent: {}
[3.736925] (-) TimerEvent: {}
[3.837663] (-) TimerEvent: {}
[3.938416] (-) TimerEvent: {}
[4.029175] (mimi_head) StdoutLine: {'line': b'-- Found cv_bridge: 3.2.1 (/opt/ros/humble/share/cv_bridge/cmake)\n'}
[4.038574] (-) TimerEvent: {}
[4.056746] (mimi_head) StdoutLine: {'line': b'-- Found rosidl_default_generators: 1.2.0 (/opt/ros/humble/share/rosidl_default_generators/cmake)\n'}
[4.138775] (-) TimerEvent: {}
[4.239644] (-) TimerEvent: {}
[4.341408] (-) TimerEvent: {}
[4.442129] (-) TimerEvent: {}
[4.542879] (-) TimerEvent: {}
[4.643549] (-) TimerEvent: {}
[4.744283] (-) TimerEvent: {}
[4.845204] (-) TimerEvent: {}
[4.946186] (-) TimerEvent: {}
[5.046992] (-) TimerEvent: {}
[5.147837] (-) TimerEvent: {}
[5.150415] (mimi_head) StdoutLine: {'line': b'-- Found ament_cmake_ros: 0.10.0 (/opt/ros/humble/share/ament_cmake_ros/cmake)\n'}
[5.248098] (-) TimerEvent: {}
[5.349942] (-) TimerEvent: {}
[5.450940] (-) TimerEvent: {}
[5.551946] (-) TimerEvent: {}
[5.652937] (-) TimerEvent: {}
[5.753876] (-) TimerEvent: {}
[5.855128] (-) TimerEvent: {}
[5.956121] (-) TimerEvent: {}
[6.056986] (-) TimerEvent: {}
[6.157874] (-) TimerEvent: {}
[6.258853] (-) TimerEvent: {}
[6.359563] (-) TimerEvent: {}
[6.460349] (-) TimerEvent: {}
[6.561104] (-) TimerEvent: {}
[6.661816] (-) TimerEvent: {}
[6.712327] (mimi_head) StdoutLine: {'line': b'-- Using all available rosidl_typesupport_c: rosidl_typesupport_fastrtps_c;rosidl_typesupport_introspection_c\n'}
[6.762010] (-) TimerEvent: {}
[6.862942] (-) TimerEvent: {}
[6.964300] (-) TimerEvent: {}
[7.065544] (-) TimerEvent: {}
[7.166394] (-) TimerEvent: {}
[7.254452] (mimi_head) StdoutLine: {'line': b'-- Using all available rosidl_typesupport_cpp: rosidl_typesupport_fastrtps_cpp;rosidl_typesupport_introspection_cpp\n'}
[7.266620] (-) TimerEvent: {}
[7.361650] (mimi_head) StdoutLine: {'line': b'-- Found python_cmake_module: 0.10.0 (/opt/ros/humble/share/python_cmake_module/cmake)\n'}
[7.366884] (-) TimerEvent: {}
[7.467809] (-) TimerEvent: {}
[7.471165] (mimi_head) StdoutLine: {'line': b'-- Using PYTHON_EXECUTABLE: /usr/bin/python3\n'}
[7.472007] (mimi_head) StdoutLine: {'line': b'-- Using PYTHON_INCLUDE_DIRS: /usr/include/python3.10\n'}
[7.472596] (mimi_head) StdoutLine: {'line': b'-- Using PYTHON_LIBRARIES: /usr/lib/aarch64-linux-gnu/libpython3.10.so\n'}
[7.545913] (mimi_head) StdoutLine: {'line': b'-- Found ament_lint_auto: 0.12.6 (/opt/ros/humble/share/ament_lint_auto/cmake)\n'}
[7.567978] (-) TimerEvent: {}
[7.609962] (mimi_head) StdoutLine: {'line': b"-- Added test 'cppcheck' to perform static code analysis on C / C++ code\n"}
[7.612084] (mimi_head) StdoutLine: {'line': b'-- Configured cppcheck include dirs: \n'}
[7.612671] (mimi_head) StdoutLine: {'line': b'-- Configured cppcheck exclude dirs and/or files: \n'}
[7.615661] (mimi_head) StdoutLine: {'line': b"-- Added test 'flake8' to check Python code syntax and style conventions\n"}
[7.621386] (mimi_head) StdoutLine: {'line': b"-- Added test 'lint_cmake' to check CMake code style\n"}
[7.624800] (mimi_head) StdoutLine: {'line': b"-- Added test 'pep257' to check Python code against some of the docstring style conventions in PEP 257\n"}
[7.642511] (mimi_head) StdoutLine: {'line': b"-- Added test 'uncrustify' to check C / C++ code style\n"}
[7.643169] (mimi_head) StdoutLine: {'line': b'-- Configured uncrustify additional arguments: \n'}
[7.646144] (mimi_head) StdoutLine: {'line': b"-- Added test 'xmllint' to check XML markup files\n"}
[7.660390] (mimi_head) StdoutLine: {'line': b'-- Configuring done\n'}
[7.668138] (-) TimerEvent: {}
[7.768834] (-) TimerEvent: {}
[7.869777] (-) TimerEvent: {}
[7.921665] (mimi_head) StdoutLine: {'line': b'-- Generating done\n'}
[7.949452] (mimi_head) StdoutLine: {'line': b'-- Build files have been written to: /home/mimi/mimi_ros2_ws/build/mimi_head\n'}
[7.970095] (-) TimerEvent: {}
[8.071562] (-) TimerEvent: {}
[8.085743] (mimi_head) StdoutLine: {'line': b'\x1b[35m\x1b[1mConsolidate compiler generated dependencies of target mimi_head__rosidl_generator_c\x1b[0m\n'}
[8.118179] (mimi_head) StdoutLine: {'line': b'\x1b[35m\x1b[1mConsolidate compiler generated dependencies of target mimi_monitor\x1b[0m\n'}
[8.171833] (-) TimerEvent: {}
[8.191269] (mimi_head) StdoutLine: {'line': b'[  2%] Built target mimi_head__cpp\n'}
[8.211577] (mimi_head) StdoutLine: {'line': b'[ 10%] Built target mimi_head__rosidl_generator_c\n'}
[8.268555] (mimi_head) StdoutLine: {'line': b'[ 10%] Built target ament_cmake_python_symlink_mimi_head\n'}
[8.272134] (-) TimerEvent: {}
[8.277921] (mimi_head) StdoutLine: {'line': b'\x1b[35m\x1b[1mConsolidate compiler generated dependencies of target mimi_head__rosidl_typesupport_fastrtps_cpp\x1b[0m\n'}
[8.293192] (mimi_head) StdoutLine: {'line': b'\x1b[35m\x1b[1mConsolidate compiler generated dependencies of target mimi_head__rosidl_typesupport_cpp\x1b[0m\n'}
[8.343324] (mimi_head) StdoutLine: {'line': b'[ 13%] \x1b[32m\x1b[1mLinking CXX executable mimi_monitor\x1b[0m\n'}
[8.361869] (mimi_head) StdoutLine: {'line': b'\x1b[35m\x1b[1mConsolidate compiler generated dependencies of target mimi_head__rosidl_typesupport_introspection_c\x1b[0m\n'}
[8.373484] (-) TimerEvent: {}
[8.423171] (mimi_head) StdoutLine: {'line': b'[ 24%] Built target mimi_head__rosidl_typesupport_fastrtps_cpp\n'}
[8.427592] (mimi_head) StdoutLine: {'line': b'[ 29%] Built target mimi_head__rosidl_typesupport_cpp\n'}
[8.479034] (-) TimerEvent: {}
[8.529474] (mimi_head) StdoutLine: {'line': b'[ 37%] Built target mimi_head__rosidl_typesupport_introspection_c\n'}
[8.530447] (mimi_head) StdoutLine: {'line': b'\x1b[35m\x1b[1mConsolidate compiler generated dependencies of target mimi_head__rosidl_typesupport_introspection_cpp\x1b[0m\n'}
[8.536815] (mimi_head) StdoutLine: {'line': b'\x1b[35m\x1b[1mConsolidate compiler generated dependencies of target mimi_head__rosidl_typesupport_c\x1b[0m\n'}
[8.580651] (-) TimerEvent: {}
[8.641613] (mimi_head) StdoutLine: {'line': b'[ 45%] Built target mimi_head__rosidl_typesupport_c\n'}
[8.686987] (-) TimerEvent: {}
[8.775322] (mimi_head) StdoutLine: {'line': b'[ 54%] Built target mimi_head__rosidl_typesupport_introspection_cpp\n'}
[8.791233] (-) TimerEvent: {}
[8.792599] (mimi_head) StdoutLine: {'line': b'\x1b[35m\x1b[1mConsolidate compiler generated dependencies of target mimi_camera\x1b[0m\n'}
[8.891426] (-) TimerEvent: {}
[8.991912] (mimi_head) StdoutLine: {'line': b'[ 56%] \x1b[32mBuilding CXX object CMakeFiles/mimi_head_movement.dir/src/mimi_head_movement.cpp.o\x1b[0m\n'}
[8.992879] (-) TimerEvent: {}
[9.039954] (mimi_head) StdoutLine: {'line': b'[ 62%] Built target mimi_camera\n'}
[9.093295] (-) TimerEvent: {}
[9.160607] (mimi_head) StdoutLine: {'line': b'\x1b[35m\x1b[1mConsolidate compiler generated dependencies of target mimi_head__rosidl_typesupport_fastrtps_c\x1b[0m\n'}
[9.193682] (-) TimerEvent: {}
[9.297594] (-) TimerEvent: {}
[9.401410] (-) TimerEvent: {}
[9.405817] (mimi_head) StdoutLine: {'line': b'[ 70%] Built target mimi_head__rosidl_typesupport_fastrtps_c\n'}
[9.501683] (-) TimerEvent: {}
[9.604909] (-) TimerEvent: {}
[9.686510] (mimi_head) StdoutLine: {'line': b'[ 70%] Built target mimi_head\n'}
[9.705134] (-) TimerEvent: {}
[9.811428] (-) TimerEvent: {}
[9.914362] (-) TimerEvent: {}
[10.019576] (-) TimerEvent: {}
[10.024690] (mimi_head) StdoutLine: {'line': b'[ 72%] Built target mimi_head__py\n'}
[10.127199] (-) TimerEvent: {}
[10.210035] (mimi_head) StdoutLine: {'line': b'\x1b[35m\x1b[1mConsolidate compiler generated dependencies of target mimi_head__rosidl_generator_py\x1b[0m\n'}
[10.229579] (-) TimerEvent: {}
[10.339056] (-) TimerEvent: {}
[10.376327] (mimi_head) StdoutLine: {'line': b'[ 78%] Built target mimi_head__rosidl_generator_py\n'}
[10.439295] (-) TimerEvent: {}
[10.464161] (mimi_head) StdoutLine: {'line': b'\x1b[35m\x1b[1mConsolidate compiler generated dependencies of target mimi_head__rosidl_typesupport_fastrtps_c__pyext\x1b[0m\n'}
[10.539683] (-) TimerEvent: {}
[10.643621] (-) TimerEvent: {}
[10.691916] (mimi_head) StdoutLine: {'line': b'[ 83%] Built target mimi_head__rosidl_typesupport_fastrtps_c__pyext\n'}
[10.747157] (-) TimerEvent: {}
[10.831232] (mimi_head) StdoutLine: {'line': b'\x1b[35m\x1b[1mConsolidate compiler generated dependencies of target mimi_head__rosidl_typesupport_introspection_c__pyext\x1b[0m\n'}
[10.852750] (-) TimerEvent: {}
[10.963056] (-) TimerEvent: {}
[11.053288] (mimi_head) StdoutLine: {'line': b'[ 89%] Built target mimi_head__rosidl_typesupport_introspection_c__pyext\n'}
[11.066251] (-) TimerEvent: {}
[11.167187] (-) TimerEvent: {}
[11.192527] (mimi_head) StdoutLine: {'line': b'\x1b[35m\x1b[1mConsolidate compiler generated dependencies of target mimi_head__rosidl_typesupport_c__pyext\x1b[0m\n'}
[11.268437] (-) TimerEvent: {}
[11.350526] (mimi_head) StdoutLine: {'line': b'[ 94%] Built target mimi_head__rosidl_typesupport_c__pyext\n'}
[11.371217] (-) TimerEvent: {}
[11.475129] (-) TimerEvent: {}
[11.576535] (-) TimerEvent: {}
[11.679324] (-) TimerEvent: {}
[11.783031] (-) TimerEvent: {}
[11.887024] (-) TimerEvent: {}
[11.988524] (-) TimerEvent: {}
[12.095732] (-) TimerEvent: {}
[12.101621] (mimi_head) StdoutLine: {'line': b'running egg_info\n'}
[12.105274] (mimi_head) StdoutLine: {'line': b'writing mimi_head.egg-info/PKG-INFO\n'}
[12.106655] (mimi_head) StdoutLine: {'line': b'writing dependency_links to mimi_head.egg-info/dependency_links.txt\n'}
[12.109605] (mimi_head) StdoutLine: {'line': b'writing top-level names to mimi_head.egg-info/top_level.txt\n'}
[12.120665] (mimi_head) StdoutLine: {'line': b"reading manifest file 'mimi_head.egg-info/SOURCES.txt'\n"}
[12.124078] (mimi_head) StdoutLine: {'line': b"writing manifest file 'mimi_head.egg-info/SOURCES.txt'\n"}
[12.196042] (-) TimerEvent: {}
[12.291769] (mimi_head) StdoutLine: {'line': b'[ 94%] Built target ament_cmake_python_build_mimi_head_egg\n'}
[12.296267] (-) TimerEvent: {}
[12.398989] (-) TimerEvent: {}
[12.500066] (-) TimerEvent: {}
[12.603036] (-) TimerEvent: {}
[12.707036] (-) TimerEvent: {}
[12.808039] (-) TimerEvent: {}
[12.911034] (-) TimerEvent: {}
[13.011862] (-) TimerEvent: {}
[13.112670] (-) TimerEvent: {}
[13.213496] (-) TimerEvent: {}
[13.314511] (-) TimerEvent: {}
[13.415872] (-) TimerEvent: {}
[13.516894] (-) TimerEvent: {}
[13.618848] (-) TimerEvent: {}
[13.719904] (-) TimerEvent: {}
[13.821015] (-) TimerEvent: {}
[13.921968] (-) TimerEvent: {}
[14.022863] (-) TimerEvent: {}
[14.123780] (-) TimerEvent: {}
[14.192028] (mimi_head) StdoutLine: {'line': b'[ 97%] Built target mimi_monitor\n'}
[14.223997] (-) TimerEvent: {}
[14.324944] (-) TimerEvent: {}
[14.425841] (-) TimerEvent: {}
[14.526914] (-) TimerEvent: {}
[14.628033] (-) TimerEvent: {}
[14.728970] (-) TimerEvent: {}
[14.829867] (-) TimerEvent: {}
[14.930967] (-) TimerEvent: {}
[15.032351] (-) TimerEvent: {}
[15.133216] (-) TimerEvent: {}
[15.234050] (-) TimerEvent: {}
[15.334985] (-) TimerEvent: {}
[15.436055] (-) TimerEvent: {}
[15.537134] (-) TimerEvent: {}
[15.637980] (-) TimerEvent: {}
[15.738873] (-) TimerEvent: {}
[15.839844] (-) TimerEvent: {}
[15.940799] (-) TimerEvent: {}
[16.041647] (-) TimerEvent: {}
[16.142523] (-) TimerEvent: {}
[16.243459] (-) TimerEvent: {}
[16.344305] (-) TimerEvent: {}
[16.445247] (-) TimerEvent: {}
[16.546107] (-) TimerEvent: {}
[16.647025] (-) TimerEvent: {}
[16.747858] (-) TimerEvent: {}
[16.848725] (-) TimerEvent: {}
[16.949550] (-) TimerEvent: {}
[17.050396] (-) TimerEvent: {}
[17.151381] (-) TimerEvent: {}
[17.252237] (-) TimerEvent: {}
[17.353157] (-) TimerEvent: {}
[17.453971] (-) TimerEvent: {}
[17.554801] (-) TimerEvent: {}
[17.655689] (-) TimerEvent: {}
[17.756578] (-) TimerEvent: {}
[17.857391] (-) TimerEvent: {}
[17.958235] (-) TimerEvent: {}
[18.059085] (-) TimerEvent: {}
[18.159891] (-) TimerEvent: {}
[18.260674] (-) TimerEvent: {}
[18.361504] (-) TimerEvent: {}
[18.462405] (-) TimerEvent: {}
[18.563322] (-) TimerEvent: {}
[18.664162] (-) TimerEvent: {}
[18.765011] (-) TimerEvent: {}
[18.865868] (-) TimerEvent: {}
[18.966722] (-) TimerEvent: {}
[19.067754] (-) TimerEvent: {}
[19.168644] (-) TimerEvent: {}
[19.269525] (-) TimerEvent: {}
[19.370430] (-) TimerEvent: {}
[19.471315] (-) TimerEvent: {}
[19.572163] (-) TimerEvent: {}
[19.672994] (-) TimerEvent: {}
[19.773905] (-) TimerEvent: {}
[19.874787] (-) TimerEvent: {}
[19.975710] (-) TimerEvent: {}
[20.076767] (-) TimerEvent: {}
[20.178039] (-) TimerEvent: {}
[20.278994] (-) TimerEvent: {}
[20.379860] (-) TimerEvent: {}
[20.480800] (-) TimerEvent: {}
[20.581700] (-) TimerEvent: {}
[20.682646] (-) TimerEvent: {}
[20.783917] (-) TimerEvent: {}
[20.884830] (-) TimerEvent: {}
[20.985689] (-) TimerEvent: {}
[21.086598] (-) TimerEvent: {}
[21.187502] (-) TimerEvent: {}
[21.288380] (-) TimerEvent: {}
[21.389281] (-) TimerEvent: {}
[21.490118] (-) TimerEvent: {}
[21.590978] (-) TimerEvent: {}
[21.691852] (-) TimerEvent: {}
[21.773734] (mimi_head) StderrLine: {'line': b'In file included from \x1b[01m\x1b[K/usr/include/c++/11/pstl/glue_algorithm_defs.h:13\x1b[m\x1b[K,\n'}
[21.774929] (mimi_head) StderrLine: {'line': b'                 from \x1b[01m\x1b[K/usr/include/c++/11/algorithm:74\x1b[m\x1b[K,\n'}
[21.775671] (mimi_head) StderrLine: {'line': b'                 from \x1b[01m\x1b[K/opt/ros/humble/include/rclcpp/rclcpp/executor.hpp:18\x1b[m\x1b[K,\n'}
[21.776139] (mimi_head) StderrLine: {'line': b'                 from \x1b[01m\x1b[K/opt/ros/humble/include/rclcpp/rclcpp/executors/multi_threaded_executor.hpp:25\x1b[m\x1b[K,\n'}
[21.776614] (mimi_head) StderrLine: {'line': b'                 from \x1b[01m\x1b[K/opt/ros/humble/include/rclcpp/rclcpp/executors.hpp:21\x1b[m\x1b[K,\n'}
[21.777064] (mimi_head) StderrLine: {'line': b'                 from \x1b[01m\x1b[K/opt/ros/humble/include/rclcpp/rclcpp/rclcpp.hpp:155\x1b[m\x1b[K,\n'}
[21.777515] (mimi_head) StderrLine: {'line': b'                 from \x1b[01m\x1b[K/home/mimi/mimi_ros2_ws/src/mimi_head/src/mimi_head_movement.cpp:4\x1b[m\x1b[K:\n'}
[21.777970] (mimi_head) StderrLine: {'line': b'/usr/include/c++/11/functional: In instantiation of \xe2\x80\x98\x1b[01m\x1b[Kstruct std::_Bind_check_arity<void (MimiHeadMovementNode::*)(const mimi_head::msg::Angle_<std::allocator<void> >&), MimiHeadMovementNode*>\x1b[m\x1b[K\xe2\x80\x99:\n'}
[21.778430] (mimi_head) StderrLine: {'line': b'\x1b[01m\x1b[K/usr/include/c++/11/functional:768:12:\x1b[m\x1b[K   required from \xe2\x80\x98\x1b[01m\x1b[Kstruct std::_Bind_helper<false, void (MimiHeadMovementNode::*)(const mimi_head::msg::Angle_<std::allocator<void> >&), MimiHeadMovementNode*>\x1b[m\x1b[K\xe2\x80\x99\n'}
[21.778960] (mimi_head) StderrLine: {'line': b'\x1b[01m\x1b[K/usr/include/c++/11/functional:789:5:\x1b[m\x1b[K   required by substitution of \xe2\x80\x98\x1b[01m\x1b[Ktemplate<class _Func, class ... _BoundArgs> typename std::_Bind_helper<std::__is_socketlike<_Func>::value, _Func, _BoundArgs ...>::type std::bind(_Func&&, _BoundArgs&& ...) [with _Func = void (MimiHeadMovementNode::*)(const mimi_head::msg::Angle_<std::allocator<void> >&); _BoundArgs = {MimiHeadMovementNode*}]\x1b[m\x1b[K\xe2\x80\x99\n'}
[21.779599] (mimi_head) StderrLine: {'line': b'\x1b[01m\x1b[K/home/mimi/mimi_ros2_ws/src/mimi_head/src/mimi_head_movement.cpp:37:39:\x1b[m\x1b[K   required from here\n'}
[21.780081] (mimi_head) StderrLine: {'line': b'\x1b[01m\x1b[K/usr/include/c++/11/functional:756:21:\x1b[m\x1b[K \x1b[01;31m\x1b[Kerror: \x1b[m\x1b[Kstatic assertion failed: Wrong number of arguments for pointer-to-member\n'}
[21.780579] (mimi_head) StderrLine: {'line': b'  755 |       static_assert(_Varargs::\x1b[01;31m\x1b[Kvalue\x1b[m\x1b[K\n'}
[21.781070] (mimi_head) StderrLine: {'line': b'      |                               \x1b[01;31m\x1b[K~~~~~\x1b[m\x1b[K\n'}
[21.781545] (mimi_head) StderrLine: {'line': b'  756 | \x1b[01;31m\x1b[K                    ? sizeof...(_BoundArgs) >= _Arity::value + 1\x1b[m\x1b[K\n'}
[21.782014] (mimi_head) StderrLine: {'line': b'      |                     \x1b[01;31m\x1b[K^~~~~~~~~~~~~~~~~~~~~~~~~~~~~~~~~~~~~~~~~~~~\x1b[m\x1b[K\n'}
[21.782520] (mimi_head) StderrLine: {'line': b'  757 | \x1b[01;31m\x1b[K                    : sizeof...(_BoundArgs) == _Arity::value + 1\x1b[m\x1b[K,\n'}
[21.783104] (mimi_head) StderrLine: {'line': b'      |                     \x1b[01;31m\x1b[K~~~~~~~~~~~~~~~~~~~~~~~~~~~~~~~~~~~~~~~~~~~~\x1b[m\x1b[K\n'}
[21.783611] (mimi_head) StderrLine: {'line': b'\x1b[01m\x1b[K/usr/include/c++/11/functional:756:21:\x1b[m\x1b[K \x1b[01;36m\x1b[Knote: \x1b[m\x1b[K\xe2\x80\x98\x1b[01m\x1b[K(false ? (1 >= (((long unsigned int)std::integral_constant<long unsigned int, 1>::value) + 1)) : (1 == (((long unsigned int)std::integral_constant<long unsigned int, 1>::value) + 1)))\x1b[m\x1b[K\xe2\x80\x99 evaluates to false\n'}
[21.792036] (-) TimerEvent: {}
[21.892812] (-) TimerEvent: {}
[21.993662] (-) TimerEvent: {}
[22.094539] (-) TimerEvent: {}
[22.143352] (mimi_head) StderrLine: {'line': b'In file included from \x1b[01m\x1b[K/usr/include/c++/11/future:48\x1b[m\x1b[K,\n'}
[22.144069] (mimi_head) StderrLine: {'line': b'                 from \x1b[01m\x1b[K/opt/ros/humble/include/rclcpp/rclcpp/executors.hpp:18\x1b[m\x1b[K,\n'}
[22.144514] (mimi_head) StderrLine: {'line': b'                 from \x1b[01m\x1b[K/opt/ros/humble/include/rclcpp/rclcpp/rclcpp.hpp:155\x1b[m\x1b[K,\n'}
[22.144925] (mimi_head) StderrLine: {'line': b'                 from \x1b[01m\x1b[K/home/mimi/mimi_ros2_ws/src/mimi_head/src/mimi_head_movement.cpp:4\x1b[m\x1b[K:\n'}
[22.145345] (mimi_head) StderrLine: {'line': b'/usr/include/c++/11/bits/std_thread.h: In instantiation of \xe2\x80\x98\x1b[01m\x1b[Kstd::thread::thread(_Callable&&, _Args&& ...) [with _Callable = std::_Bind<void (MimiHeadMovementNode::*(MimiHeadMovementNode*))(const mimi_head::msg::Angle_<std::allocator<void> >&)>; _Args = {}; <template-parameter-1-3> = void]\x1b[m\x1b[K\xe2\x80\x99:\n'}
[22.145804] (mimi_head) StderrLine: {'line': b'\x1b[01m\x1b[K/home/mimi/mimi_ros2_ws/src/mimi_head/src/mimi_head_movement.cpp:37:83:\x1b[m\x1b[K   required from here\n'}
[22.146230] (mimi_head) StderrLine: {'line': b'\x1b[01m\x1b[K/usr/include/c++/11/bits/std_thread.h:130:72:\x1b[m\x1b[K \x1b[01;31m\x1b[Kerror: \x1b[m\x1b[Kstatic assertion failed: std::thread arguments must be invocable after conversion to rvalues\n'}
[22.146630] (mimi_head) StderrLine: {'line': b'  130 |                                       typename decay<_Args>::type...>::\x1b[01;31m\x1b[Kvalue\x1b[m\x1b[K,\n'}
[22.147119] (mimi_head) StderrLine: {'line': b'      |                                                                        \x1b[01;31m\x1b[K^~~~~\x1b[m\x1b[K\n'}
[22.147536] (mimi_head) StderrLine: {'line': b'\x1b[01m\x1b[K/usr/include/c++/11/bits/std_thread.h:130:72:\x1b[m\x1b[K \x1b[01;36m\x1b[Knote: \x1b[m\x1b[K\xe2\x80\x98\x1b[01m\x1b[Kstd::integral_constant<bool, false>::value\x1b[m\x1b[K\xe2\x80\x99 evaluates to false\n'}
[22.153412] (mimi_head) StderrLine: {'line': b'/usr/include/c++/11/bits/std_thread.h: In instantiation of \xe2\x80\x98\x1b[01m\x1b[Kstruct std::thread::_Invoker<std::tuple<std::_Bind<void (MimiHeadMovementNode::*(MimiHeadMovementNode*))(const mimi_head::msg::Angle_<std::allocator<void> >&)> > >\x1b[m\x1b[K\xe2\x80\x99:\n'}
[22.154176] (mimi_head) StderrLine: {'line': b'\x1b[01m\x1b[K/usr/include/c++/11/bits/std_thread.h:203:13:\x1b[m\x1b[K   required from \xe2\x80\x98\x1b[01m\x1b[Kstruct std::thread::_State_impl<std::thread::_Invoker<std::tuple<std::_Bind<void (MimiHeadMovementNode::*(MimiHeadMovementNode*))(const mimi_head::msg::Angle_<std::allocator<void> >&)> > > >\x1b[m\x1b[K\xe2\x80\x99\n'}
[22.154532] (mimi_head) StderrLine: {'line': b'\x1b[01m\x1b[K/usr/include/c++/11/bits/std_thread.h:143:29:\x1b[m\x1b[K   required from \xe2\x80\x98\x1b[01m\x1b[Kstd::thread::thread(_Callable&&, _Args&& ...) [with _Callable = std::_Bind<void (MimiHeadMovementNode::*(MimiHeadMovementNode*))(const mimi_head::msg::Angle_<std::allocator<void> >&)>; _Args = {}; <template-parameter-1-3> = void]\x1b[m\x1b[K\xe2\x80\x99\n'}
[22.154912] (mimi_head) StderrLine: {'line': b'\x1b[01m\x1b[K/home/mimi/mimi_ros2_ws/src/mimi_head/src/mimi_head_movement.cpp:37:83:\x1b[m\x1b[K   required from here\n'}
[22.155250] (mimi_head) StderrLine: {'line': b'\x1b[01m\x1b[K/usr/include/c++/11/bits/std_thread.h:252:11:\x1b[m\x1b[K \x1b[01;31m\x1b[Kerror: \x1b[m\x1b[Kno type named \xe2\x80\x98\x1b[01m\x1b[Ktype\x1b[m\x1b[K\xe2\x80\x99 in \xe2\x80\x98\x1b[01m\x1b[Kstruct std::thread::_Invoker<std::tuple<std::_Bind<void (MimiHeadMovementNode::*(MimiHeadMovementNode*))(const mimi_head::msg::Angle_<std::allocator<void> >&)> > >::__result<std::tuple<std::_Bind<void (MimiHeadMovementNode::*(MimiHeadMovementNode*))(const mimi_head::msg::Angle_<std::allocator<void> >&)> > >\x1b[m\x1b[K\xe2\x80\x99\n'}
[22.155540] (mimi_head) StderrLine: {'line': b'  252 |           \x1b[01;31m\x1b[K_M_invoke\x1b[m\x1b[K(_Index_tuple<_Ind...>)\n'}
[22.155802] (mimi_head) StderrLine: {'line': b'      |           \x1b[01;31m\x1b[K^~~~~~~~~\x1b[m\x1b[K\n'}
[22.156064] (mimi_head) StderrLine: {'line': b'\x1b[01m\x1b[K/usr/include/c++/11/bits/std_thread.h:256:9:\x1b[m\x1b[K \x1b[01;31m\x1b[Kerror: \x1b[m\x1b[Kno type named \xe2\x80\x98\x1b[01m\x1b[Ktype\x1b[m\x1b[K\xe2\x80\x99 in \xe2\x80\x98\x1b[01m\x1b[Kstruct std::thread::_Invoker<std::tuple<std::_Bind<void (MimiHeadMovementNode::*(MimiHeadMovementNode*))(const mimi_head::msg::Angle_<std::allocator<void> >&)> > >::__result<std::tuple<std::_Bind<void (MimiHeadMovementNode::*(MimiHeadMovementNode*))(const mimi_head::msg::Angle_<std::allocator<void> >&)> > >\x1b[m\x1b[K\xe2\x80\x99\n'}
[22.156344] (mimi_head) StderrLine: {'line': b'  256 |         \x1b[01;31m\x1b[Koperator\x1b[m\x1b[K()()\n'}
[22.156646] (mimi_head) StderrLine: {'line': b'      |         \x1b[01;31m\x1b[K^~~~~~~~\x1b[m\x1b[K\n'}
[22.194773] (-) TimerEvent: {}
[22.295721] (-) TimerEvent: {}
[22.396549] (-) TimerEvent: {}
[22.497452] (-) TimerEvent: {}
[22.598373] (-) TimerEvent: {}
[22.699278] (-) TimerEvent: {}
[22.800125] (-) TimerEvent: {}
[22.901007] (-) TimerEvent: {}
[23.001887] (-) TimerEvent: {}
[23.102727] (-) TimerEvent: {}
[23.203589] (-) TimerEvent: {}
[23.304513] (-) TimerEvent: {}
[23.405431] (-) TimerEvent: {}
[23.506385] (-) TimerEvent: {}
[23.607293] (-) TimerEvent: {}
[23.708128] (-) TimerEvent: {}
[23.808970] (-) TimerEvent: {}
[23.909933] (-) TimerEvent: {}
[24.010778] (-) TimerEvent: {}
[24.111700] (-) TimerEvent: {}
[24.212572] (-) TimerEvent: {}
[24.313455] (-) TimerEvent: {}
[24.414362] (-) TimerEvent: {}
[24.515216] (-) TimerEvent: {}
[24.616100] (-) TimerEvent: {}
[24.716932] (-) TimerEvent: {}
[24.817765] (-) TimerEvent: {}
[24.918676] (-) TimerEvent: {}
[25.019646] (-) TimerEvent: {}
[25.120557] (-) TimerEvent: {}
[25.221410] (-) TimerEvent: {}
[25.322297] (-) TimerEvent: {}
[25.423280] (-) TimerEvent: {}
[25.524319] (-) TimerEvent: {}
[25.625239] (-) TimerEvent: {}
[25.726092] (-) TimerEvent: {}
[25.827152] (-) TimerEvent: {}
[25.928489] (-) TimerEvent: {}
[26.029402] (-) TimerEvent: {}
[26.130509] (-) TimerEvent: {}
[26.232006] (-) TimerEvent: {}
[26.333009] (-) TimerEvent: {}
[26.434155] (-) TimerEvent: {}
[26.535091] (-) TimerEvent: {}
[26.636300] (-) TimerEvent: {}
[26.737483] (-) TimerEvent: {}
[26.838456] (-) TimerEvent: {}
[26.939757] (-) TimerEvent: {}
[27.043066] (-) TimerEvent: {}
[27.144085] (-) TimerEvent: {}
[27.244906] (-) TimerEvent: {}
[27.345827] (-) TimerEvent: {}
[27.447084] (-) TimerEvent: {}
[27.548034] (-) TimerEvent: {}
[27.649736] (-) TimerEvent: {}
[27.750788] (-) TimerEvent: {}
[27.851968] (-) TimerEvent: {}
[27.953080] (-) TimerEvent: {}
[28.054165] (-) TimerEvent: {}
[28.155392] (-) TimerEvent: {}
[28.256556] (-) TimerEvent: {}
[28.357702] (-) TimerEvent: {}
[28.459699] (-) TimerEvent: {}
[28.561503] (-) TimerEvent: {}
[28.663272] (-) TimerEvent: {}
[28.767435] (-) TimerEvent: {}
[28.868759] (-) TimerEvent: {}
[28.969993] (-) TimerEvent: {}
[29.072431] (-) TimerEvent: {}
[29.173474] (-) TimerEvent: {}
[29.274712] (-) TimerEvent: {}
[29.375810] (-) TimerEvent: {}
[29.476940] (-) TimerEvent: {}
[29.579486] (-) TimerEvent: {}
[29.685667] (-) TimerEvent: {}
[29.791270] (-) TimerEvent: {}
[29.895631] (-) TimerEvent: {}
[29.997830] (-) TimerEvent: {}
[30.099166] (-) TimerEvent: {}
[30.200173] (-) TimerEvent: {}
[30.305070] (-) TimerEvent: {}
[30.405973] (-) TimerEvent: {}
[30.506971] (-) TimerEvent: {}
[30.609725] (-) TimerEvent: {}
[30.710907] (-) TimerEvent: {}
[30.821328] (-) TimerEvent: {}
[30.922320] (-) TimerEvent: {}
[31.023231] (-) TimerEvent: {}
[31.124244] (-) TimerEvent: {}
[31.225379] (-) TimerEvent: {}
[31.326354] (-) TimerEvent: {}
[31.427419] (-) TimerEvent: {}
[31.528465] (-) TimerEvent: {}
[31.629534] (-) TimerEvent: {}
[31.730535] (-) TimerEvent: {}
[31.831622] (-) TimerEvent: {}
[31.932587] (-) TimerEvent: {}
[32.033556] (-) TimerEvent: {}
[32.134546] (-) TimerEvent: {}
[32.242102] (-) TimerEvent: {}
[32.343191] (-) TimerEvent: {}
[32.444187] (-) TimerEvent: {}
[32.553663] (-) TimerEvent: {}
[32.654667] (-) TimerEvent: {}
[32.755866] (-) TimerEvent: {}
[32.856885] (-) TimerEvent: {}
[32.957871] (-) TimerEvent: {}
[33.058862] (-) TimerEvent: {}
[33.159790] (-) TimerEvent: {}
[33.260740] (-) TimerEvent: {}
[33.361642] (-) TimerEvent: {}
[33.462684] (-) TimerEvent: {}
[33.563703] (-) TimerEvent: {}
[33.664578] (-) TimerEvent: {}
[33.765472] (-) TimerEvent: {}
[33.866444] (-) TimerEvent: {}
[33.967459] (-) TimerEvent: {}
[34.068416] (-) TimerEvent: {}
[34.169370] (-) TimerEvent: {}
[34.270373] (-) TimerEvent: {}
[34.371620] (-) TimerEvent: {}
[34.381151] (mimi_head) StderrLine: {'line': b'gmake[2]: *** [CMakeFiles/mimi_head_movement.dir/build.make:76: CMakeFiles/mimi_head_movement.dir/src/mimi_head_movement.cpp.o] Error 1\n'}
[34.384213] (mimi_head) StderrLine: {'line': b'gmake[1]: *** [CMakeFiles/Makefile2:650: CMakeFiles/mimi_head_movement.dir/all] Error 2\n'}
[34.386291] (mimi_head) StderrLine: {'line': b'gmake: *** [Makefile:146: all] Error 2\n'}
[34.471895] (-) TimerEvent: {}
[34.505712] (mimi_head) CommandEnded: {'returncode': 2}
[34.572160] (-) TimerEvent: {}
[34.674026] (-) TimerEvent: {}
[34.775125] (-) TimerEvent: {}
[34.876175] (-) TimerEvent: {}
[34.983682] (-) TimerEvent: {}
[35.089304] (-) TimerEvent: {}
[35.195033] (-) TimerEvent: {}
[35.298097] (-) TimerEvent: {}
[35.404390] (-) TimerEvent: {}
[35.505296] (-) TimerEvent: {}
[35.606196] (-) TimerEvent: {}
[35.712019] (-) TimerEvent: {}
[35.815990] (-) TimerEvent: {}
[35.917434] (-) TimerEvent: {}
[35.931863] (mimi_head) JobEnded: {'identifier': 'mimi_head', 'rc': 2}
[35.944568] (-) EventReactorShutdown: {}
