[  2%] Built target mimi_head__cpp
[ 10%] Built target mimi_head__rosidl_generator_c
[ 10%] Built target ament_cmake_python_symlink_mimi_head
[ 16%] Built target mimi_monitor
[ 24%] Built target mimi_head__rosidl_typesupport_cpp
[ 32%] Built target mimi_head__rosidl_typesupport_fastrtps_cpp
[ 40%] Built target mimi_head__rosidl_typesupport_introspection_c
[ 48%] Built target mimi_head__rosidl_typesupport_c
[35m[1mConsolidate compiler generated dependencies of target mimi_camera[0m
[ 56%] Built target mimi_head__rosidl_typesupport_introspection_cpp
[ 62%] Built target mimi_head_movement
[ 70%] Built target mimi_head__rosidl_typesupport_fastrtps_c
[ 72%] [32mBuilding CXX object CMakeFiles/mimi_camera.dir/src/mimi_camera.cpp.o[0m
[ 72%] Built target mimi_head
[ 75%] Built target mimi_head__py
[ 81%] Built target mimi_head__rosidl_generator_py
[ 86%] Built target mimi_head__rosidl_typesupport_fastrtps_c__pyext
[ 91%] Built target mimi_head__rosidl_typesupport_introspection_c__pyext
[ 97%] Built target mimi_head__rosidl_typesupport_c__pyext
running egg_info
writing mimi_head.egg-info/PKG-INFO
writing dependency_links to mimi_head.egg-info/dependency_links.txt
writing top-level names to mimi_head.egg-info/top_level.txt
reading manifest file 'mimi_head.egg-info/SOURCES.txt'
writing manifest file 'mimi_head.egg-info/SOURCES.txt'
[ 97%] Built target ament_cmake_python_build_mimi_head_egg
[01m[K/home/mimi/mimi_ros2_ws/src/mimi_head/src/mimi_camera.cpp:[m[K In function ‘[01m[Kvoid sigint_handler(int)[m[K’:
[01m[K/home/mimi/mimi_ros2_ws/src/mimi_head/src/mimi_camera.cpp:283:25:[m[K [01;35m[Kwarning: [m[Kunused parameter ‘[01m[Ksig[m[K’ [[01;35m[K]8;;https://gcc.gnu.org/onlinedocs/gcc/Warning-Options.html#index-Wunused-parameter-Wunused-parameter]8;;[m[K]
  283 | void sigint_handler([01;35m[Kint sig[m[K)
      |                     [01;35m[K~~~~^~~[m[K
