[0.075s] Invoking command in '/home/mimi/mimi_ros2_ws/build/mimi_head': CMAKE_PREFIX_PATH=/opt/ros/humble /usr/bin/cmake --build /home/mimi/mimi_ros2_ws/build/mimi_head -- -j4 -l4
[0.542s] [35m[1mConsolidate compiler generated dependencies of target mimi_camera[0m
[0.638s] [ 50%] Built target mimi_monitor
[0.710s] [ 75%] [32mBuilding CXX object CMakeFiles/mimi_camera.dir/src/mimi_camera.cpp.o[0m
[14.826s] [01m[K/home/mimi/mimi_ros2_ws/src/mimi_head/src/mimi_camera.cpp:[m[K In function ‘[01m[Kvoid sigint_handler(int)[m[K’:
[14.827s] [01m[K/home/mimi/mimi_ros2_ws/src/mimi_head/src/mimi_camera.cpp:249:25:[m[K [01;35m[Kwarning: [m[Kunused parameter ‘[01m[Ksig[m[K’ [[01;35m[K]8;;https://gcc.gnu.org/onlinedocs/gcc/Warning-Options.html#index-Wunused-parameter-Wunused-parameter]8;;[m[K]
[14.828s]   249 | void sigint_handler([01;35m[Kint sig[m[K)
[14.828s]       |                     [01;35m[K~~~~^~~[m[K
[25.766s] [100%] [32m[1mLinking CXX executable mimi_camera[0m
[29.268s] [100%] Built target mimi_camera
[29.312s] Invoked command in '/home/mimi/mimi_ros2_ws/build/mimi_head' returned '0': CMAKE_PREFIX_PATH=/opt/ros/humble /usr/bin/cmake --build /home/mimi/mimi_ros2_ws/build/mimi_head -- -j4 -l4
[29.489s] Invoking command in '/home/mimi/mimi_ros2_ws/build/mimi_head': CMAKE_PREFIX_PATH=/opt/ros/humble /usr/bin/cmake --install /home/mimi/mimi_ros2_ws/build/mimi_head
[29.520s] -- Install configuration: ""
[29.528s] -- Execute custom install script
[29.534s] -- Up-to-date symlink: /home/mimi/mimi_ros2_ws/install/mimi_head/lib/mimi_head/mimi_camera
[29.536s] -- Up-to-date symlink: /home/mimi/mimi_ros2_ws/install/mimi_head/lib/mimi_head/mimi_monitor
[29.540s] -- Up-to-date symlink: /home/mimi/mimi_ros2_ws/install/mimi_head/share/ament_index/resource_index/package_run_dependencies/mimi_head
[29.542s] -- Up-to-date symlink: /home/mimi/mimi_ros2_ws/install/mimi_head/share/ament_index/resource_index/parent_prefix_path/mimi_head
[29.545s] -- Up-to-date symlink: /home/mimi/mimi_ros2_ws/install/mimi_head/share/mimi_head/environment/ament_prefix_path.sh
[29.546s] -- Up-to-date symlink: /home/mimi/mimi_ros2_ws/install/mimi_head/share/mimi_head/environment/ament_prefix_path.dsv
[29.549s] -- Up-to-date symlink: /home/mimi/mimi_ros2_ws/install/mimi_head/share/mimi_head/environment/path.sh
[29.550s] -- Up-to-date symlink: /home/mimi/mimi_ros2_ws/install/mimi_head/share/mimi_head/environment/path.dsv
[29.552s] -- Up-to-date symlink: /home/mimi/mimi_ros2_ws/install/mimi_head/share/mimi_head/local_setup.bash
[29.555s] -- Up-to-date symlink: /home/mimi/mimi_ros2_ws/install/mimi_head/share/mimi_head/local_setup.sh
[29.556s] -- Up-to-date symlink: /home/mimi/mimi_ros2_ws/install/mimi_head/share/mimi_head/local_setup.zsh
[29.558s] -- Up-to-date symlink: /home/mimi/mimi_ros2_ws/install/mimi_head/share/mimi_head/local_setup.dsv
[29.559s] -- Symlinking: /home/mimi/mimi_ros2_ws/install/mimi_head/share/mimi_head/package.dsv
[29.592s] -- Up-to-date symlink: /home/mimi/mimi_ros2_ws/install/mimi_head/share/ament_index/resource_index/packages/mimi_head
[29.594s] -- Up-to-date symlink: /home/mimi/mimi_ros2_ws/install/mimi_head/share/mimi_head/cmake/mimi_headConfig.cmake
[29.595s] -- Up-to-date symlink: /home/mimi/mimi_ros2_ws/install/mimi_head/share/mimi_head/cmake/mimi_headConfig-version.cmake
[29.596s] -- Up-to-date symlink: /home/mimi/mimi_ros2_ws/install/mimi_head/share/mimi_head/package.xml
[29.606s] Invoked command in '/home/mimi/mimi_ros2_ws/build/mimi_head' returned '0': CMAKE_PREFIX_PATH=/opt/ros/humble /usr/bin/cmake --install /home/mimi/mimi_ros2_ws/build/mimi_head
