[35m[1mConsolidate compiler generated dependencies of target mimi_camera[0m
[35m[1mConsolidate compiler generated dependencies of target mimi_monitor[0m
[35m[1mConsolidate compiler generated dependencies of target mimi_head__rosidl_generator_c[0m
[  2%] Built target mimi_head__cpp
[  5%] [32mBuilding CXX object CMakeFiles/mimi_camera.dir/src/mimi_camera.cpp.o[0m
[ 14%] Built target mimi_head__rosidl_generator_c
[ 20%] Built target mimi_monitor
[35m[1mConsolidate compiler generated dependencies of target mimi_head__rosidl_typesupport_cpp[0m
[35m[1mConsolidate compiler generated dependencies of target mimi_head__rosidl_typesupport_fastrtps_c[0m
[ 20%] Built target ament_cmake_python_symlink_mimi_head
[ 28%] Built target mimi_head__rosidl_typesupport_fastrtps_c
[ 37%] Built target mimi_head__rosidl_typesupport_cpp
[35m[1mConsolidate compiler generated dependencies of target mimi_head__rosidl_typesupport_fastrtps_cpp[0m
[35m[1mConsolidate compiler generated dependencies of target mimi_head__rosidl_typesupport_introspection_c[0m
[35m[1mConsolidate compiler generated dependencies of target mimi_head__rosidl_typesupport_c[0m
[ 45%] Built target mimi_head__rosidl_typesupport_fastrtps_cpp
[ 54%] Built target mimi_head__rosidl_typesupport_introspection_c
[35m[1mConsolidate compiler generated dependencies of target mimi_head__rosidl_typesupport_introspection_cpp[0m
[ 62%] Built target mimi_head__rosidl_typesupport_c
[ 71%] Built target mimi_head__rosidl_typesupport_introspection_cpp
[ 71%] Built target mimi_head
[ 74%] Built target mimi_head__py
[35m[1mConsolidate compiler generated dependencies of target mimi_head__rosidl_generator_py[0m
[ 80%] Built target mimi_head__rosidl_generator_py
[35m[1mConsolidate compiler generated dependencies of target mimi_head__rosidl_typesupport_introspection_c__pyext[0m
[35m[1mConsolidate compiler generated dependencies of target mimi_head__rosidl_typesupport_fastrtps_c__pyext[0m
[ 85%] Built target mimi_head__rosidl_typesupport_introspection_c__pyext
[ 91%] Built target mimi_head__rosidl_typesupport_fastrtps_c__pyext
[35m[1mConsolidate compiler generated dependencies of target mimi_head__rosidl_typesupport_c__pyext[0m
[ 97%] Built target mimi_head__rosidl_typesupport_c__pyext
running egg_info
writing mimi_head.egg-info/PKG-INFO
writing dependency_links to mimi_head.egg-info/dependency_links.txt
writing top-level names to mimi_head.egg-info/top_level.txt
reading manifest file 'mimi_head.egg-info/SOURCES.txt'
writing manifest file 'mimi_head.egg-info/SOURCES.txt'
[ 97%] Built target ament_cmake_python_build_mimi_head_egg
