[0.078s] Invoking command in '/home/mimi/mimi_ros2_ws/build/mimi_head': CMAKE_PREFIX_PATH=/opt/ros/humble /usr/bin/cmake --build /home/mimi/mimi_ros2_ws/build/mimi_head -- -j4 -l4
[0.403s] [35m[1mConsolidate compiler generated dependencies of target mimi_camera[0m
[0.412s] [35m[1mConsolidate compiler generated dependencies of target mimi_monitor[0m
[0.456s] [35m[1mConsolidate compiler generated dependencies of target mimi_head__rosidl_generator_c[0m
[0.488s] [  2%] Built target mimi_head__cpp
[0.556s] [  5%] [32mBuilding CXX object CMakeFiles/mimi_camera.dir/src/mimi_camera.cpp.o[0m
[0.557s] [ 14%] Built target mimi_head__rosidl_generator_c
[0.612s] [ 20%] Built target mimi_monitor
[0.658s] [35m[1mConsolidate compiler generated dependencies of target mimi_head__rosidl_typesupport_cpp[0m
[0.693s] [35m[1mConsolidate compiler generated dependencies of target mimi_head__rosidl_typesupport_fastrtps_c[0m
[0.774s] [ 20%] Built target ament_cmake_python_symlink_mimi_head
[0.807s] [ 28%] Built target mimi_head__rosidl_typesupport_fastrtps_c
[0.829s] [ 37%] Built target mimi_head__rosidl_typesupport_cpp
[0.856s] [35m[1mConsolidate compiler generated dependencies of target mimi_head__rosidl_typesupport_fastrtps_cpp[0m
[0.918s] [35m[1mConsolidate compiler generated dependencies of target mimi_head__rosidl_typesupport_introspection_c[0m
[0.954s] [35m[1mConsolidate compiler generated dependencies of target mimi_head__rosidl_typesupport_c[0m
[0.973s] [ 45%] Built target mimi_head__rosidl_typesupport_fastrtps_cpp
[1.080s] [ 54%] Built target mimi_head__rosidl_typesupport_introspection_c
[1.106s] [35m[1mConsolidate compiler generated dependencies of target mimi_head__rosidl_typesupport_introspection_cpp[0m
[1.108s] [ 62%] Built target mimi_head__rosidl_typesupport_c
[1.197s] [ 71%] Built target mimi_head__rosidl_typesupport_introspection_cpp
[1.348s] [ 71%] Built target mimi_head
[1.563s] [ 74%] Built target mimi_head__py
[1.689s] [35m[1mConsolidate compiler generated dependencies of target mimi_head__rosidl_generator_py[0m
[1.805s] [ 80%] Built target mimi_head__rosidl_generator_py
[1.871s] [35m[1mConsolidate compiler generated dependencies of target mimi_head__rosidl_typesupport_introspection_c__pyext[0m
[1.924s] [35m[1mConsolidate compiler generated dependencies of target mimi_head__rosidl_typesupport_fastrtps_c__pyext[0m
[2.007s] [ 85%] Built target mimi_head__rosidl_typesupport_introspection_c__pyext
[2.020s] [ 91%] Built target mimi_head__rosidl_typesupport_fastrtps_c__pyext
[2.136s] [35m[1mConsolidate compiler generated dependencies of target mimi_head__rosidl_typesupport_c__pyext[0m
[2.324s] [ 97%] Built target mimi_head__rosidl_typesupport_c__pyext
[3.296s] running egg_info
[3.300s] writing mimi_head.egg-info/PKG-INFO
[3.302s] writing dependency_links to mimi_head.egg-info/dependency_links.txt
[3.304s] writing top-level names to mimi_head.egg-info/top_level.txt
[3.319s] reading manifest file 'mimi_head.egg-info/SOURCES.txt'
[3.322s] writing manifest file 'mimi_head.egg-info/SOURCES.txt'
[3.469s] [ 97%] Built target ament_cmake_python_build_mimi_head_egg
[3.535s] [01m[K/home/mimi/mimi_ros2_ws/src/mimi_head/src/mimi_camera.cpp:10:10:[m[K [01;31m[Kfatal error: [m[Kmimi_head/msg/angle.hpp: No such file or directory
[3.536s]    10 | #include [01;31m[K"mimi_head/msg/angle.hpp"[m[K
[3.536s]       |          [01;31m[K^~~~~~~~~~~~~~~~~~~~~~~~~[m[K
[3.537s] compilation terminated.
[3.553s] gmake[2]: *** [CMakeFiles/mimi_camera.dir/build.make:76: CMakeFiles/mimi_camera.dir/src/mimi_camera.cpp.o] Error 1
[3.554s] gmake[1]: *** [CMakeFiles/Makefile2:184: CMakeFiles/mimi_camera.dir/all] Error 2
[3.555s] gmake: *** [Makefile:146: all] Error 2
[3.562s] Invoked command in '/home/mimi/mimi_ros2_ws/build/mimi_head' returned '2': CMAKE_PREFIX_PATH=/opt/ros/humble /usr/bin/cmake --build /home/mimi/mimi_ros2_ws/build/mimi_head -- -j4 -l4
