[0.000000] (-) TimerEvent: {}
[0.002274] (mimi_head) JobQueued: {'identifier': 'mimi_head', 'dependencies': OrderedDict()}
[0.003192] (mimi_head) JobStarted: {'identifier': 'mimi_head'}
[0.066248] (mimi_head) JobProgress: {'identifier': 'mimi_head', 'progress': 'cmake'}
[0.071736] (mimi_head) JobProgress: {'identifier': 'mimi_head', 'progress': 'build'}
[0.074806] (mimi_head) Command: {'cmd': ['/usr/bin/cmake', '--build', '/home/mimi/mimi_ros2_ws/build/mimi_head', '--', '-j4', '-l4'], 'cwd': '/home/mimi/mimi_ros2_ws/build/mimi_head', 'env': OrderedDict([('LESSOPEN', '| /usr/bin/lesspipe %s'), ('USER', 'mimi'), ('SSH_CLIENT', '192.168.1.102 61438 22'), ('LC_TIME', 'th_TH.UTF-8'), ('XDG_SESSION_TYPE', 'tty'), ('GIT_ASKPASS', '/home/mimi/.vscode-server/bin/6a995c4f4cc2ced6e3237749973982e751cb0bf9/extensions/git/dist/askpass.sh'), ('SHLVL', '0'), ('LD_LIBRARY_PATH', '/opt/ros/humble/opt/rviz_ogre_vendor/lib:/opt/ros/humble/lib/aarch64-linux-gnu:/opt/ros/humble/lib'), ('BROWSER', '/home/mimi/.vscode-server/bin/6a995c4f4cc2ced6e3237749973982e751cb0bf9/bin/helpers/browser.sh'), ('MOTD_SHOWN', 'pam'), ('HOME', '/home/mimi'), ('TERM_PROGRAM_VERSION', '1.78.1'), ('VSCODE_IPC_HOOK_CLI', '/run/user/1000/vscode-ipc-abf40216-cab4-49e3-bf01-3c98bb83e1ef.sock'), ('ROS_PYTHON_VERSION', '3'), ('VSCODE_GIT_ASKPASS_MAIN', '/home/mimi/.vscode-server/bin/6a995c4f4cc2ced6e3237749973982e751cb0bf9/extensions/git/dist/askpass-main.js'), ('LC_MONETARY', 'th_TH.UTF-8'), ('VSCODE_GIT_ASKPASS_NODE', '/home/mimi/.vscode-server/bin/6a995c4f4cc2ced6e3237749973982e751cb0bf9/node'), ('DBUS_SESSION_BUS_ADDRESS', 'unix:path=/run/user/1000/bus'), ('COLORTERM', 'truecolor'), ('ROS_DISTRO', 'humble'), ('LOGNAME', 'mimi'), ('_', '/usr/bin/colcon'), ('ROS_VERSION', '2'), ('XDG_SESSION_CLASS', 'user'), ('TERM', 'xterm-256color'), ('XDG_SESSION_ID', '4'), ('ROS_LOCALHOST_ONLY', '0'), ('PATH', '/home/mimi/.vscode-server/bin/6a995c4f4cc2ced6e3237749973982e751cb0bf9/bin/remote-cli:/home/mimi/.local/bin:/opt/ros/humble/bin:/usr/local/sbin:/usr/local/bin:/usr/sbin:/usr/bin:/sbin:/bin:/usr/games:/usr/local/games:/snap/bin'), ('LC_ADDRESS', 'th_TH.UTF-8'), ('XDG_RUNTIME_DIR', '/run/user/1000'), ('LANG', 'en_US.UTF-8'), ('LC_TELEPHONE', 'th_TH.UTF-8'), ('LS_COLORS', ''), ('VSCODE_GIT_IPC_HANDLE', '/run/user/1000/vscode-git-bb3d78543e.sock'), ('TERM_PROGRAM', 'vscode'), ('AMENT_PREFIX_PATH', '/opt/ros/humble'), ('SHELL', '/bin/bash'), ('LC_NAME', 'th_TH.UTF-8'), ('LESSCLOSE', '/usr/bin/lesspipe %s %s'), ('LC_MEASUREMENT', 'th_TH.UTF-8'), ('LC_IDENTIFICATION', 'th_TH.UTF-8'), ('VSCODE_GIT_ASKPASS_EXTRA_ARGS', ''), ('PWD', '/home/mimi/mimi_ros2_ws/build/mimi_head'), ('SSH_CONNECTION', '192.168.1.102 61438 192.168.1.100 22'), ('XDG_DATA_DIRS', '/usr/share/gnome:/usr/local/share:/usr/share:/var/lib/snapd/desktop'), ('PYTHONPATH', '/opt/ros/humble/lib/python3.10/site-packages:/opt/ros/humble/local/lib/python3.10/dist-packages'), ('LC_NUMERIC', 'th_TH.UTF-8'), ('LC_PAPER', 'th_TH.UTF-8'), ('COLCON', '1'), ('CMAKE_PREFIX_PATH', '/opt/ros/humble')]), 'shell': False}
[0.098959] (-) TimerEvent: {}
[0.199998] (-) TimerEvent: {}
[0.286072] (mimi_head) StdoutLine: {'line': b'\x1b[35m\x1b[1mConsolidate compiler generated dependencies of target mimi_camera\x1b[0m\n'}
[0.300181] (-) TimerEvent: {}
[0.362710] (mimi_head) StdoutLine: {'line': b'[ 50%] Built target mimi_monitor\n'}
[0.400412] (-) TimerEvent: {}
[0.404179] (mimi_head) StdoutLine: {'line': b'[ 75%] \x1b[32mBuilding CXX object CMakeFiles/mimi_camera.dir/src/mimi_camera.cpp.o\x1b[0m\n'}
[0.500669] (-) TimerEvent: {}
[0.601714] (-) TimerEvent: {}
[0.702633] (-) TimerEvent: {}
[0.803442] (-) TimerEvent: {}
[0.904254] (-) TimerEvent: {}
[1.005184] (-) TimerEvent: {}
[1.106437] (-) TimerEvent: {}
[1.207471] (-) TimerEvent: {}
[1.308604] (-) TimerEvent: {}
[1.409789] (-) TimerEvent: {}
[1.510632] (-) TimerEvent: {}
[1.611488] (-) TimerEvent: {}
[1.712301] (-) TimerEvent: {}
[1.813154] (-) TimerEvent: {}
[1.914208] (-) TimerEvent: {}
[2.015278] (-) TimerEvent: {}
[2.116020] (-) TimerEvent: {}
[2.216802] (-) TimerEvent: {}
[2.317604] (-) TimerEvent: {}
[2.418477] (-) TimerEvent: {}
[2.519289] (-) TimerEvent: {}
[2.620082] (-) TimerEvent: {}
[2.720959] (-) TimerEvent: {}
[2.821724] (-) TimerEvent: {}
[2.922570] (-) TimerEvent: {}
[3.023612] (-) TimerEvent: {}
[3.124864] (-) TimerEvent: {}
[3.225831] (-) TimerEvent: {}
[3.326700] (-) TimerEvent: {}
[3.427552] (-) TimerEvent: {}
[3.528440] (-) TimerEvent: {}
[3.629323] (-) TimerEvent: {}
[3.730148] (-) TimerEvent: {}
[3.831003] (-) TimerEvent: {}
[3.932156] (-) TimerEvent: {}
[4.033135] (-) TimerEvent: {}
[4.134115] (-) TimerEvent: {}
[4.235416] (-) TimerEvent: {}
[4.336247] (-) TimerEvent: {}
[4.437095] (-) TimerEvent: {}
[4.537916] (-) TimerEvent: {}
[4.638762] (-) TimerEvent: {}
[4.739680] (-) TimerEvent: {}
[4.840510] (-) TimerEvent: {}
[4.941345] (-) TimerEvent: {}
[5.042236] (-) TimerEvent: {}
[5.143056] (-) TimerEvent: {}
[5.244069] (-) TimerEvent: {}
[5.344877] (-) TimerEvent: {}
[5.445715] (-) TimerEvent: {}
[5.546596] (-) TimerEvent: {}
[5.647579] (-) TimerEvent: {}
[5.748402] (-) TimerEvent: {}
[5.849277] (-) TimerEvent: {}
[5.950213] (-) TimerEvent: {}
[6.051080] (-) TimerEvent: {}
[6.152074] (-) TimerEvent: {}
[6.253000] (-) TimerEvent: {}
[6.353839] (-) TimerEvent: {}
[6.454678] (-) TimerEvent: {}
[6.555496] (-) TimerEvent: {}
[6.656301] (-) TimerEvent: {}
[6.757248] (-) TimerEvent: {}
[6.858191] (-) TimerEvent: {}
[6.959114] (-) TimerEvent: {}
[7.060037] (-) TimerEvent: {}
[7.160869] (-) TimerEvent: {}
[7.262053] (-) TimerEvent: {}
[7.362909] (-) TimerEvent: {}
[7.463830] (-) TimerEvent: {}
[7.564739] (-) TimerEvent: {}
[7.665675] (-) TimerEvent: {}
[7.766672] (-) TimerEvent: {}
[7.867518] (-) TimerEvent: {}
[7.968360] (-) TimerEvent: {}
[8.069256] (-) TimerEvent: {}
[8.170141] (-) TimerEvent: {}
[8.271065] (-) TimerEvent: {}
[8.372056] (-) TimerEvent: {}
[8.472898] (-) TimerEvent: {}
[8.573804] (-) TimerEvent: {}
[8.674809] (-) TimerEvent: {}
[8.775799] (-) TimerEvent: {}
[8.876731] (-) TimerEvent: {}
[8.977689] (-) TimerEvent: {}
[9.078693] (-) TimerEvent: {}
[9.179536] (-) TimerEvent: {}
[9.280375] (-) TimerEvent: {}
[9.381410] (-) TimerEvent: {}
[9.482842] (-) TimerEvent: {}
[9.583833] (-) TimerEvent: {}
[9.684674] (-) TimerEvent: {}
[9.785530] (-) TimerEvent: {}
[9.886470] (-) TimerEvent: {}
[9.987377] (-) TimerEvent: {}
[10.088222] (-) TimerEvent: {}
[10.189068] (-) TimerEvent: {}
[10.289916] (-) TimerEvent: {}
[10.390729] (-) TimerEvent: {}
[10.491578] (-) TimerEvent: {}
[10.592483] (-) TimerEvent: {}
[10.693450] (-) TimerEvent: {}
[10.794367] (-) TimerEvent: {}
[10.895315] (-) TimerEvent: {}
[10.996148] (-) TimerEvent: {}
[11.096968] (-) TimerEvent: {}
[11.197790] (-) TimerEvent: {}
[11.298641] (-) TimerEvent: {}
[11.399521] (-) TimerEvent: {}
[11.500453] (-) TimerEvent: {}
[11.601365] (-) TimerEvent: {}
[11.702241] (-) TimerEvent: {}
[11.803098] (-) TimerEvent: {}
[11.903983] (-) TimerEvent: {}
[12.004850] (-) TimerEvent: {}
[12.105786] (-) TimerEvent: {}
[12.206718] (-) TimerEvent: {}
[12.307772] (-) TimerEvent: {}
[12.408636] (-) TimerEvent: {}
[12.509580] (-) TimerEvent: {}
[12.610481] (-) TimerEvent: {}
[12.711398] (-) TimerEvent: {}
[12.812239] (-) TimerEvent: {}
[12.913121] (-) TimerEvent: {}
[13.014066] (-) TimerEvent: {}
[13.114945] (-) TimerEvent: {}
[13.215928] (-) TimerEvent: {}
[13.316785] (-) TimerEvent: {}
[13.417622] (-) TimerEvent: {}
[13.518410] (-) TimerEvent: {}
[13.619291] (-) TimerEvent: {}
[13.720147] (-) TimerEvent: {}
[13.821003] (-) TimerEvent: {}
[13.863508] (mimi_head) StderrLine: {'line': b'\x1b[01m\x1b[K/home/mimi/mimi_ros2_ws/src/mimi_head/src/mimi_camera.cpp:\x1b[m\x1b[K In function \xe2\x80\x98\x1b[01m\x1b[Kvoid sigint_handler(int)\x1b[m\x1b[K\xe2\x80\x99:\n'}
[13.864355] (mimi_head) StderrLine: {'line': b'\x1b[01m\x1b[K/home/mimi/mimi_ros2_ws/src/mimi_head/src/mimi_camera.cpp:249:25:\x1b[m\x1b[K \x1b[01;35m\x1b[Kwarning: \x1b[m\x1b[Kunused parameter \xe2\x80\x98\x1b[01m\x1b[Ksig\x1b[m\x1b[K\xe2\x80\x99 [\x1b[01;35m\x1b[K\x1b]8;;https://gcc.gnu.org/onlinedocs/gcc/Warning-Options.html#index-Wunused-parameter\x07-Wunused-parameter\x1b]8;;\x07\x1b[m\x1b[K]\n'}
[13.864889] (mimi_head) StderrLine: {'line': b'  249 | void sigint_handler(\x1b[01;35m\x1b[Kint sig\x1b[m\x1b[K)\n'}
[13.865290] (mimi_head) StderrLine: {'line': b'      |                     \x1b[01;35m\x1b[K~~~~^~~\x1b[m\x1b[K\n'}
[13.921202] (-) TimerEvent: {}
[14.022150] (-) TimerEvent: {}
[14.123230] (-) TimerEvent: {}
[14.224353] (-) TimerEvent: {}
[14.325570] (-) TimerEvent: {}
[14.426485] (-) TimerEvent: {}
[14.527379] (-) TimerEvent: {}
[14.628188] (-) TimerEvent: {}
[14.728960] (-) TimerEvent: {}
[14.829838] (-) TimerEvent: {}
[14.930676] (-) TimerEvent: {}
[15.031570] (-) TimerEvent: {}
[15.132439] (-) TimerEvent: {}
[15.233331] (-) TimerEvent: {}
[15.334306] (-) TimerEvent: {}
[15.435149] (-) TimerEvent: {}
[15.536073] (-) TimerEvent: {}
[15.636996] (-) TimerEvent: {}
[15.737967] (-) TimerEvent: {}
[15.838822] (-) TimerEvent: {}
[15.939712] (-) TimerEvent: {}
[16.040570] (-) TimerEvent: {}
[16.141447] (-) TimerEvent: {}
[16.242435] (-) TimerEvent: {}
[16.343330] (-) TimerEvent: {}
[16.444133] (-) TimerEvent: {}
[16.544974] (-) TimerEvent: {}
[16.645831] (-) TimerEvent: {}
[16.746728] (-) TimerEvent: {}
[16.847879] (-) TimerEvent: {}
[16.948703] (-) TimerEvent: {}
[17.049535] (-) TimerEvent: {}
[17.150490] (-) TimerEvent: {}
[17.251384] (-) TimerEvent: {}
[17.352208] (-) TimerEvent: {}
[17.453070] (-) TimerEvent: {}
[17.553926] (-) TimerEvent: {}
[17.654792] (-) TimerEvent: {}
[17.755789] (-) TimerEvent: {}
[17.856634] (-) TimerEvent: {}
[17.957496] (-) TimerEvent: {}
[18.058379] (-) TimerEvent: {}
[18.159296] (-) TimerEvent: {}
[18.260113] (-) TimerEvent: {}
[18.360978] (-) TimerEvent: {}
[18.462093] (-) TimerEvent: {}
[18.562956] (-) TimerEvent: {}
[18.663864] (-) TimerEvent: {}
[18.764708] (-) TimerEvent: {}
[18.865617] (-) TimerEvent: {}
[18.966704] (-) TimerEvent: {}
[19.067896] (-) TimerEvent: {}
[19.168782] (-) TimerEvent: {}
[19.269635] (-) TimerEvent: {}
[19.370536] (-) TimerEvent: {}
[19.471654] (-) TimerEvent: {}
[19.572540] (-) TimerEvent: {}
[19.673366] (-) TimerEvent: {}
[19.774394] (-) TimerEvent: {}
[19.876071] (-) TimerEvent: {}
[19.976901] (-) TimerEvent: {}
[20.077716] (-) TimerEvent: {}
[20.178552] (-) TimerEvent: {}
[20.279404] (-) TimerEvent: {}
[20.380221] (-) TimerEvent: {}
[20.481051] (-) TimerEvent: {}
[20.581970] (-) TimerEvent: {}
[20.682794] (-) TimerEvent: {}
[20.783720] (-) TimerEvent: {}
[20.884512] (-) TimerEvent: {}
[20.985344] (-) TimerEvent: {}
[21.086183] (-) TimerEvent: {}
[21.187102] (-) TimerEvent: {}
[21.287944] (-) TimerEvent: {}
[21.388753] (-) TimerEvent: {}
[21.489639] (-) TimerEvent: {}
[21.590459] (-) TimerEvent: {}
[21.691290] (-) TimerEvent: {}
[21.792093] (-) TimerEvent: {}
[21.892914] (-) TimerEvent: {}
[21.993839] (-) TimerEvent: {}
[22.094646] (-) TimerEvent: {}
[22.195540] (-) TimerEvent: {}
[22.296383] (-) TimerEvent: {}
[22.397248] (-) TimerEvent: {}
[22.498082] (-) TimerEvent: {}
[22.598995] (-) TimerEvent: {}
[22.699868] (-) TimerEvent: {}
[22.800695] (-) TimerEvent: {}
[22.901557] (-) TimerEvent: {}
[23.002386] (-) TimerEvent: {}
[23.103243] (-) TimerEvent: {}
[23.204435] (-) TimerEvent: {}
[23.305323] (-) TimerEvent: {}
[23.406258] (-) TimerEvent: {}
[23.508891] (-) TimerEvent: {}
[23.609733] (-) TimerEvent: {}
[23.710554] (-) TimerEvent: {}
[23.811419] (-) TimerEvent: {}
[23.912168] (-) TimerEvent: {}
[24.013038] (-) TimerEvent: {}
[24.114281] (-) TimerEvent: {}
[24.215355] (-) TimerEvent: {}
[24.316175] (-) TimerEvent: {}
[24.339622] (mimi_head) StdoutLine: {'line': b'[100%] \x1b[32m\x1b[1mLinking CXX executable mimi_camera\x1b[0m\n'}
[24.416389] (-) TimerEvent: {}
[24.517427] (-) TimerEvent: {}
[24.618523] (-) TimerEvent: {}
[24.719610] (-) TimerEvent: {}
[24.820751] (-) TimerEvent: {}
[24.923418] (-) TimerEvent: {}
[25.025379] (-) TimerEvent: {}
[25.126629] (-) TimerEvent: {}
[25.228119] (-) TimerEvent: {}
[25.329382] (-) TimerEvent: {}
[25.430537] (-) TimerEvent: {}
[25.531501] (-) TimerEvent: {}
[25.632511] (-) TimerEvent: {}
[25.733474] (-) TimerEvent: {}
[25.834416] (-) TimerEvent: {}
[25.935381] (-) TimerEvent: {}
[26.036259] (-) TimerEvent: {}
[26.137279] (-) TimerEvent: {}
[26.238317] (-) TimerEvent: {}
[26.339374] (-) TimerEvent: {}
[26.440477] (-) TimerEvent: {}
[26.541427] (-) TimerEvent: {}
[26.642323] (-) TimerEvent: {}
[26.743414] (-) TimerEvent: {}
[26.844375] (-) TimerEvent: {}
[26.945372] (-) TimerEvent: {}
[27.046375] (-) TimerEvent: {}
[27.147396] (-) TimerEvent: {}
[27.248191] (-) TimerEvent: {}
[27.348934] (-) TimerEvent: {}
[27.449815] (-) TimerEvent: {}
[27.550695] (-) TimerEvent: {}
[27.651619] (-) TimerEvent: {}
[27.752566] (-) TimerEvent: {}
[27.853446] (-) TimerEvent: {}
[27.954343] (-) TimerEvent: {}
[28.055188] (-) TimerEvent: {}
[28.124838] (mimi_head) StdoutLine: {'line': b'[100%] Built target mimi_camera\n'}
[28.155437] (-) TimerEvent: {}
[28.163871] (mimi_head) CommandEnded: {'returncode': 0}
[28.255592] (-) TimerEvent: {}
[28.299364] (mimi_head) JobProgress: {'identifier': 'mimi_head', 'progress': 'install'}
[28.335917] (mimi_head) Command: {'cmd': ['/usr/bin/cmake', '--install', '/home/mimi/mimi_ros2_ws/build/mimi_head'], 'cwd': '/home/mimi/mimi_ros2_ws/build/mimi_head', 'env': OrderedDict([('LESSOPEN', '| /usr/bin/lesspipe %s'), ('USER', 'mimi'), ('SSH_CLIENT', '192.168.1.102 61438 22'), ('LC_TIME', 'th_TH.UTF-8'), ('XDG_SESSION_TYPE', 'tty'), ('GIT_ASKPASS', '/home/mimi/.vscode-server/bin/6a995c4f4cc2ced6e3237749973982e751cb0bf9/extensions/git/dist/askpass.sh'), ('SHLVL', '0'), ('LD_LIBRARY_PATH', '/opt/ros/humble/opt/rviz_ogre_vendor/lib:/opt/ros/humble/lib/aarch64-linux-gnu:/opt/ros/humble/lib'), ('BROWSER', '/home/mimi/.vscode-server/bin/6a995c4f4cc2ced6e3237749973982e751cb0bf9/bin/helpers/browser.sh'), ('MOTD_SHOWN', 'pam'), ('HOME', '/home/mimi'), ('TERM_PROGRAM_VERSION', '1.78.1'), ('VSCODE_IPC_HOOK_CLI', '/run/user/1000/vscode-ipc-abf40216-cab4-49e3-bf01-3c98bb83e1ef.sock'), ('ROS_PYTHON_VERSION', '3'), ('VSCODE_GIT_ASKPASS_MAIN', '/home/mimi/.vscode-server/bin/6a995c4f4cc2ced6e3237749973982e751cb0bf9/extensions/git/dist/askpass-main.js'), ('LC_MONETARY', 'th_TH.UTF-8'), ('VSCODE_GIT_ASKPASS_NODE', '/home/mimi/.vscode-server/bin/6a995c4f4cc2ced6e3237749973982e751cb0bf9/node'), ('DBUS_SESSION_BUS_ADDRESS', 'unix:path=/run/user/1000/bus'), ('COLORTERM', 'truecolor'), ('ROS_DISTRO', 'humble'), ('LOGNAME', 'mimi'), ('_', '/usr/bin/colcon'), ('ROS_VERSION', '2'), ('XDG_SESSION_CLASS', 'user'), ('TERM', 'xterm-256color'), ('XDG_SESSION_ID', '4'), ('ROS_LOCALHOST_ONLY', '0'), ('PATH', '/home/mimi/.vscode-server/bin/6a995c4f4cc2ced6e3237749973982e751cb0bf9/bin/remote-cli:/home/mimi/.local/bin:/opt/ros/humble/bin:/usr/local/sbin:/usr/local/bin:/usr/sbin:/usr/bin:/sbin:/bin:/usr/games:/usr/local/games:/snap/bin'), ('LC_ADDRESS', 'th_TH.UTF-8'), ('XDG_RUNTIME_DIR', '/run/user/1000'), ('LANG', 'en_US.UTF-8'), ('LC_TELEPHONE', 'th_TH.UTF-8'), ('LS_COLORS', ''), ('VSCODE_GIT_IPC_HANDLE', '/run/user/1000/vscode-git-bb3d78543e.sock'), ('TERM_PROGRAM', 'vscode'), ('AMENT_PREFIX_PATH', '/opt/ros/humble'), ('SHELL', '/bin/bash'), ('LC_NAME', 'th_TH.UTF-8'), ('LESSCLOSE', '/usr/bin/lesspipe %s %s'), ('LC_MEASUREMENT', 'th_TH.UTF-8'), ('LC_IDENTIFICATION', 'th_TH.UTF-8'), ('VSCODE_GIT_ASKPASS_EXTRA_ARGS', ''), ('PWD', '/home/mimi/mimi_ros2_ws/build/mimi_head'), ('SSH_CONNECTION', '192.168.1.102 61438 192.168.1.100 22'), ('XDG_DATA_DIRS', '/usr/share/gnome:/usr/local/share:/usr/share:/var/lib/snapd/desktop'), ('PYTHONPATH', '/opt/ros/humble/lib/python3.10/site-packages:/opt/ros/humble/local/lib/python3.10/dist-packages'), ('LC_NUMERIC', 'th_TH.UTF-8'), ('LC_PAPER', 'th_TH.UTF-8'), ('COLCON', '1'), ('CMAKE_PREFIX_PATH', '/opt/ros/humble')]), 'shell': False}
[28.355863] (-) TimerEvent: {}
[28.371524] (mimi_head) StdoutLine: {'line': b'-- Install configuration: ""\n'}
[28.379908] (mimi_head) StdoutLine: {'line': b'-- Execute custom install script\n'}
[28.383003] (mimi_head) StdoutLine: {'line': b'-- Up-to-date symlink: /home/mimi/mimi_ros2_ws/install/mimi_head/lib/mimi_head/mimi_camera\n'}
[28.384501] (mimi_head) StdoutLine: {'line': b'-- Up-to-date symlink: /home/mimi/mimi_ros2_ws/install/mimi_head/lib/mimi_head/mimi_monitor\n'}
[28.387632] (mimi_head) StdoutLine: {'line': b'-- Up-to-date symlink: /home/mimi/mimi_ros2_ws/install/mimi_head/share/ament_index/resource_index/package_run_dependencies/mimi_head\n'}
[28.390166] (mimi_head) StdoutLine: {'line': b'-- Up-to-date symlink: /home/mimi/mimi_ros2_ws/install/mimi_head/share/ament_index/resource_index/parent_prefix_path/mimi_head\n'}
[28.392527] (mimi_head) StdoutLine: {'line': b'-- Up-to-date symlink: /home/mimi/mimi_ros2_ws/install/mimi_head/share/mimi_head/environment/ament_prefix_path.sh\n'}
[28.394115] (mimi_head) StdoutLine: {'line': b'-- Up-to-date symlink: /home/mimi/mimi_ros2_ws/install/mimi_head/share/mimi_head/environment/ament_prefix_path.dsv\n'}
[28.395859] (mimi_head) StdoutLine: {'line': b'-- Up-to-date symlink: /home/mimi/mimi_ros2_ws/install/mimi_head/share/mimi_head/environment/path.sh\n'}
[28.397414] (mimi_head) StdoutLine: {'line': b'-- Up-to-date symlink: /home/mimi/mimi_ros2_ws/install/mimi_head/share/mimi_head/environment/path.dsv\n'}
[28.398892] (mimi_head) StdoutLine: {'line': b'-- Up-to-date symlink: /home/mimi/mimi_ros2_ws/install/mimi_head/share/mimi_head/local_setup.bash\n'}
[28.400455] (mimi_head) StdoutLine: {'line': b'-- Up-to-date symlink: /home/mimi/mimi_ros2_ws/install/mimi_head/share/mimi_head/local_setup.sh\n'}
[28.401931] (mimi_head) StdoutLine: {'line': b'-- Up-to-date symlink: /home/mimi/mimi_ros2_ws/install/mimi_head/share/mimi_head/local_setup.zsh\n'}
[28.403555] (mimi_head) StdoutLine: {'line': b'-- Up-to-date symlink: /home/mimi/mimi_ros2_ws/install/mimi_head/share/mimi_head/local_setup.dsv\n'}
[28.404710] (mimi_head) StdoutLine: {'line': b'-- Symlinking: /home/mimi/mimi_ros2_ws/install/mimi_head/share/mimi_head/package.dsv\n'}
[28.440375] (mimi_head) StdoutLine: {'line': b'-- Up-to-date symlink: /home/mimi/mimi_ros2_ws/install/mimi_head/share/ament_index/resource_index/packages/mimi_head\n'}
[28.441759] (mimi_head) StdoutLine: {'line': b'-- Up-to-date symlink: /home/mimi/mimi_ros2_ws/install/mimi_head/share/mimi_head/cmake/mimi_headConfig.cmake\n'}
[28.442998] (mimi_head) StdoutLine: {'line': b'-- Up-to-date symlink: /home/mimi/mimi_ros2_ws/install/mimi_head/share/mimi_head/cmake/mimi_headConfig-version.cmake\n'}
[28.444198] (mimi_head) StdoutLine: {'line': b'-- Up-to-date symlink: /home/mimi/mimi_ros2_ws/install/mimi_head/share/mimi_head/package.xml\n'}
[28.450894] (mimi_head) CommandEnded: {'returncode': 0}
[28.455950] (-) TimerEvent: {}
[28.556789] (-) TimerEvent: {}
[28.658060] (-) TimerEvent: {}
[28.759775] (-) TimerEvent: {}
[28.812915] (mimi_head) JobEnded: {'identifier': 'mimi_head', 'rc': 0}
[28.816767] (-) EventReactorShutdown: {}
