[0.066s] Invoking command in '/home/mimi/mimi_ros2_ws/build/mimi_head': CMAKE_PREFIX_PATH=/opt/ros/humble /usr/bin/cmake --build /home/mimi/mimi_ros2_ws/build/mimi_head -- -j4 -l4
[0.370s] [ 14%] Built target mimi_head__rosidl_generator_c
[0.373s] [ 14%] Built target mimi_monitor
[0.381s] [ 17%] Built target mimi_head__cpp
[0.386s] [ 20%] [32mBuilding CXX object CMakeFiles/mimi_camera.dir/src/mimi_camera.cpp.o[0m
[0.571s] [ 28%] Built target mimi_head__rosidl_typesupport_introspection_c
[0.623s] [ 31%] Built target ament_cmake_python_symlink_mimi_head
[0.633s] [ 37%] Built target mimi_head__rosidl_typesupport_fastrtps_c
[0.671s] [ 45%] Built target mimi_head__rosidl_typesupport_c
[0.778s] [ 54%] Built target mimi_head__rosidl_typesupport_introspection_cpp
[0.805s] [ 62%] Built target mimi_head__rosidl_typesupport_cpp
[0.827s] [ 71%] Built target mimi_head__rosidl_typesupport_fastrtps_cpp
[0.916s] [ 71%] Built target mimi_head
[1.023s] [ 74%] Built target mimi_head__py
[1.173s] [ 80%] Built target mimi_head__rosidl_generator_py
[1.362s] [ 85%] Built target mimi_head__rosidl_typesupport_introspection_c__pyext
[1.400s] [ 91%] Built target mimi_head__rosidl_typesupport_fastrtps_c__pyext
[1.494s] [ 97%] Built target mimi_head__rosidl_typesupport_c__pyext
[2.435s] running egg_info
[2.439s] writing mimi_head.egg-info/PKG-INFO
[2.442s] writing dependency_links to mimi_head.egg-info/dependency_links.txt
[2.446s] writing top-level names to mimi_head.egg-info/top_level.txt
[2.456s] reading manifest file 'mimi_head.egg-info/SOURCES.txt'
[2.460s] writing manifest file 'mimi_head.egg-info/SOURCES.txt'
[2.619s] [ 97%] Built target ament_cmake_python_build_mimi_head_egg
[2.791s] [01m[K/home/mimi/mimi_ros2_ws/src/mimi_head/src/mimi_camera.cpp:10:10:[m[K [01;31m[Kfatal error: [m[Kmimi_head/msg/angle.hpp: No such file or directory
[2.792s]    10 | #include [01;31m[K"mimi_head/msg/angle.hpp"[m[K
[2.792s]       |          [01;31m[K^~~~~~~~~~~~~~~~~~~~~~~~~[m[K
[2.792s] compilation terminated.
[2.810s] gmake[2]: *** [CMakeFiles/mimi_camera.dir/build.make:76: CMakeFiles/mimi_camera.dir/src/mimi_camera.cpp.o] Error 1
[2.810s] gmake[1]: *** [CMakeFiles/Makefile2:184: CMakeFiles/mimi_camera.dir/all] Error 2
[2.812s] gmake: *** [Makefile:146: all] Error 2
[2.820s] Invoked command in '/home/mimi/mimi_ros2_ws/build/mimi_head' returned '2': CMAKE_PREFIX_PATH=/opt/ros/humble /usr/bin/cmake --build /home/mimi/mimi_ros2_ws/build/mimi_head -- -j4 -l4
