[0.085s] Invoking command in '/home/mimi/mimi_ros2_ws/build/mimi_head': CMAKE_PREFIX_PATH=/opt/ros/humble /usr/bin/cmake --build /home/mimi/mimi_ros2_ws/build/mimi_head -- -j4 -l4
[0.393s] [  2%] Built target mimi_head__cpp
[0.530s] [  8%] Built target mimi_monitor
[0.649s] [ 16%] Built target mimi_head__rosidl_typesupport_cpp
[0.785s] [ 24%] Built target mimi_head__rosidl_typesupport_fastrtps_cpp
[0.890s] [ 32%] Built target mimi_head__rosidl_typesupport_introspection_cpp
[1.024s] [ 37%] Built target mimi_camera
[1.114s] [35m[1mConsolidate compiler generated dependencies of target mimi_head_movement[0m
[1.227s] [ 40%] [32mBuilding CXX object CMakeFiles/mimi_head_movement.dir/src/mimi_head_movement.cpp.o[0m
[13.148s] [01m[K/home/mimi/mimi_ros2_ws/src/mimi_head/src/mimi_head_movement.cpp:[m[K In member function ‘[01m[Kvoid MimiHeadMovementNode::servo_control(const Angle&)[m[K’:
[13.148s] [01m[K/home/mimi/mimi_ros2_ws/src/mimi_head/src/mimi_head_movement.cpp:73:17:[m[K [01;35m[Kwarning: [m[Kunused variable ‘[01m[KpulseWidth_x[m[K’ [[01;35m[K]8;;https://gcc.gnu.org/onlinedocs/gcc/Warning-Options.html#index-Wunused-variable-Wunused-variable]8;;[m[K]
[13.149s]    73 |             int [01;35m[KpulseWidth_x[m[K = 500 + angle_x * 2000 / 180;  // Convert angle to pulse width
[13.149s]       |                 [01;35m[K^~~~~~~~~~~~[m[K
[13.150s] [01m[K/home/mimi/mimi_ros2_ws/src/mimi_head/src/mimi_head_movement.cpp:74:17:[m[K [01;35m[Kwarning: [m[Kunused variable ‘[01m[KpulseWidth_z[m[K’ [[01;35m[K]8;;https://gcc.gnu.org/onlinedocs/gcc/Warning-Options.html#index-Wunused-variable-Wunused-variable]8;;[m[K]
[13.151s]    74 |             int [01;35m[KpulseWidth_z[m[K = 500 + angle_z * 2000 / 180;  // Convert angle to pulse width
[13.151s]       |                 [01;35m[K^~~~~~~~~~~~[m[K
[38.806s] [ 43%] [32m[1mLinking CXX executable mimi_head_movement[0m
[41.410s] [ 43%] Built target mimi_head_movement
[41.548s] [ 43%] Built target ament_cmake_python_symlink_mimi_head
[41.654s] [ 51%] Built target mimi_head__rosidl_generator_c
[43.997s] running egg_info
[44.001s] writing mimi_head.egg-info/PKG-INFO
[44.002s] writing dependency_links to mimi_head.egg-info/dependency_links.txt
[44.003s] writing top-level names to mimi_head.egg-info/top_level.txt
[44.016s] reading manifest file 'mimi_head.egg-info/SOURCES.txt'
[44.020s] writing manifest file 'mimi_head.egg-info/SOURCES.txt'
[44.151s] [ 51%] Built target ament_cmake_python_build_mimi_head_egg
[44.256s] [ 59%] Built target mimi_head__rosidl_typesupport_c
[44.348s] [ 67%] Built target mimi_head__rosidl_typesupport_introspection_c
[44.464s] [ 75%] Built target mimi_head__rosidl_typesupport_fastrtps_c
[44.558s] [ 75%] Built target mimi_head
[44.658s] [ 78%] Built target mimi_head__py
[44.792s] [ 83%] Built target mimi_head__rosidl_generator_py
[44.933s] [ 89%] Built target mimi_head__rosidl_typesupport_fastrtps_c__pyext
[45.044s] [ 94%] Built target mimi_head__rosidl_typesupport_c__pyext
[45.154s] [100%] Built target mimi_head__rosidl_typesupport_introspection_c__pyext
[45.219s] Invoked command in '/home/mimi/mimi_ros2_ws/build/mimi_head' returned '0': CMAKE_PREFIX_PATH=/opt/ros/humble /usr/bin/cmake --build /home/mimi/mimi_ros2_ws/build/mimi_head -- -j4 -l4
[45.639s] Invoking command in '/home/mimi/mimi_ros2_ws/build/mimi_head': CMAKE_PREFIX_PATH=/opt/ros/humble /usr/bin/cmake --install /home/mimi/mimi_ros2_ws/build/mimi_head
[45.671s] -- Install configuration: ""
[45.674s] -- Execute custom install script
[45.676s] -- Up-to-date symlink: /home/mimi/mimi_ros2_ws/install/mimi_head/share/ament_index/resource_index/rosidl_interfaces/mimi_head
[45.680s] -- Up-to-date symlink: /home/mimi/mimi_ros2_ws/install/mimi_head/include/mimi_head/mimi_head/msg/angle.h
[45.681s] -- Up-to-date symlink: /home/mimi/mimi_ros2_ws/install/mimi_head/include/mimi_head/mimi_head/msg/detail/angle__functions.h
[45.681s] -- Up-to-date symlink: /home/mimi/mimi_ros2_ws/install/mimi_head/include/mimi_head/mimi_head/msg/detail/angle__struct.h
[45.682s] -- Up-to-date symlink: /home/mimi/mimi_ros2_ws/install/mimi_head/include/mimi_head/mimi_head/msg/detail/angle__type_support.h
[45.683s] -- Up-to-date symlink: /home/mimi/mimi_ros2_ws/install/mimi_head/include/mimi_head/mimi_head/msg/rosidl_generator_c__visibility_control.h
[45.684s] -- Up-to-date symlink: /home/mimi/mimi_ros2_ws/install/mimi_head/share/mimi_head/environment/library_path.sh
[45.685s] -- Up-to-date symlink: /home/mimi/mimi_ros2_ws/install/mimi_head/share/mimi_head/environment/library_path.dsv
[45.688s] -- Up-to-date symlink: /home/mimi/mimi_ros2_ws/install/mimi_head/include/mimi_head/mimi_head/msg/detail/angle__rosidl_typesupport_fastrtps_c.h
[45.689s] -- Up-to-date symlink: /home/mimi/mimi_ros2_ws/install/mimi_head/include/mimi_head/mimi_head/msg/rosidl_typesupport_fastrtps_c__visibility_control.h
[45.691s] -- Up-to-date symlink: /home/mimi/mimi_ros2_ws/install/mimi_head/include/mimi_head/mimi_head/msg/angle.hpp
[45.692s] -- Up-to-date symlink: /home/mimi/mimi_ros2_ws/install/mimi_head/include/mimi_head/mimi_head/msg/detail/angle__builder.hpp
[45.692s] -- Up-to-date symlink: /home/mimi/mimi_ros2_ws/install/mimi_head/include/mimi_head/mimi_head/msg/detail/angle__struct.hpp
[45.693s] -- Up-to-date symlink: /home/mimi/mimi_ros2_ws/install/mimi_head/include/mimi_head/mimi_head/msg/detail/angle__traits.hpp
[45.696s] -- Up-to-date symlink: /home/mimi/mimi_ros2_ws/install/mimi_head/include/mimi_head/mimi_head/msg/detail/angle__rosidl_typesupport_fastrtps_cpp.hpp
[45.698s] -- Up-to-date symlink: /home/mimi/mimi_ros2_ws/install/mimi_head/include/mimi_head/mimi_head/msg/rosidl_typesupport_fastrtps_cpp__visibility_control.h
[45.700s] -- Up-to-date symlink: /home/mimi/mimi_ros2_ws/install/mimi_head/include/mimi_head/mimi_head/msg/detail/angle__rosidl_typesupport_introspection_c.h
[45.700s] -- Up-to-date symlink: /home/mimi/mimi_ros2_ws/install/mimi_head/include/mimi_head/mimi_head/msg/rosidl_typesupport_introspection_c__visibility_control.h
[45.703s] -- Up-to-date symlink: /home/mimi/mimi_ros2_ws/install/mimi_head/include/mimi_head/mimi_head/msg/detail/angle__rosidl_typesupport_introspection_cpp.hpp
[45.704s] -- Up-to-date symlink: /home/mimi/mimi_ros2_ws/install/mimi_head/share/mimi_head/environment/pythonpath.sh
[45.705s] -- Up-to-date symlink: /home/mimi/mimi_ros2_ws/install/mimi_head/share/mimi_head/environment/pythonpath.dsv
[45.707s] -- Up-to-date symlink: /home/mimi/mimi_ros2_ws/install/mimi_head/local/lib/python3.10/dist-packages/mimi_head-0.0.0-py3.10.egg-info/PKG-INFO
[45.709s] -- Up-to-date symlink: /home/mimi/mimi_ros2_ws/install/mimi_head/local/lib/python3.10/dist-packages/mimi_head-0.0.0-py3.10.egg-info/SOURCES.txt
[45.709s] -- Up-to-date symlink: /home/mimi/mimi_ros2_ws/install/mimi_head/local/lib/python3.10/dist-packages/mimi_head-0.0.0-py3.10.egg-info/dependency_links.txt
[45.712s] -- Up-to-date symlink: /home/mimi/mimi_ros2_ws/install/mimi_head/local/lib/python3.10/dist-packages/mimi_head-0.0.0-py3.10.egg-info/top_level.txt
[45.718s] -- Up-to-date symlink: /home/mimi/mimi_ros2_ws/install/mimi_head/local/lib/python3.10/dist-packages/mimi_head/__init__.py
[45.720s] -- Up-to-date symlink: /home/mimi/mimi_ros2_ws/install/mimi_head/local/lib/python3.10/dist-packages/mimi_head/_mimi_head_s.ep.rosidl_typesupport_c.c
[45.722s] -- Up-to-date symlink: /home/mimi/mimi_ros2_ws/install/mimi_head/local/lib/python3.10/dist-packages/mimi_head/_mimi_head_s.ep.rosidl_typesupport_fastrtps_c.c
[45.724s] -- Up-to-date symlink: /home/mimi/mimi_ros2_ws/install/mimi_head/local/lib/python3.10/dist-packages/mimi_head/_mimi_head_s.ep.rosidl_typesupport_introspection_c.c
[45.727s] -- Up-to-date symlink: /home/mimi/mimi_ros2_ws/install/mimi_head/local/lib/python3.10/dist-packages/mimi_head/libmimi_head__rosidl_generator_py.so
[45.729s] -- Up-to-date symlink: /home/mimi/mimi_ros2_ws/install/mimi_head/local/lib/python3.10/dist-packages/mimi_head/mimi_head_s__rosidl_typesupport_c.cpython-310-aarch64-linux-gnu.so
[45.731s] -- Up-to-date symlink: /home/mimi/mimi_ros2_ws/install/mimi_head/local/lib/python3.10/dist-packages/mimi_head/mimi_head_s__rosidl_typesupport_fastrtps_c.cpython-310-aarch64-linux-gnu.so
[45.733s] -- Up-to-date symlink: /home/mimi/mimi_ros2_ws/install/mimi_head/local/lib/python3.10/dist-packages/mimi_head/mimi_head_s__rosidl_typesupport_introspection_c.cpython-310-aarch64-linux-gnu.so
[45.735s] -- Up-to-date symlink: /home/mimi/mimi_ros2_ws/install/mimi_head/local/lib/python3.10/dist-packages/mimi_head/msg/__init__.py
[45.738s] -- Up-to-date symlink: /home/mimi/mimi_ros2_ws/install/mimi_head/local/lib/python3.10/dist-packages/mimi_head/msg/_angle.py
[45.740s] -- Up-to-date symlink: /home/mimi/mimi_ros2_ws/install/mimi_head/local/lib/python3.10/dist-packages/mimi_head/msg/_angle_s.c
[45.743s] -- Up-to-date symlink: /home/mimi/mimi_ros2_ws/install/mimi_head/local/lib/python3.10/dist-packages/mimi_head/mimi_head_s__rosidl_typesupport_fastrtps_c.cpython-310-aarch64-linux-gnu.so
[45.746s] -- Up-to-date symlink: /home/mimi/mimi_ros2_ws/install/mimi_head/local/lib/python3.10/dist-packages/mimi_head/mimi_head_s__rosidl_typesupport_introspection_c.cpython-310-aarch64-linux-gnu.so
[45.749s] -- Up-to-date symlink: /home/mimi/mimi_ros2_ws/install/mimi_head/local/lib/python3.10/dist-packages/mimi_head/mimi_head_s__rosidl_typesupport_c.cpython-310-aarch64-linux-gnu.so
[45.751s] -- Up-to-date symlink: /home/mimi/mimi_ros2_ws/install/mimi_head/share/mimi_head/msg/Angle.idl
[45.753s] -- Up-to-date symlink: /home/mimi/mimi_ros2_ws/install/mimi_head/share/mimi_head/msg/Angle.msg
[45.756s] -- Up-to-date symlink: /home/mimi/mimi_ros2_ws/install/mimi_head/lib/mimi_head/mimi_camera
[45.758s] -- Up-to-date symlink: /home/mimi/mimi_ros2_ws/install/mimi_head/lib/mimi_head/mimi_monitor
[45.760s] -- Up-to-date symlink: /home/mimi/mimi_ros2_ws/install/mimi_head/lib/mimi_head/mimi_head_movement
[45.763s] -- Up-to-date symlink: /home/mimi/mimi_ros2_ws/install/mimi_head/share/mimi_head//launch/main.launch.py
[45.766s] -- Up-to-date symlink: /home/mimi/mimi_ros2_ws/install/mimi_head/share/ament_index/resource_index/package_run_dependencies/mimi_head
[45.768s] -- Up-to-date symlink: /home/mimi/mimi_ros2_ws/install/mimi_head/share/ament_index/resource_index/parent_prefix_path/mimi_head
[45.771s] -- Up-to-date symlink: /home/mimi/mimi_ros2_ws/install/mimi_head/share/mimi_head/environment/ament_prefix_path.sh
[45.773s] -- Up-to-date symlink: /home/mimi/mimi_ros2_ws/install/mimi_head/share/mimi_head/environment/ament_prefix_path.dsv
[45.776s] -- Up-to-date symlink: /home/mimi/mimi_ros2_ws/install/mimi_head/share/mimi_head/environment/path.sh
[45.782s] -- Up-to-date symlink: /home/mimi/mimi_ros2_ws/install/mimi_head/share/mimi_head/environment/path.dsv
[45.783s] -- Up-to-date symlink: /home/mimi/mimi_ros2_ws/install/mimi_head/share/mimi_head/local_setup.bash
[45.784s] -- Up-to-date symlink: /home/mimi/mimi_ros2_ws/install/mimi_head/share/mimi_head/local_setup.sh
[45.784s] -- Up-to-date symlink: /home/mimi/mimi_ros2_ws/install/mimi_head/share/mimi_head/local_setup.zsh
[45.786s] -- Up-to-date symlink: /home/mimi/mimi_ros2_ws/install/mimi_head/share/mimi_head/local_setup.dsv
[45.788s] -- Symlinking: /home/mimi/mimi_ros2_ws/install/mimi_head/share/mimi_head/package.dsv
[45.830s] -- Up-to-date symlink: /home/mimi/mimi_ros2_ws/install/mimi_head/share/ament_index/resource_index/packages/mimi_head
[45.832s] -- Up-to-date symlink: /home/mimi/mimi_ros2_ws/install/mimi_head/share/mimi_head/cmake/rosidl_cmake-extras.cmake
[45.834s] -- Up-to-date symlink: /home/mimi/mimi_ros2_ws/install/mimi_head/share/mimi_head/cmake/ament_cmake_export_include_directories-extras.cmake
[45.837s] -- Up-to-date symlink: /home/mimi/mimi_ros2_ws/install/mimi_head/share/mimi_head/cmake/ament_cmake_export_libraries-extras.cmake
[45.840s] -- Up-to-date symlink: /home/mimi/mimi_ros2_ws/install/mimi_head/share/mimi_head/cmake/ament_cmake_export_targets-extras.cmake
[45.842s] -- Up-to-date symlink: /home/mimi/mimi_ros2_ws/install/mimi_head/share/mimi_head/cmake/rosidl_cmake_export_typesupport_targets-extras.cmake
[45.849s] -- Up-to-date symlink: /home/mimi/mimi_ros2_ws/install/mimi_head/share/mimi_head/cmake/ament_cmake_export_dependencies-extras.cmake
[45.851s] -- Up-to-date symlink: /home/mimi/mimi_ros2_ws/install/mimi_head/share/mimi_head/cmake/rosidl_cmake_export_typesupport_libraries-extras.cmake
[45.852s] -- Up-to-date symlink: /home/mimi/mimi_ros2_ws/install/mimi_head/share/mimi_head/cmake/mimi_headConfig.cmake
[45.856s] -- Up-to-date symlink: /home/mimi/mimi_ros2_ws/install/mimi_head/share/mimi_head/cmake/mimi_headConfig-version.cmake
[45.857s] -- Up-to-date symlink: /home/mimi/mimi_ros2_ws/install/mimi_head/share/mimi_head/package.xml
[45.862s] -- Up-to-date: /home/mimi/mimi_ros2_ws/install/mimi_head/lib/libmimi_head__rosidl_generator_c.so
[45.866s] -- Up-to-date: /home/mimi/mimi_ros2_ws/install/mimi_head/lib/libmimi_head__rosidl_typesupport_fastrtps_c.so
[45.868s] -- Up-to-date: /home/mimi/mimi_ros2_ws/install/mimi_head/lib/libmimi_head__rosidl_typesupport_fastrtps_cpp.so
[45.869s] -- Up-to-date: /home/mimi/mimi_ros2_ws/install/mimi_head/lib/libmimi_head__rosidl_typesupport_introspection_c.so
[45.879s] -- Up-to-date: /home/mimi/mimi_ros2_ws/install/mimi_head/lib/libmimi_head__rosidl_typesupport_c.so
[45.881s] -- Up-to-date: /home/mimi/mimi_ros2_ws/install/mimi_head/lib/libmimi_head__rosidl_typesupport_introspection_cpp.so
[45.881s] -- Up-to-date: /home/mimi/mimi_ros2_ws/install/mimi_head/lib/libmimi_head__rosidl_typesupport_cpp.so
[46.079s] Listing '/home/mimi/mimi_ros2_ws/install/mimi_head/local/lib/python3.10/dist-packages/mimi_head'...
[46.082s] Listing '/home/mimi/mimi_ros2_ws/install/mimi_head/local/lib/python3.10/dist-packages/mimi_head/msg'...
[46.118s] -- Up-to-date: /home/mimi/mimi_ros2_ws/install/mimi_head/lib/libmimi_head__rosidl_generator_py.so
[46.120s] -- Up-to-date: /home/mimi/mimi_ros2_ws/install/mimi_head/share/mimi_head/cmake/export_mimi_head__rosidl_generator_cExport.cmake
[46.123s] -- Up-to-date: /home/mimi/mimi_ros2_ws/install/mimi_head/share/mimi_head/cmake/export_mimi_head__rosidl_generator_cExport-noconfig.cmake
[46.125s] -- Up-to-date: /home/mimi/mimi_ros2_ws/install/mimi_head/share/mimi_head/cmake/export_mimi_head__rosidl_typesupport_fastrtps_cExport.cmake
[46.125s] -- Up-to-date: /home/mimi/mimi_ros2_ws/install/mimi_head/share/mimi_head/cmake/export_mimi_head__rosidl_typesupport_fastrtps_cExport-noconfig.cmake
[46.132s] -- Up-to-date: /home/mimi/mimi_ros2_ws/install/mimi_head/share/mimi_head/cmake/export_mimi_head__rosidl_generator_cppExport.cmake
[46.132s] -- Up-to-date: /home/mimi/mimi_ros2_ws/install/mimi_head/share/mimi_head/cmake/export_mimi_head__rosidl_typesupport_fastrtps_cppExport.cmake
[46.133s] -- Up-to-date: /home/mimi/mimi_ros2_ws/install/mimi_head/share/mimi_head/cmake/export_mimi_head__rosidl_typesupport_fastrtps_cppExport-noconfig.cmake
[46.133s] -- Up-to-date: /home/mimi/mimi_ros2_ws/install/mimi_head/share/mimi_head/cmake/mimi_head__rosidl_typesupport_introspection_cExport.cmake
[46.138s] -- Up-to-date: /home/mimi/mimi_ros2_ws/install/mimi_head/share/mimi_head/cmake/mimi_head__rosidl_typesupport_introspection_cExport-noconfig.cmake
[46.139s] -- Up-to-date: /home/mimi/mimi_ros2_ws/install/mimi_head/share/mimi_head/cmake/mimi_head__rosidl_typesupport_cExport.cmake
[46.139s] -- Up-to-date: /home/mimi/mimi_ros2_ws/install/mimi_head/share/mimi_head/cmake/mimi_head__rosidl_typesupport_cExport-noconfig.cmake
[46.140s] -- Up-to-date: /home/mimi/mimi_ros2_ws/install/mimi_head/share/mimi_head/cmake/mimi_head__rosidl_typesupport_introspection_cppExport.cmake
[46.140s] -- Up-to-date: /home/mimi/mimi_ros2_ws/install/mimi_head/share/mimi_head/cmake/mimi_head__rosidl_typesupport_introspection_cppExport-noconfig.cmake
[46.141s] -- Up-to-date: /home/mimi/mimi_ros2_ws/install/mimi_head/share/mimi_head/cmake/mimi_head__rosidl_typesupport_cppExport.cmake
[46.141s] -- Up-to-date: /home/mimi/mimi_ros2_ws/install/mimi_head/share/mimi_head/cmake/mimi_head__rosidl_typesupport_cppExport-noconfig.cmake
[46.142s] -- Up-to-date: /home/mimi/mimi_ros2_ws/install/mimi_head/share/mimi_head/cmake/export_mimi_head__rosidl_generator_pyExport.cmake
[46.142s] -- Up-to-date: /home/mimi/mimi_ros2_ws/install/mimi_head/share/mimi_head/cmake/export_mimi_head__rosidl_generator_pyExport-noconfig.cmake
[46.143s] Invoked command in '/home/mimi/mimi_ros2_ws/build/mimi_head' returned '0': CMAKE_PREFIX_PATH=/opt/ros/humble /usr/bin/cmake --install /home/mimi/mimi_ros2_ws/build/mimi_head
