[0.000000] (-) TimerEvent: {}
[0.001523] (mimi_head) JobQueued: {'identifier': 'mimi_head', 'dependencies': OrderedDict()}
[0.002966] (mimi_head) JobStarted: {'identifier': 'mimi_head'}
[0.053696] (mimi_head) JobProgress: {'identifier': 'mimi_head', 'progress': 'cmake'}
[0.058190] (mimi_head) JobProgress: {'identifier': 'mimi_head', 'progress': 'build'}
[0.061593] (mimi_head) Command: {'cmd': ['/usr/bin/cmake', '--build', '/home/mimi/mimi_ros2_ws/build/mimi_head', '--', '-j4', '-l4'], 'cwd': '/home/mimi/mimi_ros2_ws/build/mimi_head', 'env': OrderedDict([('LESSOPEN', '| /usr/bin/lesspipe %s'), ('USER', 'mimi'), ('SSH_CLIENT', '192.168.1.102 56426 22'), ('LC_TIME', 'th_TH.UTF-8'), ('XDG_SESSION_TYPE', 'tty'), ('GIT_ASKPASS', '/home/mimi/.vscode-server/bin/252e5463d60e63238250799aef7375787f68b4ee/extensions/git/dist/askpass.sh'), ('SHLVL', '0'), ('LD_LIBRARY_PATH', '/opt/ros/humble/opt/rviz_ogre_vendor/lib:/opt/ros/humble/lib/aarch64-linux-gnu:/opt/ros/humble/lib'), ('BROWSER', '/home/mimi/.vscode-server/bin/252e5463d60e63238250799aef7375787f68b4ee/bin/helpers/browser.sh'), ('MOTD_SHOWN', 'pam'), ('HOME', '/home/mimi'), ('TERM_PROGRAM_VERSION', '1.78.0'), ('VSCODE_IPC_HOOK_CLI', '/run/user/1000/vscode-ipc-14f4ee9b-89e5-4025-a16c-987f71552aa3.sock'), ('ROS_PYTHON_VERSION', '3'), ('VSCODE_GIT_ASKPASS_MAIN', '/home/mimi/.vscode-server/bin/252e5463d60e63238250799aef7375787f68b4ee/extensions/git/dist/askpass-main.js'), ('LC_MONETARY', 'th_TH.UTF-8'), ('VSCODE_GIT_ASKPASS_NODE', '/home/mimi/.vscode-server/bin/252e5463d60e63238250799aef7375787f68b4ee/node'), ('DBUS_SESSION_BUS_ADDRESS', 'unix:path=/run/user/1000/bus'), ('COLORTERM', 'truecolor'), ('ROS_DISTRO', 'humble'), ('LOGNAME', 'mimi'), ('_', '/usr/bin/colcon'), ('ROS_VERSION', '2'), ('XDG_SESSION_CLASS', 'user'), ('TERM', 'xterm-256color'), ('XDG_SESSION_ID', '10'), ('ROS_LOCALHOST_ONLY', '0'), ('PATH', '/home/mimi/.vscode-server/bin/252e5463d60e63238250799aef7375787f68b4ee/bin/remote-cli:/home/mimi/.local/bin:/opt/ros/humble/bin:/usr/local/sbin:/usr/local/bin:/usr/sbin:/usr/bin:/sbin:/bin:/usr/games:/usr/local/games:/snap/bin'), ('LC_ADDRESS', 'th_TH.UTF-8'), ('XDG_RUNTIME_DIR', '/run/user/1000'), ('LANG', 'en_US.UTF-8'), ('LC_TELEPHONE', 'th_TH.UTF-8'), ('LS_COLORS', ''), ('VSCODE_GIT_IPC_HANDLE', '/run/user/1000/vscode-git-bb3d78543e.sock'), ('TERM_PROGRAM', 'vscode'), ('AMENT_PREFIX_PATH', '/opt/ros/humble'), ('SHELL', '/bin/bash'), ('LC_NAME', 'th_TH.UTF-8'), ('LESSCLOSE', '/usr/bin/lesspipe %s %s'), ('LC_MEASUREMENT', 'th_TH.UTF-8'), ('LC_IDENTIFICATION', 'th_TH.UTF-8'), ('VSCODE_GIT_ASKPASS_EXTRA_ARGS', ''), ('PWD', '/home/mimi/mimi_ros2_ws/build/mimi_head'), ('SSH_CONNECTION', '192.168.1.102 56426 192.168.1.100 22'), ('XDG_DATA_DIRS', '/usr/share/gnome:/usr/local/share:/usr/share:/var/lib/snapd/desktop'), ('PYTHONPATH', '/opt/ros/humble/lib/python3.10/site-packages:/opt/ros/humble/local/lib/python3.10/dist-packages'), ('LC_NUMERIC', 'th_TH.UTF-8'), ('LC_PAPER', 'th_TH.UTF-8'), ('COLCON', '1'), ('CMAKE_PREFIX_PATH', '/opt/ros/humble')]), 'shell': False}
[0.099012] (-) TimerEvent: {}
[0.200488] (-) TimerEvent: {}
[0.301285] (-) TimerEvent: {}
[0.320703] (mimi_head) StdoutLine: {'line': b'[ 50%] \x1b[32mBuilding CXX object CMakeFiles/mimi_camera.dir/src/mimi_camera.cpp.o\x1b[0m\n'}
[0.401462] (-) TimerEvent: {}
[0.502298] (-) TimerEvent: {}
[0.603527] (-) TimerEvent: {}
[0.704753] (-) TimerEvent: {}
[0.805512] (-) TimerEvent: {}
[0.906292] (-) TimerEvent: {}
[1.007110] (-) TimerEvent: {}
[1.108032] (-) TimerEvent: {}
[1.208898] (-) TimerEvent: {}
[1.309646] (-) TimerEvent: {}
[1.410384] (-) TimerEvent: {}
[1.511224] (-) TimerEvent: {}
[1.612089] (-) TimerEvent: {}
[1.713003] (-) TimerEvent: {}
[1.813838] (-) TimerEvent: {}
[1.914600] (-) TimerEvent: {}
[2.015391] (-) TimerEvent: {}
[2.116191] (-) TimerEvent: {}
[2.217065] (-) TimerEvent: {}
[2.317826] (-) TimerEvent: {}
[2.418633] (-) TimerEvent: {}
[2.519470] (-) TimerEvent: {}
[2.620450] (-) TimerEvent: {}
[2.721621] (-) TimerEvent: {}
[2.822693] (-) TimerEvent: {}
[2.923587] (-) TimerEvent: {}
[3.024444] (-) TimerEvent: {}
[3.125368] (-) TimerEvent: {}
[3.226182] (-) TimerEvent: {}
[3.327251] (-) TimerEvent: {}
[3.428082] (-) TimerEvent: {}
[3.528985] (-) TimerEvent: {}
[3.629834] (-) TimerEvent: {}
[3.730674] (-) TimerEvent: {}
[3.831526] (-) TimerEvent: {}
[3.932408] (-) TimerEvent: {}
[4.033271] (-) TimerEvent: {}
[4.134179] (-) TimerEvent: {}
[4.235009] (-) TimerEvent: {}
[4.336030] (-) TimerEvent: {}
[4.437020] (-) TimerEvent: {}
[4.537905] (-) TimerEvent: {}
[4.638772] (-) TimerEvent: {}
[4.739610] (-) TimerEvent: {}
[4.840487] (-) TimerEvent: {}
[4.941396] (-) TimerEvent: {}
[5.042295] (-) TimerEvent: {}
[5.143138] (-) TimerEvent: {}
[5.243971] (-) TimerEvent: {}
[5.344886] (-) TimerEvent: {}
[5.445795] (-) TimerEvent: {}
[5.546641] (-) TimerEvent: {}
[5.647485] (-) TimerEvent: {}
[5.748316] (-) TimerEvent: {}
[5.849284] (-) TimerEvent: {}
[5.950535] (-) TimerEvent: {}
[6.051546] (-) TimerEvent: {}
[6.152833] (-) TimerEvent: {}
[6.253928] (-) TimerEvent: {}
[6.354890] (-) TimerEvent: {}
[6.455983] (-) TimerEvent: {}
[6.557051] (-) TimerEvent: {}
[6.658373] (-) TimerEvent: {}
[6.759510] (-) TimerEvent: {}
[6.860608] (-) TimerEvent: {}
[6.961451] (-) TimerEvent: {}
[7.062565] (-) TimerEvent: {}
[7.163596] (-) TimerEvent: {}
[7.264580] (-) TimerEvent: {}
[7.367036] (-) TimerEvent: {}
[7.468199] (-) TimerEvent: {}
[7.569090] (-) TimerEvent: {}
[7.670079] (-) TimerEvent: {}
[7.771185] (-) TimerEvent: {}
[7.872470] (-) TimerEvent: {}
[7.981109] (-) TimerEvent: {}
[8.082187] (-) TimerEvent: {}
[8.183132] (-) TimerEvent: {}
[8.284291] (-) TimerEvent: {}
[8.385659] (-) TimerEvent: {}
[8.486886] (-) TimerEvent: {}
[8.588048] (-) TimerEvent: {}
[8.689112] (-) TimerEvent: {}
[8.790142] (-) TimerEvent: {}
[8.891096] (-) TimerEvent: {}
[8.992243] (-) TimerEvent: {}
[9.093325] (-) TimerEvent: {}
[9.197721] (-) TimerEvent: {}
[9.298637] (-) TimerEvent: {}
[9.399596] (-) TimerEvent: {}
[9.500637] (-) TimerEvent: {}
[9.601770] (-) TimerEvent: {}
[9.702901] (-) TimerEvent: {}
[9.806037] (-) TimerEvent: {}
[9.908952] (-) TimerEvent: {}
[10.009947] (-) TimerEvent: {}
[10.111298] (-) TimerEvent: {}
[10.212940] (-) TimerEvent: {}
[10.313801] (-) TimerEvent: {}
[10.414876] (-) TimerEvent: {}
[10.515948] (-) TimerEvent: {}
[10.617012] (-) TimerEvent: {}
[10.718148] (-) TimerEvent: {}
[10.819189] (-) TimerEvent: {}
[10.920186] (-) TimerEvent: {}
[11.021262] (-) TimerEvent: {}
[11.122335] (-) TimerEvent: {}
[11.224429] (-) TimerEvent: {}
[11.325406] (-) TimerEvent: {}
[11.426791] (-) TimerEvent: {}
[11.527814] (-) TimerEvent: {}
[11.628869] (-) TimerEvent: {}
[11.732314] (-) TimerEvent: {}
[11.835657] (-) TimerEvent: {}
[11.936657] (-) TimerEvent: {}
[12.037577] (-) TimerEvent: {}
[12.138707] (-) TimerEvent: {}
[12.239679] (-) TimerEvent: {}
[12.340641] (-) TimerEvent: {}
[12.441472] (-) TimerEvent: {}
[12.542318] (-) TimerEvent: {}
[12.643259] (-) TimerEvent: {}
[12.744259] (-) TimerEvent: {}
[12.845141] (-) TimerEvent: {}
[12.946006] (-) TimerEvent: {}
[13.046947] (-) TimerEvent: {}
[13.147834] (-) TimerEvent: {}
[13.248709] (-) TimerEvent: {}
[13.349607] (-) TimerEvent: {}
[13.450484] (-) TimerEvent: {}
[13.551516] (-) TimerEvent: {}
[13.652889] (-) TimerEvent: {}
[13.753784] (-) TimerEvent: {}
[13.854739] (-) TimerEvent: {}
[13.955779] (-) TimerEvent: {}
[14.056706] (-) TimerEvent: {}
[14.157655] (-) TimerEvent: {}
[14.258617] (-) TimerEvent: {}
[14.359552] (-) TimerEvent: {}
[14.460532] (-) TimerEvent: {}
[14.561523] (-) TimerEvent: {}
[14.663192] (-) TimerEvent: {}
[14.764248] (-) TimerEvent: {}
[14.865081] (-) TimerEvent: {}
[14.965939] (-) TimerEvent: {}
[15.066815] (-) TimerEvent: {}
[15.167762] (-) TimerEvent: {}
[15.268637] (-) TimerEvent: {}
[15.369458] (-) TimerEvent: {}
[15.470303] (-) TimerEvent: {}
[15.571152] (-) TimerEvent: {}
[15.671955] (-) TimerEvent: {}
[15.772844] (-) TimerEvent: {}
[15.873675] (-) TimerEvent: {}
[15.974538] (-) TimerEvent: {}
[16.075376] (-) TimerEvent: {}
[16.176249] (-) TimerEvent: {}
[16.277076] (-) TimerEvent: {}
[16.377977] (-) TimerEvent: {}
[16.478827] (-) TimerEvent: {}
[16.579670] (-) TimerEvent: {}
[16.680552] (-) TimerEvent: {}
[16.781452] (-) TimerEvent: {}
[16.882270] (-) TimerEvent: {}
[16.983129] (-) TimerEvent: {}
[17.084089] (-) TimerEvent: {}
[17.185398] (-) TimerEvent: {}
[17.286354] (-) TimerEvent: {}
[17.387262] (-) TimerEvent: {}
[17.488232] (-) TimerEvent: {}
[17.589062] (-) TimerEvent: {}
[17.689920] (-) TimerEvent: {}
[17.790781] (-) TimerEvent: {}
[17.891647] (-) TimerEvent: {}
[17.992515] (-) TimerEvent: {}
[18.093331] (-) TimerEvent: {}
[18.194196] (-) TimerEvent: {}
[18.295042] (-) TimerEvent: {}
[18.395994] (-) TimerEvent: {}
[18.496898] (-) TimerEvent: {}
[18.597749] (-) TimerEvent: {}
[18.698579] (-) TimerEvent: {}
[18.799439] (-) TimerEvent: {}
[18.900296] (-) TimerEvent: {}
[19.001188] (-) TimerEvent: {}
[19.102024] (-) TimerEvent: {}
[19.202868] (-) TimerEvent: {}
[19.303800] (-) TimerEvent: {}
[19.412372] (-) TimerEvent: {}
[19.517092] (-) TimerEvent: {}
[19.618933] (-) TimerEvent: {}
[19.719742] (-) TimerEvent: {}
[19.820597] (-) TimerEvent: {}
[19.921643] (-) TimerEvent: {}
[20.023003] (-) TimerEvent: {}
[20.124311] (-) TimerEvent: {}
[20.225747] (-) TimerEvent: {}
[20.328358] (-) TimerEvent: {}
[20.429719] (-) TimerEvent: {}
[20.530611] (-) TimerEvent: {}
[20.631432] (-) TimerEvent: {}
[20.732302] (-) TimerEvent: {}
[20.833496] (-) TimerEvent: {}
[20.934416] (-) TimerEvent: {}
[21.035336] (-) TimerEvent: {}
[21.136344] (-) TimerEvent: {}
[21.237207] (-) TimerEvent: {}
[21.338047] (-) TimerEvent: {}
[21.438891] (-) TimerEvent: {}
[21.539717] (-) TimerEvent: {}
[21.640569] (-) TimerEvent: {}
[21.741434] (-) TimerEvent: {}
[21.842226] (-) TimerEvent: {}
[21.943090] (-) TimerEvent: {}
[22.044045] (-) TimerEvent: {}
[22.144998] (-) TimerEvent: {}
[22.245850] (-) TimerEvent: {}
[22.346731] (-) TimerEvent: {}
[22.447516] (-) TimerEvent: {}
[22.548372] (-) TimerEvent: {}
[22.649178] (-) TimerEvent: {}
[22.750072] (-) TimerEvent: {}
[22.851034] (-) TimerEvent: {}
[22.951848] (-) TimerEvent: {}
[23.052669] (-) TimerEvent: {}
[23.153507] (-) TimerEvent: {}
[23.254314] (-) TimerEvent: {}
[23.355140] (-) TimerEvent: {}
[23.456075] (-) TimerEvent: {}
[23.556926] (-) TimerEvent: {}
[23.657750] (-) TimerEvent: {}
[23.758601] (-) TimerEvent: {}
[23.859495] (-) TimerEvent: {}
[23.960306] (-) TimerEvent: {}
[24.061140] (-) TimerEvent: {}
[24.162377] (-) TimerEvent: {}
[24.263359] (-) TimerEvent: {}
[24.364161] (-) TimerEvent: {}
[24.464927] (-) TimerEvent: {}
[24.565728] (-) TimerEvent: {}
[24.666527] (-) TimerEvent: {}
[24.767436] (-) TimerEvent: {}
[24.868506] (-) TimerEvent: {}
[24.969455] (-) TimerEvent: {}
[25.015089] (mimi_head) StdoutLine: {'line': b'[100%] \x1b[32m\x1b[1mLinking CXX executable mimi_camera\x1b[0m\n'}
[25.069630] (-) TimerEvent: {}
[25.170443] (-) TimerEvent: {}
[25.271498] (-) TimerEvent: {}
[25.372530] (-) TimerEvent: {}
[25.473657] (-) TimerEvent: {}
[25.575416] (-) TimerEvent: {}
[25.677609] (-) TimerEvent: {}
[25.778917] (-) TimerEvent: {}
[25.880232] (-) TimerEvent: {}
[25.981434] (-) TimerEvent: {}
[26.082566] (-) TimerEvent: {}
[26.183597] (-) TimerEvent: {}
[26.284511] (-) TimerEvent: {}
[26.385356] (-) TimerEvent: {}
[26.486176] (-) TimerEvent: {}
[26.587064] (-) TimerEvent: {}
[26.688092] (-) TimerEvent: {}
[26.789051] (-) TimerEvent: {}
[26.890074] (-) TimerEvent: {}
[26.992944] (-) TimerEvent: {}
[27.093874] (-) TimerEvent: {}
[27.194974] (-) TimerEvent: {}
[27.296746] (-) TimerEvent: {}
[27.397612] (-) TimerEvent: {}
[27.498509] (-) TimerEvent: {}
[27.599427] (-) TimerEvent: {}
[27.700493] (-) TimerEvent: {}
[27.801654] (-) TimerEvent: {}
[27.902505] (-) TimerEvent: {}
[28.003234] (-) TimerEvent: {}
[28.091310] (mimi_head) StdoutLine: {'line': b'[100%] Built target mimi_camera\n'}
[28.103458] (-) TimerEvent: {}
[28.130546] (mimi_head) CommandEnded: {'returncode': 0}
[28.203671] (-) TimerEvent: {}
[28.253626] (mimi_head) JobProgress: {'identifier': 'mimi_head', 'progress': 'install'}
[28.290281] (mimi_head) Command: {'cmd': ['/usr/bin/cmake', '--install', '/home/mimi/mimi_ros2_ws/build/mimi_head'], 'cwd': '/home/mimi/mimi_ros2_ws/build/mimi_head', 'env': OrderedDict([('LESSOPEN', '| /usr/bin/lesspipe %s'), ('USER', 'mimi'), ('SSH_CLIENT', '192.168.1.102 56426 22'), ('LC_TIME', 'th_TH.UTF-8'), ('XDG_SESSION_TYPE', 'tty'), ('GIT_ASKPASS', '/home/mimi/.vscode-server/bin/252e5463d60e63238250799aef7375787f68b4ee/extensions/git/dist/askpass.sh'), ('SHLVL', '0'), ('LD_LIBRARY_PATH', '/opt/ros/humble/opt/rviz_ogre_vendor/lib:/opt/ros/humble/lib/aarch64-linux-gnu:/opt/ros/humble/lib'), ('BROWSER', '/home/mimi/.vscode-server/bin/252e5463d60e63238250799aef7375787f68b4ee/bin/helpers/browser.sh'), ('MOTD_SHOWN', 'pam'), ('HOME', '/home/mimi'), ('TERM_PROGRAM_VERSION', '1.78.0'), ('VSCODE_IPC_HOOK_CLI', '/run/user/1000/vscode-ipc-14f4ee9b-89e5-4025-a16c-987f71552aa3.sock'), ('ROS_PYTHON_VERSION', '3'), ('VSCODE_GIT_ASKPASS_MAIN', '/home/mimi/.vscode-server/bin/252e5463d60e63238250799aef7375787f68b4ee/extensions/git/dist/askpass-main.js'), ('LC_MONETARY', 'th_TH.UTF-8'), ('VSCODE_GIT_ASKPASS_NODE', '/home/mimi/.vscode-server/bin/252e5463d60e63238250799aef7375787f68b4ee/node'), ('DBUS_SESSION_BUS_ADDRESS', 'unix:path=/run/user/1000/bus'), ('COLORTERM', 'truecolor'), ('ROS_DISTRO', 'humble'), ('LOGNAME', 'mimi'), ('_', '/usr/bin/colcon'), ('ROS_VERSION', '2'), ('XDG_SESSION_CLASS', 'user'), ('TERM', 'xterm-256color'), ('XDG_SESSION_ID', '10'), ('ROS_LOCALHOST_ONLY', '0'), ('PATH', '/home/mimi/.vscode-server/bin/252e5463d60e63238250799aef7375787f68b4ee/bin/remote-cli:/home/mimi/.local/bin:/opt/ros/humble/bin:/usr/local/sbin:/usr/local/bin:/usr/sbin:/usr/bin:/sbin:/bin:/usr/games:/usr/local/games:/snap/bin'), ('LC_ADDRESS', 'th_TH.UTF-8'), ('XDG_RUNTIME_DIR', '/run/user/1000'), ('LANG', 'en_US.UTF-8'), ('LC_TELEPHONE', 'th_TH.UTF-8'), ('LS_COLORS', ''), ('VSCODE_GIT_IPC_HANDLE', '/run/user/1000/vscode-git-bb3d78543e.sock'), ('TERM_PROGRAM', 'vscode'), ('AMENT_PREFIX_PATH', '/opt/ros/humble'), ('SHELL', '/bin/bash'), ('LC_NAME', 'th_TH.UTF-8'), ('LESSCLOSE', '/usr/bin/lesspipe %s %s'), ('LC_MEASUREMENT', 'th_TH.UTF-8'), ('LC_IDENTIFICATION', 'th_TH.UTF-8'), ('VSCODE_GIT_ASKPASS_EXTRA_ARGS', ''), ('PWD', '/home/mimi/mimi_ros2_ws/build/mimi_head'), ('SSH_CONNECTION', '192.168.1.102 56426 192.168.1.100 22'), ('XDG_DATA_DIRS', '/usr/share/gnome:/usr/local/share:/usr/share:/var/lib/snapd/desktop'), ('PYTHONPATH', '/opt/ros/humble/lib/python3.10/site-packages:/opt/ros/humble/local/lib/python3.10/dist-packages'), ('LC_NUMERIC', 'th_TH.UTF-8'), ('LC_PAPER', 'th_TH.UTF-8'), ('COLCON', '1'), ('CMAKE_PREFIX_PATH', '/opt/ros/humble')]), 'shell': False}
[28.303868] (-) TimerEvent: {}
[28.327034] (mimi_head) StdoutLine: {'line': b'-- Install configuration: ""\n'}
[28.330691] (mimi_head) StdoutLine: {'line': b'-- Execute custom install script\n'}
[28.332553] (mimi_head) StdoutLine: {'line': b'-- Up-to-date symlink: /home/mimi/mimi_ros2_ws/install/mimi_head/lib/mimi_head/mimi_camera\n'}
[28.334544] (mimi_head) StdoutLine: {'line': b'-- Up-to-date symlink: /home/mimi/mimi_ros2_ws/install/mimi_head/share/ament_index/resource_index/package_run_dependencies/mimi_head\n'}
[28.335885] (mimi_head) StdoutLine: {'line': b'-- Up-to-date symlink: /home/mimi/mimi_ros2_ws/install/mimi_head/share/ament_index/resource_index/parent_prefix_path/mimi_head\n'}
[28.337294] (mimi_head) StdoutLine: {'line': b'-- Up-to-date symlink: /home/mimi/mimi_ros2_ws/install/mimi_head/share/mimi_head/environment/ament_prefix_path.sh\n'}
[28.339287] (mimi_head) StdoutLine: {'line': b'-- Up-to-date symlink: /home/mimi/mimi_ros2_ws/install/mimi_head/share/mimi_head/environment/ament_prefix_path.dsv\n'}
[28.341274] (mimi_head) StdoutLine: {'line': b'-- Up-to-date symlink: /home/mimi/mimi_ros2_ws/install/mimi_head/share/mimi_head/environment/path.sh\n'}
[28.342555] (mimi_head) StdoutLine: {'line': b'-- Up-to-date symlink: /home/mimi/mimi_ros2_ws/install/mimi_head/share/mimi_head/environment/path.dsv\n'}
[28.343787] (mimi_head) StdoutLine: {'line': b'-- Up-to-date symlink: /home/mimi/mimi_ros2_ws/install/mimi_head/share/mimi_head/local_setup.bash\n'}
[28.345731] (mimi_head) StdoutLine: {'line': b'-- Up-to-date symlink: /home/mimi/mimi_ros2_ws/install/mimi_head/share/mimi_head/local_setup.sh\n'}
[28.347538] (mimi_head) StdoutLine: {'line': b'-- Up-to-date symlink: /home/mimi/mimi_ros2_ws/install/mimi_head/share/mimi_head/local_setup.zsh\n'}
[28.349031] (mimi_head) StdoutLine: {'line': b'-- Up-to-date symlink: /home/mimi/mimi_ros2_ws/install/mimi_head/share/mimi_head/local_setup.dsv\n'}
[28.349718] (mimi_head) StdoutLine: {'line': b'-- Symlinking: /home/mimi/mimi_ros2_ws/install/mimi_head/share/mimi_head/package.dsv\n'}
[28.383387] (mimi_head) StdoutLine: {'line': b'-- Up-to-date symlink: /home/mimi/mimi_ros2_ws/install/mimi_head/share/ament_index/resource_index/packages/mimi_head\n'}
[28.384254] (mimi_head) StdoutLine: {'line': b'-- Up-to-date symlink: /home/mimi/mimi_ros2_ws/install/mimi_head/share/mimi_head/cmake/mimi_headConfig.cmake\n'}
[28.385056] (mimi_head) StdoutLine: {'line': b'-- Up-to-date symlink: /home/mimi/mimi_ros2_ws/install/mimi_head/share/mimi_head/cmake/mimi_headConfig-version.cmake\n'}
[28.385902] (mimi_head) StdoutLine: {'line': b'-- Up-to-date symlink: /home/mimi/mimi_ros2_ws/install/mimi_head/share/mimi_head/package.xml\n'}
[28.391574] (mimi_head) CommandEnded: {'returncode': 0}
[28.405869] (-) TimerEvent: {}
[28.507464] (-) TimerEvent: {}
[28.609066] (-) TimerEvent: {}
[28.714888] (-) TimerEvent: {}
[28.719736] (mimi_head) JobEnded: {'identifier': 'mimi_head', 'rc': 0}
[28.725345] (-) EventReactorShutdown: {}
