[0.000000] (-) TimerEvent: {}
[0.003545] (mimi_head) JobQueued: {'identifier': 'mimi_head', 'dependencies': OrderedDict()}
[0.004458] (mimi_head) JobStarted: {'identifier': 'mimi_head'}
[0.099082] (-) TimerEvent: {}
[0.120110] (mimi_head) JobProgress: {'identifier': 'mimi_head', 'progress': 'cmake'}
[0.157085] (mimi_head) JobProgress: {'identifier': 'mimi_head', 'progress': 'build'}
[0.157445] (mimi_head) Command: {'cmd': ['/usr/bin/cmake', '--build', '/home/mimi/mimi_ros2_ws/build/mimi_head', '--', '-j4', '-l4'], 'cwd': '/home/mimi/mimi_ros2_ws/build/mimi_head', 'env': OrderedDict([('LESSOPEN', '| /usr/bin/lesspipe %s'), ('USER', 'mimi'), ('SSH_CLIENT', '192.168.1.102 52030 22'), ('LC_TIME', 'th_TH.UTF-8'), ('XDG_SESSION_TYPE', 'tty'), ('GIT_ASKPASS', '/home/mimi/.vscode-server/bin/6a995c4f4cc2ced6e3237749973982e751cb0bf9/extensions/git/dist/askpass.sh'), ('SHLVL', '0'), ('LD_LIBRARY_PATH', '/opt/ros/humble/opt/rviz_ogre_vendor/lib:/opt/ros/humble/lib/aarch64-linux-gnu:/opt/ros/humble/lib'), ('BROWSER', '/home/mimi/.vscode-server/bin/6a995c4f4cc2ced6e3237749973982e751cb0bf9/bin/helpers/browser.sh'), ('MOTD_SHOWN', 'pam'), ('HOME', '/home/mimi'), ('TERM_PROGRAM_VERSION', '1.78.1'), ('VSCODE_IPC_HOOK_CLI', '/run/user/1000/vscode-ipc-f939e1ef-37d5-4dba-a22e-7e33157bc900.sock'), ('ROS_PYTHON_VERSION', '3'), ('VSCODE_GIT_ASKPASS_MAIN', '/home/mimi/.vscode-server/bin/6a995c4f4cc2ced6e3237749973982e751cb0bf9/extensions/git/dist/askpass-main.js'), ('LC_MONETARY', 'th_TH.UTF-8'), ('VSCODE_GIT_ASKPASS_NODE', '/home/mimi/.vscode-server/bin/6a995c4f4cc2ced6e3237749973982e751cb0bf9/node'), ('DBUS_SESSION_BUS_ADDRESS', 'unix:path=/run/user/1000/bus'), ('COLORTERM', 'truecolor'), ('ROS_DISTRO', 'humble'), ('LOGNAME', 'mimi'), ('_', '/usr/bin/colcon'), ('ROS_VERSION', '2'), ('XDG_SESSION_CLASS', 'user'), ('TERM', 'xterm-256color'), ('XDG_SESSION_ID', '4'), ('ROS_LOCALHOST_ONLY', '0'), ('PATH', '/home/mimi/.vscode-server/bin/6a995c4f4cc2ced6e3237749973982e751cb0bf9/bin/remote-cli:/home/mimi/.local/bin:/opt/ros/humble/bin:/usr/local/sbin:/usr/local/bin:/usr/sbin:/usr/bin:/sbin:/bin:/usr/games:/usr/local/games:/snap/bin'), ('LC_ADDRESS', 'th_TH.UTF-8'), ('XDG_RUNTIME_DIR', '/run/user/1000'), ('LANG', 'en_US.UTF-8'), ('LC_TELEPHONE', 'th_TH.UTF-8'), ('LS_COLORS', ''), ('VSCODE_GIT_IPC_HANDLE', '/run/user/1000/vscode-git-bb3d78543e.sock'), ('TERM_PROGRAM', 'vscode'), ('AMENT_PREFIX_PATH', '/opt/ros/humble'), ('SHELL', '/bin/bash'), ('LC_NAME', 'th_TH.UTF-8'), ('LESSCLOSE', '/usr/bin/lesspipe %s %s'), ('LC_MEASUREMENT', 'th_TH.UTF-8'), ('LC_IDENTIFICATION', 'th_TH.UTF-8'), ('VSCODE_GIT_ASKPASS_EXTRA_ARGS', ''), ('PWD', '/home/mimi/mimi_ros2_ws/build/mimi_head'), ('SSH_CONNECTION', '192.168.1.102 52030 192.168.1.100 22'), ('XDG_DATA_DIRS', '/usr/share/gnome:/usr/local/share:/usr/share:/var/lib/snapd/desktop'), ('PYTHONPATH', '/opt/ros/humble/lib/python3.10/site-packages:/opt/ros/humble/local/lib/python3.10/dist-packages'), ('LC_NUMERIC', 'th_TH.UTF-8'), ('LC_PAPER', 'th_TH.UTF-8'), ('COLCON', '1'), ('CMAKE_PREFIX_PATH', '/opt/ros/humble')]), 'shell': False}
[0.199565] (-) TimerEvent: {}
[0.303690] (-) TimerEvent: {}
[0.404530] (-) TimerEvent: {}
[0.505384] (-) TimerEvent: {}
[0.606434] (-) TimerEvent: {}
[0.710105] (-) TimerEvent: {}
[0.735611] (mimi_head) StdoutLine: {'line': b'\x1b[35m\x1b[1mConsolidate compiler generated dependencies of target mimi_camera\x1b[0m\n'}
[0.810542] (-) TimerEvent: {}
[0.844931] (mimi_head) StdoutLine: {'line': b'[ 50%] Built target mimi_monitor\n'}
[0.875683] (mimi_head) StdoutLine: {'line': b'[ 75%] \x1b[32mBuilding CXX object CMakeFiles/mimi_camera.dir/src/mimi_camera.cpp.o\x1b[0m\n'}
[0.910803] (-) TimerEvent: {}
[1.012429] (-) TimerEvent: {}
[1.113555] (-) TimerEvent: {}
[1.214426] (-) TimerEvent: {}
[1.315401] (-) TimerEvent: {}
[1.416274] (-) TimerEvent: {}
[1.517348] (-) TimerEvent: {}
[1.618800] (-) TimerEvent: {}
[1.719650] (-) TimerEvent: {}
[1.820808] (-) TimerEvent: {}
[1.930223] (-) TimerEvent: {}
[2.031004] (-) TimerEvent: {}
[2.131833] (-) TimerEvent: {}
[2.232871] (-) TimerEvent: {}
[2.334137] (-) TimerEvent: {}
[2.435121] (-) TimerEvent: {}
[2.536061] (-) TimerEvent: {}
[2.636836] (-) TimerEvent: {}
[2.737648] (-) TimerEvent: {}
[2.839000] (-) TimerEvent: {}
[2.940074] (-) TimerEvent: {}
[3.040890] (-) TimerEvent: {}
[3.141662] (-) TimerEvent: {}
[3.247714] (-) TimerEvent: {}
[3.349976] (-) TimerEvent: {}
[3.452287] (-) TimerEvent: {}
[3.553840] (-) TimerEvent: {}
[3.655235] (-) TimerEvent: {}
[3.756433] (-) TimerEvent: {}
[3.857275] (-) TimerEvent: {}
[3.958157] (-) TimerEvent: {}
[4.059884] (-) TimerEvent: {}
[4.161151] (-) TimerEvent: {}
[4.262042] (-) TimerEvent: {}
[4.363092] (-) TimerEvent: {}
[4.463986] (-) TimerEvent: {}
[4.565564] (-) TimerEvent: {}
[4.666724] (-) TimerEvent: {}
[4.767750] (-) TimerEvent: {}
[4.868689] (-) TimerEvent: {}
[4.971086] (-) TimerEvent: {}
[5.072075] (-) TimerEvent: {}
[5.173122] (-) TimerEvent: {}
[5.274268] (-) TimerEvent: {}
[5.375736] (-) TimerEvent: {}
[5.476743] (-) TimerEvent: {}
[5.577725] (-) TimerEvent: {}
[5.678806] (-) TimerEvent: {}
[5.779813] (-) TimerEvent: {}
[5.880794] (-) TimerEvent: {}
[5.981884] (-) TimerEvent: {}
[6.082948] (-) TimerEvent: {}
[6.183855] (-) TimerEvent: {}
[6.284789] (-) TimerEvent: {}
[6.385715] (-) TimerEvent: {}
[6.487151] (-) TimerEvent: {}
[6.588457] (-) TimerEvent: {}
[6.689382] (-) TimerEvent: {}
[6.790243] (-) TimerEvent: {}
[6.891240] (-) TimerEvent: {}
[6.992160] (-) TimerEvent: {}
[7.093068] (-) TimerEvent: {}
[7.194126] (-) TimerEvent: {}
[7.295179] (-) TimerEvent: {}
[7.396035] (-) TimerEvent: {}
[7.496934] (-) TimerEvent: {}
[7.597873] (-) TimerEvent: {}
[7.698870] (-) TimerEvent: {}
[7.799726] (-) TimerEvent: {}
[7.900651] (-) TimerEvent: {}
[8.001618] (-) TimerEvent: {}
[8.102666] (-) TimerEvent: {}
[8.203555] (-) TimerEvent: {}
[8.304504] (-) TimerEvent: {}
[8.405493] (-) TimerEvent: {}
[8.506495] (-) TimerEvent: {}
[8.607562] (-) TimerEvent: {}
[8.708502] (-) TimerEvent: {}
[8.809704] (-) TimerEvent: {}
[8.915124] (-) TimerEvent: {}
[9.016328] (-) TimerEvent: {}
[9.117428] (-) TimerEvent: {}
[9.218808] (-) TimerEvent: {}
[9.320028] (-) TimerEvent: {}
[9.420953] (-) TimerEvent: {}
[9.521930] (-) TimerEvent: {}
[9.622754] (-) TimerEvent: {}
[9.723673] (-) TimerEvent: {}
[9.824521] (-) TimerEvent: {}
[9.925426] (-) TimerEvent: {}
[10.026498] (-) TimerEvent: {}
[10.127653] (-) TimerEvent: {}
[10.233656] (-) TimerEvent: {}
[10.334545] (-) TimerEvent: {}
[10.435626] (-) TimerEvent: {}
[10.536440] (-) TimerEvent: {}
[10.637281] (-) TimerEvent: {}
[10.738224] (-) TimerEvent: {}
[10.839367] (-) TimerEvent: {}
[10.940691] (-) TimerEvent: {}
[11.041531] (-) TimerEvent: {}
[11.142431] (-) TimerEvent: {}
[11.243344] (-) TimerEvent: {}
[11.344182] (-) TimerEvent: {}
[11.445158] (-) TimerEvent: {}
[11.546026] (-) TimerEvent: {}
[11.646950] (-) TimerEvent: {}
[11.747892] (-) TimerEvent: {}
[11.848875] (-) TimerEvent: {}
[11.949788] (-) TimerEvent: {}
[12.050663] (-) TimerEvent: {}
[12.151526] (-) TimerEvent: {}
[12.252461] (-) TimerEvent: {}
[12.353427] (-) TimerEvent: {}
[12.454533] (-) TimerEvent: {}
[12.555612] (-) TimerEvent: {}
[12.656687] (-) TimerEvent: {}
[12.757739] (-) TimerEvent: {}
[12.858655] (-) TimerEvent: {}
[12.959563] (-) TimerEvent: {}
[13.060537] (-) TimerEvent: {}
[13.161361] (-) TimerEvent: {}
[13.262326] (-) TimerEvent: {}
[13.363510] (-) TimerEvent: {}
[13.464526] (-) TimerEvent: {}
[13.565357] (-) TimerEvent: {}
[13.666223] (-) TimerEvent: {}
[13.767100] (-) TimerEvent: {}
[13.867940] (-) TimerEvent: {}
[13.968785] (-) TimerEvent: {}
[14.069693] (-) TimerEvent: {}
[14.170668] (-) TimerEvent: {}
[14.271513] (-) TimerEvent: {}
[14.372395] (-) TimerEvent: {}
[14.473231] (-) TimerEvent: {}
[14.574201] (-) TimerEvent: {}
[14.675063] (-) TimerEvent: {}
[14.775953] (-) TimerEvent: {}
[14.876766] (-) TimerEvent: {}
[14.977618] (-) TimerEvent: {}
[15.078538] (-) TimerEvent: {}
[15.179397] (-) TimerEvent: {}
[15.280361] (-) TimerEvent: {}
[15.381263] (-) TimerEvent: {}
[15.482221] (-) TimerEvent: {}
[15.583169] (-) TimerEvent: {}
[15.684051] (-) TimerEvent: {}
[15.784970] (-) TimerEvent: {}
[15.885948] (-) TimerEvent: {}
[15.986868] (-) TimerEvent: {}
[16.087713] (-) TimerEvent: {}
[16.188562] (-) TimerEvent: {}
[16.289398] (-) TimerEvent: {}
[16.390250] (-) TimerEvent: {}
[16.491069] (-) TimerEvent: {}
[16.592000] (-) TimerEvent: {}
[16.692833] (-) TimerEvent: {}
[16.793636] (-) TimerEvent: {}
[16.894512] (-) TimerEvent: {}
[16.995420] (-) TimerEvent: {}
[17.096235] (-) TimerEvent: {}
[17.197108] (-) TimerEvent: {}
[17.298059] (-) TimerEvent: {}
[17.398879] (-) TimerEvent: {}
[17.471711] (mimi_head) StderrLine: {'line': b'\x1b[01m\x1b[K/home/mimi/mimi_ros2_ws/src/mimi_head/src/mimi_camera.cpp:\x1b[m\x1b[K In function \xe2\x80\x98\x1b[01m\x1b[Kvoid sigint_handler(int)\x1b[m\x1b[K\xe2\x80\x99:\n'}
[17.473701] (mimi_head) StderrLine: {'line': b'\x1b[01m\x1b[K/home/mimi/mimi_ros2_ws/src/mimi_head/src/mimi_camera.cpp:136:25:\x1b[m\x1b[K \x1b[01;35m\x1b[Kwarning: \x1b[m\x1b[Kunused parameter \xe2\x80\x98\x1b[01m\x1b[Ksig\x1b[m\x1b[K\xe2\x80\x99 [\x1b[01;35m\x1b[K\x1b]8;;https://gcc.gnu.org/onlinedocs/gcc/Warning-Options.html#index-Wunused-parameter\x07-Wunused-parameter\x1b]8;;\x07\x1b[m\x1b[K]\n'}
[17.474394] (mimi_head) StderrLine: {'line': b'  136 | void sigint_handler(\x1b[01;35m\x1b[Kint sig\x1b[m\x1b[K)\n'}
[17.474866] (mimi_head) StderrLine: {'line': b'      |                     \x1b[01;35m\x1b[K~~~~^~~\x1b[m\x1b[K\n'}
[17.499075] (-) TimerEvent: {}
[17.599932] (-) TimerEvent: {}
[17.700795] (-) TimerEvent: {}
[17.801659] (-) TimerEvent: {}
[17.902650] (-) TimerEvent: {}
[18.003528] (-) TimerEvent: {}
[18.104468] (-) TimerEvent: {}
[18.205349] (-) TimerEvent: {}
[18.306203] (-) TimerEvent: {}
[18.407079] (-) TimerEvent: {}
[18.508011] (-) TimerEvent: {}
[18.608897] (-) TimerEvent: {}
[18.709776] (-) TimerEvent: {}
[18.810719] (-) TimerEvent: {}
[18.911740] (-) TimerEvent: {}
[19.012939] (-) TimerEvent: {}
[19.113967] (-) TimerEvent: {}
[19.214824] (-) TimerEvent: {}
[19.315683] (-) TimerEvent: {}
[19.416529] (-) TimerEvent: {}
[19.517388] (-) TimerEvent: {}
[19.618304] (-) TimerEvent: {}
[19.719170] (-) TimerEvent: {}
[19.820190] (-) TimerEvent: {}
[19.921049] (-) TimerEvent: {}
[20.021965] (-) TimerEvent: {}
[20.123127] (-) TimerEvent: {}
[20.224411] (-) TimerEvent: {}
[20.325375] (-) TimerEvent: {}
[20.426389] (-) TimerEvent: {}
[20.527311] (-) TimerEvent: {}
[20.628230] (-) TimerEvent: {}
[20.729381] (-) TimerEvent: {}
[20.830879] (-) TimerEvent: {}
[20.932388] (-) TimerEvent: {}
[21.033747] (-) TimerEvent: {}
[21.135252] (-) TimerEvent: {}
[21.236234] (-) TimerEvent: {}
[21.337145] (-) TimerEvent: {}
[21.438168] (-) TimerEvent: {}
[21.539915] (-) TimerEvent: {}
[21.640923] (-) TimerEvent: {}
[21.742061] (-) TimerEvent: {}
[21.843188] (-) TimerEvent: {}
[21.944465] (-) TimerEvent: {}
[22.048739] (-) TimerEvent: {}
[22.149806] (-) TimerEvent: {}
[22.251561] (-) TimerEvent: {}
[22.352638] (-) TimerEvent: {}
[22.453558] (-) TimerEvent: {}
[22.554763] (-) TimerEvent: {}
[22.655928] (-) TimerEvent: {}
[22.757452] (-) TimerEvent: {}
[22.858853] (-) TimerEvent: {}
[22.960030] (-) TimerEvent: {}
[23.061505] (-) TimerEvent: {}
[23.162448] (-) TimerEvent: {}
[23.263840] (-) TimerEvent: {}
[23.364880] (-) TimerEvent: {}
[23.465876] (-) TimerEvent: {}
[23.566945] (-) TimerEvent: {}
[23.667952] (-) TimerEvent: {}
[23.769187] (-) TimerEvent: {}
[23.870200] (-) TimerEvent: {}
[23.971206] (-) TimerEvent: {}
[24.072265] (-) TimerEvent: {}
[24.173342] (-) TimerEvent: {}
[24.274311] (-) TimerEvent: {}
[24.375296] (-) TimerEvent: {}
[24.476295] (-) TimerEvent: {}
[24.577119] (-) TimerEvent: {}
[24.677977] (-) TimerEvent: {}
[24.778833] (-) TimerEvent: {}
[24.879754] (-) TimerEvent: {}
[24.980726] (-) TimerEvent: {}
[25.081818] (-) TimerEvent: {}
[25.183448] (-) TimerEvent: {}
[25.284857] (-) TimerEvent: {}
[25.385766] (-) TimerEvent: {}
[25.486744] (-) TimerEvent: {}
[25.587708] (-) TimerEvent: {}
[25.688577] (-) TimerEvent: {}
[25.789578] (-) TimerEvent: {}
[25.890492] (-) TimerEvent: {}
[25.991429] (-) TimerEvent: {}
[26.092314] (-) TimerEvent: {}
[26.193278] (-) TimerEvent: {}
[26.294705] (-) TimerEvent: {}
[26.395634] (-) TimerEvent: {}
[26.497751] (-) TimerEvent: {}
[26.598679] (-) TimerEvent: {}
[26.699543] (-) TimerEvent: {}
[26.800485] (-) TimerEvent: {}
[26.901595] (-) TimerEvent: {}
[27.003017] (-) TimerEvent: {}
[27.103818] (-) TimerEvent: {}
[27.204622] (-) TimerEvent: {}
[27.305527] (-) TimerEvent: {}
[27.406575] (-) TimerEvent: {}
[27.507564] (-) TimerEvent: {}
[27.608392] (-) TimerEvent: {}
[27.709143] (-) TimerEvent: {}
[27.809980] (-) TimerEvent: {}
[27.910726] (-) TimerEvent: {}
[28.011602] (-) TimerEvent: {}
[28.112436] (-) TimerEvent: {}
[28.213269] (-) TimerEvent: {}
[28.314069] (-) TimerEvent: {}
[28.414887] (-) TimerEvent: {}
[28.515808] (-) TimerEvent: {}
[28.616853] (-) TimerEvent: {}
[28.717857] (-) TimerEvent: {}
[28.776416] (mimi_head) StdoutLine: {'line': b'[100%] \x1b[32m\x1b[1mLinking CXX executable mimi_camera\x1b[0m\n'}
[28.818077] (-) TimerEvent: {}
[28.918946] (-) TimerEvent: {}
[29.020178] (-) TimerEvent: {}
[29.121109] (-) TimerEvent: {}
[29.222452] (-) TimerEvent: {}
[29.324379] (-) TimerEvent: {}
[29.425274] (-) TimerEvent: {}
[29.526846] (-) TimerEvent: {}
[29.631601] (-) TimerEvent: {}
[29.732944] (-) TimerEvent: {}
[29.834441] (-) TimerEvent: {}
[29.935281] (-) TimerEvent: {}
[30.036355] (-) TimerEvent: {}
[30.137747] (-) TimerEvent: {}
[30.238783] (-) TimerEvent: {}
[30.340020] (-) TimerEvent: {}
[30.441002] (-) TimerEvent: {}
[30.542267] (-) TimerEvent: {}
[30.643702] (-) TimerEvent: {}
[30.745376] (-) TimerEvent: {}
[30.846453] (-) TimerEvent: {}
[30.947685] (-) TimerEvent: {}
[31.048597] (-) TimerEvent: {}
[31.149378] (-) TimerEvent: {}
[31.250310] (-) TimerEvent: {}
[31.351606] (-) TimerEvent: {}
[31.453186] (-) TimerEvent: {}
[31.554504] (-) TimerEvent: {}
[31.655547] (-) TimerEvent: {}
[31.756815] (-) TimerEvent: {}
[31.857867] (-) TimerEvent: {}
[31.958970] (-) TimerEvent: {}
[32.060269] (-) TimerEvent: {}
[32.161229] (-) TimerEvent: {}
[32.262000] (-) TimerEvent: {}
[32.363025] (-) TimerEvent: {}
[32.464037] (-) TimerEvent: {}
[32.564986] (-) TimerEvent: {}
[32.665995] (-) TimerEvent: {}
[32.766930] (-) TimerEvent: {}
[32.867843] (-) TimerEvent: {}
[32.968966] (-) TimerEvent: {}
[33.070182] (-) TimerEvent: {}
[33.171081] (-) TimerEvent: {}
[33.271916] (-) TimerEvent: {}
[33.372863] (-) TimerEvent: {}
[33.473725] (-) TimerEvent: {}
[33.574720] (-) TimerEvent: {}
[33.675528] (-) TimerEvent: {}
[33.776320] (-) TimerEvent: {}
[33.877219] (-) TimerEvent: {}
[33.978151] (-) TimerEvent: {}
[34.079093] (-) TimerEvent: {}
[34.180032] (-) TimerEvent: {}
[34.281121] (-) TimerEvent: {}
[34.381860] (-) TimerEvent: {}
[34.468058] (mimi_head) StdoutLine: {'line': b'[100%] Built target mimi_camera\n'}
[34.482088] (-) TimerEvent: {}
[34.508228] (mimi_head) CommandEnded: {'returncode': 0}
[34.582310] (-) TimerEvent: {}
[34.680051] (mimi_head) JobProgress: {'identifier': 'mimi_head', 'progress': 'install'}
[34.682524] (-) TimerEvent: {}
[34.740045] (mimi_head) Command: {'cmd': ['/usr/bin/cmake', '--install', '/home/mimi/mimi_ros2_ws/build/mimi_head'], 'cwd': '/home/mimi/mimi_ros2_ws/build/mimi_head', 'env': OrderedDict([('LESSOPEN', '| /usr/bin/lesspipe %s'), ('USER', 'mimi'), ('SSH_CLIENT', '192.168.1.102 52030 22'), ('LC_TIME', 'th_TH.UTF-8'), ('XDG_SESSION_TYPE', 'tty'), ('GIT_ASKPASS', '/home/mimi/.vscode-server/bin/6a995c4f4cc2ced6e3237749973982e751cb0bf9/extensions/git/dist/askpass.sh'), ('SHLVL', '0'), ('LD_LIBRARY_PATH', '/opt/ros/humble/opt/rviz_ogre_vendor/lib:/opt/ros/humble/lib/aarch64-linux-gnu:/opt/ros/humble/lib'), ('BROWSER', '/home/mimi/.vscode-server/bin/6a995c4f4cc2ced6e3237749973982e751cb0bf9/bin/helpers/browser.sh'), ('MOTD_SHOWN', 'pam'), ('HOME', '/home/mimi'), ('TERM_PROGRAM_VERSION', '1.78.1'), ('VSCODE_IPC_HOOK_CLI', '/run/user/1000/vscode-ipc-f939e1ef-37d5-4dba-a22e-7e33157bc900.sock'), ('ROS_PYTHON_VERSION', '3'), ('VSCODE_GIT_ASKPASS_MAIN', '/home/mimi/.vscode-server/bin/6a995c4f4cc2ced6e3237749973982e751cb0bf9/extensions/git/dist/askpass-main.js'), ('LC_MONETARY', 'th_TH.UTF-8'), ('VSCODE_GIT_ASKPASS_NODE', '/home/mimi/.vscode-server/bin/6a995c4f4cc2ced6e3237749973982e751cb0bf9/node'), ('DBUS_SESSION_BUS_ADDRESS', 'unix:path=/run/user/1000/bus'), ('COLORTERM', 'truecolor'), ('ROS_DISTRO', 'humble'), ('LOGNAME', 'mimi'), ('_', '/usr/bin/colcon'), ('ROS_VERSION', '2'), ('XDG_SESSION_CLASS', 'user'), ('TERM', 'xterm-256color'), ('XDG_SESSION_ID', '4'), ('ROS_LOCALHOST_ONLY', '0'), ('PATH', '/home/mimi/.vscode-server/bin/6a995c4f4cc2ced6e3237749973982e751cb0bf9/bin/remote-cli:/home/mimi/.local/bin:/opt/ros/humble/bin:/usr/local/sbin:/usr/local/bin:/usr/sbin:/usr/bin:/sbin:/bin:/usr/games:/usr/local/games:/snap/bin'), ('LC_ADDRESS', 'th_TH.UTF-8'), ('XDG_RUNTIME_DIR', '/run/user/1000'), ('LANG', 'en_US.UTF-8'), ('LC_TELEPHONE', 'th_TH.UTF-8'), ('LS_COLORS', ''), ('VSCODE_GIT_IPC_HANDLE', '/run/user/1000/vscode-git-bb3d78543e.sock'), ('TERM_PROGRAM', 'vscode'), ('AMENT_PREFIX_PATH', '/opt/ros/humble'), ('SHELL', '/bin/bash'), ('LC_NAME', 'th_TH.UTF-8'), ('LESSCLOSE', '/usr/bin/lesspipe %s %s'), ('LC_MEASUREMENT', 'th_TH.UTF-8'), ('LC_IDENTIFICATION', 'th_TH.UTF-8'), ('VSCODE_GIT_ASKPASS_EXTRA_ARGS', ''), ('PWD', '/home/mimi/mimi_ros2_ws/build/mimi_head'), ('SSH_CONNECTION', '192.168.1.102 52030 192.168.1.100 22'), ('XDG_DATA_DIRS', '/usr/share/gnome:/usr/local/share:/usr/share:/var/lib/snapd/desktop'), ('PYTHONPATH', '/opt/ros/humble/lib/python3.10/site-packages:/opt/ros/humble/local/lib/python3.10/dist-packages'), ('LC_NUMERIC', 'th_TH.UTF-8'), ('LC_PAPER', 'th_TH.UTF-8'), ('COLCON', '1'), ('CMAKE_PREFIX_PATH', '/opt/ros/humble')]), 'shell': False}
[34.782795] (-) TimerEvent: {}
[34.797573] (mimi_head) StdoutLine: {'line': b'-- Install configuration: ""\n'}
[34.802678] (mimi_head) StdoutLine: {'line': b'-- Execute custom install script\n'}
[34.806031] (mimi_head) StdoutLine: {'line': b'-- Up-to-date symlink: /home/mimi/mimi_ros2_ws/install/mimi_head/lib/mimi_head/mimi_camera\n'}
[34.806985] (mimi_head) StdoutLine: {'line': b'-- Up-to-date symlink: /home/mimi/mimi_ros2_ws/install/mimi_head/lib/mimi_head/mimi_monitor\n'}
[34.809171] (mimi_head) StdoutLine: {'line': b'-- Up-to-date symlink: /home/mimi/mimi_ros2_ws/install/mimi_head/share/ament_index/resource_index/package_run_dependencies/mimi_head\n'}
[34.811453] (mimi_head) StdoutLine: {'line': b'-- Up-to-date symlink: /home/mimi/mimi_ros2_ws/install/mimi_head/share/ament_index/resource_index/parent_prefix_path/mimi_head\n'}
[34.813596] (mimi_head) StdoutLine: {'line': b'-- Up-to-date symlink: /home/mimi/mimi_ros2_ws/install/mimi_head/share/mimi_head/environment/ament_prefix_path.sh\n'}
[34.815568] (mimi_head) StdoutLine: {'line': b'-- Up-to-date symlink: /home/mimi/mimi_ros2_ws/install/mimi_head/share/mimi_head/environment/ament_prefix_path.dsv\n'}
[34.817825] (mimi_head) StdoutLine: {'line': b'-- Up-to-date symlink: /home/mimi/mimi_ros2_ws/install/mimi_head/share/mimi_head/environment/path.sh\n'}
[34.819950] (mimi_head) StdoutLine: {'line': b'-- Up-to-date symlink: /home/mimi/mimi_ros2_ws/install/mimi_head/share/mimi_head/environment/path.dsv\n'}
[34.821950] (mimi_head) StdoutLine: {'line': b'-- Up-to-date symlink: /home/mimi/mimi_ros2_ws/install/mimi_head/share/mimi_head/local_setup.bash\n'}
[34.823966] (mimi_head) StdoutLine: {'line': b'-- Up-to-date symlink: /home/mimi/mimi_ros2_ws/install/mimi_head/share/mimi_head/local_setup.sh\n'}
[34.825829] (mimi_head) StdoutLine: {'line': b'-- Up-to-date symlink: /home/mimi/mimi_ros2_ws/install/mimi_head/share/mimi_head/local_setup.zsh\n'}
[34.831835] (mimi_head) StdoutLine: {'line': b'-- Up-to-date symlink: /home/mimi/mimi_ros2_ws/install/mimi_head/share/mimi_head/local_setup.dsv\n'}
[34.837787] (mimi_head) StdoutLine: {'line': b'-- Symlinking: /home/mimi/mimi_ros2_ws/install/mimi_head/share/mimi_head/package.dsv\n'}
[34.882699] (mimi_head) StdoutLine: {'line': b'-- Up-to-date symlink: /home/mimi/mimi_ros2_ws/install/mimi_head/share/ament_index/resource_index/packages/mimi_head\n'}
[34.883366] (-) TimerEvent: {}
[34.884505] (mimi_head) StdoutLine: {'line': b'-- Up-to-date symlink: /home/mimi/mimi_ros2_ws/install/mimi_head/share/mimi_head/cmake/mimi_headConfig.cmake\n'}
[34.886483] (mimi_head) StdoutLine: {'line': b'-- Up-to-date symlink: /home/mimi/mimi_ros2_ws/install/mimi_head/share/mimi_head/cmake/mimi_headConfig-version.cmake\n'}
[34.888101] (mimi_head) StdoutLine: {'line': b'-- Up-to-date symlink: /home/mimi/mimi_ros2_ws/install/mimi_head/share/mimi_head/package.xml\n'}
[34.895146] (mimi_head) CommandEnded: {'returncode': 0}
[34.984994] (-) TimerEvent: {}
[35.086332] (-) TimerEvent: {}
[35.193306] (-) TimerEvent: {}
[35.248244] (mimi_head) JobEnded: {'identifier': 'mimi_head', 'rc': 0}
[35.251855] (-) EventReactorShutdown: {}
