[0.074s] Invoking command in '/home/mimi/mimi_ros2_ws/build/mimi_head': CMAKE_PREFIX_PATH=/opt/ros/humble /usr/bin/cmake --build /home/mimi/mimi_ros2_ws/build/mimi_head -- -j4 -l4
[0.182s] -- Found ament_cmake: 1.3.4 (/opt/ros/humble/share/ament_cmake/cmake)
[1.051s] -- Override CMake install command with custom implementation using symlinks instead of copying resources
[1.094s] -- Found rclcpp: 16.0.4 (/opt/ros/humble/share/rclcpp/cmake)
[1.325s] -- Found rosidl_generator_c: 3.1.4 (/opt/ros/humble/share/rosidl_generator_c/cmake)
[1.344s] -- Found rosidl_adapter: 3.1.4 (/opt/ros/humble/share/rosidl_adapter/cmake)
[1.391s] -- Found rosidl_generator_cpp: 3.1.4 (/opt/ros/humble/share/rosidl_generator_cpp/cmake)
[1.444s] -- Using all available rosidl_typesupport_c: rosidl_typesupport_fastrtps_c;rosidl_typesupport_introspection_c
[1.514s] -- Using all available rosidl_typesupport_cpp: rosidl_typesupport_fastrtps_cpp;rosidl_typesupport_introspection_cpp
[1.792s] -- Found rmw_implementation_cmake: 6.1.1 (/opt/ros/humble/share/rmw_implementation_cmake/cmake)
[1.800s] -- Found rmw_fastrtps_cpp: 6.2.2 (/opt/ros/humble/share/rmw_fastrtps_cpp/cmake)
[2.937s] -- Using RMW implementation 'rmw_fastrtps_cpp' as default
[3.579s] -- Found sensor_msgs: 4.2.3 (/opt/ros/humble/share/sensor_msgs/cmake)
[4.056s] -- Found cv_bridge: 3.2.1 (/opt/ros/humble/share/cv_bridge/cmake)
[4.084s] -- Found rosidl_default_generators: 1.2.0 (/opt/ros/humble/share/rosidl_default_generators/cmake)
[5.210s] -- Found ament_cmake_ros: 0.10.0 (/opt/ros/humble/share/ament_cmake_ros/cmake)
[6.558s] -- Using all available rosidl_typesupport_c: rosidl_typesupport_fastrtps_c;rosidl_typesupport_introspection_c
[7.089s] -- Using all available rosidl_typesupport_cpp: rosidl_typesupport_fastrtps_cpp;rosidl_typesupport_introspection_cpp
[7.200s] -- Found python_cmake_module: 0.10.0 (/opt/ros/humble/share/python_cmake_module/cmake)
[7.305s] -- Using PYTHON_EXECUTABLE: /usr/bin/python3
[7.306s] -- Using PYTHON_INCLUDE_DIRS: /usr/include/python3.10
[7.306s] -- Using PYTHON_LIBRARIES: /usr/lib/aarch64-linux-gnu/libpython3.10.so
[7.358s] -- Found ament_lint_auto: 0.12.6 (/opt/ros/humble/share/ament_lint_auto/cmake)
[7.431s] -- Added test 'cppcheck' to perform static code analysis on C / C++ code
[7.433s] -- Configured cppcheck include dirs: 
[7.433s] -- Configured cppcheck exclude dirs and/or files: 
[7.437s] -- Added test 'flake8' to check Python code syntax and style conventions
[7.442s] -- Added test 'lint_cmake' to check CMake code style
[7.445s] -- Added test 'pep257' to check Python code against some of the docstring style conventions in PEP 257
[7.464s] -- Added test 'uncrustify' to check C / C++ code style
[7.464s] -- Configured uncrustify additional arguments: 
[7.467s] -- Added test 'xmllint' to check XML markup files
[7.486s] -- Configuring done
[7.736s] -- Generating done
[7.758s] -- Build files have been written to: /home/mimi/mimi_ros2_ws/build/mimi_head
[7.883s] [35m[1mConsolidate compiler generated dependencies of target mimi_camera[0m
[7.895s] [35m[1mConsolidate compiler generated dependencies of target mimi_head__rosidl_generator_c[0m
[7.905s] [35m[1mConsolidate compiler generated dependencies of target mimi_monitor[0m
[7.945s] [  8%] Built target mimi_head__rosidl_generator_c
[7.951s] [ 11%] Built target mimi_head__cpp
[8.081s] [35m[1mConsolidate compiler generated dependencies of target mimi_head__rosidl_typesupport_cpp[0m
[8.111s] [ 17%] Built target mimi_monitor
[8.118s] [ 20%] [32mBuilding CXX object CMakeFiles/mimi_camera.dir/src/mimi_camera.cpp.o[0m
[8.144s] [ 20%] Built target ament_cmake_python_symlink_mimi_head
[8.210s] [35m[1mConsolidate compiler generated dependencies of target mimi_head__rosidl_typesupport_fastrtps_c[0m
[8.233s] [ 28%] Built target mimi_head__rosidl_typesupport_cpp
[8.243s] [35m[1mConsolidate compiler generated dependencies of target mimi_head__rosidl_typesupport_fastrtps_cpp[0m
[8.339s] [ 37%] Built target mimi_head__rosidl_typesupport_fastrtps_c
[8.343s] [35m[1mConsolidate compiler generated dependencies of target mimi_head__rosidl_typesupport_introspection_c[0m
[8.379s] [ 45%] Built target mimi_head__rosidl_typesupport_fastrtps_cpp
[8.435s] [35m[1mConsolidate compiler generated dependencies of target mimi_head__rosidl_typesupport_c[0m
[8.451s] [ 54%] Built target mimi_head__rosidl_typesupport_introspection_c
[8.498s] [35m[1mConsolidate compiler generated dependencies of target mimi_head__rosidl_typesupport_introspection_cpp[0m
[8.568s] [ 62%] Built target mimi_head__rosidl_typesupport_c
[8.626s] [ 71%] Built target mimi_head__rosidl_typesupport_introspection_cpp
[8.898s] [ 71%] Built target mimi_head
[9.019s] [ 74%] Built target mimi_head__py
[9.093s] [35m[1mConsolidate compiler generated dependencies of target mimi_head__rosidl_generator_py[0m
[9.251s] [ 80%] Built target mimi_head__rosidl_generator_py
[9.395s] [35m[1mConsolidate compiler generated dependencies of target mimi_head__rosidl_typesupport_introspection_c__pyext[0m
[9.432s] [35m[1mConsolidate compiler generated dependencies of target mimi_head__rosidl_typesupport_fastrtps_c__pyext[0m
[9.590s] [ 85%] Built target mimi_head__rosidl_typesupport_introspection_c__pyext
[9.625s] [ 91%] Built target mimi_head__rosidl_typesupport_fastrtps_c__pyext
[9.689s] [35m[1mConsolidate compiler generated dependencies of target mimi_head__rosidl_typesupport_c__pyext[0m
[9.758s] [ 97%] Built target mimi_head__rosidl_typesupport_c__pyext
[10.581s] [01m[K/home/mimi/mimi_ros2_ws/src/mimi_head/src/mimi_camera.cpp:10:10:[m[K [01;31m[Kfatal error: [m[Kmimi_head/msg/angle.hpp: No such file or directory
[10.582s]    10 | #include [01;31m[K"mimi_head/msg/angle.hpp"[m[K
[10.583s]       |          [01;31m[K^~~~~~~~~~~~~~~~~~~~~~~~~[m[K
[10.584s] compilation terminated.
[10.595s] gmake[2]: *** [CMakeFiles/mimi_camera.dir/build.make:76: CMakeFiles/mimi_camera.dir/src/mimi_camera.cpp.o] Error 1
[10.597s] gmake[1]: *** [CMakeFiles/Makefile2:184: CMakeFiles/mimi_camera.dir/all] Error 2
[10.597s] gmake[1]: *** Waiting for unfinished jobs....
[10.812s] running egg_info
[10.815s] writing mimi_head.egg-info/PKG-INFO
[10.816s] writing dependency_links to mimi_head.egg-info/dependency_links.txt
[10.817s] writing top-level names to mimi_head.egg-info/top_level.txt
[10.830s] reading manifest file 'mimi_head.egg-info/SOURCES.txt'
[10.833s] writing manifest file 'mimi_head.egg-info/SOURCES.txt'
[10.960s] [ 97%] Built target ament_cmake_python_build_mimi_head_egg
[10.964s] gmake: *** [Makefile:146: all] Error 2
[10.971s] Invoked command in '/home/mimi/mimi_ros2_ws/build/mimi_head' returned '2': CMAKE_PREFIX_PATH=/opt/ros/humble /usr/bin/cmake --build /home/mimi/mimi_ros2_ws/build/mimi_head -- -j4 -l4
