[0.000000] (-) TimerEvent: {}
[0.001018] (mimi_head) JobQueued: {'identifier': 'mimi_head', 'dependencies': OrderedDict()}
[0.002735] (mimi_head) JobStarted: {'identifier': 'mimi_head'}
[0.052454] (mimi_head) JobProgress: {'identifier': 'mimi_head', 'progress': 'cmake'}
[0.055710] (mimi_head) JobProgress: {'identifier': 'mimi_head', 'progress': 'build'}
[0.058414] (mimi_head) Command: {'cmd': ['/usr/bin/cmake', '--build', '/home/mimi/mimi_ros2_ws/build/mimi_head', '--', '-j4', '-l4'], 'cwd': '/home/mimi/mimi_ros2_ws/build/mimi_head', 'env': OrderedDict([('LESSOPEN', '| /usr/bin/lesspipe %s'), ('USER', 'mimi'), ('SSH_CLIENT', '192.168.1.102 62143 22'), ('LC_TIME', 'th_TH.UTF-8'), ('XDG_SESSION_TYPE', 'tty'), ('GIT_ASKPASS', '/home/mimi/.vscode-server/bin/b3e4e68a0bc097f0ae7907b217c1119af9e03435/extensions/git/dist/askpass.sh'), ('SHLVL', '0'), ('LD_LIBRARY_PATH', '/opt/ros/humble/opt/rviz_ogre_vendor/lib:/opt/ros/humble/lib/aarch64-linux-gnu:/opt/ros/humble/lib'), ('BROWSER', '/home/mimi/.vscode-server/bin/b3e4e68a0bc097f0ae7907b217c1119af9e03435/bin/helpers/browser.sh'), ('MOTD_SHOWN', 'pam'), ('HOME', '/home/mimi'), ('TERM_PROGRAM_VERSION', '1.78.2'), ('VSCODE_IPC_HOOK_CLI', '/run/user/1000/vscode-ipc-c89e06d8-1e9f-4e4f-8643-77094006d72f.sock'), ('ROS_PYTHON_VERSION', '3'), ('VSCODE_GIT_ASKPASS_MAIN', '/home/mimi/.vscode-server/bin/b3e4e68a0bc097f0ae7907b217c1119af9e03435/extensions/git/dist/askpass-main.js'), ('LC_MONETARY', 'th_TH.UTF-8'), ('VSCODE_GIT_ASKPASS_NODE', '/home/mimi/.vscode-server/bin/b3e4e68a0bc097f0ae7907b217c1119af9e03435/node'), ('DBUS_SESSION_BUS_ADDRESS', 'unix:path=/run/user/1000/bus'), ('COLORTERM', 'truecolor'), ('ROS_DISTRO', 'humble'), ('LOGNAME', 'mimi'), ('_', '/usr/bin/colcon'), ('ROS_VERSION', '2'), ('XDG_SESSION_CLASS', 'user'), ('TERM', 'xterm-256color'), ('XDG_SESSION_ID', '2'), ('ROS_LOCALHOST_ONLY', '0'), ('PATH', '/home/mimi/.vscode-server/bin/b3e4e68a0bc097f0ae7907b217c1119af9e03435/bin/remote-cli:/home/mimi/.local/bin:/opt/ros/humble/bin:/usr/local/sbin:/usr/local/bin:/usr/sbin:/usr/bin:/sbin:/bin:/usr/games:/usr/local/games:/snap/bin'), ('LC_ADDRESS', 'th_TH.UTF-8'), ('XDG_RUNTIME_DIR', '/run/user/1000'), ('LANG', 'en_US.UTF-8'), ('LC_TELEPHONE', 'th_TH.UTF-8'), ('LS_COLORS', ''), ('VSCODE_GIT_IPC_HANDLE', '/run/user/1000/vscode-git-bb3d78543e.sock'), ('TERM_PROGRAM', 'vscode'), ('AMENT_PREFIX_PATH', '/opt/ros/humble'), ('SHELL', '/bin/bash'), ('LC_NAME', 'th_TH.UTF-8'), ('LESSCLOSE', '/usr/bin/lesspipe %s %s'), ('LC_MEASUREMENT', 'th_TH.UTF-8'), ('LC_IDENTIFICATION', 'th_TH.UTF-8'), ('VSCODE_GIT_ASKPASS_EXTRA_ARGS', ''), ('PWD', '/home/mimi/mimi_ros2_ws/build/mimi_head'), ('SSH_CONNECTION', '192.168.1.102 62143 192.168.1.100 22'), ('XDG_DATA_DIRS', '/usr/share/gnome:/usr/local/share:/usr/share:/var/lib/snapd/desktop'), ('PYTHONPATH', '/opt/ros/humble/lib/python3.10/site-packages:/opt/ros/humble/local/lib/python3.10/dist-packages'), ('LC_NUMERIC', 'th_TH.UTF-8'), ('LC_PAPER', 'th_TH.UTF-8'), ('COLCON', '1'), ('CMAKE_PREFIX_PATH', '/opt/ros/humble')]), 'shell': False}
[0.098749] (-) TimerEvent: {}
[0.199514] (-) TimerEvent: {}
[0.300450] (-) TimerEvent: {}
[0.344036] (mimi_head) StdoutLine: {'line': b'[  2%] Built target mimi_head__cpp\n'}
[0.354795] (mimi_head) StdoutLine: {'line': b'[ 11%] Built target mimi_head__rosidl_generator_c\n'}
[0.381579] (mimi_head) StdoutLine: {'line': b'[ 14%] \x1b[32mBuilding CXX object CMakeFiles/mimi_camera.dir/src/mimi_camera.cpp.o\x1b[0m\n'}
[0.394760] (mimi_head) StdoutLine: {'line': b'[ 20%] Built target mimi_monitor\n'}
[0.400639] (-) TimerEvent: {}
[0.505774] (-) TimerEvent: {}
[0.556045] (mimi_head) StdoutLine: {'line': b'[ 28%] Built target mimi_head__rosidl_typesupport_cpp\n'}
[0.565438] (mimi_head) StdoutLine: {'line': b'[ 28%] Built target ament_cmake_python_symlink_mimi_head\n'}
[0.606089] (mimi_head) StdoutLine: {'line': b'[ 37%] Built target mimi_head__rosidl_typesupport_fastrtps_c\n'}
[0.606787] (-) TimerEvent: {}
[0.711826] (-) TimerEvent: {}
[0.723367] (mimi_head) StdoutLine: {'line': b'[ 45%] Built target mimi_head__rosidl_typesupport_introspection_c\n'}
[0.747142] (mimi_head) StdoutLine: {'line': b'[ 54%] Built target mimi_head__rosidl_typesupport_fastrtps_cpp\n'}
[0.798505] (mimi_head) StdoutLine: {'line': b'[ 62%] Built target mimi_head__rosidl_typesupport_c\n'}
[0.811955] (-) TimerEvent: {}
[0.842813] (mimi_head) StdoutLine: {'line': b'[ 71%] Built target mimi_head__rosidl_typesupport_introspection_cpp\n'}
[0.912134] (-) TimerEvent: {}
[0.955249] (mimi_head) StdoutLine: {'line': b'[ 71%] Built target mimi_head\n'}
[1.012370] (-) TimerEvent: {}
[1.082563] (mimi_head) StdoutLine: {'line': b'[ 74%] Built target mimi_head__py\n'}
[1.112555] (-) TimerEvent: {}
[1.204995] (mimi_head) StdoutLine: {'line': b'[ 80%] Built target mimi_head__rosidl_generator_py\n'}
[1.212737] (-) TimerEvent: {}
[1.315380] (-) TimerEvent: {}
[1.392209] (mimi_head) StdoutLine: {'line': b'[ 85%] Built target mimi_head__rosidl_typesupport_fastrtps_c__pyext\n'}
[1.415622] (-) TimerEvent: {}
[1.456159] (mimi_head) StdoutLine: {'line': b'[ 91%] Built target mimi_head__rosidl_typesupport_introspection_c__pyext\n'}
[1.511071] (mimi_head) StdoutLine: {'line': b'[ 97%] Built target mimi_head__rosidl_typesupport_c__pyext\n'}
[1.516010] (-) TimerEvent: {}
[1.619286] (-) TimerEvent: {}
[1.723913] (-) TimerEvent: {}
[1.824596] (-) TimerEvent: {}
[1.925279] (-) TimerEvent: {}
[2.028174] (-) TimerEvent: {}
[2.130919] (-) TimerEvent: {}
[2.235411] (-) TimerEvent: {}
[2.339976] (-) TimerEvent: {}
[2.440780] (-) TimerEvent: {}
[2.445334] (mimi_head) StdoutLine: {'line': b'running egg_info\n'}
[2.448927] (mimi_head) StdoutLine: {'line': b'writing mimi_head.egg-info/PKG-INFO\n'}
[2.450063] (mimi_head) StdoutLine: {'line': b'writing dependency_links to mimi_head.egg-info/dependency_links.txt\n'}
[2.451317] (mimi_head) StdoutLine: {'line': b'writing top-level names to mimi_head.egg-info/top_level.txt\n'}
[2.465705] (mimi_head) StdoutLine: {'line': b"reading manifest file 'mimi_head.egg-info/SOURCES.txt'\n"}
[2.469058] (mimi_head) StdoutLine: {'line': b"writing manifest file 'mimi_head.egg-info/SOURCES.txt'\n"}
[2.517560] (mimi_head) StderrLine: {'line': b'\x1b[01m\x1b[K/home/mimi/mimi_ros2_ws/src/mimi_head/src/mimi_camera.cpp:10:10:\x1b[m\x1b[K \x1b[01;31m\x1b[Kfatal error: \x1b[m\x1b[Kmimi_head/msg/angle.hpp: No such file or directory\n'}
[2.519293] (mimi_head) StderrLine: {'line': b'   10 | #include \x1b[01;31m\x1b[K"mimi_head/msg/angle.hpp"\x1b[m\x1b[K\n'}
[2.521307] (mimi_head) StderrLine: {'line': b'      |          \x1b[01;31m\x1b[K^~~~~~~~~~~~~~~~~~~~~~~~~\x1b[m\x1b[K\n'}
[2.531148] (mimi_head) StderrLine: {'line': b'compilation terminated.\n'}
[2.541085] (-) TimerEvent: {}
[2.547776] (mimi_head) StderrLine: {'line': b'gmake[2]: *** [CMakeFiles/mimi_camera.dir/build.make:76: CMakeFiles/mimi_camera.dir/src/mimi_camera.cpp.o] Error 1\n'}
[2.549177] (mimi_head) StderrLine: {'line': b'gmake[1]: *** [CMakeFiles/Makefile2:184: CMakeFiles/mimi_camera.dir/all] Error 2\n'}
[2.550061] (mimi_head) StderrLine: {'line': b'gmake[1]: *** Waiting for unfinished jobs....\n'}
[2.628599] (mimi_head) StdoutLine: {'line': b'[ 97%] Built target ament_cmake_python_build_mimi_head_egg\n'}
[2.633344] (mimi_head) StderrLine: {'line': b'gmake: *** [Makefile:146: all] Error 2\n'}
[2.639994] (mimi_head) CommandEnded: {'returncode': 2}
[2.641405] (-) TimerEvent: {}
[2.745060] (-) TimerEvent: {}
[2.846286] (-) TimerEvent: {}
[2.947978] (-) TimerEvent: {}
[3.041134] (mimi_head) JobEnded: {'identifier': 'mimi_head', 'rc': 2}
[3.046495] (-) EventReactorShutdown: {}
