[0.000000] (-) TimerEvent: {}
[0.001894] (mimi_head) JobQueued: {'identifier': 'mimi_head', 'dependencies': OrderedDict()}
[0.002653] (mimi_head) JobStarted: {'identifier': 'mimi_head'}
[0.052007] (mimi_head) JobProgress: {'identifier': 'mimi_head', 'progress': 'cmake'}
[0.055136] (mimi_head) JobProgress: {'identifier': 'mimi_head', 'progress': 'build'}
[0.058118] (mimi_head) Command: {'cmd': ['/usr/bin/cmake', '--build', '/home/mimi/mimi_ros2_ws/build/mimi_head', '--', '-j4', '-l4'], 'cwd': '/home/mimi/mimi_ros2_ws/build/mimi_head', 'env': OrderedDict([('LESSOPEN', '| /usr/bin/lesspipe %s'), ('USER', 'mimi'), ('SSH_CLIENT', '192.168.1.102 65512 22'), ('LC_TIME', 'th_TH.UTF-8'), ('XDG_SESSION_TYPE', 'tty'), ('GIT_ASKPASS', '/home/mimi/.vscode-server/bin/252e5463d60e63238250799aef7375787f68b4ee/extensions/git/dist/askpass.sh'), ('SHLVL', '0'), ('LD_LIBRARY_PATH', '/opt/ros/humble/opt/rviz_ogre_vendor/lib:/opt/ros/humble/lib/aarch64-linux-gnu:/opt/ros/humble/lib'), ('BROWSER', '/home/mimi/.vscode-server/bin/252e5463d60e63238250799aef7375787f68b4ee/bin/helpers/browser.sh'), ('MOTD_SHOWN', 'pam'), ('HOME', '/home/mimi'), ('TERM_PROGRAM_VERSION', '1.78.0'), ('VSCODE_IPC_HOOK_CLI', '/run/user/1000/vscode-ipc-bc693d1d-3297-491d-b720-49209c082252.sock'), ('ROS_PYTHON_VERSION', '3'), ('VSCODE_GIT_ASKPASS_MAIN', '/home/mimi/.vscode-server/bin/252e5463d60e63238250799aef7375787f68b4ee/extensions/git/dist/askpass-main.js'), ('LC_MONETARY', 'th_TH.UTF-8'), ('VSCODE_GIT_ASKPASS_NODE', '/home/mimi/.vscode-server/bin/252e5463d60e63238250799aef7375787f68b4ee/node'), ('DBUS_SESSION_BUS_ADDRESS', 'unix:path=/run/user/1000/bus'), ('COLORTERM', 'truecolor'), ('ROS_DISTRO', 'humble'), ('LOGNAME', 'mimi'), ('_', '/usr/bin/colcon'), ('ROS_VERSION', '2'), ('XDG_SESSION_CLASS', 'user'), ('TERM', 'xterm-256color'), ('XDG_SESSION_ID', '2'), ('ROS_LOCALHOST_ONLY', '0'), ('PATH', '/home/mimi/.vscode-server/bin/252e5463d60e63238250799aef7375787f68b4ee/bin/remote-cli:/home/mimi/.local/bin:/opt/ros/humble/bin:/usr/local/sbin:/usr/local/bin:/usr/sbin:/usr/bin:/sbin:/bin:/usr/games:/usr/local/games:/snap/bin'), ('LC_ADDRESS', 'th_TH.UTF-8'), ('XDG_RUNTIME_DIR', '/run/user/1000'), ('LANG', 'en_US.UTF-8'), ('LC_TELEPHONE', 'th_TH.UTF-8'), ('LS_COLORS', ''), ('VSCODE_GIT_IPC_HANDLE', '/run/user/1000/vscode-git-bb3d78543e.sock'), ('TERM_PROGRAM', 'vscode'), ('AMENT_PREFIX_PATH', '/opt/ros/humble'), ('SHELL', '/bin/bash'), ('LC_NAME', 'th_TH.UTF-8'), ('LESSCLOSE', '/usr/bin/lesspipe %s %s'), ('LC_MEASUREMENT', 'th_TH.UTF-8'), ('LC_IDENTIFICATION', 'th_TH.UTF-8'), ('VSCODE_GIT_ASKPASS_EXTRA_ARGS', ''), ('PWD', '/home/mimi/mimi_ros2_ws/build/mimi_head'), ('SSH_CONNECTION', '192.168.1.102 65512 192.168.1.100 22'), ('XDG_DATA_DIRS', '/usr/share/gnome:/usr/local/share:/usr/share:/var/lib/snapd/desktop'), ('PYTHONPATH', '/opt/ros/humble/lib/python3.10/site-packages:/opt/ros/humble/local/lib/python3.10/dist-packages'), ('LC_NUMERIC', 'th_TH.UTF-8'), ('LC_PAPER', 'th_TH.UTF-8'), ('COLCON', '1'), ('CMAKE_PREFIX_PATH', '/opt/ros/humble')]), 'shell': False}
[0.099209] (-) TimerEvent: {}
[0.200018] (-) TimerEvent: {}
[0.244478] (mimi_head) StdoutLine: {'line': b'\x1b[35m\x1b[1mConsolidate compiler generated dependencies of target mimi_camera\x1b[0m\n'}
[0.300271] (-) TimerEvent: {}
[0.348622] (mimi_head) StdoutLine: {'line': b'[ 50%] \x1b[32mBuilding CXX object CMakeFiles/mimi_camera.dir/src/mimi_camera.cpp.o\x1b[0m\n'}
[0.400456] (-) TimerEvent: {}
[0.501198] (-) TimerEvent: {}
[0.602201] (-) TimerEvent: {}
[0.703200] (-) TimerEvent: {}
[0.803896] (-) TimerEvent: {}
[0.904651] (-) TimerEvent: {}
[1.005725] (-) TimerEvent: {}
[1.110639] (-) TimerEvent: {}
[1.211681] (-) TimerEvent: {}
[1.312813] (-) TimerEvent: {}
[1.414292] (-) TimerEvent: {}
[1.515108] (-) TimerEvent: {}
[1.616071] (-) TimerEvent: {}
[1.717135] (-) TimerEvent: {}
[1.818181] (-) TimerEvent: {}
[1.919176] (-) TimerEvent: {}
[2.020264] (-) TimerEvent: {}
[2.121319] (-) TimerEvent: {}
[2.222245] (-) TimerEvent: {}
[2.324266] (-) TimerEvent: {}
[2.425346] (-) TimerEvent: {}
[2.526658] (-) TimerEvent: {}
[2.627555] (-) TimerEvent: {}
[2.728522] (-) TimerEvent: {}
[2.829475] (-) TimerEvent: {}
[2.932147] (-) TimerEvent: {}
[3.033255] (-) TimerEvent: {}
[3.134370] (-) TimerEvent: {}
[3.235335] (-) TimerEvent: {}
[3.336414] (-) TimerEvent: {}
[3.437342] (-) TimerEvent: {}
[3.538218] (-) TimerEvent: {}
[3.639455] (-) TimerEvent: {}
[3.740604] (-) TimerEvent: {}
[3.841721] (-) TimerEvent: {}
[3.942790] (-) TimerEvent: {}
[4.043887] (-) TimerEvent: {}
[4.144891] (-) TimerEvent: {}
[4.246013] (-) TimerEvent: {}
[4.347273] (-) TimerEvent: {}
[4.448206] (-) TimerEvent: {}
[4.549159] (-) TimerEvent: {}
[4.650141] (-) TimerEvent: {}
[4.751078] (-) TimerEvent: {}
[4.852092] (-) TimerEvent: {}
[4.953502] (-) TimerEvent: {}
[5.054511] (-) TimerEvent: {}
[5.155472] (-) TimerEvent: {}
[5.256382] (-) TimerEvent: {}
[5.357277] (-) TimerEvent: {}
[5.458684] (-) TimerEvent: {}
[5.559794] (-) TimerEvent: {}
[5.662231] (-) TimerEvent: {}
[5.763299] (-) TimerEvent: {}
[5.864308] (-) TimerEvent: {}
[5.965329] (-) TimerEvent: {}
[6.066441] (-) TimerEvent: {}
[6.167508] (-) TimerEvent: {}
[6.268785] (-) TimerEvent: {}
[6.370103] (-) TimerEvent: {}
[6.471697] (-) TimerEvent: {}
[6.572802] (-) TimerEvent: {}
[6.673910] (-) TimerEvent: {}
[6.774870] (-) TimerEvent: {}
[6.875968] (-) TimerEvent: {}
[6.976951] (-) TimerEvent: {}
[7.078344] (-) TimerEvent: {}
[7.183857] (-) TimerEvent: {}
[7.285378] (-) TimerEvent: {}
[7.386358] (-) TimerEvent: {}
[7.487159] (-) TimerEvent: {}
[7.588087] (-) TimerEvent: {}
[7.689118] (-) TimerEvent: {}
[7.790064] (-) TimerEvent: {}
[7.890915] (-) TimerEvent: {}
[7.991771] (-) TimerEvent: {}
[8.092615] (-) TimerEvent: {}
[8.193599] (-) TimerEvent: {}
[8.294552] (-) TimerEvent: {}
[8.395581] (-) TimerEvent: {}
[8.496808] (-) TimerEvent: {}
[8.598462] (-) TimerEvent: {}
[8.700615] (-) TimerEvent: {}
[8.801913] (-) TimerEvent: {}
[8.902848] (-) TimerEvent: {}
[9.003737] (-) TimerEvent: {}
[9.104723] (-) TimerEvent: {}
[9.205679] (-) TimerEvent: {}
[9.306755] (-) TimerEvent: {}
[9.407770] (-) TimerEvent: {}
[9.508928] (-) TimerEvent: {}
[9.610236] (-) TimerEvent: {}
[9.711775] (-) TimerEvent: {}
[9.812878] (-) TimerEvent: {}
[9.913893] (-) TimerEvent: {}
[10.015020] (-) TimerEvent: {}
[10.115874] (-) TimerEvent: {}
[10.216736] (-) TimerEvent: {}
[10.317774] (-) TimerEvent: {}
[10.418843] (-) TimerEvent: {}
[10.519743] (-) TimerEvent: {}
[10.620585] (-) TimerEvent: {}
[10.721432] (-) TimerEvent: {}
[10.822311] (-) TimerEvent: {}
[10.923152] (-) TimerEvent: {}
[11.024072] (-) TimerEvent: {}
[11.125062] (-) TimerEvent: {}
[11.226001] (-) TimerEvent: {}
[11.326855] (-) TimerEvent: {}
[11.427697] (-) TimerEvent: {}
[11.528575] (-) TimerEvent: {}
[11.629463] (-) TimerEvent: {}
[11.730405] (-) TimerEvent: {}
[11.831346] (-) TimerEvent: {}
[11.932205] (-) TimerEvent: {}
[12.033064] (-) TimerEvent: {}
[12.133985] (-) TimerEvent: {}
[12.234853] (-) TimerEvent: {}
[12.335664] (-) TimerEvent: {}
[12.436638] (-) TimerEvent: {}
[12.537492] (-) TimerEvent: {}
[12.638360] (-) TimerEvent: {}
[12.739232] (-) TimerEvent: {}
[12.840149] (-) TimerEvent: {}
[12.941018] (-) TimerEvent: {}
[13.041988] (-) TimerEvent: {}
[13.142813] (-) TimerEvent: {}
[13.243659] (-) TimerEvent: {}
[13.344569] (-) TimerEvent: {}
[13.445428] (-) TimerEvent: {}
[13.546308] (-) TimerEvent: {}
[13.647164] (-) TimerEvent: {}
[13.748050] (-) TimerEvent: {}
[13.848919] (-) TimerEvent: {}
[13.949801] (-) TimerEvent: {}
[14.050753] (-) TimerEvent: {}
[14.151768] (-) TimerEvent: {}
[14.252639] (-) TimerEvent: {}
[14.353488] (-) TimerEvent: {}
[14.454391] (-) TimerEvent: {}
[14.555233] (-) TimerEvent: {}
[14.656094] (-) TimerEvent: {}
[14.756943] (-) TimerEvent: {}
[14.857825] (-) TimerEvent: {}
[14.958709] (-) TimerEvent: {}
[15.059902] (-) TimerEvent: {}
[15.160759] (-) TimerEvent: {}
[15.261655] (-) TimerEvent: {}
[15.362597] (-) TimerEvent: {}
[15.463471] (-) TimerEvent: {}
[15.564306] (-) TimerEvent: {}
[15.665147] (-) TimerEvent: {}
[15.747137] (mimi_head) StderrLine: {'line': b'\x1b[01m\x1b[K/home/mimi/mimi_ros2_ws/src/mimi_head/src/mimi_camera.cpp:\x1b[m\x1b[K In constructor \xe2\x80\x98\x1b[01m\x1b[KMimiCameraNode::MimiCameraNode()\x1b[m\x1b[K\xe2\x80\x99:\n'}
[15.748033] (mimi_head) StderrLine: {'line': b'\x1b[01m\x1b[K/home/mimi/mimi_ros2_ws/src/mimi_head/src/mimi_camera.cpp:23:28:\x1b[m\x1b[K \x1b[01;31m\x1b[Kerror: \x1b[m\x1b[K\xe2\x80\x98\x1b[01m\x1b[KsignalHandler\x1b[m\x1b[K\xe2\x80\x99 was not declared in this scope; did you mean \xe2\x80\x98\x1b[01m\x1b[Ksa_handler\x1b[m\x1b[K\xe2\x80\x99?\n'}
[15.748516] (mimi_head) StderrLine: {'line': b'   23 |             signal(SIGINT, \x1b[01;31m\x1b[KsignalHandler\x1b[m\x1b[K);\n'}
[15.748938] (mimi_head) StderrLine: {'line': b'      |                            \x1b[01;31m\x1b[K^~~~~~~~~~~~~\x1b[m\x1b[K\n'}
[15.749357] (mimi_head) StderrLine: {'line': b'      |                            \x1b[32m\x1b[Ksa_handler\x1b[m\x1b[K\n'}
[15.765339] (-) TimerEvent: {}
[15.782270] (mimi_head) StderrLine: {'line': b'\x1b[01m\x1b[K/home/mimi/mimi_ros2_ws/src/mimi_head/src/mimi_camera.cpp:\x1b[m\x1b[K In function \xe2\x80\x98\x1b[01m\x1b[Kvoid signalHandler(int)\x1b[m\x1b[K\xe2\x80\x99:\n'}
[15.782959] (mimi_head) StderrLine: {'line': b'\x1b[01m\x1b[K/home/mimi/mimi_ros2_ws/src/mimi_head/src/mimi_camera.cpp:141:24:\x1b[m\x1b[K \x1b[01;35m\x1b[Kwarning: \x1b[m\x1b[Kunused parameter \xe2\x80\x98\x1b[01m\x1b[Ksignal\x1b[m\x1b[K\xe2\x80\x99 [\x1b[01;35m\x1b[K\x1b]8;;https://gcc.gnu.org/onlinedocs/gcc/Warning-Options.html#index-Wunused-parameter\x07-Wunused-parameter\x1b]8;;\x07\x1b[m\x1b[K]\n'}
[15.783427] (mimi_head) StderrLine: {'line': b'  141 | void signalHandler(\x1b[01;35m\x1b[Kint signal\x1b[m\x1b[K)\n'}
[15.783824] (mimi_head) StderrLine: {'line': b'      |                    \x1b[01;35m\x1b[K~~~~^~~~~~\x1b[m\x1b[K\n'}
[15.865540] (-) TimerEvent: {}
[15.966448] (-) TimerEvent: {}
[16.067439] (-) TimerEvent: {}
[16.168308] (-) TimerEvent: {}
[16.269191] (-) TimerEvent: {}
[16.370108] (-) TimerEvent: {}
[16.470938] (-) TimerEvent: {}
[16.571781] (-) TimerEvent: {}
[16.672682] (-) TimerEvent: {}
[16.773685] (-) TimerEvent: {}
[16.874561] (-) TimerEvent: {}
[16.975420] (-) TimerEvent: {}
[17.076265] (-) TimerEvent: {}
[17.177107] (-) TimerEvent: {}
[17.278122] (-) TimerEvent: {}
[17.378993] (-) TimerEvent: {}
[17.480070] (-) TimerEvent: {}
[17.580950] (-) TimerEvent: {}
[17.681876] (-) TimerEvent: {}
[17.782790] (-) TimerEvent: {}
[17.883650] (-) TimerEvent: {}
[17.984519] (-) TimerEvent: {}
[18.085380] (-) TimerEvent: {}
[18.186244] (-) TimerEvent: {}
[18.287079] (-) TimerEvent: {}
[18.387932] (-) TimerEvent: {}
[18.488776] (-) TimerEvent: {}
[18.589605] (-) TimerEvent: {}
[18.690499] (-) TimerEvent: {}
[18.791428] (-) TimerEvent: {}
[18.892266] (-) TimerEvent: {}
[18.993213] (-) TimerEvent: {}
[19.094108] (-) TimerEvent: {}
[19.194937] (-) TimerEvent: {}
[19.295834] (-) TimerEvent: {}
[19.396631] (-) TimerEvent: {}
[19.497470] (-) TimerEvent: {}
[19.598320] (-) TimerEvent: {}
[19.699169] (-) TimerEvent: {}
[19.800064] (-) TimerEvent: {}
[19.901212] (-) TimerEvent: {}
[19.987699] (mimi_head) StderrLine: {'line': b'gmake[2]: *** [CMakeFiles/mimi_camera.dir/build.make:76: CMakeFiles/mimi_camera.dir/src/mimi_camera.cpp.o] Error 1\n'}
[19.988614] (mimi_head) StderrLine: {'line': b'gmake[1]: *** [CMakeFiles/Makefile2:137: CMakeFiles/mimi_camera.dir/all] Error 2\n'}
[19.989554] (mimi_head) StderrLine: {'line': b'gmake: *** [Makefile:146: all] Error 2\n'}
[19.996279] (mimi_head) CommandEnded: {'returncode': 2}
[20.001650] (-) TimerEvent: {}
[20.103480] (-) TimerEvent: {}
[20.206167] (-) TimerEvent: {}
[20.241737] (mimi_head) JobEnded: {'identifier': 'mimi_head', 'rc': 2}
[20.254569] (-) EventReactorShutdown: {}
