[0.000000] (-) TimerEvent: {}
[0.001229] (mimi_head) JobQueued: {'identifier': 'mimi_head', 'dependencies': OrderedDict()}
[0.002806] (mimi_head) JobStarted: {'identifier': 'mimi_head'}
[0.084694] (mimi_head) JobProgress: {'identifier': 'mimi_head', 'progress': 'cmake'}
[0.089266] (mimi_head) JobProgress: {'identifier': 'mimi_head', 'progress': 'build'}
[0.092854] (mimi_head) Command: {'cmd': ['/usr/bin/cmake', '--build', '/home/mimi/mimi_ros2_ws/build/mimi_head', '--', '-j4', '-l4'], 'cwd': '/home/mimi/mimi_ros2_ws/build/mimi_head', 'env': OrderedDict([('LESSOPEN', '| /usr/bin/lesspipe %s'), ('USER', 'mimi'), ('SSH_CLIENT', '192.168.1.102 52030 22'), ('LC_TIME', 'th_TH.UTF-8'), ('XDG_SESSION_TYPE', 'tty'), ('GIT_ASKPASS', '/home/mimi/.vscode-server/bin/6a995c4f4cc2ced6e3237749973982e751cb0bf9/extensions/git/dist/askpass.sh'), ('SHLVL', '0'), ('LD_LIBRARY_PATH', '/opt/ros/humble/opt/rviz_ogre_vendor/lib:/opt/ros/humble/lib/aarch64-linux-gnu:/opt/ros/humble/lib'), ('BROWSER', '/home/mimi/.vscode-server/bin/6a995c4f4cc2ced6e3237749973982e751cb0bf9/bin/helpers/browser.sh'), ('MOTD_SHOWN', 'pam'), ('HOME', '/home/mimi'), ('TERM_PROGRAM_VERSION', '1.78.1'), ('VSCODE_IPC_HOOK_CLI', '/run/user/1000/vscode-ipc-3bd8ee6b-5f7d-4bdf-9e72-e2d6b186f253.sock'), ('ROS_PYTHON_VERSION', '3'), ('VSCODE_GIT_ASKPASS_MAIN', '/home/mimi/.vscode-server/bin/6a995c4f4cc2ced6e3237749973982e751cb0bf9/extensions/git/dist/askpass-main.js'), ('LC_MONETARY', 'th_TH.UTF-8'), ('VSCODE_GIT_ASKPASS_NODE', '/home/mimi/.vscode-server/bin/6a995c4f4cc2ced6e3237749973982e751cb0bf9/node'), ('DBUS_SESSION_BUS_ADDRESS', 'unix:path=/run/user/1000/bus'), ('COLORTERM', 'truecolor'), ('ROS_DISTRO', 'humble'), ('LOGNAME', 'mimi'), ('_', '/usr/bin/colcon'), ('ROS_VERSION', '2'), ('XDG_SESSION_CLASS', 'user'), ('TERM', 'xterm-256color'), ('XDG_SESSION_ID', '4'), ('ROS_LOCALHOST_ONLY', '0'), ('PATH', '/home/mimi/.vscode-server/bin/6a995c4f4cc2ced6e3237749973982e751cb0bf9/bin/remote-cli:/home/mimi/.local/bin:/opt/ros/humble/bin:/usr/local/sbin:/usr/local/bin:/usr/sbin:/usr/bin:/sbin:/bin:/usr/games:/usr/local/games:/snap/bin'), ('LC_ADDRESS', 'th_TH.UTF-8'), ('XDG_RUNTIME_DIR', '/run/user/1000'), ('LANG', 'en_US.UTF-8'), ('LC_TELEPHONE', 'th_TH.UTF-8'), ('LS_COLORS', ''), ('VSCODE_GIT_IPC_HANDLE', '/run/user/1000/vscode-git-bb3d78543e.sock'), ('TERM_PROGRAM', 'vscode'), ('AMENT_PREFIX_PATH', '/opt/ros/humble'), ('SHELL', '/bin/bash'), ('LC_NAME', 'th_TH.UTF-8'), ('LESSCLOSE', '/usr/bin/lesspipe %s %s'), ('LC_MEASUREMENT', 'th_TH.UTF-8'), ('LC_IDENTIFICATION', 'th_TH.UTF-8'), ('VSCODE_GIT_ASKPASS_EXTRA_ARGS', ''), ('PWD', '/home/mimi/mimi_ros2_ws/build/mimi_head'), ('SSH_CONNECTION', '192.168.1.102 52030 192.168.1.100 22'), ('XDG_DATA_DIRS', '/usr/share/gnome:/usr/local/share:/usr/share:/var/lib/snapd/desktop'), ('PYTHONPATH', '/opt/ros/humble/lib/python3.10/site-packages:/opt/ros/humble/local/lib/python3.10/dist-packages'), ('LC_NUMERIC', 'th_TH.UTF-8'), ('LC_PAPER', 'th_TH.UTF-8'), ('COLCON', '1'), ('CMAKE_PREFIX_PATH', '/opt/ros/humble')]), 'shell': False}
[0.098967] (-) TimerEvent: {}
[0.199833] (-) TimerEvent: {}
[0.301148] (-) TimerEvent: {}
[0.342374] (mimi_head) StdoutLine: {'line': b'\x1b[35m\x1b[1mConsolidate compiler generated dependencies of target mimi_monitor\x1b[0m\n'}
[0.401354] (-) TimerEvent: {}
[0.440539] (mimi_head) StdoutLine: {'line': b'[ 25%] \x1b[32mBuilding CXX object CMakeFiles/mimi_camera.dir/src/mimi_camera.cpp.o\x1b[0m\n'}
[0.450954] (mimi_head) StdoutLine: {'line': b'[ 75%] Built target mimi_monitor\n'}
[0.501594] (-) TimerEvent: {}
[0.602520] (-) TimerEvent: {}
[0.704646] (-) TimerEvent: {}
[0.805488] (-) TimerEvent: {}
[0.906734] (-) TimerEvent: {}
[1.007690] (-) TimerEvent: {}
[1.108790] (-) TimerEvent: {}
[1.209807] (-) TimerEvent: {}
[1.311020] (-) TimerEvent: {}
[1.412281] (-) TimerEvent: {}
[1.513215] (-) TimerEvent: {}
[1.614133] (-) TimerEvent: {}
[1.715024] (-) TimerEvent: {}
[1.815931] (-) TimerEvent: {}
[1.916807] (-) TimerEvent: {}
[2.017698] (-) TimerEvent: {}
[2.118565] (-) TimerEvent: {}
[2.219540] (-) TimerEvent: {}
[2.320548] (-) TimerEvent: {}
[2.421773] (-) TimerEvent: {}
[2.522856] (-) TimerEvent: {}
[2.623806] (-) TimerEvent: {}
[2.724656] (-) TimerEvent: {}
[2.825547] (-) TimerEvent: {}
[2.926513] (-) TimerEvent: {}
[3.027455] (-) TimerEvent: {}
[3.128370] (-) TimerEvent: {}
[3.229390] (-) TimerEvent: {}
[3.330476] (-) TimerEvent: {}
[3.431511] (-) TimerEvent: {}
[3.532490] (-) TimerEvent: {}
[3.633571] (-) TimerEvent: {}
[3.735140] (-) TimerEvent: {}
[3.836163] (-) TimerEvent: {}
[3.937254] (-) TimerEvent: {}
[4.038353] (-) TimerEvent: {}
[4.139606] (-) TimerEvent: {}
[4.240909] (-) TimerEvent: {}
[4.341968] (-) TimerEvent: {}
[4.443931] (-) TimerEvent: {}
[4.544926] (-) TimerEvent: {}
[4.645985] (-) TimerEvent: {}
[4.747013] (-) TimerEvent: {}
[4.848012] (-) TimerEvent: {}
[4.949043] (-) TimerEvent: {}
[5.049985] (-) TimerEvent: {}
[5.151242] (-) TimerEvent: {}
[5.252233] (-) TimerEvent: {}
[5.353234] (-) TimerEvent: {}
[5.455133] (-) TimerEvent: {}
[5.556151] (-) TimerEvent: {}
[5.657163] (-) TimerEvent: {}
[5.758641] (-) TimerEvent: {}
[5.859851] (-) TimerEvent: {}
[5.960816] (-) TimerEvent: {}
[6.061699] (-) TimerEvent: {}
[6.162639] (-) TimerEvent: {}
[6.263619] (-) TimerEvent: {}
[6.879676] (-) TimerEvent: {}
[6.980726] (-) TimerEvent: {}
[7.081639] (-) TimerEvent: {}
[7.182564] (-) TimerEvent: {}
[7.283668] (-) TimerEvent: {}
[7.384844] (-) TimerEvent: {}
[7.486003] (-) TimerEvent: {}
[7.586965] (-) TimerEvent: {}
[7.687864] (-) TimerEvent: {}
[7.788805] (-) TimerEvent: {}
[7.889795] (-) TimerEvent: {}
[7.990734] (-) TimerEvent: {}
[8.091709] (-) TimerEvent: {}
[8.192758] (-) TimerEvent: {}
[8.293667] (-) TimerEvent: {}
[8.394557] (-) TimerEvent: {}
[8.495507] (-) TimerEvent: {}
[8.596406] (-) TimerEvent: {}
[8.697230] (-) TimerEvent: {}
[8.798191] (-) TimerEvent: {}
[8.899164] (-) TimerEvent: {}
[9.000001] (-) TimerEvent: {}
[9.100862] (-) TimerEvent: {}
[9.201845] (-) TimerEvent: {}
[9.302943] (-) TimerEvent: {}
[9.403890] (-) TimerEvent: {}
[9.504767] (-) TimerEvent: {}
[9.605614] (-) TimerEvent: {}
[9.706479] (-) TimerEvent: {}
[9.807307] (-) TimerEvent: {}
[9.908164] (-) TimerEvent: {}
[10.008998] (-) TimerEvent: {}
[10.110217] (-) TimerEvent: {}
[10.211234] (-) TimerEvent: {}
[10.312134] (-) TimerEvent: {}
[10.413061] (-) TimerEvent: {}
[10.514040] (-) TimerEvent: {}
[10.614943] (-) TimerEvent: {}
[10.715892] (-) TimerEvent: {}
[10.816874] (-) TimerEvent: {}
[10.917819] (-) TimerEvent: {}
[11.018899] (-) TimerEvent: {}
[11.119982] (-) TimerEvent: {}
[11.221051] (-) TimerEvent: {}
[11.322346] (-) TimerEvent: {}
[11.546800] (-) TimerEvent: {}
[11.647638] (-) TimerEvent: {}
[11.748540] (-) TimerEvent: {}
[11.849616] (-) TimerEvent: {}
[11.950496] (-) TimerEvent: {}
[12.051375] (-) TimerEvent: {}
[12.152311] (-) TimerEvent: {}
[12.253194] (-) TimerEvent: {}
[12.354056] (-) TimerEvent: {}
[12.454986] (-) TimerEvent: {}
[12.555830] (-) TimerEvent: {}
[12.656675] (-) TimerEvent: {}
[12.757540] (-) TimerEvent: {}
[12.858424] (-) TimerEvent: {}
[12.959285] (-) TimerEvent: {}
[13.060226] (-) TimerEvent: {}
[13.161108] (-) TimerEvent: {}
[13.262041] (-) TimerEvent: {}
[13.362873] (-) TimerEvent: {}
[13.463677] (-) TimerEvent: {}
[13.564499] (-) TimerEvent: {}
[13.665366] (-) TimerEvent: {}
[13.766288] (-) TimerEvent: {}
[13.867104] (-) TimerEvent: {}
[13.967924] (-) TimerEvent: {}
[14.068734] (-) TimerEvent: {}
[14.169575] (-) TimerEvent: {}
[14.270422] (-) TimerEvent: {}
[14.371291] (-) TimerEvent: {}
[14.472183] (-) TimerEvent: {}
[14.573107] (-) TimerEvent: {}
[14.673996] (-) TimerEvent: {}
[14.774873] (-) TimerEvent: {}
[14.875831] (-) TimerEvent: {}
[14.976687] (-) TimerEvent: {}
[15.077502] (-) TimerEvent: {}
[15.169628] (mimi_head) StderrLine: {'line': b'\x1b[01m\x1b[K/home/mimi/mimi_ros2_ws/src/mimi_head/src/mimi_camera.cpp:\x1b[m\x1b[K In function \xe2\x80\x98\x1b[01m\x1b[Kvoid sigint_handler(int)\x1b[m\x1b[K\xe2\x80\x99:\n'}
[15.171715] (mimi_head) StderrLine: {'line': b'\x1b[01m\x1b[K/home/mimi/mimi_ros2_ws/src/mimi_head/src/mimi_camera.cpp:114:25:\x1b[m\x1b[K \x1b[01;35m\x1b[Kwarning: \x1b[m\x1b[Kunused parameter \xe2\x80\x98\x1b[01m\x1b[Ksig\x1b[m\x1b[K\xe2\x80\x99 [\x1b[01;35m\x1b[K\x1b]8;;https://gcc.gnu.org/onlinedocs/gcc/Warning-Options.html#index-Wunused-parameter\x07-Wunused-parameter\x1b]8;;\x07\x1b[m\x1b[K]\n'}
[15.172637] (mimi_head) StderrLine: {'line': b'  114 | void sigint_handler(\x1b[01;35m\x1b[Kint sig\x1b[m\x1b[K)\n'}
[15.173290] (mimi_head) StderrLine: {'line': b'      |                     \x1b[01;35m\x1b[K~~~~^~~\x1b[m\x1b[K\n'}
[15.177733] (-) TimerEvent: {}
[15.278795] (-) TimerEvent: {}
[15.379784] (-) TimerEvent: {}
[15.480879] (-) TimerEvent: {}
[15.581792] (-) TimerEvent: {}
[15.683194] (-) TimerEvent: {}
[15.787511] (-) TimerEvent: {}
[15.888870] (-) TimerEvent: {}
[15.989816] (-) TimerEvent: {}
[16.090867] (-) TimerEvent: {}
[16.191977] (-) TimerEvent: {}
[16.293209] (-) TimerEvent: {}
[16.394190] (-) TimerEvent: {}
[16.495060] (-) TimerEvent: {}
[16.596003] (-) TimerEvent: {}
[16.696836] (-) TimerEvent: {}
[16.797673] (-) TimerEvent: {}
[16.898612] (-) TimerEvent: {}
[16.999560] (-) TimerEvent: {}
[17.100570] (-) TimerEvent: {}
[17.201454] (-) TimerEvent: {}
[17.302591] (-) TimerEvent: {}
[17.403739] (-) TimerEvent: {}
[17.504779] (-) TimerEvent: {}
[17.605754] (-) TimerEvent: {}
[17.706758] (-) TimerEvent: {}
[17.807683] (-) TimerEvent: {}
[17.908660] (-) TimerEvent: {}
[18.009598] (-) TimerEvent: {}
[18.110711] (-) TimerEvent: {}
[18.211744] (-) TimerEvent: {}
[18.312840] (-) TimerEvent: {}
[18.413957] (-) TimerEvent: {}
[18.515479] (-) TimerEvent: {}
[18.616702] (-) TimerEvent: {}
[18.717743] (-) TimerEvent: {}
[18.818839] (-) TimerEvent: {}
[18.919746] (-) TimerEvent: {}
[19.020568] (-) TimerEvent: {}
[19.121408] (-) TimerEvent: {}
[19.222292] (-) TimerEvent: {}
[19.323173] (-) TimerEvent: {}
[19.424026] (-) TimerEvent: {}
[19.524957] (-) TimerEvent: {}
[19.626159] (-) TimerEvent: {}
[19.726948] (-) TimerEvent: {}
[19.827796] (-) TimerEvent: {}
[19.928861] (-) TimerEvent: {}
[20.030883] (-) TimerEvent: {}
[20.131756] (-) TimerEvent: {}
[20.232702] (-) TimerEvent: {}
[20.333725] (-) TimerEvent: {}
[20.434573] (-) TimerEvent: {}
[20.535583] (-) TimerEvent: {}
[20.636539] (-) TimerEvent: {}
[20.737505] (-) TimerEvent: {}
[20.838460] (-) TimerEvent: {}
[20.939415] (-) TimerEvent: {}
[21.040584] (-) TimerEvent: {}
[21.141603] (-) TimerEvent: {}
[21.242854] (-) TimerEvent: {}
[21.350786] (-) TimerEvent: {}
[21.451600] (-) TimerEvent: {}
[21.552552] (-) TimerEvent: {}
[21.653540] (-) TimerEvent: {}
[21.754640] (-) TimerEvent: {}
[21.855781] (-) TimerEvent: {}
[21.957308] (-) TimerEvent: {}
[22.059791] (-) TimerEvent: {}
[22.160661] (-) TimerEvent: {}
[22.261520] (-) TimerEvent: {}
[22.362407] (-) TimerEvent: {}
[22.463329] (-) TimerEvent: {}
[22.564444] (-) TimerEvent: {}
[22.665327] (-) TimerEvent: {}
[22.766252] (-) TimerEvent: {}
[22.867068] (-) TimerEvent: {}
[22.967957] (-) TimerEvent: {}
[23.068917] (-) TimerEvent: {}
[23.170073] (-) TimerEvent: {}
[23.270861] (-) TimerEvent: {}
[23.371834] (-) TimerEvent: {}
[23.472675] (-) TimerEvent: {}
[23.573808] (-) TimerEvent: {}
[23.674760] (-) TimerEvent: {}
[23.775790] (-) TimerEvent: {}
[23.876858] (-) TimerEvent: {}
[23.977975] (-) TimerEvent: {}
[24.078966] (-) TimerEvent: {}
[24.179944] (-) TimerEvent: {}
[24.281090] (-) TimerEvent: {}
[24.381967] (-) TimerEvent: {}
[24.482870] (-) TimerEvent: {}
[24.583685] (-) TimerEvent: {}
[24.684509] (-) TimerEvent: {}
[24.785393] (-) TimerEvent: {}
[24.886360] (-) TimerEvent: {}
[24.987268] (-) TimerEvent: {}
[25.088026] (-) TimerEvent: {}
[25.188842] (-) TimerEvent: {}
[25.289804] (-) TimerEvent: {}
[25.390756] (-) TimerEvent: {}
[25.491550] (-) TimerEvent: {}
[25.592343] (-) TimerEvent: {}
[25.693159] (-) TimerEvent: {}
[25.793973] (-) TimerEvent: {}
[25.894744] (-) TimerEvent: {}
[25.995650] (-) TimerEvent: {}
[26.096915] (-) TimerEvent: {}
[26.197987] (-) TimerEvent: {}
[26.263973] (mimi_head) StdoutLine: {'line': b'[100%] \x1b[32m\x1b[1mLinking CXX executable mimi_camera\x1b[0m\n'}
[26.298170] (-) TimerEvent: {}
[26.399010] (-) TimerEvent: {}
[26.499792] (-) TimerEvent: {}
[26.600643] (-) TimerEvent: {}
[26.701707] (-) TimerEvent: {}
[26.802628] (-) TimerEvent: {}
[26.903626] (-) TimerEvent: {}
[27.004954] (-) TimerEvent: {}
[27.106115] (-) TimerEvent: {}
[27.207136] (-) TimerEvent: {}
[27.308310] (-) TimerEvent: {}
[27.409224] (-) TimerEvent: {}
[27.510234] (-) TimerEvent: {}
[27.611111] (-) TimerEvent: {}
[27.712035] (-) TimerEvent: {}
[27.812866] (-) TimerEvent: {}
[27.913724] (-) TimerEvent: {}
[28.014688] (-) TimerEvent: {}
[28.115501] (-) TimerEvent: {}
[28.216410] (-) TimerEvent: {}
[28.317254] (-) TimerEvent: {}
[28.418196] (-) TimerEvent: {}
[28.519117] (-) TimerEvent: {}
[28.620035] (-) TimerEvent: {}
[28.720852] (-) TimerEvent: {}
[28.821624] (-) TimerEvent: {}
[28.922687] (-) TimerEvent: {}
[29.023582] (-) TimerEvent: {}
[29.124605] (-) TimerEvent: {}
[29.225542] (-) TimerEvent: {}
[29.326534] (-) TimerEvent: {}
[29.427445] (-) TimerEvent: {}
[29.528423] (-) TimerEvent: {}
[29.629471] (-) TimerEvent: {}
[29.686628] (mimi_head) StdoutLine: {'line': b'[100%] Built target mimi_camera\n'}
[29.729760] (-) TimerEvent: {}
[29.732365] (mimi_head) CommandEnded: {'returncode': 0}
[29.829987] (-) TimerEvent: {}
[29.882611] (mimi_head) JobProgress: {'identifier': 'mimi_head', 'progress': 'install'}
[29.922984] (mimi_head) Command: {'cmd': ['/usr/bin/cmake', '--install', '/home/mimi/mimi_ros2_ws/build/mimi_head'], 'cwd': '/home/mimi/mimi_ros2_ws/build/mimi_head', 'env': OrderedDict([('LESSOPEN', '| /usr/bin/lesspipe %s'), ('USER', 'mimi'), ('SSH_CLIENT', '192.168.1.102 52030 22'), ('LC_TIME', 'th_TH.UTF-8'), ('XDG_SESSION_TYPE', 'tty'), ('GIT_ASKPASS', '/home/mimi/.vscode-server/bin/6a995c4f4cc2ced6e3237749973982e751cb0bf9/extensions/git/dist/askpass.sh'), ('SHLVL', '0'), ('LD_LIBRARY_PATH', '/opt/ros/humble/opt/rviz_ogre_vendor/lib:/opt/ros/humble/lib/aarch64-linux-gnu:/opt/ros/humble/lib'), ('BROWSER', '/home/mimi/.vscode-server/bin/6a995c4f4cc2ced6e3237749973982e751cb0bf9/bin/helpers/browser.sh'), ('MOTD_SHOWN', 'pam'), ('HOME', '/home/mimi'), ('TERM_PROGRAM_VERSION', '1.78.1'), ('VSCODE_IPC_HOOK_CLI', '/run/user/1000/vscode-ipc-3bd8ee6b-5f7d-4bdf-9e72-e2d6b186f253.sock'), ('ROS_PYTHON_VERSION', '3'), ('VSCODE_GIT_ASKPASS_MAIN', '/home/mimi/.vscode-server/bin/6a995c4f4cc2ced6e3237749973982e751cb0bf9/extensions/git/dist/askpass-main.js'), ('LC_MONETARY', 'th_TH.UTF-8'), ('VSCODE_GIT_ASKPASS_NODE', '/home/mimi/.vscode-server/bin/6a995c4f4cc2ced6e3237749973982e751cb0bf9/node'), ('DBUS_SESSION_BUS_ADDRESS', 'unix:path=/run/user/1000/bus'), ('COLORTERM', 'truecolor'), ('ROS_DISTRO', 'humble'), ('LOGNAME', 'mimi'), ('_', '/usr/bin/colcon'), ('ROS_VERSION', '2'), ('XDG_SESSION_CLASS', 'user'), ('TERM', 'xterm-256color'), ('XDG_SESSION_ID', '4'), ('ROS_LOCALHOST_ONLY', '0'), ('PATH', '/home/mimi/.vscode-server/bin/6a995c4f4cc2ced6e3237749973982e751cb0bf9/bin/remote-cli:/home/mimi/.local/bin:/opt/ros/humble/bin:/usr/local/sbin:/usr/local/bin:/usr/sbin:/usr/bin:/sbin:/bin:/usr/games:/usr/local/games:/snap/bin'), ('LC_ADDRESS', 'th_TH.UTF-8'), ('XDG_RUNTIME_DIR', '/run/user/1000'), ('LANG', 'en_US.UTF-8'), ('LC_TELEPHONE', 'th_TH.UTF-8'), ('LS_COLORS', ''), ('VSCODE_GIT_IPC_HANDLE', '/run/user/1000/vscode-git-bb3d78543e.sock'), ('TERM_PROGRAM', 'vscode'), ('AMENT_PREFIX_PATH', '/opt/ros/humble'), ('SHELL', '/bin/bash'), ('LC_NAME', 'th_TH.UTF-8'), ('LESSCLOSE', '/usr/bin/lesspipe %s %s'), ('LC_MEASUREMENT', 'th_TH.UTF-8'), ('LC_IDENTIFICATION', 'th_TH.UTF-8'), ('VSCODE_GIT_ASKPASS_EXTRA_ARGS', ''), ('PWD', '/home/mimi/mimi_ros2_ws/build/mimi_head'), ('SSH_CONNECTION', '192.168.1.102 52030 192.168.1.100 22'), ('XDG_DATA_DIRS', '/usr/share/gnome:/usr/local/share:/usr/share:/var/lib/snapd/desktop'), ('PYTHONPATH', '/opt/ros/humble/lib/python3.10/site-packages:/opt/ros/humble/local/lib/python3.10/dist-packages'), ('LC_NUMERIC', 'th_TH.UTF-8'), ('LC_PAPER', 'th_TH.UTF-8'), ('COLCON', '1'), ('CMAKE_PREFIX_PATH', '/opt/ros/humble')]), 'shell': False}
[29.930291] (-) TimerEvent: {}
[29.967465] (mimi_head) StdoutLine: {'line': b'-- Install configuration: ""\n'}
[29.968137] (mimi_head) StdoutLine: {'line': b'-- Execute custom install script\n'}
[29.968948] (mimi_head) StdoutLine: {'line': b'-- Up-to-date symlink: /home/mimi/mimi_ros2_ws/install/mimi_head/lib/mimi_head/mimi_camera\n'}
[29.972201] (mimi_head) StdoutLine: {'line': b'-- Up-to-date symlink: /home/mimi/mimi_ros2_ws/install/mimi_head/lib/mimi_head/mimi_monitor\n'}
[29.972917] (mimi_head) StdoutLine: {'line': b'-- Up-to-date symlink: /home/mimi/mimi_ros2_ws/install/mimi_head/share/ament_index/resource_index/package_run_dependencies/mimi_head\n'}
[29.974987] (mimi_head) StdoutLine: {'line': b'-- Up-to-date symlink: /home/mimi/mimi_ros2_ws/install/mimi_head/share/ament_index/resource_index/parent_prefix_path/mimi_head\n'}
[29.977050] (mimi_head) StdoutLine: {'line': b'-- Up-to-date symlink: /home/mimi/mimi_ros2_ws/install/mimi_head/share/mimi_head/environment/ament_prefix_path.sh\n'}
[29.979382] (mimi_head) StdoutLine: {'line': b'-- Up-to-date symlink: /home/mimi/mimi_ros2_ws/install/mimi_head/share/mimi_head/environment/ament_prefix_path.dsv\n'}
[29.981369] (mimi_head) StdoutLine: {'line': b'-- Up-to-date symlink: /home/mimi/mimi_ros2_ws/install/mimi_head/share/mimi_head/environment/path.sh\n'}
[29.983118] (mimi_head) StdoutLine: {'line': b'-- Up-to-date symlink: /home/mimi/mimi_ros2_ws/install/mimi_head/share/mimi_head/environment/path.dsv\n'}
[29.985803] (mimi_head) StdoutLine: {'line': b'-- Up-to-date symlink: /home/mimi/mimi_ros2_ws/install/mimi_head/share/mimi_head/local_setup.bash\n'}
[29.987326] (mimi_head) StdoutLine: {'line': b'-- Up-to-date symlink: /home/mimi/mimi_ros2_ws/install/mimi_head/share/mimi_head/local_setup.sh\n'}
[29.989296] (mimi_head) StdoutLine: {'line': b'-- Up-to-date symlink: /home/mimi/mimi_ros2_ws/install/mimi_head/share/mimi_head/local_setup.zsh\n'}
[29.991333] (mimi_head) StdoutLine: {'line': b'-- Up-to-date symlink: /home/mimi/mimi_ros2_ws/install/mimi_head/share/mimi_head/local_setup.dsv\n'}
[29.992464] (mimi_head) StdoutLine: {'line': b'-- Symlinking: /home/mimi/mimi_ros2_ws/install/mimi_head/share/mimi_head/package.dsv\n'}
[30.029443] (mimi_head) StdoutLine: {'line': b'-- Up-to-date symlink: /home/mimi/mimi_ros2_ws/install/mimi_head/share/ament_index/resource_index/packages/mimi_head\n'}
[30.032044] (-) TimerEvent: {}
[30.032595] (mimi_head) StdoutLine: {'line': b'-- Up-to-date symlink: /home/mimi/mimi_ros2_ws/install/mimi_head/share/mimi_head/cmake/mimi_headConfig.cmake\n'}
[30.034718] (mimi_head) StdoutLine: {'line': b'-- Up-to-date symlink: /home/mimi/mimi_ros2_ws/install/mimi_head/share/mimi_head/cmake/mimi_headConfig-version.cmake\n'}
[30.035865] (mimi_head) StdoutLine: {'line': b'-- Up-to-date symlink: /home/mimi/mimi_ros2_ws/install/mimi_head/share/mimi_head/package.xml\n'}
[30.042194] (mimi_head) CommandEnded: {'returncode': 0}
[30.133004] (-) TimerEvent: {}
[30.235143] (-) TimerEvent: {}
[30.336042] (-) TimerEvent: {}
[30.438216] (-) TimerEvent: {}
[30.464501] (mimi_head) JobEnded: {'identifier': 'mimi_head', 'rc': 0}
[30.470350] (-) EventReactorShutdown: {}
