[0.000000] (-) TimerEvent: {}
[0.002974] (mimi_head) JobQueued: {'identifier': 'mimi_head', 'dependencies': OrderedDict()}
[0.005732] (mimi_head) JobStarted: {'identifier': 'mimi_head'}
[0.078456] (mimi_head) JobProgress: {'identifier': 'mimi_head', 'progress': 'cmake'}
[0.085588] (mimi_head) JobProgress: {'identifier': 'mimi_head', 'progress': 'build'}
[0.089627] (mimi_head) Command: {'cmd': ['/usr/bin/cmake', '--build', '/home/mimi/mimi_ros2_ws/build/mimi_head', '--', '-j4', '-l4'], 'cwd': '/home/mimi/mimi_ros2_ws/build/mimi_head', 'env': OrderedDict([('LESSOPEN', '| /usr/bin/lesspipe %s'), ('USER', 'mimi'), ('SSH_CLIENT', '192.168.1.102 51690 22'), ('LC_TIME', 'th_TH.UTF-8'), ('XDG_SESSION_TYPE', 'tty'), ('GIT_ASKPASS', '/home/mimi/.vscode-server/bin/6a995c4f4cc2ced6e3237749973982e751cb0bf9/extensions/git/dist/askpass.sh'), ('SHLVL', '0'), ('LD_LIBRARY_PATH', '/opt/ros/humble/opt/rviz_ogre_vendor/lib:/opt/ros/humble/lib/aarch64-linux-gnu:/opt/ros/humble/lib'), ('BROWSER', '/home/mimi/.vscode-server/bin/6a995c4f4cc2ced6e3237749973982e751cb0bf9/bin/helpers/browser.sh'), ('MOTD_SHOWN', 'pam'), ('HOME', '/home/mimi'), ('OLDPWD', '/home/mimi/.vscode-server/bin/6a995c4f4cc2ced6e3237749973982e751cb0bf9'), ('TERM_PROGRAM_VERSION', '1.78.1'), ('VSCODE_IPC_HOOK_CLI', '/run/user/1000/vscode-ipc-40abb9ea-eb14-4891-8f45-313b3ff04f49.sock'), ('ROS_PYTHON_VERSION', '3'), ('VSCODE_GIT_ASKPASS_MAIN', '/home/mimi/.vscode-server/bin/6a995c4f4cc2ced6e3237749973982e751cb0bf9/extensions/git/dist/askpass-main.js'), ('LC_MONETARY', 'th_TH.UTF-8'), ('VSCODE_GIT_ASKPASS_NODE', '/home/mimi/.vscode-server/bin/6a995c4f4cc2ced6e3237749973982e751cb0bf9/node'), ('DBUS_SESSION_BUS_ADDRESS', 'unix:path=/run/user/1000/bus'), ('COLORTERM', 'truecolor'), ('ROS_DISTRO', 'humble'), ('LOGNAME', 'mimi'), ('_', '/usr/bin/colcon'), ('ROS_VERSION', '2'), ('XDG_SESSION_CLASS', 'user'), ('TERM', 'xterm-256color'), ('XDG_SESSION_ID', '5'), ('ROS_LOCALHOST_ONLY', '0'), ('PATH', '/home/mimi/.vscode-server/bin/6a995c4f4cc2ced6e3237749973982e751cb0bf9/bin/remote-cli:/home/mimi/.local/bin:/opt/ros/humble/bin:/usr/local/sbin:/usr/local/bin:/usr/sbin:/usr/bin:/sbin:/bin:/usr/games:/usr/local/games:/snap/bin'), ('LC_ADDRESS', 'th_TH.UTF-8'), ('XDG_RUNTIME_DIR', '/run/user/1000'), ('LANG', 'en_US.UTF-8'), ('LC_TELEPHONE', 'th_TH.UTF-8'), ('LS_COLORS', ''), ('VSCODE_GIT_IPC_HANDLE', '/run/user/1000/vscode-git-bb3d78543e.sock'), ('TERM_PROGRAM', 'vscode'), ('AMENT_PREFIX_PATH', '/opt/ros/humble'), ('SHELL', '/bin/bash'), ('LC_NAME', 'th_TH.UTF-8'), ('LESSCLOSE', '/usr/bin/lesspipe %s %s'), ('LC_MEASUREMENT', 'th_TH.UTF-8'), ('LC_IDENTIFICATION', 'th_TH.UTF-8'), ('VSCODE_GIT_ASKPASS_EXTRA_ARGS', ''), ('PWD', '/home/mimi/mimi_ros2_ws/build/mimi_head'), ('SSH_CONNECTION', '192.168.1.102 51690 192.168.1.100 22'), ('XDG_DATA_DIRS', '/usr/share/gnome:/usr/local/share:/usr/share:/var/lib/snapd/desktop'), ('PYTHONPATH', '/opt/ros/humble/lib/python3.10/site-packages:/opt/ros/humble/local/lib/python3.10/dist-packages'), ('LC_NUMERIC', 'th_TH.UTF-8'), ('LC_PAPER', 'th_TH.UTF-8'), ('COLCON', '1'), ('CMAKE_PREFIX_PATH', '/opt/ros/humble')]), 'shell': False}
[0.104629] (-) TimerEvent: {}
[0.205478] (-) TimerEvent: {}
[0.307946] (-) TimerEvent: {}
[0.325922] (mimi_head) StdoutLine: {'line': b'\x1b[35m\x1b[1mConsolidate compiler generated dependencies of target mimi_camera\x1b[0m\n'}
[0.408108] (-) TimerEvent: {}
[0.439424] (mimi_head) StdoutLine: {'line': b'[ 50%] \x1b[32mBuilding CXX object CMakeFiles/mimi_camera.dir/src/mimi_camera.cpp.o\x1b[0m\n'}
[0.508295] (-) TimerEvent: {}
[0.610308] (-) TimerEvent: {}
[0.711601] (-) TimerEvent: {}
[0.812754] (-) TimerEvent: {}
[0.913770] (-) TimerEvent: {}
[1.014693] (-) TimerEvent: {}
[1.115566] (-) TimerEvent: {}
[1.216749] (-) TimerEvent: {}
[1.317914] (-) TimerEvent: {}
[1.419193] (-) TimerEvent: {}
[1.524838] (-) TimerEvent: {}
[1.625662] (-) TimerEvent: {}
[1.727037] (-) TimerEvent: {}
[1.828064] (-) TimerEvent: {}
[1.929077] (-) TimerEvent: {}
[2.030619] (-) TimerEvent: {}
[2.131448] (-) TimerEvent: {}
[2.232520] (-) TimerEvent: {}
[2.333535] (-) TimerEvent: {}
[2.434734] (-) TimerEvent: {}
[2.535541] (-) TimerEvent: {}
[2.636661] (-) TimerEvent: {}
[2.737840] (-) TimerEvent: {}
[2.838904] (-) TimerEvent: {}
[2.939831] (-) TimerEvent: {}
[3.040788] (-) TimerEvent: {}
[3.141741] (-) TimerEvent: {}
[3.242757] (-) TimerEvent: {}
[3.343903] (-) TimerEvent: {}
[3.445021] (-) TimerEvent: {}
[3.546349] (-) TimerEvent: {}
[3.647800] (-) TimerEvent: {}
[3.748771] (-) TimerEvent: {}
[3.849758] (-) TimerEvent: {}
[3.950602] (-) TimerEvent: {}
[4.051593] (-) TimerEvent: {}
[4.152600] (-) TimerEvent: {}
[4.253479] (-) TimerEvent: {}
[4.354380] (-) TimerEvent: {}
[4.455353] (-) TimerEvent: {}
[4.556404] (-) TimerEvent: {}
[4.657273] (-) TimerEvent: {}
[4.758139] (-) TimerEvent: {}
[4.859388] (-) TimerEvent: {}
[4.960363] (-) TimerEvent: {}
[5.061217] (-) TimerEvent: {}
[5.162096] (-) TimerEvent: {}
[5.263162] (-) TimerEvent: {}
[5.364066] (-) TimerEvent: {}
[5.464961] (-) TimerEvent: {}
[5.566009] (-) TimerEvent: {}
[5.666940] (-) TimerEvent: {}
[5.767862] (-) TimerEvent: {}
[5.868918] (-) TimerEvent: {}
[5.969796] (-) TimerEvent: {}
[6.070871] (-) TimerEvent: {}
[6.171875] (-) TimerEvent: {}
[6.272871] (-) TimerEvent: {}
[6.373848] (-) TimerEvent: {}
[6.474752] (-) TimerEvent: {}
[6.575786] (-) TimerEvent: {}
[6.681335] (-) TimerEvent: {}
[6.782467] (-) TimerEvent: {}
[6.883744] (-) TimerEvent: {}
[6.985017] (-) TimerEvent: {}
[7.086018] (-) TimerEvent: {}
[7.187098] (-) TimerEvent: {}
[7.288065] (-) TimerEvent: {}
[7.389086] (-) TimerEvent: {}
[7.490187] (-) TimerEvent: {}
[7.591097] (-) TimerEvent: {}
[7.691996] (-) TimerEvent: {}
[7.795189] (-) TimerEvent: {}
[7.898005] (-) TimerEvent: {}
[7.999736] (-) TimerEvent: {}
[8.100720] (-) TimerEvent: {}
[8.201786] (-) TimerEvent: {}
[8.303210] (-) TimerEvent: {}
[8.404415] (-) TimerEvent: {}
[8.505522] (-) TimerEvent: {}
[8.606601] (-) TimerEvent: {}
[8.707578] (-) TimerEvent: {}
[8.808560] (-) TimerEvent: {}
[8.909602] (-) TimerEvent: {}
[9.010556] (-) TimerEvent: {}
[9.113951] (-) TimerEvent: {}
[9.215061] (-) TimerEvent: {}
[9.316097] (-) TimerEvent: {}
[9.417135] (-) TimerEvent: {}
[9.518201] (-) TimerEvent: {}
[9.619362] (-) TimerEvent: {}
[9.720685] (-) TimerEvent: {}
[9.821784] (-) TimerEvent: {}
[9.922942] (-) TimerEvent: {}
[10.024063] (-) TimerEvent: {}
[10.125220] (-) TimerEvent: {}
[10.226329] (-) TimerEvent: {}
[10.327424] (-) TimerEvent: {}
[10.428700] (-) TimerEvent: {}
[10.530267] (-) TimerEvent: {}
[10.631411] (-) TimerEvent: {}
[10.732555] (-) TimerEvent: {}
[10.833887] (-) TimerEvent: {}
[10.934884] (-) TimerEvent: {}
[11.036226] (-) TimerEvent: {}
[11.138049] (-) TimerEvent: {}
[11.239193] (-) TimerEvent: {}
[11.340496] (-) TimerEvent: {}
[11.441725] (-) TimerEvent: {}
[11.542939] (-) TimerEvent: {}
[11.644112] (-) TimerEvent: {}
[11.745317] (-) TimerEvent: {}
[11.846449] (-) TimerEvent: {}
[11.947486] (-) TimerEvent: {}
[12.048390] (-) TimerEvent: {}
[12.149605] (-) TimerEvent: {}
[12.250875] (-) TimerEvent: {}
[12.354826] (-) TimerEvent: {}
[12.458769] (-) TimerEvent: {}
[12.559794] (-) TimerEvent: {}
[12.660822] (-) TimerEvent: {}
[12.770829] (-) TimerEvent: {}
[12.872689] (-) TimerEvent: {}
[12.975861] (-) TimerEvent: {}
[13.081165] (-) TimerEvent: {}
[13.182145] (-) TimerEvent: {}
[13.283216] (-) TimerEvent: {}
[13.384359] (-) TimerEvent: {}
[13.485811] (-) TimerEvent: {}
[13.587535] (-) TimerEvent: {}
[13.688530] (-) TimerEvent: {}
[13.789544] (-) TimerEvent: {}
[13.890594] (-) TimerEvent: {}
[13.991530] (-) TimerEvent: {}
[14.092531] (-) TimerEvent: {}
[14.193558] (-) TimerEvent: {}
[14.294564] (-) TimerEvent: {}
[14.395651] (-) TimerEvent: {}
[14.496611] (-) TimerEvent: {}
[14.597531] (-) TimerEvent: {}
[14.698546] (-) TimerEvent: {}
[14.799575] (-) TimerEvent: {}
[14.900606] (-) TimerEvent: {}
[15.001582] (-) TimerEvent: {}
[15.102548] (-) TimerEvent: {}
[15.203433] (-) TimerEvent: {}
[15.304499] (-) TimerEvent: {}
[15.411298] (-) TimerEvent: {}
[15.512402] (-) TimerEvent: {}
[15.613243] (-) TimerEvent: {}
[15.714180] (-) TimerEvent: {}
[15.815055] (-) TimerEvent: {}
[15.916046] (-) TimerEvent: {}
[16.016965] (-) TimerEvent: {}
[16.117987] (-) TimerEvent: {}
[16.218980] (-) TimerEvent: {}
[16.319889] (-) TimerEvent: {}
[16.420756] (-) TimerEvent: {}
[16.521669] (-) TimerEvent: {}
[16.622690] (-) TimerEvent: {}
[16.723772] (-) TimerEvent: {}
[16.826043] (-) TimerEvent: {}
[16.927191] (-) TimerEvent: {}
[17.028892] (-) TimerEvent: {}
[17.140302] (-) TimerEvent: {}
[17.241331] (-) TimerEvent: {}
[17.342908] (-) TimerEvent: {}
[17.447927] (-) TimerEvent: {}
[17.555910] (-) TimerEvent: {}
[17.656815] (-) TimerEvent: {}
[17.757689] (-) TimerEvent: {}
[17.863361] (-) TimerEvent: {}
[17.964347] (-) TimerEvent: {}
[18.065353] (-) TimerEvent: {}
[18.166305] (-) TimerEvent: {}
[18.270957] (-) TimerEvent: {}
[18.371884] (-) TimerEvent: {}
[18.472794] (-) TimerEvent: {}
[18.573777] (-) TimerEvent: {}
[18.681983] (-) TimerEvent: {}
[18.790576] (-) TimerEvent: {}
[18.891763] (-) TimerEvent: {}
[18.992898] (-) TimerEvent: {}
[19.094519] (-) TimerEvent: {}
[19.201686] (-) TimerEvent: {}
[19.308487] (-) TimerEvent: {}
[19.412976] (-) TimerEvent: {}
[19.519939] (-) TimerEvent: {}
[19.622480] (-) TimerEvent: {}
[19.723994] (-) TimerEvent: {}
[19.825453] (-) TimerEvent: {}
[19.926387] (-) TimerEvent: {}
[20.027288] (-) TimerEvent: {}
[20.128477] (-) TimerEvent: {}
[20.229396] (-) TimerEvent: {}
[20.330369] (-) TimerEvent: {}
[20.431438] (-) TimerEvent: {}
[20.532428] (-) TimerEvent: {}
[20.633650] (-) TimerEvent: {}
[20.734602] (-) TimerEvent: {}
[20.835555] (-) TimerEvent: {}
[20.936449] (-) TimerEvent: {}
[21.037351] (-) TimerEvent: {}
[21.138397] (-) TimerEvent: {}
[21.239597] (-) TimerEvent: {}
[21.240957] (mimi_head) StderrLine: {'line': b'\x1b[01m\x1b[K/home/mimi/mimi_ros2_ws/src/mimi_head/src/mimi_camera.cpp:\x1b[m\x1b[K In function \xe2\x80\x98\x1b[01m\x1b[Kvoid sigint_handler(int)\x1b[m\x1b[K\xe2\x80\x99:\n'}
[21.246903] (mimi_head) StderrLine: {'line': b'\x1b[01m\x1b[K/home/mimi/mimi_ros2_ws/src/mimi_head/src/mimi_camera.cpp:115:25:\x1b[m\x1b[K \x1b[01;35m\x1b[Kwarning: \x1b[m\x1b[Kunused parameter \xe2\x80\x98\x1b[01m\x1b[Ksig\x1b[m\x1b[K\xe2\x80\x99 [\x1b[01;35m\x1b[K\x1b]8;;https://gcc.gnu.org/onlinedocs/gcc/Warning-Options.html#index-Wunused-parameter\x07-Wunused-parameter\x1b]8;;\x07\x1b[m\x1b[K]\n'}
[21.248004] (mimi_head) StderrLine: {'line': b'  115 | void sigint_handler(\x1b[01;35m\x1b[Kint sig\x1b[m\x1b[K)\n'}
[21.248877] (mimi_head) StderrLine: {'line': b'      |                     \x1b[01;35m\x1b[K~~~~^~~\x1b[m\x1b[K\n'}
[21.339889] (-) TimerEvent: {}
[21.440888] (-) TimerEvent: {}
[21.541894] (-) TimerEvent: {}
[21.643070] (-) TimerEvent: {}
[21.745641] (-) TimerEvent: {}
[21.855909] (-) TimerEvent: {}
[21.956908] (-) TimerEvent: {}
[22.057839] (-) TimerEvent: {}
[22.158791] (-) TimerEvent: {}
[22.259827] (-) TimerEvent: {}
[22.360936] (-) TimerEvent: {}
[22.462384] (-) TimerEvent: {}
[22.563564] (-) TimerEvent: {}
[22.664717] (-) TimerEvent: {}
[22.765877] (-) TimerEvent: {}
[22.867075] (-) TimerEvent: {}
[22.968167] (-) TimerEvent: {}
[23.069256] (-) TimerEvent: {}
[23.170361] (-) TimerEvent: {}
[23.271357] (-) TimerEvent: {}
[23.372372] (-) TimerEvent: {}
[23.473467] (-) TimerEvent: {}
[23.574514] (-) TimerEvent: {}
[23.675401] (-) TimerEvent: {}
[23.776421] (-) TimerEvent: {}
[23.877496] (-) TimerEvent: {}
[23.978425] (-) TimerEvent: {}
[24.079322] (-) TimerEvent: {}
[24.180296] (-) TimerEvent: {}
[24.281406] (-) TimerEvent: {}
[24.382564] (-) TimerEvent: {}
[24.484250] (-) TimerEvent: {}
[24.585292] (-) TimerEvent: {}
[24.687801] (-) TimerEvent: {}
[24.788795] (-) TimerEvent: {}
[24.890074] (-) TimerEvent: {}
[24.991402] (-) TimerEvent: {}
[25.092672] (-) TimerEvent: {}
[25.193883] (-) TimerEvent: {}
[25.294919] (-) TimerEvent: {}
[25.395860] (-) TimerEvent: {}
[25.496690] (-) TimerEvent: {}
[25.598055] (-) TimerEvent: {}
[25.698950] (-) TimerEvent: {}
[25.799897] (-) TimerEvent: {}
[25.901123] (-) TimerEvent: {}
[26.002418] (-) TimerEvent: {}
[26.103397] (-) TimerEvent: {}
[26.204426] (-) TimerEvent: {}
[26.305419] (-) TimerEvent: {}
[26.406385] (-) TimerEvent: {}
[26.507902] (-) TimerEvent: {}
[26.609092] (-) TimerEvent: {}
[26.710182] (-) TimerEvent: {}
[26.811046] (-) TimerEvent: {}
[26.913974] (-) TimerEvent: {}
[27.014950] (-) TimerEvent: {}
[27.115903] (-) TimerEvent: {}
[27.216777] (-) TimerEvent: {}
[27.321837] (-) TimerEvent: {}
[27.425421] (-) TimerEvent: {}
[27.528498] (-) TimerEvent: {}
[27.631488] (-) TimerEvent: {}
[27.733536] (-) TimerEvent: {}
[27.834351] (-) TimerEvent: {}
[27.935735] (-) TimerEvent: {}
[28.036597] (-) TimerEvent: {}
[28.137534] (-) TimerEvent: {}
[28.238522] (-) TimerEvent: {}
[28.339395] (-) TimerEvent: {}
[28.440455] (-) TimerEvent: {}
[28.541370] (-) TimerEvent: {}
[28.642379] (-) TimerEvent: {}
[28.743290] (-) TimerEvent: {}
[28.844390] (-) TimerEvent: {}
[28.945863] (-) TimerEvent: {}
[29.047228] (-) TimerEvent: {}
[29.148879] (-) TimerEvent: {}
[29.249820] (-) TimerEvent: {}
[29.350789] (-) TimerEvent: {}
[29.452443] (-) TimerEvent: {}
[29.553360] (-) TimerEvent: {}
[29.654404] (-) TimerEvent: {}
[29.756359] (-) TimerEvent: {}
[29.857539] (-) TimerEvent: {}
[29.958791] (-) TimerEvent: {}
[30.060003] (-) TimerEvent: {}
[30.163786] (-) TimerEvent: {}
[30.264954] (-) TimerEvent: {}
[30.460904] (-) TimerEvent: {}
[30.561968] (-) TimerEvent: {}
[30.663057] (-) TimerEvent: {}
[30.764528] (-) TimerEvent: {}
[30.865462] (-) TimerEvent: {}
[30.966650] (-) TimerEvent: {}
[31.068186] (-) TimerEvent: {}
[31.169204] (-) TimerEvent: {}
[31.270239] (-) TimerEvent: {}
[31.371123] (-) TimerEvent: {}
[31.472096] (-) TimerEvent: {}
[31.573211] (-) TimerEvent: {}
[31.674226] (-) TimerEvent: {}
[31.775150] (-) TimerEvent: {}
[31.876275] (-) TimerEvent: {}
[31.979044] (-) TimerEvent: {}
[32.086022] (-) TimerEvent: {}
[32.187075] (-) TimerEvent: {}
[32.288031] (-) TimerEvent: {}
[32.401862] (-) TimerEvent: {}
[32.503071] (-) TimerEvent: {}
[32.604446] (-) TimerEvent: {}
[32.705734] (-) TimerEvent: {}
[32.806614] (-) TimerEvent: {}
