[0.000000] (-) TimerEvent: {}
[0.001239] (mimi_head) JobQueued: {'identifier': 'mimi_head', 'dependencies': OrderedDict()}
[0.002999] (mimi_head) JobStarted: {'identifier': 'mimi_head'}
[0.063721] (mimi_head) JobProgress: {'identifier': 'mimi_head', 'progress': 'cmake'}
[0.067508] (mimi_head) JobProgress: {'identifier': 'mimi_head', 'progress': 'build'}
[0.070614] (mimi_head) Command: {'cmd': ['/usr/bin/cmake', '--build', '/home/mimi/mimi_ros2_ws/build/mimi_head', '--', '-j4', '-l4'], 'cwd': '/home/mimi/mimi_ros2_ws/build/mimi_head', 'env': OrderedDict([('LESSOPEN', '| /usr/bin/lesspipe %s'), ('USER', 'mimi'), ('SSH_CLIENT', '192.168.1.102 62419 22'), ('LC_TIME', 'th_TH.UTF-8'), ('XDG_SESSION_TYPE', 'tty'), ('GIT_ASKPASS', '/home/mimi/.vscode-server/bin/6a995c4f4cc2ced6e3237749973982e751cb0bf9/extensions/git/dist/askpass.sh'), ('SHLVL', '0'), ('LD_LIBRARY_PATH', '/opt/ros/humble/opt/rviz_ogre_vendor/lib:/opt/ros/humble/lib/aarch64-linux-gnu:/opt/ros/humble/lib'), ('BROWSER', '/home/mimi/.vscode-server/bin/6a995c4f4cc2ced6e3237749973982e751cb0bf9/bin/helpers/browser.sh'), ('MOTD_SHOWN', 'pam'), ('HOME', '/home/mimi'), ('TERM_PROGRAM_VERSION', '1.78.1'), ('VSCODE_IPC_HOOK_CLI', '/run/user/1000/vscode-ipc-eeeab601-a6e0-49be-93b0-5e45c3b8f4a5.sock'), ('ROS_PYTHON_VERSION', '3'), ('VSCODE_GIT_ASKPASS_MAIN', '/home/mimi/.vscode-server/bin/6a995c4f4cc2ced6e3237749973982e751cb0bf9/extensions/git/dist/askpass-main.js'), ('LC_MONETARY', 'th_TH.UTF-8'), ('VSCODE_GIT_ASKPASS_NODE', '/home/mimi/.vscode-server/bin/6a995c4f4cc2ced6e3237749973982e751cb0bf9/node'), ('DBUS_SESSION_BUS_ADDRESS', 'unix:path=/run/user/1000/bus'), ('COLORTERM', 'truecolor'), ('ROS_DISTRO', 'humble'), ('LOGNAME', 'mimi'), ('_', '/usr/bin/colcon'), ('ROS_VERSION', '2'), ('XDG_SESSION_CLASS', 'user'), ('TERM', 'xterm-256color'), ('XDG_SESSION_ID', '4'), ('ROS_LOCALHOST_ONLY', '0'), ('PATH', '/home/mimi/.vscode-server/bin/6a995c4f4cc2ced6e3237749973982e751cb0bf9/bin/remote-cli:/home/mimi/.local/bin:/opt/ros/humble/bin:/usr/local/sbin:/usr/local/bin:/usr/sbin:/usr/bin:/sbin:/bin:/usr/games:/usr/local/games:/snap/bin'), ('LC_ADDRESS', 'th_TH.UTF-8'), ('XDG_RUNTIME_DIR', '/run/user/1000'), ('LANG', 'en_US.UTF-8'), ('LC_TELEPHONE', 'th_TH.UTF-8'), ('LS_COLORS', ''), ('VSCODE_GIT_IPC_HANDLE', '/run/user/1000/vscode-git-bb3d78543e.sock'), ('TERM_PROGRAM', 'vscode'), ('AMENT_PREFIX_PATH', '/opt/ros/humble'), ('SHELL', '/bin/bash'), ('LC_NAME', 'th_TH.UTF-8'), ('LESSCLOSE', '/usr/bin/lesspipe %s %s'), ('LC_MEASUREMENT', 'th_TH.UTF-8'), ('LC_IDENTIFICATION', 'th_TH.UTF-8'), ('VSCODE_GIT_ASKPASS_EXTRA_ARGS', ''), ('PWD', '/home/mimi/mimi_ros2_ws/build/mimi_head'), ('SSH_CONNECTION', '192.168.1.102 62419 192.168.1.100 22'), ('XDG_DATA_DIRS', '/usr/share/gnome:/usr/local/share:/usr/share:/var/lib/snapd/desktop'), ('PYTHONPATH', '/opt/ros/humble/lib/python3.10/site-packages:/opt/ros/humble/local/lib/python3.10/dist-packages'), ('LC_NUMERIC', 'th_TH.UTF-8'), ('LC_PAPER', 'th_TH.UTF-8'), ('COLCON', '1'), ('CMAKE_PREFIX_PATH', '/opt/ros/humble')]), 'shell': False}
[0.099106] (-) TimerEvent: {}
[0.201072] (-) TimerEvent: {}
[0.256148] (mimi_head) StdoutLine: {'line': b'\x1b[35m\x1b[1mConsolidate compiler generated dependencies of target mimi_camera\x1b[0m\n'}
[0.301321] (-) TimerEvent: {}
[0.331499] (mimi_head) StdoutLine: {'line': b'[ 50%] Built target mimi_monitor\n'}
[0.373006] (mimi_head) StdoutLine: {'line': b'[ 75%] \x1b[32mBuilding CXX object CMakeFiles/mimi_camera.dir/src/mimi_camera.cpp.o\x1b[0m\n'}
[0.401550] (-) TimerEvent: {}
[0.502599] (-) TimerEvent: {}
[0.603503] (-) TimerEvent: {}
[0.704429] (-) TimerEvent: {}
[0.805259] (-) TimerEvent: {}
[0.906098] (-) TimerEvent: {}
[1.006997] (-) TimerEvent: {}
[1.108184] (-) TimerEvent: {}
[1.209690] (-) TimerEvent: {}
[1.310780] (-) TimerEvent: {}
[1.411697] (-) TimerEvent: {}
[1.512513] (-) TimerEvent: {}
[1.613310] (-) TimerEvent: {}
[1.714131] (-) TimerEvent: {}
[1.815498] (-) TimerEvent: {}
[1.916995] (-) TimerEvent: {}
[2.017768] (-) TimerEvent: {}
[2.118584] (-) TimerEvent: {}
[2.219339] (-) TimerEvent: {}
[2.320151] (-) TimerEvent: {}
[2.421146] (-) TimerEvent: {}
[2.522041] (-) TimerEvent: {}
[2.623025] (-) TimerEvent: {}
[2.723862] (-) TimerEvent: {}
[2.824744] (-) TimerEvent: {}
[2.925634] (-) TimerEvent: {}
[3.026756] (-) TimerEvent: {}
[3.127927] (-) TimerEvent: {}
[3.229071] (-) TimerEvent: {}
[3.330572] (-) TimerEvent: {}
[3.431410] (-) TimerEvent: {}
[3.532245] (-) TimerEvent: {}
[3.633109] (-) TimerEvent: {}
[3.734026] (-) TimerEvent: {}
[3.835379] (-) TimerEvent: {}
[3.937144] (-) TimerEvent: {}
[4.038254] (-) TimerEvent: {}
[4.139174] (-) TimerEvent: {}
[4.240080] (-) TimerEvent: {}
[4.340988] (-) TimerEvent: {}
[4.441893] (-) TimerEvent: {}
[4.542735] (-) TimerEvent: {}
[4.643767] (-) TimerEvent: {}
[4.744614] (-) TimerEvent: {}
[4.845738] (-) TimerEvent: {}
[4.947360] (-) TimerEvent: {}
[5.048355] (-) TimerEvent: {}
[5.149303] (-) TimerEvent: {}
[5.250142] (-) TimerEvent: {}
[5.350985] (-) TimerEvent: {}
[5.451822] (-) TimerEvent: {}
[5.552726] (-) TimerEvent: {}
[5.653592] (-) TimerEvent: {}
[5.754542] (-) TimerEvent: {}
[5.855579] (-) TimerEvent: {}
[5.956556] (-) TimerEvent: {}
[6.058180] (-) TimerEvent: {}
[6.159189] (-) TimerEvent: {}
[6.260856] (-) TimerEvent: {}
[6.362094] (-) TimerEvent: {}
[6.468166] (-) TimerEvent: {}
[6.569171] (-) TimerEvent: {}
[6.670089] (-) TimerEvent: {}
[6.771008] (-) TimerEvent: {}
[6.872020] (-) TimerEvent: {}
[6.972955] (-) TimerEvent: {}
[7.073906] (-) TimerEvent: {}
[7.174898] (-) TimerEvent: {}
[7.275837] (-) TimerEvent: {}
[7.376797] (-) TimerEvent: {}
[7.477808] (-) TimerEvent: {}
[7.578939] (-) TimerEvent: {}
[7.679892] (-) TimerEvent: {}
[7.780864] (-) TimerEvent: {}
[7.881787] (-) TimerEvent: {}
[7.983050] (-) TimerEvent: {}
[8.084374] (-) TimerEvent: {}
[8.185845] (-) TimerEvent: {}
[8.286766] (-) TimerEvent: {}
[8.388164] (-) TimerEvent: {}
[8.489410] (-) TimerEvent: {}
[8.590503] (-) TimerEvent: {}
[8.691399] (-) TimerEvent: {}
[8.792263] (-) TimerEvent: {}
[8.893227] (-) TimerEvent: {}
[8.994118] (-) TimerEvent: {}
[9.094976] (-) TimerEvent: {}
[9.195880] (-) TimerEvent: {}
[9.296820] (-) TimerEvent: {}
[9.397706] (-) TimerEvent: {}
[9.498563] (-) TimerEvent: {}
[9.599426] (-) TimerEvent: {}
[9.700330] (-) TimerEvent: {}
[9.801334] (-) TimerEvent: {}
[9.902267] (-) TimerEvent: {}
[10.003172] (-) TimerEvent: {}
[10.104164] (-) TimerEvent: {}
[10.205460] (-) TimerEvent: {}
[10.306661] (-) TimerEvent: {}
[10.407801] (-) TimerEvent: {}
[10.508700] (-) TimerEvent: {}
[10.609589] (-) TimerEvent: {}
[10.710414] (-) TimerEvent: {}
[10.811230] (-) TimerEvent: {}
[10.912026] (-) TimerEvent: {}
[11.012889] (-) TimerEvent: {}
[11.113764] (-) TimerEvent: {}
[11.214792] (-) TimerEvent: {}
[11.315859] (-) TimerEvent: {}
[11.416999] (-) TimerEvent: {}
[11.518588] (-) TimerEvent: {}
[11.619482] (-) TimerEvent: {}
[11.720581] (-) TimerEvent: {}
[11.821656] (-) TimerEvent: {}
[11.922693] (-) TimerEvent: {}
[12.023491] (-) TimerEvent: {}
[12.124416] (-) TimerEvent: {}
[12.225345] (-) TimerEvent: {}
[12.326258] (-) TimerEvent: {}
[12.427206] (-) TimerEvent: {}
[12.528114] (-) TimerEvent: {}
[12.629045] (-) TimerEvent: {}
[12.729896] (-) TimerEvent: {}
[12.830815] (-) TimerEvent: {}
[12.931677] (-) TimerEvent: {}
[13.032592] (-) TimerEvent: {}
[13.133506] (-) TimerEvent: {}
[13.234375] (-) TimerEvent: {}
