[0.066s] Invoking command in '/home/mimi/mimi_ros2_ws/build/mimi_head': CMAKE_PREFIX_PATH=/opt/ros/humble /usr/bin/cmake --build /home/mimi/mimi_ros2_ws/build/mimi_head -- -j4 -l4
[0.242s] [35m[1mConsolidate compiler generated dependencies of target mimi_camera[0m
[0.317s] [ 50%] Built target mimi_monitor
[0.355s] [ 75%] [32mBuilding CXX object CMakeFiles/mimi_camera.dir/src/mimi_camera.cpp.o[0m
[12.929s] [01m[K/home/mimi/mimi_ros2_ws/src/mimi_head/src/mimi_camera.cpp:[m[K In member function ‘[01m[Kvoid MimiCameraNode::pub_angle()[m[K’:
[12.930s] [01m[K/home/mimi/mimi_ros2_ws/src/mimi_head/src/mimi_camera.cpp:147:17:[m[K [01;35m[Kwarning: [m[Kunused variable ‘[01m[Kx[m[K’ [[01;35m[K]8;;https://gcc.gnu.org/onlinedocs/gcc/Warning-Options.html#index-Wunused-variable-Wunused-variable]8;;[m[K]
[12.930s]   147 |             int [01;35m[Kx[m[K = gb_closest_face_rect.x;
[12.930s]       |                 [01;35m[K^[m[K
[12.931s] [01m[K/home/mimi/mimi_ros2_ws/src/mimi_head/src/mimi_camera.cpp:[m[K In function ‘[01m[Kvoid sigint_handler(int)[m[K’:
[12.931s] [01m[K/home/mimi/mimi_ros2_ws/src/mimi_head/src/mimi_camera.cpp:160:25:[m[K [01;35m[Kwarning: [m[Kunused parameter ‘[01m[Ksig[m[K’ [[01;35m[K]8;;https://gcc.gnu.org/onlinedocs/gcc/Warning-Options.html#index-Wunused-parameter-Wunused-parameter]8;;[m[K]
[12.932s]   160 | void sigint_handler([01;35m[Kint sig[m[K)
[12.932s]       |                     [01;35m[K~~~~^~~[m[K
[24.818s] [100%] [32m[1mLinking CXX executable mimi_camera[0m
[27.887s] [100%] Built target mimi_camera
[27.928s] Invoked command in '/home/mimi/mimi_ros2_ws/build/mimi_head' returned '0': CMAKE_PREFIX_PATH=/opt/ros/humble /usr/bin/cmake --build /home/mimi/mimi_ros2_ws/build/mimi_head -- -j4 -l4
[28.118s] Invoking command in '/home/mimi/mimi_ros2_ws/build/mimi_head': CMAKE_PREFIX_PATH=/opt/ros/humble /usr/bin/cmake --install /home/mimi/mimi_ros2_ws/build/mimi_head
[28.147s] -- Install configuration: ""
[28.149s] -- Execute custom install script
[28.151s] -- Up-to-date symlink: /home/mimi/mimi_ros2_ws/install/mimi_head/lib/mimi_head/mimi_camera
[28.158s] -- Up-to-date symlink: /home/mimi/mimi_ros2_ws/install/mimi_head/lib/mimi_head/mimi_monitor
[28.158s] -- Up-to-date symlink: /home/mimi/mimi_ros2_ws/install/mimi_head/share/ament_index/resource_index/package_run_dependencies/mimi_head
[28.159s] -- Up-to-date symlink: /home/mimi/mimi_ros2_ws/install/mimi_head/share/ament_index/resource_index/parent_prefix_path/mimi_head
[28.159s] -- Up-to-date symlink: /home/mimi/mimi_ros2_ws/install/mimi_head/share/mimi_head/environment/ament_prefix_path.sh
[28.159s] -- Up-to-date symlink: /home/mimi/mimi_ros2_ws/install/mimi_head/share/mimi_head/environment/ament_prefix_path.dsv
[28.160s] -- Up-to-date symlink: /home/mimi/mimi_ros2_ws/install/mimi_head/share/mimi_head/environment/path.sh
[28.160s] -- Up-to-date symlink: /home/mimi/mimi_ros2_ws/install/mimi_head/share/mimi_head/environment/path.dsv
[28.161s] -- Up-to-date symlink: /home/mimi/mimi_ros2_ws/install/mimi_head/share/mimi_head/local_setup.bash
[28.162s] -- Up-to-date symlink: /home/mimi/mimi_ros2_ws/install/mimi_head/share/mimi_head/local_setup.sh
[28.162s] -- Up-to-date symlink: /home/mimi/mimi_ros2_ws/install/mimi_head/share/mimi_head/local_setup.zsh
[28.163s] -- Up-to-date symlink: /home/mimi/mimi_ros2_ws/install/mimi_head/share/mimi_head/local_setup.dsv
[28.164s] -- Symlinking: /home/mimi/mimi_ros2_ws/install/mimi_head/share/mimi_head/package.dsv
[28.201s] -- Up-to-date symlink: /home/mimi/mimi_ros2_ws/install/mimi_head/share/ament_index/resource_index/packages/mimi_head
[28.201s] -- Up-to-date symlink: /home/mimi/mimi_ros2_ws/install/mimi_head/share/mimi_head/cmake/mimi_headConfig.cmake
[28.202s] -- Up-to-date symlink: /home/mimi/mimi_ros2_ws/install/mimi_head/share/mimi_head/cmake/mimi_headConfig-version.cmake
[28.203s] -- Up-to-date symlink: /home/mimi/mimi_ros2_ws/install/mimi_head/share/mimi_head/package.xml
[28.211s] Invoked command in '/home/mimi/mimi_ros2_ws/build/mimi_head' returned '0': CMAKE_PREFIX_PATH=/opt/ros/humble /usr/bin/cmake --install /home/mimi/mimi_ros2_ws/build/mimi_head
