[  2%] Built target mimi_head__cpp
[ 10%] Built target mimi_head__rosidl_generator_c
[ 10%] Built target ament_cmake_python_symlink_mimi_head
[ 16%] Built target mimi_monitor
[ 24%] Built target mimi_head__rosidl_typesupport_fastrtps_c
[ 32%] Built target mimi_head__rosidl_typesupport_introspection_c
[ 40%] Built target mimi_head__rosidl_typesupport_c
[ 48%] Built target mimi_head__rosidl_typesupport_introspection_cpp
[ 56%] Built target mimi_head__rosidl_typesupport_cpp
[ 64%] Built target mimi_head__rosidl_typesupport_fastrtps_cpp
[35m[1mConsolidate compiler generated dependencies of target mimi_head_movement[0m
[ 64%] Built target mimi_head
[ 70%] Built target mimi_camera
[ 72%] [32mBuilding CXX object CMakeFiles/mimi_head_movement.dir/src/mimi_head_movement.cpp.o[0m
[ 75%] Built target mimi_head__py
[ 81%] Built target mimi_head__rosidl_generator_py
[ 86%] Built target mimi_head__rosidl_typesupport_fastrtps_c__pyext
[ 91%] Built target mimi_head__rosidl_typesupport_introspection_c__pyext
[ 97%] Built target mimi_head__rosidl_typesupport_c__pyext
running egg_info
writing mimi_head.egg-info/PKG-INFO
writing dependency_links to mimi_head.egg-info/dependency_links.txt
writing top-level names to mimi_head.egg-info/top_level.txt
reading manifest file 'mimi_head.egg-info/SOURCES.txt'
writing manifest file 'mimi_head.egg-info/SOURCES.txt'
[ 97%] Built target ament_cmake_python_build_mimi_head_egg
[100%] [32m[1mLinking CXX executable mimi_head_movement[0m
/usr/bin/ld: CMakeFiles/mimi_head_movement.dir/src/mimi_head_movement.cpp.o: in function `main':
mimi_head_movement.cpp:(.text+0x17c): undefined reference to `gpioTerminate'
/usr/bin/ld: CMakeFiles/mimi_head_movement.dir/src/mimi_head_movement.cpp.o: in function `MimiHeadMovementNode::MimiHeadMovementNode()':
mimi_head_movement.cpp:(.text._ZN20MimiHeadMovementNodeC2Ev[_ZN20MimiHeadMovementNodeC5Ev]+0x1bc): undefined reference to `gpioInitialise'
/usr/bin/ld: mimi_head_movement.cpp:(.text._ZN20MimiHeadMovementNodeC2Ev[_ZN20MimiHeadMovementNodeC5Ev]+0x318): undefined reference to `gpioSetMode'
/usr/bin/ld: mimi_head_movement.cpp:(.text._ZN20MimiHeadMovementNodeC2Ev[_ZN20MimiHeadMovementNodeC5Ev]+0x32c): undefined reference to `gpioSetMode'
/usr/bin/ld: mimi_head_movement.cpp:(.text._ZN20MimiHeadMovementNodeC2Ev[_ZN20MimiHeadMovementNodeC5Ev]+0x484): undefined reference to `gpioTerminate'
/usr/bin/ld: CMakeFiles/mimi_head_movement.dir/src/mimi_head_movement.cpp.o: in function `MimiHeadMovementNode::servo_control(mimi_head::msg::Angle_<std::allocator<void> > const&)':
mimi_head_movement.cpp:(.text._ZN20MimiHeadMovementNode13servo_controlERKN9mimi_head3msg6Angle_ISaIvEEE[_ZN20MimiHeadMovementNode13servo_controlERKN9mimi_head3msg6Angle_ISaIvEEE]+0x3ac): undefined reference to `gpioServo'
/usr/bin/ld: mimi_head_movement.cpp:(.text._ZN20MimiHeadMovementNode13servo_controlERKN9mimi_head3msg6Angle_ISaIvEEE[_ZN20MimiHeadMovementNode13servo_controlERKN9mimi_head3msg6Angle_ISaIvEEE]+0x3c4): undefined reference to `gpioServo'
/usr/bin/ld: mimi_head_movement.cpp:(.text._ZN20MimiHeadMovementNode13servo_controlERKN9mimi_head3msg6Angle_ISaIvEEE[_ZN20MimiHeadMovementNode13servo_controlERKN9mimi_head3msg6Angle_ISaIvEEE]+0x51c): undefined reference to `gpioTerminate'
collect2: error: ld returned 1 exit status
gmake[2]: *** [CMakeFiles/mimi_head_movement.dir/build.make:152: mimi_head_movement] Error 1
gmake[1]: *** [CMakeFiles/Makefile2:650: CMakeFiles/mimi_head_movement.dir/all] Error 2
gmake: *** [Makefile:146: all] Error 2
