[0.000000] (-) TimerEvent: {}
[0.008165] (mimi_head) JobQueued: {'identifier': 'mimi_head', 'dependencies': OrderedDict()}
[0.008503] (mimi_head) JobStarted: {'identifier': 'mimi_head'}
[0.101926] (-) TimerEvent: {}
[0.108993] (mimi_head) JobProgress: {'identifier': 'mimi_head', 'progress': 'cmake'}
[0.122845] (mimi_head) JobProgress: {'identifier': 'mimi_head', 'progress': 'build'}
[0.131515] (mimi_head) Command: {'cmd': ['/usr/bin/cmake', '--build', '/home/mimi/mimi_ros2_ws/build/mimi_head', '--', '-j4', '-l4'], 'cwd': '/home/mimi/mimi_ros2_ws/build/mimi_head', 'env': OrderedDict([('LESSOPEN', '| /usr/bin/lesspipe %s'), ('USER', 'mimi'), ('SSH_CLIENT', '192.168.1.102 52030 22'), ('LC_TIME', 'th_TH.UTF-8'), ('XDG_SESSION_TYPE', 'tty'), ('GIT_ASKPASS', '/home/mimi/.vscode-server/bin/6a995c4f4cc2ced6e3237749973982e751cb0bf9/extensions/git/dist/askpass.sh'), ('SHLVL', '0'), ('LD_LIBRARY_PATH', '/opt/ros/humble/opt/rviz_ogre_vendor/lib:/opt/ros/humble/lib/aarch64-linux-gnu:/opt/ros/humble/lib'), ('BROWSER', '/home/mimi/.vscode-server/bin/6a995c4f4cc2ced6e3237749973982e751cb0bf9/bin/helpers/browser.sh'), ('MOTD_SHOWN', 'pam'), ('HOME', '/home/mimi'), ('TERM_PROGRAM_VERSION', '1.78.1'), ('VSCODE_IPC_HOOK_CLI', '/run/user/1000/vscode-ipc-35e23358-555f-45e9-a2d8-df1e4240731f.sock'), ('ROS_PYTHON_VERSION', '3'), ('VSCODE_GIT_ASKPASS_MAIN', '/home/mimi/.vscode-server/bin/6a995c4f4cc2ced6e3237749973982e751cb0bf9/extensions/git/dist/askpass-main.js'), ('LC_MONETARY', 'th_TH.UTF-8'), ('VSCODE_GIT_ASKPASS_NODE', '/home/mimi/.vscode-server/bin/6a995c4f4cc2ced6e3237749973982e751cb0bf9/node'), ('DBUS_SESSION_BUS_ADDRESS', 'unix:path=/run/user/1000/bus'), ('COLORTERM', 'truecolor'), ('ROS_DISTRO', 'humble'), ('LOGNAME', 'mimi'), ('_', '/usr/bin/colcon'), ('ROS_VERSION', '2'), ('XDG_SESSION_CLASS', 'user'), ('TERM', 'xterm-256color'), ('XDG_SESSION_ID', '4'), ('ROS_LOCALHOST_ONLY', '0'), ('PATH', '/home/mimi/.vscode-server/bin/6a995c4f4cc2ced6e3237749973982e751cb0bf9/bin/remote-cli:/home/mimi/.local/bin:/opt/ros/humble/bin:/usr/local/sbin:/usr/local/bin:/usr/sbin:/usr/bin:/sbin:/bin:/usr/games:/usr/local/games:/snap/bin'), ('LC_ADDRESS', 'th_TH.UTF-8'), ('XDG_RUNTIME_DIR', '/run/user/1000'), ('LANG', 'en_US.UTF-8'), ('LC_TELEPHONE', 'th_TH.UTF-8'), ('LS_COLORS', ''), ('VSCODE_GIT_IPC_HANDLE', '/run/user/1000/vscode-git-bb3d78543e.sock'), ('TERM_PROGRAM', 'vscode'), ('AMENT_PREFIX_PATH', '/opt/ros/humble'), ('SHELL', '/bin/bash'), ('LC_NAME', 'th_TH.UTF-8'), ('LESSCLOSE', '/usr/bin/lesspipe %s %s'), ('LC_MEASUREMENT', 'th_TH.UTF-8'), ('LC_IDENTIFICATION', 'th_TH.UTF-8'), ('VSCODE_GIT_ASKPASS_EXTRA_ARGS', ''), ('PWD', '/home/mimi/mimi_ros2_ws/build/mimi_head'), ('SSH_CONNECTION', '192.168.1.102 52030 192.168.1.100 22'), ('XDG_DATA_DIRS', '/usr/share/gnome:/usr/local/share:/usr/share:/var/lib/snapd/desktop'), ('PYTHONPATH', '/opt/ros/humble/lib/python3.10/site-packages:/opt/ros/humble/local/lib/python3.10/dist-packages'), ('LC_NUMERIC', 'th_TH.UTF-8'), ('LC_PAPER', 'th_TH.UTF-8'), ('COLCON', '1'), ('CMAKE_PREFIX_PATH', '/opt/ros/humble')]), 'shell': False}
[0.203064] (-) TimerEvent: {}
[0.304186] (-) TimerEvent: {}
[0.405222] (-) TimerEvent: {}
[0.507254] (-) TimerEvent: {}
[0.612443] (-) TimerEvent: {}
[0.687690] (mimi_head) StdoutLine: {'line': b'[ 50%] Built target mimi_camera\n'}
[0.712663] (-) TimerEvent: {}
[0.796220] (mimi_head) StdoutLine: {'line': b'\x1b[35m\x1b[1mConsolidate compiler generated dependencies of target mimi_monitor\x1b[0m\n'}
[0.813716] (-) TimerEvent: {}
[0.915822] (-) TimerEvent: {}
[0.943766] (mimi_head) StdoutLine: {'line': b'[ 75%] \x1b[32mBuilding CXX object CMakeFiles/mimi_monitor.dir/src/mimi_monitor.cpp.o\x1b[0m\n'}
[1.019280] (-) TimerEvent: {}
[1.121649] (-) TimerEvent: {}
[1.223338] (-) TimerEvent: {}
[1.324835] (-) TimerEvent: {}
[1.426288] (-) TimerEvent: {}
[1.527245] (-) TimerEvent: {}
[1.628201] (-) TimerEvent: {}
[1.729174] (-) TimerEvent: {}
[1.830197] (-) TimerEvent: {}
[1.933892] (-) TimerEvent: {}
[2.034967] (-) TimerEvent: {}
[2.136511] (-) TimerEvent: {}
[2.239513] (-) TimerEvent: {}
[2.341887] (-) TimerEvent: {}
[2.443380] (-) TimerEvent: {}
[2.547137] (-) TimerEvent: {}
[2.648213] (-) TimerEvent: {}
[2.749381] (-) TimerEvent: {}
[2.850219] (-) TimerEvent: {}
[2.951061] (-) TimerEvent: {}
[3.052127] (-) TimerEvent: {}
[3.153264] (-) TimerEvent: {}
[3.254225] (-) TimerEvent: {}
[3.355697] (-) TimerEvent: {}
[3.456742] (-) TimerEvent: {}
[3.558239] (-) TimerEvent: {}
[3.659060] (-) TimerEvent: {}
[3.760452] (-) TimerEvent: {}
[3.861258] (-) TimerEvent: {}
[3.962369] (-) TimerEvent: {}
[4.067819] (-) TimerEvent: {}
[4.175447] (-) TimerEvent: {}
[4.277256] (-) TimerEvent: {}
[4.378139] (-) TimerEvent: {}
[4.478977] (-) TimerEvent: {}
[4.579969] (-) TimerEvent: {}
[4.680920] (-) TimerEvent: {}
[4.781860] (-) TimerEvent: {}
[4.882776] (-) TimerEvent: {}
[4.984055] (-) TimerEvent: {}
[5.085125] (-) TimerEvent: {}
[5.186096] (-) TimerEvent: {}
[5.286986] (-) TimerEvent: {}
[5.387914] (-) TimerEvent: {}
[5.488832] (-) TimerEvent: {}
[5.589800] (-) TimerEvent: {}
[5.690771] (-) TimerEvent: {}
[5.791694] (-) TimerEvent: {}
[5.892617] (-) TimerEvent: {}
[5.993479] (-) TimerEvent: {}
[6.094366] (-) TimerEvent: {}
[6.195297] (-) TimerEvent: {}
[6.296325] (-) TimerEvent: {}
[6.397188] (-) TimerEvent: {}
[6.498019] (-) TimerEvent: {}
[6.599040] (-) TimerEvent: {}
[6.699841] (-) TimerEvent: {}
[6.800847] (-) TimerEvent: {}
[6.901658] (-) TimerEvent: {}
[7.002506] (-) TimerEvent: {}
[7.103388] (-) TimerEvent: {}
[7.204273] (-) TimerEvent: {}
[7.305150] (-) TimerEvent: {}
[7.406111] (-) TimerEvent: {}
[7.507113] (-) TimerEvent: {}
[7.607985] (-) TimerEvent: {}
[7.709082] (-) TimerEvent: {}
[7.810082] (-) TimerEvent: {}
[7.911030] (-) TimerEvent: {}
[8.011925] (-) TimerEvent: {}
[8.112889] (-) TimerEvent: {}
[8.213888] (-) TimerEvent: {}
[8.315180] (-) TimerEvent: {}
[8.416479] (-) TimerEvent: {}
[8.517344] (-) TimerEvent: {}
[8.618213] (-) TimerEvent: {}
[8.719179] (-) TimerEvent: {}
[8.820086] (-) TimerEvent: {}
[8.921064] (-) TimerEvent: {}
[9.022131] (-) TimerEvent: {}
[9.123132] (-) TimerEvent: {}
[9.223982] (-) TimerEvent: {}
[9.324854] (-) TimerEvent: {}
[9.425818] (-) TimerEvent: {}
[9.526739] (-) TimerEvent: {}
[9.627751] (-) TimerEvent: {}
[9.728593] (-) TimerEvent: {}
[9.829484] (-) TimerEvent: {}
[9.930354] (-) TimerEvent: {}
[10.031263] (-) TimerEvent: {}
[10.132219] (-) TimerEvent: {}
[10.233080] (-) TimerEvent: {}
[10.333901] (-) TimerEvent: {}
[10.434792] (-) TimerEvent: {}
[10.535700] (-) TimerEvent: {}
[10.636638] (-) TimerEvent: {}
[10.737514] (-) TimerEvent: {}
[10.838515] (-) TimerEvent: {}
[10.939385] (-) TimerEvent: {}
[11.040215] (-) TimerEvent: {}
[11.141099] (-) TimerEvent: {}
[11.242040] (-) TimerEvent: {}
[11.342941] (-) TimerEvent: {}
[11.443968] (-) TimerEvent: {}
[11.545240] (-) TimerEvent: {}
[11.646095] (-) TimerEvent: {}
[11.747136] (-) TimerEvent: {}
[11.847963] (-) TimerEvent: {}
[11.948834] (-) TimerEvent: {}
[12.049746] (-) TimerEvent: {}
[12.150713] (-) TimerEvent: {}
[12.251617] (-) TimerEvent: {}
[12.352504] (-) TimerEvent: {}
[12.453386] (-) TimerEvent: {}
[12.554259] (-) TimerEvent: {}
[12.655146] (-) TimerEvent: {}
[12.755954] (-) TimerEvent: {}
[12.856866] (-) TimerEvent: {}
[12.957731] (-) TimerEvent: {}
[13.058726] (-) TimerEvent: {}
[13.159643] (-) TimerEvent: {}
[13.260686] (-) TimerEvent: {}
[13.361676] (-) TimerEvent: {}
[13.462576] (-) TimerEvent: {}
[13.563501] (-) TimerEvent: {}
[13.664382] (-) TimerEvent: {}
[13.765214] (-) TimerEvent: {}
[13.866059] (-) TimerEvent: {}
[13.966946] (-) TimerEvent: {}
[14.067834] (-) TimerEvent: {}
[14.168764] (-) TimerEvent: {}
[14.269669] (-) TimerEvent: {}
[14.370549] (-) TimerEvent: {}
[14.471457] (-) TimerEvent: {}
[14.572377] (-) TimerEvent: {}
[14.673230] (-) TimerEvent: {}
[14.774084] (-) TimerEvent: {}
[14.875019] (-) TimerEvent: {}
[14.975859] (-) TimerEvent: {}
[15.076751] (-) TimerEvent: {}
[15.177734] (-) TimerEvent: {}
[15.278635] (-) TimerEvent: {}
[15.379509] (-) TimerEvent: {}
[15.480328] (-) TimerEvent: {}
[15.581237] (-) TimerEvent: {}
[15.682251] (-) TimerEvent: {}
[15.783337] (-) TimerEvent: {}
[15.884222] (-) TimerEvent: {}
[15.985480] (-) TimerEvent: {}
[16.001652] (mimi_head) StderrLine: {'line': b'\x1b[01m\x1b[K/home/mimi/mimi_ros2_ws/src/mimi_head/src/mimi_monitor.cpp:\x1b[m\x1b[K In function \xe2\x80\x98\x1b[01m\x1b[Kvoid sigint_handler(int)\x1b[m\x1b[K\xe2\x80\x99:\n'}
[16.002511] (mimi_head) StderrLine: {'line': b'\x1b[01m\x1b[K/home/mimi/mimi_ros2_ws/src/mimi_head/src/mimi_monitor.cpp:49:25:\x1b[m\x1b[K \x1b[01;35m\x1b[Kwarning: \x1b[m\x1b[Kunused parameter \xe2\x80\x98\x1b[01m\x1b[Ksig\x1b[m\x1b[K\xe2\x80\x99 [\x1b[01;35m\x1b[K\x1b]8;;https://gcc.gnu.org/onlinedocs/gcc/Warning-Options.html#index-Wunused-parameter\x07-Wunused-parameter\x1b]8;;\x07\x1b[m\x1b[K]\n'}
[16.003125] (mimi_head) StderrLine: {'line': b'   49 | void sigint_handler(\x1b[01;35m\x1b[Kint sig\x1b[m\x1b[K)\n'}
[16.003587] (mimi_head) StderrLine: {'line': b'      |                     \x1b[01;35m\x1b[K~~~~^~~\x1b[m\x1b[K\n'}
[16.085695] (-) TimerEvent: {}
[16.186567] (-) TimerEvent: {}
[16.287587] (-) TimerEvent: {}
[16.388442] (-) TimerEvent: {}
[16.489327] (-) TimerEvent: {}
[16.590291] (-) TimerEvent: {}
[16.691140] (-) TimerEvent: {}
[16.792060] (-) TimerEvent: {}
[16.892984] (-) TimerEvent: {}
[16.993944] (-) TimerEvent: {}
[17.094847] (-) TimerEvent: {}
[17.195867] (-) TimerEvent: {}
[17.296794] (-) TimerEvent: {}
[17.397692] (-) TimerEvent: {}
[17.498632] (-) TimerEvent: {}
[17.599603] (-) TimerEvent: {}
[17.700514] (-) TimerEvent: {}
[17.801354] (-) TimerEvent: {}
[17.902217] (-) TimerEvent: {}
[18.003066] (-) TimerEvent: {}
[18.103994] (-) TimerEvent: {}
[18.204837] (-) TimerEvent: {}
[18.305713] (-) TimerEvent: {}
[18.406581] (-) TimerEvent: {}
[18.507471] (-) TimerEvent: {}
[18.608294] (-) TimerEvent: {}
[18.709142] (-) TimerEvent: {}
[18.810055] (-) TimerEvent: {}
[18.910937] (-) TimerEvent: {}
[19.011838] (-) TimerEvent: {}
[19.112682] (-) TimerEvent: {}
[19.213534] (-) TimerEvent: {}
[19.314487] (-) TimerEvent: {}
[19.415441] (-) TimerEvent: {}
[19.516269] (-) TimerEvent: {}
[19.617131] (-) TimerEvent: {}
[19.717976] (-) TimerEvent: {}
[19.819039] (-) TimerEvent: {}
[19.919848] (-) TimerEvent: {}
[20.020740] (-) TimerEvent: {}
[20.121745] (-) TimerEvent: {}
[20.222654] (-) TimerEvent: {}
[20.323582] (-) TimerEvent: {}
[20.424421] (-) TimerEvent: {}
[20.525396] (-) TimerEvent: {}
[20.626233] (-) TimerEvent: {}
[20.727109] (-) TimerEvent: {}
[20.828026] (-) TimerEvent: {}
[20.928927] (-) TimerEvent: {}
[21.029751] (-) TimerEvent: {}
[21.130782] (-) TimerEvent: {}
[21.231855] (-) TimerEvent: {}
[21.332714] (-) TimerEvent: {}
[21.433545] (-) TimerEvent: {}
[21.534357] (-) TimerEvent: {}
[21.635188] (-) TimerEvent: {}
[21.736061] (-) TimerEvent: {}
[21.836961] (-) TimerEvent: {}
[21.937785] (-) TimerEvent: {}
[22.038670] (-) TimerEvent: {}
[22.139640] (-) TimerEvent: {}
[22.240459] (-) TimerEvent: {}
[22.341343] (-) TimerEvent: {}
[22.442275] (-) TimerEvent: {}
[22.543247] (-) TimerEvent: {}
[22.644075] (-) TimerEvent: {}
[22.745041] (-) TimerEvent: {}
[22.845978] (-) TimerEvent: {}
[22.946966] (-) TimerEvent: {}
[23.047850] (-) TimerEvent: {}
[23.148682] (-) TimerEvent: {}
[23.249517] (-) TimerEvent: {}
[23.350378] (-) TimerEvent: {}
[23.451362] (-) TimerEvent: {}
[23.552418] (-) TimerEvent: {}
[23.653399] (-) TimerEvent: {}
[23.754233] (-) TimerEvent: {}
[23.855189] (-) TimerEvent: {}
[23.956189] (-) TimerEvent: {}
[24.057015] (-) TimerEvent: {}
[24.157777] (-) TimerEvent: {}
[24.258597] (-) TimerEvent: {}
[24.359457] (-) TimerEvent: {}
[24.460289] (-) TimerEvent: {}
[24.561239] (-) TimerEvent: {}
[24.662055] (-) TimerEvent: {}
[24.762908] (-) TimerEvent: {}
[24.863805] (-) TimerEvent: {}
[24.964738] (-) TimerEvent: {}
[25.065705] (-) TimerEvent: {}
[25.166806] (-) TimerEvent: {}
[25.267776] (-) TimerEvent: {}
[25.368854] (-) TimerEvent: {}
[25.469724] (-) TimerEvent: {}
[25.570564] (-) TimerEvent: {}
[25.671658] (-) TimerEvent: {}
[25.773336] (-) TimerEvent: {}
[25.874687] (-) TimerEvent: {}
[25.976295] (-) TimerEvent: {}
[26.077188] (-) TimerEvent: {}
[26.178070] (-) TimerEvent: {}
[26.278975] (-) TimerEvent: {}
[26.379790] (-) TimerEvent: {}
[26.480699] (-) TimerEvent: {}
[26.581624] (-) TimerEvent: {}
[26.682540] (-) TimerEvent: {}
[26.783416] (-) TimerEvent: {}
[26.884251] (-) TimerEvent: {}
[26.985096] (-) TimerEvent: {}
[27.085977] (-) TimerEvent: {}
[27.186999] (-) TimerEvent: {}
[27.287867] (-) TimerEvent: {}
[27.388783] (-) TimerEvent: {}
[27.489600] (-) TimerEvent: {}
[27.590441] (-) TimerEvent: {}
[27.691363] (-) TimerEvent: {}
[27.792226] (-) TimerEvent: {}
[27.893076] (-) TimerEvent: {}
[27.993894] (-) TimerEvent: {}
[28.094731] (-) TimerEvent: {}
[28.195545] (-) TimerEvent: {}
[28.296314] (-) TimerEvent: {}
[28.397179] (-) TimerEvent: {}
[28.498081] (-) TimerEvent: {}
[28.598954] (-) TimerEvent: {}
[28.699726] (-) TimerEvent: {}
[28.800476] (-) TimerEvent: {}
[28.901275] (-) TimerEvent: {}
[29.002080] (-) TimerEvent: {}
[29.103037] (-) TimerEvent: {}
[29.203819] (-) TimerEvent: {}
[29.304626] (-) TimerEvent: {}
[29.405418] (-) TimerEvent: {}
[29.506192] (-) TimerEvent: {}
[29.607025] (-) TimerEvent: {}
[29.707840] (-) TimerEvent: {}
[29.808756] (-) TimerEvent: {}
[29.909553] (-) TimerEvent: {}
[30.010395] (-) TimerEvent: {}
[30.111294] (-) TimerEvent: {}
[30.212177] (-) TimerEvent: {}
[30.312986] (-) TimerEvent: {}
[30.413826] (-) TimerEvent: {}
[30.514686] (-) TimerEvent: {}
[30.615536] (-) TimerEvent: {}
[30.716349] (-) TimerEvent: {}
[30.817222] (-) TimerEvent: {}
[30.918064] (-) TimerEvent: {}
[31.018988] (-) TimerEvent: {}
[31.120021] (-) TimerEvent: {}
[31.220832] (-) TimerEvent: {}
[31.321745] (-) TimerEvent: {}
[31.422656] (-) TimerEvent: {}
[31.523673] (-) TimerEvent: {}
[31.624573] (-) TimerEvent: {}
[31.725474] (-) TimerEvent: {}
[31.826414] (-) TimerEvent: {}
[31.927391] (-) TimerEvent: {}
[32.028311] (-) TimerEvent: {}
[32.129122] (-) TimerEvent: {}
[32.230068] (-) TimerEvent: {}
[32.330986] (-) TimerEvent: {}
[32.431805] (-) TimerEvent: {}
[32.532657] (-) TimerEvent: {}
[32.633508] (-) TimerEvent: {}
[32.734377] (-) TimerEvent: {}
[32.835267] (-) TimerEvent: {}
[32.936091] (-) TimerEvent: {}
[33.036905] (-) TimerEvent: {}
[33.137761] (-) TimerEvent: {}
[33.238643] (-) TimerEvent: {}
[33.339510] (-) TimerEvent: {}
[33.440345] (-) TimerEvent: {}
[33.541255] (-) TimerEvent: {}
[33.642080] (-) TimerEvent: {}
[33.742928] (-) TimerEvent: {}
[33.843723] (-) TimerEvent: {}
[33.944571] (-) TimerEvent: {}
[34.045421] (-) TimerEvent: {}
[34.146314] (-) TimerEvent: {}
[34.247156] (-) TimerEvent: {}
[34.347988] (-) TimerEvent: {}
[34.448829] (-) TimerEvent: {}
[34.549638] (-) TimerEvent: {}
[34.650453] (-) TimerEvent: {}
[34.751312] (-) TimerEvent: {}
[34.852235] (-) TimerEvent: {}
[34.953089] (-) TimerEvent: {}
[35.054085] (-) TimerEvent: {}
[35.154975] (-) TimerEvent: {}
[35.255894] (-) TimerEvent: {}
[35.356719] (-) TimerEvent: {}
[35.457533] (-) TimerEvent: {}
[35.558399] (-) TimerEvent: {}
[35.659258] (-) TimerEvent: {}
[35.760085] (-) TimerEvent: {}
[35.860868] (-) TimerEvent: {}
[35.961808] (-) TimerEvent: {}
[36.062679] (-) TimerEvent: {}
[36.163624] (-) TimerEvent: {}
[36.264491] (-) TimerEvent: {}
[36.365319] (-) TimerEvent: {}
[36.466174] (-) TimerEvent: {}
[36.567082] (-) TimerEvent: {}
[36.667892] (-) TimerEvent: {}
[36.768720] (-) TimerEvent: {}
[36.869506] (-) TimerEvent: {}
[36.970328] (-) TimerEvent: {}
[37.071315] (-) TimerEvent: {}
[37.172160] (-) TimerEvent: {}
[37.273175] (-) TimerEvent: {}
[37.374002] (-) TimerEvent: {}
[37.474835] (-) TimerEvent: {}
[37.575680] (-) TimerEvent: {}
[37.676591] (-) TimerEvent: {}
[37.777501] (-) TimerEvent: {}
[37.878580] (-) TimerEvent: {}
[37.979533] (-) TimerEvent: {}
[38.080425] (-) TimerEvent: {}
[38.181167] (-) TimerEvent: {}
[38.282155] (-) TimerEvent: {}
[38.383038] (-) TimerEvent: {}
[38.483863] (-) TimerEvent: {}
[38.584690] (-) TimerEvent: {}
[38.685497] (-) TimerEvent: {}
[38.786385] (-) TimerEvent: {}
[38.887420] (-) TimerEvent: {}
[38.988299] (-) TimerEvent: {}
[39.089130] (-) TimerEvent: {}
[39.189963] (-) TimerEvent: {}
[39.290800] (-) TimerEvent: {}
[39.391626] (-) TimerEvent: {}
[39.492510] (-) TimerEvent: {}
[39.593371] (-) TimerEvent: {}
[39.694266] (-) TimerEvent: {}
[39.795132] (-) TimerEvent: {}
[39.896000] (-) TimerEvent: {}
[39.996892] (-) TimerEvent: {}
[40.097995] (-) TimerEvent: {}
[40.199066] (-) TimerEvent: {}
[40.300031] (-) TimerEvent: {}
[40.401018] (-) TimerEvent: {}
[40.502264] (-) TimerEvent: {}
[40.603283] (-) TimerEvent: {}
[40.704102] (-) TimerEvent: {}
[40.754079] (mimi_head) StdoutLine: {'line': b'[100%] \x1b[32m\x1b[1mLinking CXX executable mimi_monitor\x1b[0m\n'}
[40.804291] (-) TimerEvent: {}
[40.905215] (-) TimerEvent: {}
[41.006434] (-) TimerEvent: {}
[41.107798] (-) TimerEvent: {}
[41.208731] (-) TimerEvent: {}
[41.310935] (-) TimerEvent: {}
[41.411986] (-) TimerEvent: {}
[41.513038] (-) TimerEvent: {}
[41.614791] (-) TimerEvent: {}
[41.716047] (-) TimerEvent: {}
[41.817191] (-) TimerEvent: {}
[41.918499] (-) TimerEvent: {}
[42.019579] (-) TimerEvent: {}
[42.121226] (-) TimerEvent: {}
[42.222640] (-) TimerEvent: {}
[42.323794] (-) TimerEvent: {}
[42.425249] (-) TimerEvent: {}
[42.526783] (-) TimerEvent: {}
[42.628535] (-) TimerEvent: {}
[42.729834] (-) TimerEvent: {}
[42.831117] (-) TimerEvent: {}
[42.932472] (-) TimerEvent: {}
[43.034038] (-) TimerEvent: {}
[43.135040] (-) TimerEvent: {}
[43.235935] (-) TimerEvent: {}
[43.337090] (-) TimerEvent: {}
[43.437932] (-) TimerEvent: {}
[43.539258] (-) TimerEvent: {}
[43.640266] (-) TimerEvent: {}
[43.741178] (-) TimerEvent: {}
[43.842145] (-) TimerEvent: {}
[43.943249] (-) TimerEvent: {}
[44.044109] (-) TimerEvent: {}
[44.144984] (-) TimerEvent: {}
[44.245746] (-) TimerEvent: {}
[44.346668] (-) TimerEvent: {}
[44.448052] (-) TimerEvent: {}
[44.548823] (-) TimerEvent: {}
[44.649810] (-) TimerEvent: {}
[44.750842] (-) TimerEvent: {}
[44.851852] (-) TimerEvent: {}
[44.952752] (-) TimerEvent: {}
[45.053692] (-) TimerEvent: {}
[45.154441] (-) TimerEvent: {}
[45.255558] (-) TimerEvent: {}
[45.356971] (mimi_head) StdoutLine: {'line': b'[100%] Built target mimi_monitor\n'}
[45.357809] (-) TimerEvent: {}
[45.398770] (mimi_head) CommandEnded: {'returncode': 0}
[45.458013] (-) TimerEvent: {}
[45.530281] (mimi_head) JobProgress: {'identifier': 'mimi_head', 'progress': 'install'}
[45.558246] (-) TimerEvent: {}
[45.571114] (mimi_head) Command: {'cmd': ['/usr/bin/cmake', '--install', '/home/mimi/mimi_ros2_ws/build/mimi_head'], 'cwd': '/home/mimi/mimi_ros2_ws/build/mimi_head', 'env': OrderedDict([('LESSOPEN', '| /usr/bin/lesspipe %s'), ('USER', 'mimi'), ('SSH_CLIENT', '192.168.1.102 52030 22'), ('LC_TIME', 'th_TH.UTF-8'), ('XDG_SESSION_TYPE', 'tty'), ('GIT_ASKPASS', '/home/mimi/.vscode-server/bin/6a995c4f4cc2ced6e3237749973982e751cb0bf9/extensions/git/dist/askpass.sh'), ('SHLVL', '0'), ('LD_LIBRARY_PATH', '/opt/ros/humble/opt/rviz_ogre_vendor/lib:/opt/ros/humble/lib/aarch64-linux-gnu:/opt/ros/humble/lib'), ('BROWSER', '/home/mimi/.vscode-server/bin/6a995c4f4cc2ced6e3237749973982e751cb0bf9/bin/helpers/browser.sh'), ('MOTD_SHOWN', 'pam'), ('HOME', '/home/mimi'), ('TERM_PROGRAM_VERSION', '1.78.1'), ('VSCODE_IPC_HOOK_CLI', '/run/user/1000/vscode-ipc-35e23358-555f-45e9-a2d8-df1e4240731f.sock'), ('ROS_PYTHON_VERSION', '3'), ('VSCODE_GIT_ASKPASS_MAIN', '/home/mimi/.vscode-server/bin/6a995c4f4cc2ced6e3237749973982e751cb0bf9/extensions/git/dist/askpass-main.js'), ('LC_MONETARY', 'th_TH.UTF-8'), ('VSCODE_GIT_ASKPASS_NODE', '/home/mimi/.vscode-server/bin/6a995c4f4cc2ced6e3237749973982e751cb0bf9/node'), ('DBUS_SESSION_BUS_ADDRESS', 'unix:path=/run/user/1000/bus'), ('COLORTERM', 'truecolor'), ('ROS_DISTRO', 'humble'), ('LOGNAME', 'mimi'), ('_', '/usr/bin/colcon'), ('ROS_VERSION', '2'), ('XDG_SESSION_CLASS', 'user'), ('TERM', 'xterm-256color'), ('XDG_SESSION_ID', '4'), ('ROS_LOCALHOST_ONLY', '0'), ('PATH', '/home/mimi/.vscode-server/bin/6a995c4f4cc2ced6e3237749973982e751cb0bf9/bin/remote-cli:/home/mimi/.local/bin:/opt/ros/humble/bin:/usr/local/sbin:/usr/local/bin:/usr/sbin:/usr/bin:/sbin:/bin:/usr/games:/usr/local/games:/snap/bin'), ('LC_ADDRESS', 'th_TH.UTF-8'), ('XDG_RUNTIME_DIR', '/run/user/1000'), ('LANG', 'en_US.UTF-8'), ('LC_TELEPHONE', 'th_TH.UTF-8'), ('LS_COLORS', ''), ('VSCODE_GIT_IPC_HANDLE', '/run/user/1000/vscode-git-bb3d78543e.sock'), ('TERM_PROGRAM', 'vscode'), ('AMENT_PREFIX_PATH', '/opt/ros/humble'), ('SHELL', '/bin/bash'), ('LC_NAME', 'th_TH.UTF-8'), ('LESSCLOSE', '/usr/bin/lesspipe %s %s'), ('LC_MEASUREMENT', 'th_TH.UTF-8'), ('LC_IDENTIFICATION', 'th_TH.UTF-8'), ('VSCODE_GIT_ASKPASS_EXTRA_ARGS', ''), ('PWD', '/home/mimi/mimi_ros2_ws/build/mimi_head'), ('SSH_CONNECTION', '192.168.1.102 52030 192.168.1.100 22'), ('XDG_DATA_DIRS', '/usr/share/gnome:/usr/local/share:/usr/share:/var/lib/snapd/desktop'), ('PYTHONPATH', '/opt/ros/humble/lib/python3.10/site-packages:/opt/ros/humble/local/lib/python3.10/dist-packages'), ('LC_NUMERIC', 'th_TH.UTF-8'), ('LC_PAPER', 'th_TH.UTF-8'), ('COLCON', '1'), ('CMAKE_PREFIX_PATH', '/opt/ros/humble')]), 'shell': False}
[45.600741] (mimi_head) StdoutLine: {'line': b'-- Install configuration: ""\n'}
[45.608799] (mimi_head) StdoutLine: {'line': b'-- Execute custom install script\n'}
[45.611358] (mimi_head) StdoutLine: {'line': b'-- Up-to-date symlink: /home/mimi/mimi_ros2_ws/install/mimi_head/lib/mimi_head/mimi_camera\n'}
[45.612328] (mimi_head) StdoutLine: {'line': b'-- Up-to-date symlink: /home/mimi/mimi_ros2_ws/install/mimi_head/lib/mimi_head/mimi_monitor\n'}
[45.614298] (mimi_head) StdoutLine: {'line': b'-- Up-to-date symlink: /home/mimi/mimi_ros2_ws/install/mimi_head/share/ament_index/resource_index/package_run_dependencies/mimi_head\n'}
[45.615555] (mimi_head) StdoutLine: {'line': b'-- Up-to-date symlink: /home/mimi/mimi_ros2_ws/install/mimi_head/share/ament_index/resource_index/parent_prefix_path/mimi_head\n'}
[45.616788] (mimi_head) StdoutLine: {'line': b'-- Up-to-date symlink: /home/mimi/mimi_ros2_ws/install/mimi_head/share/mimi_head/environment/ament_prefix_path.sh\n'}
[45.617916] (mimi_head) StdoutLine: {'line': b'-- Up-to-date symlink: /home/mimi/mimi_ros2_ws/install/mimi_head/share/mimi_head/environment/ament_prefix_path.dsv\n'}
[45.619337] (mimi_head) StdoutLine: {'line': b'-- Up-to-date symlink: /home/mimi/mimi_ros2_ws/install/mimi_head/share/mimi_head/environment/path.sh\n'}
[45.620527] (mimi_head) StdoutLine: {'line': b'-- Up-to-date symlink: /home/mimi/mimi_ros2_ws/install/mimi_head/share/mimi_head/environment/path.dsv\n'}
[45.621652] (mimi_head) StdoutLine: {'line': b'-- Up-to-date symlink: /home/mimi/mimi_ros2_ws/install/mimi_head/share/mimi_head/local_setup.bash\n'}
[45.622662] (mimi_head) StdoutLine: {'line': b'-- Up-to-date symlink: /home/mimi/mimi_ros2_ws/install/mimi_head/share/mimi_head/local_setup.sh\n'}
[45.623788] (mimi_head) StdoutLine: {'line': b'-- Up-to-date symlink: /home/mimi/mimi_ros2_ws/install/mimi_head/share/mimi_head/local_setup.zsh\n'}
[45.624828] (mimi_head) StdoutLine: {'line': b'-- Up-to-date symlink: /home/mimi/mimi_ros2_ws/install/mimi_head/share/mimi_head/local_setup.dsv\n'}
[45.625545] (mimi_head) StdoutLine: {'line': b'-- Symlinking: /home/mimi/mimi_ros2_ws/install/mimi_head/share/mimi_head/package.dsv\n'}
[45.657669] (mimi_head) StdoutLine: {'line': b'-- Up-to-date symlink: /home/mimi/mimi_ros2_ws/install/mimi_head/share/ament_index/resource_index/packages/mimi_head\n'}
[45.658265] (-) TimerEvent: {}
[45.659378] (mimi_head) StdoutLine: {'line': b'-- Up-to-date symlink: /home/mimi/mimi_ros2_ws/install/mimi_head/share/mimi_head/cmake/mimi_headConfig.cmake\n'}
[45.660235] (mimi_head) StdoutLine: {'line': b'-- Up-to-date symlink: /home/mimi/mimi_ros2_ws/install/mimi_head/share/mimi_head/cmake/mimi_headConfig-version.cmake\n'}
[45.660806] (mimi_head) StdoutLine: {'line': b'-- Up-to-date symlink: /home/mimi/mimi_ros2_ws/install/mimi_head/share/mimi_head/package.xml\n'}
[45.669495] (mimi_head) CommandEnded: {'returncode': 0}
[45.758486] (-) TimerEvent: {}
[45.859367] (-) TimerEvent: {}
[45.960301] (mimi_head) JobEnded: {'identifier': 'mimi_head', 'rc': 0}
[45.965400] (-) TimerEvent: {}
[45.965940] (-) EventReactorShutdown: {}
