[1.847s] DEBUG:colcon:Command line arguments: ['/usr/bin/colcon', 'build', '--symlink-install']
[1.847s] DEBUG:colcon:Parsed command line arguments: Namespace(log_base=None, log_level=None, verb_name='build', build_base='build', install_base='install', merge_install=False, symlink_install=True, test_result_base=None, continue_on_error=False, executor='parallel', parallel_workers=4, event_handlers=None, ignore_user_meta=False, metas=['./colcon.meta'], base_paths=['.'], packages_ignore=None, packages_ignore_regex=None, paths=None, packages_up_to=None, packages_up_to_regex=None, packages_above=None, packages_above_and_dependencies=None, packages_above_depth=None, packages_select_by_dep=None, packages_skip_by_dep=None, packages_skip_up_to=None, packages_select_build_failed=False, packages_skip_build_finished=False, packages_select_test_failures=False, packages_skip_test_passed=False, packages_select=None, packages_skip=None, packages_select_regex=None, packages_skip_regex=None, packages_start=None, packages_end=None, allow_overriding=[], cmake_args=None, cmake_target=None, cmake_target_skip_unavailable=False, cmake_clean_cache=False, cmake_clean_first=False, cmake_force_configure=False, ament_cmake_args=None, catkin_cmake_args=None, catkin_skip_building_tests=False, verb_parser=<colcon_defaults.argument_parser.defaults.DefaultArgumentsDecorator object at 0xffff84a581f0>, verb_extension=<colcon_core.verb.build.BuildVerb object at 0xffff852544c0>, main=<bound method BuildVerb.main of <colcon_core.verb.build.BuildVerb object at 0xffff852544c0>>)
[2.015s] Level 1:colcon.colcon_core.package_discovery:discover_packages(colcon_meta) check parameters
[2.016s] Level 1:colcon.colcon_core.package_discovery:discover_packages(recursive) check parameters
[2.016s] Level 1:colcon.colcon_core.package_discovery:discover_packages(ignore) check parameters
[2.016s] Level 1:colcon.colcon_core.package_discovery:discover_packages(path) check parameters
[2.016s] Level 1:colcon.colcon_core.package_discovery:discover_packages(colcon_meta) discover
[2.016s] Level 1:colcon.colcon_core.package_discovery:discover_packages(recursive) discover
[2.017s] INFO:colcon.colcon_core.package_discovery:Crawling recursively for packages in '/home/mimi/mimi_ros2_ws'
[2.017s] Level 1:colcon.colcon_core.package_identification:_identify(.) by extensions ['ignore', 'ignore_ament_install']
[2.019s] Level 1:colcon.colcon_core.package_identification:_identify(.) by extension 'ignore'
[2.019s] Level 1:colcon.colcon_core.package_identification:_identify(.) by extension 'ignore_ament_install'
[2.020s] Level 1:colcon.colcon_core.package_identification:_identify(.) by extensions ['colcon_pkg']
[2.020s] Level 1:colcon.colcon_core.package_identification:_identify(.) by extension 'colcon_pkg'
[2.020s] Level 1:colcon.colcon_core.package_identification:_identify(.) by extensions ['colcon_meta']
[2.020s] Level 1:colcon.colcon_core.package_identification:_identify(.) by extension 'colcon_meta'
[2.021s] Level 1:colcon.colcon_core.package_identification:_identify(.) by extensions ['ros']
[2.021s] Level 1:colcon.colcon_core.package_identification:_identify(.) by extension 'ros'
[2.087s] Level 1:colcon.colcon_core.package_identification:_identify(.) by extensions ['cmake', 'python']
[2.088s] Level 1:colcon.colcon_core.package_identification:_identify(.) by extension 'cmake'
[2.088s] Level 1:colcon.colcon_core.package_identification:_identify(.) by extension 'python'
[2.089s] Level 1:colcon.colcon_core.package_identification:_identify(.) by extensions ['python_setup_py']
[2.089s] Level 1:colcon.colcon_core.package_identification:_identify(.) by extension 'python_setup_py'
[2.090s] Level 1:colcon.colcon_core.package_identification:_identify(build) by extensions ['ignore', 'ignore_ament_install']
[2.091s] Level 1:colcon.colcon_core.package_identification:_identify(build) by extension 'ignore'
[2.091s] Level 1:colcon.colcon_core.package_identification:_identify(build) ignored
[2.092s] Level 1:colcon.colcon_core.package_identification:_identify(detect) by extensions ['ignore', 'ignore_ament_install']
[2.093s] Level 1:colcon.colcon_core.package_identification:_identify(detect) by extension 'ignore'
[2.094s] Level 1:colcon.colcon_core.package_identification:_identify(detect) by extension 'ignore_ament_install'
[2.094s] Level 1:colcon.colcon_core.package_identification:_identify(detect) by extensions ['colcon_pkg']
[2.094s] Level 1:colcon.colcon_core.package_identification:_identify(detect) by extension 'colcon_pkg'
[2.095s] Level 1:colcon.colcon_core.package_identification:_identify(detect) by extensions ['colcon_meta']
[2.095s] Level 1:colcon.colcon_core.package_identification:_identify(detect) by extension 'colcon_meta'
[2.095s] Level 1:colcon.colcon_core.package_identification:_identify(detect) by extensions ['ros']
[2.096s] Level 1:colcon.colcon_core.package_identification:_identify(detect) by extension 'ros'
[2.096s] Level 1:colcon.colcon_core.package_identification:_identify(detect) by extensions ['cmake', 'python']
[2.096s] Level 1:colcon.colcon_core.package_identification:_identify(detect) by extension 'cmake'
[2.097s] Level 1:colcon.colcon_core.package_identification:_identify(detect) by extension 'python'
[2.097s] Level 1:colcon.colcon_core.package_identification:_identify(detect) by extensions ['python_setup_py']
[2.097s] Level 1:colcon.colcon_core.package_identification:_identify(detect) by extension 'python_setup_py'
[2.098s] Level 1:colcon.colcon_core.package_identification:_identify(install) by extensions ['ignore', 'ignore_ament_install']
[2.099s] Level 1:colcon.colcon_core.package_identification:_identify(install) by extension 'ignore'
[2.099s] Level 1:colcon.colcon_core.package_identification:_identify(install) ignored
[2.102s] Level 1:colcon.colcon_core.package_identification:_identify(log) by extensions ['ignore', 'ignore_ament_install']
[2.102s] Level 1:colcon.colcon_core.package_identification:_identify(log) by extension 'ignore'
[2.103s] Level 1:colcon.colcon_core.package_identification:_identify(log) ignored
[2.104s] Level 1:colcon.colcon_core.package_identification:_identify(src) by extensions ['ignore', 'ignore_ament_install']
[2.104s] Level 1:colcon.colcon_core.package_identification:_identify(src) by extension 'ignore'
[2.105s] Level 1:colcon.colcon_core.package_identification:_identify(src) by extension 'ignore_ament_install'
[2.105s] Level 1:colcon.colcon_core.package_identification:_identify(src) by extensions ['colcon_pkg']
[2.106s] Level 1:colcon.colcon_core.package_identification:_identify(src) by extension 'colcon_pkg'
[2.106s] Level 1:colcon.colcon_core.package_identification:_identify(src) by extensions ['colcon_meta']
[2.106s] Level 1:colcon.colcon_core.package_identification:_identify(src) by extension 'colcon_meta'
[2.107s] Level 1:colcon.colcon_core.package_identification:_identify(src) by extensions ['ros']
[2.107s] Level 1:colcon.colcon_core.package_identification:_identify(src) by extension 'ros'
[2.107s] Level 1:colcon.colcon_core.package_identification:_identify(src) by extensions ['cmake', 'python']
[2.108s] Level 1:colcon.colcon_core.package_identification:_identify(src) by extension 'cmake'
[2.108s] Level 1:colcon.colcon_core.package_identification:_identify(src) by extension 'python'
[2.108s] Level 1:colcon.colcon_core.package_identification:_identify(src) by extensions ['python_setup_py']
[2.109s] Level 1:colcon.colcon_core.package_identification:_identify(src) by extension 'python_setup_py'
[2.109s] Level 1:colcon.colcon_core.package_identification:_identify(src/mimi_head) by extensions ['ignore', 'ignore_ament_install']
[2.110s] Level 1:colcon.colcon_core.package_identification:_identify(src/mimi_head) by extension 'ignore'
[2.110s] Level 1:colcon.colcon_core.package_identification:_identify(src/mimi_head) by extension 'ignore_ament_install'
[2.110s] Level 1:colcon.colcon_core.package_identification:_identify(src/mimi_head) by extensions ['colcon_pkg']
[2.111s] Level 1:colcon.colcon_core.package_identification:_identify(src/mimi_head) by extension 'colcon_pkg'
[2.111s] Level 1:colcon.colcon_core.package_identification:_identify(src/mimi_head) by extensions ['colcon_meta']
[2.111s] Level 1:colcon.colcon_core.package_identification:_identify(src/mimi_head) by extension 'colcon_meta'
[2.111s] Level 1:colcon.colcon_core.package_identification:_identify(src/mimi_head) by extensions ['ros']
[2.111s] Level 1:colcon.colcon_core.package_identification:_identify(src/mimi_head) by extension 'ros'
[2.123s] DEBUG:colcon.colcon_core.package_identification:Package 'src/mimi_head' with type 'ros.ament_cmake' and name 'mimi_head'
[2.123s] Level 1:colcon.colcon_core.package_discovery:discover_packages(recursive) using defaults
[2.124s] Level 1:colcon.colcon_core.package_discovery:discover_packages(ignore) discover
[2.124s] Level 1:colcon.colcon_core.package_discovery:discover_packages(ignore) using defaults
[2.124s] Level 1:colcon.colcon_core.package_discovery:discover_packages(path) discover
[2.124s] Level 1:colcon.colcon_core.package_discovery:discover_packages(path) using defaults
[2.232s] Level 1:colcon.colcon_core.package_discovery:discover_packages(prefix_path) check parameters
[2.233s] Level 1:colcon.colcon_core.package_discovery:discover_packages(prefix_path) discover
[2.258s] DEBUG:colcon.colcon_installed_package_information.package_discovery:Found 270 installed packages in /opt/ros/humble
[2.266s] Level 1:colcon.colcon_core.package_discovery:discover_packages(prefix_path) using defaults
[2.626s] Level 5:colcon.colcon_core.verb:set package 'mimi_head' build argument 'cmake_args' from command line to 'None'
[2.627s] Level 5:colcon.colcon_core.verb:set package 'mimi_head' build argument 'cmake_target' from command line to 'None'
[2.631s] Level 5:colcon.colcon_core.verb:set package 'mimi_head' build argument 'cmake_target_skip_unavailable' from command line to 'False'
[2.632s] Level 5:colcon.colcon_core.verb:set package 'mimi_head' build argument 'cmake_clean_cache' from command line to 'False'
[2.632s] Level 5:colcon.colcon_core.verb:set package 'mimi_head' build argument 'cmake_clean_first' from command line to 'False'
[2.632s] Level 5:colcon.colcon_core.verb:set package 'mimi_head' build argument 'cmake_force_configure' from command line to 'False'
[2.632s] Level 5:colcon.colcon_core.verb:set package 'mimi_head' build argument 'ament_cmake_args' from command line to 'None'
[2.632s] Level 5:colcon.colcon_core.verb:set package 'mimi_head' build argument 'catkin_cmake_args' from command line to 'None'
[2.632s] Level 5:colcon.colcon_core.verb:set package 'mimi_head' build argument 'catkin_skip_building_tests' from command line to 'False'
[2.633s] DEBUG:colcon.colcon_core.verb:Building package 'mimi_head' with the following arguments: {'ament_cmake_args': None, 'build_base': '/home/mimi/mimi_ros2_ws/build/mimi_head', 'catkin_cmake_args': None, 'catkin_skip_building_tests': False, 'cmake_args': None, 'cmake_clean_cache': False, 'cmake_clean_first': False, 'cmake_force_configure': False, 'cmake_target': None, 'cmake_target_skip_unavailable': False, 'install_base': '/home/mimi/mimi_ros2_ws/install/mimi_head', 'merge_install': False, 'path': '/home/mimi/mimi_ros2_ws/src/mimi_head', 'symlink_install': True, 'test_result_base': None}
[2.636s] INFO:colcon.colcon_core.executor:Executing jobs using 'parallel' executor
[2.653s] DEBUG:colcon.colcon_parallel_executor.executor.parallel:run_until_complete
[2.654s] INFO:colcon.colcon_ros.task.ament_cmake.build:Building ROS package in '/home/mimi/mimi_ros2_ws/src/mimi_head' with build type 'ament_cmake'
[2.655s] INFO:colcon.colcon_cmake.task.cmake.build:Building CMake package in '/home/mimi/mimi_ros2_ws/src/mimi_head'
[2.676s] INFO:colcon.colcon_core.plugin_system:Skipping extension 'colcon_core.shell.bat': Not used on non-Windows systems
[2.677s] INFO:colcon.colcon_core.shell:Skip shell extension 'powershell' for command environment: Not usable outside of PowerShell
[2.678s] DEBUG:colcon.colcon_core.shell:Skip shell extension 'dsv' for command environment
[2.729s] DEBUG:colcon.colcon_core.event_handler.log_command:Invoking command in '/home/mimi/mimi_ros2_ws/build/mimi_head': CMAKE_PREFIX_PATH=/opt/ros/humble /usr/bin/cmake --build /home/mimi/mimi_ros2_ws/build/mimi_head -- -j4 -l4
[28.336s] DEBUG:colcon.colcon_core.event_handler.log_command:Invoked command in '/home/mimi/mimi_ros2_ws/build/mimi_head' returned '0': CMAKE_PREFIX_PATH=/opt/ros/humble /usr/bin/cmake --build /home/mimi/mimi_ros2_ws/build/mimi_head -- -j4 -l4
[28.503s] DEBUG:colcon.colcon_core.event_handler.log_command:Invoking command in '/home/mimi/mimi_ros2_ws/build/mimi_head': CMAKE_PREFIX_PATH=/opt/ros/humble /usr/bin/cmake --install /home/mimi/mimi_ros2_ws/build/mimi_head
[28.587s] Level 1:colcon.colcon_core.environment:create_environment_scripts_only(mimi_head)
[28.591s] DEBUG:colcon.colcon_core.event_handler.log_command:Invoked command in '/home/mimi/mimi_ros2_ws/build/mimi_head' returned '0': CMAKE_PREFIX_PATH=/opt/ros/humble /usr/bin/cmake --install /home/mimi/mimi_ros2_ws/build/mimi_head
[28.611s] Level 1:colcon.colcon_core.environment:checking '/home/mimi/mimi_ros2_ws/install/mimi_head' for CMake module files
[28.613s] Level 1:colcon.colcon_core.environment:checking '/home/mimi/mimi_ros2_ws/install/mimi_head' for CMake config files
[28.615s] Level 1:colcon.colcon_core.shell:create_environment_hook('mimi_head', 'cmake_prefix_path')
[28.620s] INFO:colcon.colcon_core.shell:Creating environment hook '/home/mimi/mimi_ros2_ws/install/mimi_head/share/mimi_head/hook/cmake_prefix_path.ps1'
[28.622s] INFO:colcon.colcon_core.shell:Creating environment descriptor '/home/mimi/mimi_ros2_ws/install/mimi_head/share/mimi_head/hook/cmake_prefix_path.dsv'
[28.625s] INFO:colcon.colcon_core.shell:Creating environment hook '/home/mimi/mimi_ros2_ws/install/mimi_head/share/mimi_head/hook/cmake_prefix_path.sh'
[28.629s] Level 1:colcon.colcon_core.environment:checking '/home/mimi/mimi_ros2_ws/install/mimi_head/lib'
[28.630s] Level 1:colcon.colcon_core.environment:checking '/home/mimi/mimi_ros2_ws/install/mimi_head/bin'
[28.630s] Level 1:colcon.colcon_core.environment:checking '/home/mimi/mimi_ros2_ws/install/mimi_head/lib/pkgconfig/mimi_head.pc'
[28.631s] Level 1:colcon.colcon_core.environment:checking '/home/mimi/mimi_ros2_ws/install/mimi_head/lib/python3.10/site-packages'
[28.632s] Level 1:colcon.colcon_core.environment:checking '/home/mimi/mimi_ros2_ws/install/mimi_head/bin'
[28.637s] INFO:colcon.colcon_core.shell:Creating package script '/home/mimi/mimi_ros2_ws/install/mimi_head/share/mimi_head/package.ps1'
[28.641s] INFO:colcon.colcon_core.shell:Creating package descriptor '/home/mimi/mimi_ros2_ws/install/mimi_head/share/mimi_head/package.dsv'
[28.643s] INFO:colcon.colcon_core.shell:Creating package script '/home/mimi/mimi_ros2_ws/install/mimi_head/share/mimi_head/package.sh'
[28.646s] INFO:colcon.colcon_core.shell:Creating package script '/home/mimi/mimi_ros2_ws/install/mimi_head/share/mimi_head/package.bash'
[28.650s] INFO:colcon.colcon_core.shell:Creating package script '/home/mimi/mimi_ros2_ws/install/mimi_head/share/mimi_head/package.zsh'
[28.653s] Level 1:colcon.colcon_core.environment:create_file_with_runtime_dependencies(/home/mimi/mimi_ros2_ws/install/mimi_head/share/colcon-core/packages/mimi_head)
[28.797s] Level 1:colcon.colcon_core.environment:create_environment_scripts_only(mimi_head)
[28.810s] Level 1:colcon.colcon_core.environment:checking '/home/mimi/mimi_ros2_ws/install/mimi_head' for CMake module files
[28.814s] Level 1:colcon.colcon_core.environment:checking '/home/mimi/mimi_ros2_ws/install/mimi_head' for CMake config files
[28.816s] Level 1:colcon.colcon_core.shell:create_environment_hook('mimi_head', 'cmake_prefix_path')
[28.825s] INFO:colcon.colcon_core.shell:Creating environment hook '/home/mimi/mimi_ros2_ws/install/mimi_head/share/mimi_head/hook/cmake_prefix_path.ps1'
[28.828s] INFO:colcon.colcon_core.shell:Creating environment descriptor '/home/mimi/mimi_ros2_ws/install/mimi_head/share/mimi_head/hook/cmake_prefix_path.dsv'
[28.831s] INFO:colcon.colcon_core.shell:Creating environment hook '/home/mimi/mimi_ros2_ws/install/mimi_head/share/mimi_head/hook/cmake_prefix_path.sh'
[28.835s] Level 1:colcon.colcon_core.environment:checking '/home/mimi/mimi_ros2_ws/install/mimi_head/lib'
[28.835s] Level 1:colcon.colcon_core.environment:checking '/home/mimi/mimi_ros2_ws/install/mimi_head/bin'
[28.836s] Level 1:colcon.colcon_core.environment:checking '/home/mimi/mimi_ros2_ws/install/mimi_head/lib/pkgconfig/mimi_head.pc'
[28.838s] Level 1:colcon.colcon_core.environment:checking '/home/mimi/mimi_ros2_ws/install/mimi_head/lib/python3.10/site-packages'
[28.839s] Level 1:colcon.colcon_core.environment:checking '/home/mimi/mimi_ros2_ws/install/mimi_head/bin'
[28.847s] INFO:colcon.colcon_core.shell:Creating package script '/home/mimi/mimi_ros2_ws/install/mimi_head/share/mimi_head/package.ps1'
[28.851s] INFO:colcon.colcon_core.shell:Creating package descriptor '/home/mimi/mimi_ros2_ws/install/mimi_head/share/mimi_head/package.dsv'
[28.855s] INFO:colcon.colcon_core.shell:Creating package script '/home/mimi/mimi_ros2_ws/install/mimi_head/share/mimi_head/package.sh'
[28.858s] INFO:colcon.colcon_core.shell:Creating package script '/home/mimi/mimi_ros2_ws/install/mimi_head/share/mimi_head/package.bash'
[28.862s] INFO:colcon.colcon_core.shell:Creating package script '/home/mimi/mimi_ros2_ws/install/mimi_head/share/mimi_head/package.zsh'
[28.865s] Level 1:colcon.colcon_core.environment:create_file_with_runtime_dependencies(/home/mimi/mimi_ros2_ws/install/mimi_head/share/colcon-core/packages/mimi_head)
[28.875s] DEBUG:colcon.colcon_parallel_executor.executor.parallel:closing loop
[28.876s] DEBUG:colcon.colcon_parallel_executor.executor.parallel:loop closed
[28.877s] DEBUG:colcon.colcon_parallel_executor.executor.parallel:run_until_complete finished with '0'
[28.877s] DEBUG:colcon.colcon_core.event_reactor:joining thread
[28.916s] INFO:colcon.colcon_core.plugin_system:Skipping extension 'colcon_notification.desktop_notification.terminal_notifier': Not used on non-Darwin systems
[28.917s] INFO:colcon.colcon_core.plugin_system:Skipping extension 'colcon_notification.desktop_notification.win32': Not used on non-Windows systems
[28.917s] INFO:colcon.colcon_notification.desktop_notification:Sending desktop notification using 'notify2'
[29.027s] DEBUG:colcon.colcon_core.event_reactor:joined thread
[29.036s] INFO:colcon.colcon_core.shell:Creating prefix script '/home/mimi/mimi_ros2_ws/install/local_setup.ps1'
[29.046s] INFO:colcon.colcon_core.shell:Creating prefix util module '/home/mimi/mimi_ros2_ws/install/_local_setup_util_ps1.py'
[29.062s] INFO:colcon.colcon_core.shell:Creating prefix chain script '/home/mimi/mimi_ros2_ws/install/setup.ps1'
[29.077s] INFO:colcon.colcon_core.shell:Creating prefix script '/home/mimi/mimi_ros2_ws/install/local_setup.sh'
[29.086s] INFO:colcon.colcon_core.shell:Creating prefix util module '/home/mimi/mimi_ros2_ws/install/_local_setup_util_sh.py'
[29.092s] INFO:colcon.colcon_core.shell:Creating prefix chain script '/home/mimi/mimi_ros2_ws/install/setup.sh'
[29.109s] INFO:colcon.colcon_core.shell:Creating prefix script '/home/mimi/mimi_ros2_ws/install/local_setup.bash'
[29.115s] INFO:colcon.colcon_core.shell:Creating prefix chain script '/home/mimi/mimi_ros2_ws/install/setup.bash'
[29.124s] INFO:colcon.colcon_core.shell:Creating prefix script '/home/mimi/mimi_ros2_ws/install/local_setup.zsh'
[29.129s] INFO:colcon.colcon_core.shell:Creating prefix chain script '/home/mimi/mimi_ros2_ws/install/setup.zsh'
