[0.108s] Invoking command in '/home/mimi/mimi_ros2_ws/build/examples_rclcpp_minimal_action_server': CMAKE_PREFIX_PATH=/opt/ros/humble /usr/bin/cmake /home/mimi/mimi_ros2_ws/examples/rclcpp/actions/minimal_action_server -DAMENT_CMAKE_SYMLINK_INSTALL=1 -DCMAKE_INSTALL_PREFIX=/home/mimi/mimi_ros2_ws/install/examples_rclcpp_minimal_action_server
[0.516s] -- The C compiler identification is GNU 11.3.0
[1.195s] -- The CXX compiler identification is GNU 11.3.0
[1.251s] -- Detecting C compiler ABI info
[1.849s] -- Detecting C compiler ABI info - done
[1.916s] -- Check for working C compiler: /usr/bin/cc - skipped
[1.917s] -- Detecting C compile features
[1.919s] -- Detecting C compile features - done
[1.931s] -- Detecting CXX compiler ABI info
[2.583s] -- Detecting CXX compiler ABI info - done
[2.618s] -- Check for working CXX compiler: /usr/bin/c++ - skipped
[2.621s] -- Detecting CXX compile features
[2.623s] -- Detecting CXX compile features - done
[2.683s] -- Found ament_cmake: 1.3.4 (/opt/ros/humble/share/ament_cmake/cmake)
[4.225s] -- Found Python3: /usr/bin/python3.10 (found version "3.10.6") found components: Interpreter 
[4.632s] -- Override CMake install command with custom implementation using symlinks instead of copying resources
[4.893s] -- Found example_interfaces: 0.9.3 (/opt/ros/humble/share/example_interfaces/cmake)
[5.209s] -- Found rosidl_generator_c: 3.1.4 (/opt/ros/humble/share/rosidl_generator_c/cmake)
[5.251s] -- Found rosidl_adapter: 3.1.4 (/opt/ros/humble/share/rosidl_adapter/cmake)
[5.306s] -- Found rosidl_generator_cpp: 3.1.4 (/opt/ros/humble/share/rosidl_generator_cpp/cmake)
[5.389s] -- Using all available rosidl_typesupport_c: rosidl_typesupport_fastrtps_c;rosidl_typesupport_introspection_c
[5.505s] -- Using all available rosidl_typesupport_cpp: rosidl_typesupport_fastrtps_cpp;rosidl_typesupport_introspection_cpp
[6.198s] -- Found rclcpp: 16.0.4 (/opt/ros/humble/share/rclcpp/cmake)
[6.541s] -- Found rmw_implementation_cmake: 6.1.1 (/opt/ros/humble/share/rmw_implementation_cmake/cmake)
[6.562s] -- Found rmw_fastrtps_cpp: 6.2.2 (/opt/ros/humble/share/rmw_fastrtps_cpp/cmake)
[7.228s] -- Found OpenSSL: /usr/lib/aarch64-linux-gnu/libcrypto.so (found version "3.0.2")  
[7.533s] -- Found FastRTPS: /opt/ros/humble/include  
[8.010s] -- Using RMW implementation 'rmw_fastrtps_cpp' as default
[8.088s] -- Looking for pthread.h
[8.671s] -- Looking for pthread.h - found
[8.676s] -- Performing Test CMAKE_HAVE_LIBC_PTHREAD
[9.313s] -- Performing Test CMAKE_HAVE_LIBC_PTHREAD - Success
[9.324s] -- Found Threads: TRUE  
[10.779s] -- Found rclcpp_action: 16.0.4 (/opt/ros/humble/share/rclcpp_action/cmake)
[11.126s] -- Found ament_lint_auto: 0.12.6 (/opt/ros/humble/share/ament_lint_auto/cmake)
[12.601s] -- Added test 'copyright' to check source files copyright and LICENSE
[12.685s] -- Added test 'cppcheck' to perform static code analysis on C / C++ code
[12.690s] -- Configured cppcheck include dirs: 
[12.695s] -- Configured cppcheck exclude dirs and/or files: 
[12.708s] -- Added test 'cpplint' to check C / C++ code against the Google style
[12.729s] -- Configured cpplint exclude dirs and/or files: 
[12.734s] -- Added test 'lint_cmake' to check CMake code style
[12.741s] -- Added test 'uncrustify' to check C / C++ code style
[12.761s] -- Configured uncrustify additional arguments: 
[12.765s] -- Added test 'xmllint' to check XML markup files
[12.873s] -- Configuring done
[13.033s] -- Generating done
[13.047s] -- Build files have been written to: /home/mimi/mimi_ros2_ws/build/examples_rclcpp_minimal_action_server
[13.228s] Invoked command in '/home/mimi/mimi_ros2_ws/build/examples_rclcpp_minimal_action_server' returned '0': CMAKE_PREFIX_PATH=/opt/ros/humble /usr/bin/cmake /home/mimi/mimi_ros2_ws/examples/rclcpp/actions/minimal_action_server -DAMENT_CMAKE_SYMLINK_INSTALL=1 -DCMAKE_INSTALL_PREFIX=/home/mimi/mimi_ros2_ws/install/examples_rclcpp_minimal_action_server
[13.230s] Invoking command in '/home/mimi/mimi_ros2_ws/build/examples_rclcpp_minimal_action_server': CMAKE_PREFIX_PATH=/opt/ros/humble /usr/bin/cmake --build /home/mimi/mimi_ros2_ws/build/examples_rclcpp_minimal_action_server -- -j4 -l4
[13.917s] [ 25%] [32mBuilding CXX object CMakeFiles/action_server_not_composable.dir/not_composable.cpp.o[0m
[14.038s] [ 50%] [32mBuilding CXX object CMakeFiles/action_server_member_functions.dir/member_functions.cpp.o[0m
[16.516s] gmake[2]: *** [CMakeFiles/action_server_member_functions.dir/build.make:76: CMakeFiles/action_server_member_functions.dir/member_functions.cpp.o] Interrupt
[16.518s] gmake[1]: *** [CMakeFiles/Makefile2:139: CMakeFiles/action_server_member_functions.dir/all] Interrupt
[16.580s] gmake[2]: *** [CMakeFiles/action_server_not_composable.dir/build.make:76: CMakeFiles/action_server_not_composable.dir/not_composable.cpp.o] Interrupt
[16.581s] gmake[1]: *** [CMakeFiles/Makefile2:165: CMakeFiles/action_server_not_composable.dir/all] Interrupt
[16.582s] gmake: *** [Makefile:146: all] Interrupt
[16.610s] Invoked command in '/home/mimi/mimi_ros2_ws/build/examples_rclcpp_minimal_action_server' returned '-2': CMAKE_PREFIX_PATH=/opt/ros/humble /usr/bin/cmake --build /home/mimi/mimi_ros2_ws/build/examples_rclcpp_minimal_action_server -- -j4 -l4
