[1.472s] DEBUG:colcon:Command line arguments: ['/usr/bin/colcon', 'build', '--symlink-install']
[1.473s] DEBUG:colcon:Parsed command line arguments: Namespace(log_base=None, log_level=None, verb_name='build', build_base='build', install_base='install', merge_install=False, symlink_install=True, test_result_base=None, continue_on_error=False, executor='parallel', parallel_workers=4, event_handlers=None, ignore_user_meta=False, metas=['./colcon.meta'], base_paths=['.'], packages_ignore=None, packages_ignore_regex=None, paths=None, packages_up_to=None, packages_up_to_regex=None, packages_above=None, packages_above_and_dependencies=None, packages_above_depth=None, packages_select_by_dep=None, packages_skip_by_dep=None, packages_skip_up_to=None, packages_select_build_failed=False, packages_skip_build_finished=False, packages_select_test_failures=False, packages_skip_test_passed=False, packages_select=None, packages_skip=None, packages_select_regex=None, packages_skip_regex=None, packages_start=None, packages_end=None, allow_overriding=[], cmake_args=None, cmake_target=None, cmake_target_skip_unavailable=False, cmake_clean_cache=False, cmake_clean_first=False, cmake_force_configure=False, ament_cmake_args=None, catkin_cmake_args=None, catkin_skip_building_tests=False, verb_parser=<colcon_defaults.argument_parser.defaults.DefaultArgumentsDecorator object at 0xffff9ac18370>, verb_extension=<colcon_core.verb.build.BuildVerb object at 0xffff9b416170>, main=<bound method BuildVerb.main of <colcon_core.verb.build.BuildVerb object at 0xffff9b416170>>)
[1.630s] Level 1:colcon.colcon_core.package_discovery:discover_packages(colcon_meta) check parameters
[1.631s] Level 1:colcon.colcon_core.package_discovery:discover_packages(recursive) check parameters
[1.631s] Level 1:colcon.colcon_core.package_discovery:discover_packages(ignore) check parameters
[1.632s] Level 1:colcon.colcon_core.package_discovery:discover_packages(path) check parameters
[1.632s] Level 1:colcon.colcon_core.package_discovery:discover_packages(colcon_meta) discover
[1.632s] Level 1:colcon.colcon_core.package_discovery:discover_packages(recursive) discover
[1.633s] INFO:colcon.colcon_core.package_discovery:Crawling recursively for packages in '/home/mimi/mimi_ros2_ws'
[1.633s] Level 1:colcon.colcon_core.package_identification:_identify(.) by extensions ['ignore', 'ignore_ament_install']
[1.634s] Level 1:colcon.colcon_core.package_identification:_identify(.) by extension 'ignore'
[1.634s] Level 1:colcon.colcon_core.package_identification:_identify(.) by extension 'ignore_ament_install'
[1.635s] Level 1:colcon.colcon_core.package_identification:_identify(.) by extensions ['colcon_pkg']
[1.635s] Level 1:colcon.colcon_core.package_identification:_identify(.) by extension 'colcon_pkg'
[1.635s] Level 1:colcon.colcon_core.package_identification:_identify(.) by extensions ['colcon_meta']
[1.636s] Level 1:colcon.colcon_core.package_identification:_identify(.) by extension 'colcon_meta'
[1.636s] Level 1:colcon.colcon_core.package_identification:_identify(.) by extensions ['ros']
[1.636s] Level 1:colcon.colcon_core.package_identification:_identify(.) by extension 'ros'
[1.685s] Level 1:colcon.colcon_core.package_identification:_identify(.) by extensions ['cmake', 'python']
[1.686s] Level 1:colcon.colcon_core.package_identification:_identify(.) by extension 'cmake'
[1.686s] Level 1:colcon.colcon_core.package_identification:_identify(.) by extension 'python'
[1.686s] Level 1:colcon.colcon_core.package_identification:_identify(.) by extensions ['python_setup_py']
[1.686s] Level 1:colcon.colcon_core.package_identification:_identify(.) by extension 'python_setup_py'
[1.687s] Level 1:colcon.colcon_core.package_identification:_identify(build) by extensions ['ignore', 'ignore_ament_install']
[1.687s] Level 1:colcon.colcon_core.package_identification:_identify(build) by extension 'ignore'
[1.688s] Level 1:colcon.colcon_core.package_identification:_identify(build) ignored
[1.688s] Level 1:colcon.colcon_core.package_identification:_identify(detect) by extensions ['ignore', 'ignore_ament_install']
[1.688s] Level 1:colcon.colcon_core.package_identification:_identify(detect) by extension 'ignore'
[1.689s] Level 1:colcon.colcon_core.package_identification:_identify(detect) by extension 'ignore_ament_install'
[1.689s] Level 1:colcon.colcon_core.package_identification:_identify(detect) by extensions ['colcon_pkg']
[1.689s] Level 1:colcon.colcon_core.package_identification:_identify(detect) by extension 'colcon_pkg'
[1.690s] Level 1:colcon.colcon_core.package_identification:_identify(detect) by extensions ['colcon_meta']
[1.690s] Level 1:colcon.colcon_core.package_identification:_identify(detect) by extension 'colcon_meta'
[1.690s] Level 1:colcon.colcon_core.package_identification:_identify(detect) by extensions ['ros']
[1.690s] Level 1:colcon.colcon_core.package_identification:_identify(detect) by extension 'ros'
[1.690s] Level 1:colcon.colcon_core.package_identification:_identify(detect) by extensions ['cmake', 'python']
[1.691s] Level 1:colcon.colcon_core.package_identification:_identify(detect) by extension 'cmake'
[1.691s] Level 1:colcon.colcon_core.package_identification:_identify(detect) by extension 'python'
[1.691s] Level 1:colcon.colcon_core.package_identification:_identify(detect) by extensions ['python_setup_py']
[1.691s] Level 1:colcon.colcon_core.package_identification:_identify(detect) by extension 'python_setup_py'
[1.692s] Level 1:colcon.colcon_core.package_identification:_identify(install) by extensions ['ignore', 'ignore_ament_install']
[1.692s] Level 1:colcon.colcon_core.package_identification:_identify(install) by extension 'ignore'
[1.692s] Level 1:colcon.colcon_core.package_identification:_identify(install) ignored
[1.693s] Level 1:colcon.colcon_core.package_identification:_identify(log) by extensions ['ignore', 'ignore_ament_install']
[1.693s] Level 1:colcon.colcon_core.package_identification:_identify(log) by extension 'ignore'
[1.694s] Level 1:colcon.colcon_core.package_identification:_identify(log) ignored
[1.694s] Level 1:colcon.colcon_core.package_identification:_identify(src) by extensions ['ignore', 'ignore_ament_install']
[1.694s] Level 1:colcon.colcon_core.package_identification:_identify(src) by extension 'ignore'
[1.694s] Level 1:colcon.colcon_core.package_identification:_identify(src) by extension 'ignore_ament_install'
[1.695s] Level 1:colcon.colcon_core.package_identification:_identify(src) by extensions ['colcon_pkg']
[1.695s] Level 1:colcon.colcon_core.package_identification:_identify(src) by extension 'colcon_pkg'
[1.695s] Level 1:colcon.colcon_core.package_identification:_identify(src) by extensions ['colcon_meta']
[1.695s] Level 1:colcon.colcon_core.package_identification:_identify(src) by extension 'colcon_meta'
[1.695s] Level 1:colcon.colcon_core.package_identification:_identify(src) by extensions ['ros']
[1.695s] Level 1:colcon.colcon_core.package_identification:_identify(src) by extension 'ros'
[1.696s] Level 1:colcon.colcon_core.package_identification:_identify(src) by extensions ['cmake', 'python']
[1.696s] Level 1:colcon.colcon_core.package_identification:_identify(src) by extension 'cmake'
[1.696s] Level 1:colcon.colcon_core.package_identification:_identify(src) by extension 'python'
[1.696s] Level 1:colcon.colcon_core.package_identification:_identify(src) by extensions ['python_setup_py']
[1.696s] Level 1:colcon.colcon_core.package_identification:_identify(src) by extension 'python_setup_py'
[1.697s] Level 1:colcon.colcon_core.package_identification:_identify(src/mimi_head) by extensions ['ignore', 'ignore_ament_install']
[1.697s] Level 1:colcon.colcon_core.package_identification:_identify(src/mimi_head) by extension 'ignore'
[1.698s] Level 1:colcon.colcon_core.package_identification:_identify(src/mimi_head) by extension 'ignore_ament_install'
[1.698s] Level 1:colcon.colcon_core.package_identification:_identify(src/mimi_head) by extensions ['colcon_pkg']
[1.698s] Level 1:colcon.colcon_core.package_identification:_identify(src/mimi_head) by extension 'colcon_pkg'
[1.698s] Level 1:colcon.colcon_core.package_identification:_identify(src/mimi_head) by extensions ['colcon_meta']
[1.698s] Level 1:colcon.colcon_core.package_identification:_identify(src/mimi_head) by extension 'colcon_meta'
[1.699s] Level 1:colcon.colcon_core.package_identification:_identify(src/mimi_head) by extensions ['ros']
[1.699s] Level 1:colcon.colcon_core.package_identification:_identify(src/mimi_head) by extension 'ros'
[1.708s] DEBUG:colcon.colcon_core.package_identification:Package 'src/mimi_head' with type 'ros.ament_cmake' and name 'mimi_head'
[1.709s] Level 1:colcon.colcon_core.package_discovery:discover_packages(recursive) using defaults
[1.709s] Level 1:colcon.colcon_core.package_discovery:discover_packages(ignore) discover
[1.709s] Level 1:colcon.colcon_core.package_discovery:discover_packages(ignore) using defaults
[1.709s] Level 1:colcon.colcon_core.package_discovery:discover_packages(path) discover
[1.709s] Level 1:colcon.colcon_core.package_discovery:discover_packages(path) using defaults
[1.803s] Level 1:colcon.colcon_core.package_discovery:discover_packages(prefix_path) check parameters
[1.803s] Level 1:colcon.colcon_core.package_discovery:discover_packages(prefix_path) discover
[1.823s] DEBUG:colcon.colcon_installed_package_information.package_discovery:Found 270 installed packages in /opt/ros/humble
[1.830s] Level 1:colcon.colcon_core.package_discovery:discover_packages(prefix_path) using defaults
[2.160s] Level 5:colcon.colcon_core.verb:set package 'mimi_head' build argument 'cmake_args' from command line to 'None'
[2.161s] Level 5:colcon.colcon_core.verb:set package 'mimi_head' build argument 'cmake_target' from command line to 'None'
[2.161s] Level 5:colcon.colcon_core.verb:set package 'mimi_head' build argument 'cmake_target_skip_unavailable' from command line to 'False'
[2.161s] Level 5:colcon.colcon_core.verb:set package 'mimi_head' build argument 'cmake_clean_cache' from command line to 'False'
[2.161s] Level 5:colcon.colcon_core.verb:set package 'mimi_head' build argument 'cmake_clean_first' from command line to 'False'
[2.161s] Level 5:colcon.colcon_core.verb:set package 'mimi_head' build argument 'cmake_force_configure' from command line to 'False'
[2.161s] Level 5:colcon.colcon_core.verb:set package 'mimi_head' build argument 'ament_cmake_args' from command line to 'None'
[2.161s] Level 5:colcon.colcon_core.verb:set package 'mimi_head' build argument 'catkin_cmake_args' from command line to 'None'
[2.161s] Level 5:colcon.colcon_core.verb:set package 'mimi_head' build argument 'catkin_skip_building_tests' from command line to 'False'
[2.162s] DEBUG:colcon.colcon_core.verb:Building package 'mimi_head' with the following arguments: {'ament_cmake_args': None, 'build_base': '/home/mimi/mimi_ros2_ws/build/mimi_head', 'catkin_cmake_args': None, 'catkin_skip_building_tests': False, 'cmake_args': None, 'cmake_clean_cache': False, 'cmake_clean_first': False, 'cmake_force_configure': False, 'cmake_target': None, 'cmake_target_skip_unavailable': False, 'install_base': '/home/mimi/mimi_ros2_ws/install/mimi_head', 'merge_install': False, 'path': '/home/mimi/mimi_ros2_ws/src/mimi_head', 'symlink_install': True, 'test_result_base': None}
[2.164s] INFO:colcon.colcon_core.executor:Executing jobs using 'parallel' executor
[2.177s] DEBUG:colcon.colcon_parallel_executor.executor.parallel:run_until_complete
[2.178s] INFO:colcon.colcon_ros.task.ament_cmake.build:Building ROS package in '/home/mimi/mimi_ros2_ws/src/mimi_head' with build type 'ament_cmake'
[2.180s] INFO:colcon.colcon_cmake.task.cmake.build:Building CMake package in '/home/mimi/mimi_ros2_ws/src/mimi_head'
[2.203s] INFO:colcon.colcon_core.plugin_system:Skipping extension 'colcon_core.shell.bat': Not used on non-Windows systems
[2.204s] INFO:colcon.colcon_core.shell:Skip shell extension 'powershell' for command environment: Not usable outside of PowerShell
[2.205s] DEBUG:colcon.colcon_core.shell:Skip shell extension 'dsv' for command environment
[2.254s] DEBUG:colcon.colcon_core.event_handler.log_command:Invoking command in '/home/mimi/mimi_ros2_ws/build/mimi_head': CMAKE_PREFIX_PATH=/opt/ros/humble /usr/bin/cmake --build /home/mimi/mimi_ros2_ws/build/mimi_head -- -j4 -l4
[26.412s] DEBUG:colcon.colcon_core.event_handler.log_command:Invoked command in '/home/mimi/mimi_ros2_ws/build/mimi_head' returned '0': CMAKE_PREFIX_PATH=/opt/ros/humble /usr/bin/cmake --build /home/mimi/mimi_ros2_ws/build/mimi_head -- -j4 -l4
[26.574s] DEBUG:colcon.colcon_core.event_handler.log_command:Invoking command in '/home/mimi/mimi_ros2_ws/build/mimi_head': CMAKE_PREFIX_PATH=/opt/ros/humble /usr/bin/cmake --install /home/mimi/mimi_ros2_ws/build/mimi_head
[26.654s] Level 1:colcon.colcon_core.environment:create_environment_scripts_only(mimi_head)
[26.658s] DEBUG:colcon.colcon_core.event_handler.log_command:Invoked command in '/home/mimi/mimi_ros2_ws/build/mimi_head' returned '0': CMAKE_PREFIX_PATH=/opt/ros/humble /usr/bin/cmake --install /home/mimi/mimi_ros2_ws/build/mimi_head
[26.677s] Level 1:colcon.colcon_core.environment:checking '/home/mimi/mimi_ros2_ws/install/mimi_head' for CMake module files
[26.680s] Level 1:colcon.colcon_core.environment:checking '/home/mimi/mimi_ros2_ws/install/mimi_head' for CMake config files
[26.682s] Level 1:colcon.colcon_core.shell:create_environment_hook('mimi_head', 'cmake_prefix_path')
[26.687s] INFO:colcon.colcon_core.shell:Creating environment hook '/home/mimi/mimi_ros2_ws/install/mimi_head/share/mimi_head/hook/cmake_prefix_path.ps1'
[26.690s] INFO:colcon.colcon_core.shell:Creating environment descriptor '/home/mimi/mimi_ros2_ws/install/mimi_head/share/mimi_head/hook/cmake_prefix_path.dsv'
[26.693s] INFO:colcon.colcon_core.shell:Creating environment hook '/home/mimi/mimi_ros2_ws/install/mimi_head/share/mimi_head/hook/cmake_prefix_path.sh'
[26.698s] Level 1:colcon.colcon_core.environment:checking '/home/mimi/mimi_ros2_ws/install/mimi_head/lib'
[26.699s] Level 1:colcon.colcon_core.environment:checking '/home/mimi/mimi_ros2_ws/install/mimi_head/bin'
[26.699s] Level 1:colcon.colcon_core.environment:checking '/home/mimi/mimi_ros2_ws/install/mimi_head/lib/pkgconfig/mimi_head.pc'
[26.701s] Level 1:colcon.colcon_core.environment:checking '/home/mimi/mimi_ros2_ws/install/mimi_head/lib/python3.10/site-packages'
[26.702s] Level 1:colcon.colcon_core.environment:checking '/home/mimi/mimi_ros2_ws/install/mimi_head/bin'
[26.708s] INFO:colcon.colcon_core.shell:Creating package script '/home/mimi/mimi_ros2_ws/install/mimi_head/share/mimi_head/package.ps1'
[26.711s] INFO:colcon.colcon_core.shell:Creating package descriptor '/home/mimi/mimi_ros2_ws/install/mimi_head/share/mimi_head/package.dsv'
[26.714s] INFO:colcon.colcon_core.shell:Creating package script '/home/mimi/mimi_ros2_ws/install/mimi_head/share/mimi_head/package.sh'
[26.718s] INFO:colcon.colcon_core.shell:Creating package script '/home/mimi/mimi_ros2_ws/install/mimi_head/share/mimi_head/package.bash'
[26.721s] INFO:colcon.colcon_core.shell:Creating package script '/home/mimi/mimi_ros2_ws/install/mimi_head/share/mimi_head/package.zsh'
[26.725s] Level 1:colcon.colcon_core.environment:create_file_with_runtime_dependencies(/home/mimi/mimi_ros2_ws/install/mimi_head/share/colcon-core/packages/mimi_head)
[26.858s] Level 1:colcon.colcon_core.environment:create_environment_scripts_only(mimi_head)
[26.869s] Level 1:colcon.colcon_core.environment:checking '/home/mimi/mimi_ros2_ws/install/mimi_head' for CMake module files
[26.872s] Level 1:colcon.colcon_core.environment:checking '/home/mimi/mimi_ros2_ws/install/mimi_head' for CMake config files
[26.874s] Level 1:colcon.colcon_core.shell:create_environment_hook('mimi_head', 'cmake_prefix_path')
[26.881s] INFO:colcon.colcon_core.shell:Creating environment hook '/home/mimi/mimi_ros2_ws/install/mimi_head/share/mimi_head/hook/cmake_prefix_path.ps1'
[26.884s] INFO:colcon.colcon_core.shell:Creating environment descriptor '/home/mimi/mimi_ros2_ws/install/mimi_head/share/mimi_head/hook/cmake_prefix_path.dsv'
[26.887s] INFO:colcon.colcon_core.shell:Creating environment hook '/home/mimi/mimi_ros2_ws/install/mimi_head/share/mimi_head/hook/cmake_prefix_path.sh'
[26.892s] Level 1:colcon.colcon_core.environment:checking '/home/mimi/mimi_ros2_ws/install/mimi_head/lib'
[26.892s] Level 1:colcon.colcon_core.environment:checking '/home/mimi/mimi_ros2_ws/install/mimi_head/bin'
[26.893s] Level 1:colcon.colcon_core.environment:checking '/home/mimi/mimi_ros2_ws/install/mimi_head/lib/pkgconfig/mimi_head.pc'
[26.895s] Level 1:colcon.colcon_core.environment:checking '/home/mimi/mimi_ros2_ws/install/mimi_head/lib/python3.10/site-packages'
[26.897s] Level 1:colcon.colcon_core.environment:checking '/home/mimi/mimi_ros2_ws/install/mimi_head/bin'
[26.906s] INFO:colcon.colcon_core.shell:Creating package script '/home/mimi/mimi_ros2_ws/install/mimi_head/share/mimi_head/package.ps1'
[26.910s] INFO:colcon.colcon_core.shell:Creating package descriptor '/home/mimi/mimi_ros2_ws/install/mimi_head/share/mimi_head/package.dsv'
[26.914s] INFO:colcon.colcon_core.shell:Creating package script '/home/mimi/mimi_ros2_ws/install/mimi_head/share/mimi_head/package.sh'
[26.919s] INFO:colcon.colcon_core.shell:Creating package script '/home/mimi/mimi_ros2_ws/install/mimi_head/share/mimi_head/package.bash'
[26.924s] INFO:colcon.colcon_core.shell:Creating package script '/home/mimi/mimi_ros2_ws/install/mimi_head/share/mimi_head/package.zsh'
[26.930s] Level 1:colcon.colcon_core.environment:create_file_with_runtime_dependencies(/home/mimi/mimi_ros2_ws/install/mimi_head/share/colcon-core/packages/mimi_head)
[26.935s] DEBUG:colcon.colcon_parallel_executor.executor.parallel:closing loop
[26.939s] DEBUG:colcon.colcon_parallel_executor.executor.parallel:loop closed
[26.940s] DEBUG:colcon.colcon_parallel_executor.executor.parallel:run_until_complete finished with '0'
[26.942s] DEBUG:colcon.colcon_core.event_reactor:joining thread
[26.985s] INFO:colcon.colcon_core.plugin_system:Skipping extension 'colcon_notification.desktop_notification.terminal_notifier': Not used on non-Darwin systems
[26.986s] INFO:colcon.colcon_core.plugin_system:Skipping extension 'colcon_notification.desktop_notification.win32': Not used on non-Windows systems
[26.986s] INFO:colcon.colcon_notification.desktop_notification:Sending desktop notification using 'notify2'
[27.047s] DEBUG:colcon.colcon_core.event_reactor:joined thread
[27.053s] INFO:colcon.colcon_core.shell:Creating prefix script '/home/mimi/mimi_ros2_ws/install/local_setup.ps1'
[27.057s] INFO:colcon.colcon_core.shell:Creating prefix util module '/home/mimi/mimi_ros2_ws/install/_local_setup_util_ps1.py'
[27.064s] INFO:colcon.colcon_core.shell:Creating prefix chain script '/home/mimi/mimi_ros2_ws/install/setup.ps1'
[27.071s] INFO:colcon.colcon_core.shell:Creating prefix script '/home/mimi/mimi_ros2_ws/install/local_setup.sh'
[27.074s] INFO:colcon.colcon_core.shell:Creating prefix util module '/home/mimi/mimi_ros2_ws/install/_local_setup_util_sh.py'
[27.077s] INFO:colcon.colcon_core.shell:Creating prefix chain script '/home/mimi/mimi_ros2_ws/install/setup.sh'
[27.084s] INFO:colcon.colcon_core.shell:Creating prefix script '/home/mimi/mimi_ros2_ws/install/local_setup.bash'
[27.089s] INFO:colcon.colcon_core.shell:Creating prefix chain script '/home/mimi/mimi_ros2_ws/install/setup.bash'
[27.096s] INFO:colcon.colcon_core.shell:Creating prefix script '/home/mimi/mimi_ros2_ws/install/local_setup.zsh'
[27.099s] INFO:colcon.colcon_core.shell:Creating prefix chain script '/home/mimi/mimi_ros2_ws/install/setup.zsh'
