[1.490s] DEBUG:colcon:Command line arguments: ['/usr/bin/colcon', 'build', '--symlink-install']
[1.490s] DEBUG:colcon:Parsed command line arguments: Namespace(log_base=None, log_level=None, verb_name='build', build_base='build', install_base='install', merge_install=False, symlink_install=True, test_result_base=None, continue_on_error=False, executor='parallel', parallel_workers=4, event_handlers=None, ignore_user_meta=False, metas=['./colcon.meta'], base_paths=['.'], packages_ignore=None, packages_ignore_regex=None, paths=None, packages_up_to=None, packages_up_to_regex=None, packages_above=None, packages_above_and_dependencies=None, packages_above_depth=None, packages_select_by_dep=None, packages_skip_by_dep=None, packages_skip_up_to=None, packages_select_build_failed=False, packages_skip_build_finished=False, packages_select_test_failures=False, packages_skip_test_passed=False, packages_select=None, packages_skip=None, packages_select_regex=None, packages_skip_regex=None, packages_start=None, packages_end=None, allow_overriding=[], cmake_args=None, cmake_target=None, cmake_target_skip_unavailable=False, cmake_clean_cache=False, cmake_clean_first=False, cmake_force_configure=False, ament_cmake_args=None, catkin_cmake_args=None, catkin_skip_building_tests=False, verb_parser=<colcon_defaults.argument_parser.defaults.DefaultArgumentsDecorator object at 0xffffab3b4a30>, verb_extension=<colcon_core.verb.build.BuildVerb object at 0xffffabbbfb20>, main=<bound method BuildVerb.main of <colcon_core.verb.build.BuildVerb object at 0xffffabbbfb20>>)
[1.633s] Level 1:colcon.colcon_core.package_discovery:discover_packages(colcon_meta) check parameters
[1.634s] Level 1:colcon.colcon_core.package_discovery:discover_packages(recursive) check parameters
[1.634s] Level 1:colcon.colcon_core.package_discovery:discover_packages(ignore) check parameters
[1.634s] Level 1:colcon.colcon_core.package_discovery:discover_packages(path) check parameters
[1.634s] Level 1:colcon.colcon_core.package_discovery:discover_packages(colcon_meta) discover
[1.635s] Level 1:colcon.colcon_core.package_discovery:discover_packages(recursive) discover
[1.635s] INFO:colcon.colcon_core.package_discovery:Crawling recursively for packages in '/home/mimi/mimi_ros2_ws'
[1.636s] Level 1:colcon.colcon_core.package_identification:_identify(.) by extensions ['ignore', 'ignore_ament_install']
[1.637s] Level 1:colcon.colcon_core.package_identification:_identify(.) by extension 'ignore'
[1.637s] Level 1:colcon.colcon_core.package_identification:_identify(.) by extension 'ignore_ament_install'
[1.638s] Level 1:colcon.colcon_core.package_identification:_identify(.) by extensions ['colcon_pkg']
[1.638s] Level 1:colcon.colcon_core.package_identification:_identify(.) by extension 'colcon_pkg'
[1.638s] Level 1:colcon.colcon_core.package_identification:_identify(.) by extensions ['colcon_meta']
[1.639s] Level 1:colcon.colcon_core.package_identification:_identify(.) by extension 'colcon_meta'
[1.639s] Level 1:colcon.colcon_core.package_identification:_identify(.) by extensions ['ros']
[1.639s] Level 1:colcon.colcon_core.package_identification:_identify(.) by extension 'ros'
[1.693s] Level 1:colcon.colcon_core.package_identification:_identify(.) by extensions ['cmake', 'python']
[1.693s] Level 1:colcon.colcon_core.package_identification:_identify(.) by extension 'cmake'
[1.694s] Level 1:colcon.colcon_core.package_identification:_identify(.) by extension 'python'
[1.694s] Level 1:colcon.colcon_core.package_identification:_identify(.) by extensions ['python_setup_py']
[1.694s] Level 1:colcon.colcon_core.package_identification:_identify(.) by extension 'python_setup_py'
[1.695s] Level 1:colcon.colcon_core.package_identification:_identify(build) by extensions ['ignore', 'ignore_ament_install']
[1.696s] Level 1:colcon.colcon_core.package_identification:_identify(build) by extension 'ignore'
[1.696s] Level 1:colcon.colcon_core.package_identification:_identify(build) ignored
[1.697s] Level 1:colcon.colcon_core.package_identification:_identify(detect) by extensions ['ignore', 'ignore_ament_install']
[1.697s] Level 1:colcon.colcon_core.package_identification:_identify(detect) by extension 'ignore'
[1.698s] Level 1:colcon.colcon_core.package_identification:_identify(detect) by extension 'ignore_ament_install'
[1.698s] Level 1:colcon.colcon_core.package_identification:_identify(detect) by extensions ['colcon_pkg']
[1.698s] Level 1:colcon.colcon_core.package_identification:_identify(detect) by extension 'colcon_pkg'
[1.699s] Level 1:colcon.colcon_core.package_identification:_identify(detect) by extensions ['colcon_meta']
[1.699s] Level 1:colcon.colcon_core.package_identification:_identify(detect) by extension 'colcon_meta'
[1.699s] Level 1:colcon.colcon_core.package_identification:_identify(detect) by extensions ['ros']
[1.699s] Level 1:colcon.colcon_core.package_identification:_identify(detect) by extension 'ros'
[1.700s] Level 1:colcon.colcon_core.package_identification:_identify(detect) by extensions ['cmake', 'python']
[1.700s] Level 1:colcon.colcon_core.package_identification:_identify(detect) by extension 'cmake'
[1.700s] Level 1:colcon.colcon_core.package_identification:_identify(detect) by extension 'python'
[1.700s] Level 1:colcon.colcon_core.package_identification:_identify(detect) by extensions ['python_setup_py']
[1.701s] Level 1:colcon.colcon_core.package_identification:_identify(detect) by extension 'python_setup_py'
[1.701s] Level 1:colcon.colcon_core.package_identification:_identify(install) by extensions ['ignore', 'ignore_ament_install']
[1.702s] Level 1:colcon.colcon_core.package_identification:_identify(install) by extension 'ignore'
[1.702s] Level 1:colcon.colcon_core.package_identification:_identify(install) ignored
[1.704s] Level 1:colcon.colcon_core.package_identification:_identify(log) by extensions ['ignore', 'ignore_ament_install']
[1.705s] Level 1:colcon.colcon_core.package_identification:_identify(log) by extension 'ignore'
[1.705s] Level 1:colcon.colcon_core.package_identification:_identify(log) ignored
[1.706s] Level 1:colcon.colcon_core.package_identification:_identify(src) by extensions ['ignore', 'ignore_ament_install']
[1.706s] Level 1:colcon.colcon_core.package_identification:_identify(src) by extension 'ignore'
[1.707s] Level 1:colcon.colcon_core.package_identification:_identify(src) by extension 'ignore_ament_install'
[1.707s] Level 1:colcon.colcon_core.package_identification:_identify(src) by extensions ['colcon_pkg']
[1.707s] Level 1:colcon.colcon_core.package_identification:_identify(src) by extension 'colcon_pkg'
[1.707s] Level 1:colcon.colcon_core.package_identification:_identify(src) by extensions ['colcon_meta']
[1.707s] Level 1:colcon.colcon_core.package_identification:_identify(src) by extension 'colcon_meta'
[1.708s] Level 1:colcon.colcon_core.package_identification:_identify(src) by extensions ['ros']
[1.708s] Level 1:colcon.colcon_core.package_identification:_identify(src) by extension 'ros'
[1.709s] Level 1:colcon.colcon_core.package_identification:_identify(src) by extensions ['cmake', 'python']
[1.709s] Level 1:colcon.colcon_core.package_identification:_identify(src) by extension 'cmake'
[1.709s] Level 1:colcon.colcon_core.package_identification:_identify(src) by extension 'python'
[1.709s] Level 1:colcon.colcon_core.package_identification:_identify(src) by extensions ['python_setup_py']
[1.710s] Level 1:colcon.colcon_core.package_identification:_identify(src) by extension 'python_setup_py'
[1.710s] Level 1:colcon.colcon_core.package_identification:_identify(src/mimi_head) by extensions ['ignore', 'ignore_ament_install']
[1.711s] Level 1:colcon.colcon_core.package_identification:_identify(src/mimi_head) by extension 'ignore'
[1.711s] Level 1:colcon.colcon_core.package_identification:_identify(src/mimi_head) by extension 'ignore_ament_install'
[1.711s] Level 1:colcon.colcon_core.package_identification:_identify(src/mimi_head) by extensions ['colcon_pkg']
[1.712s] Level 1:colcon.colcon_core.package_identification:_identify(src/mimi_head) by extension 'colcon_pkg'
[1.712s] Level 1:colcon.colcon_core.package_identification:_identify(src/mimi_head) by extensions ['colcon_meta']
[1.712s] Level 1:colcon.colcon_core.package_identification:_identify(src/mimi_head) by extension 'colcon_meta'
[1.712s] Level 1:colcon.colcon_core.package_identification:_identify(src/mimi_head) by extensions ['ros']
[1.713s] Level 1:colcon.colcon_core.package_identification:_identify(src/mimi_head) by extension 'ros'
[1.724s] DEBUG:colcon.colcon_core.package_identification:Package 'src/mimi_head' with type 'ros.ament_cmake' and name 'mimi_head'
[1.724s] Level 1:colcon.colcon_core.package_discovery:discover_packages(recursive) using defaults
[1.724s] Level 1:colcon.colcon_core.package_discovery:discover_packages(ignore) discover
[1.725s] Level 1:colcon.colcon_core.package_discovery:discover_packages(ignore) using defaults
[1.725s] Level 1:colcon.colcon_core.package_discovery:discover_packages(path) discover
[1.725s] Level 1:colcon.colcon_core.package_discovery:discover_packages(path) using defaults
[1.829s] Level 1:colcon.colcon_core.package_discovery:discover_packages(prefix_path) check parameters
[1.829s] Level 1:colcon.colcon_core.package_discovery:discover_packages(prefix_path) discover
[1.848s] DEBUG:colcon.colcon_installed_package_information.package_discovery:Found 271 installed packages in /opt/ros/humble
[1.855s] Level 1:colcon.colcon_core.package_discovery:discover_packages(prefix_path) using defaults
[2.232s] Level 5:colcon.colcon_core.verb:set package 'mimi_head' build argument 'cmake_args' from command line to 'None'
[2.232s] Level 5:colcon.colcon_core.verb:set package 'mimi_head' build argument 'cmake_target' from command line to 'None'
[2.233s] Level 5:colcon.colcon_core.verb:set package 'mimi_head' build argument 'cmake_target_skip_unavailable' from command line to 'False'
[2.233s] Level 5:colcon.colcon_core.verb:set package 'mimi_head' build argument 'cmake_clean_cache' from command line to 'False'
[2.233s] Level 5:colcon.colcon_core.verb:set package 'mimi_head' build argument 'cmake_clean_first' from command line to 'False'
[2.233s] Level 5:colcon.colcon_core.verb:set package 'mimi_head' build argument 'cmake_force_configure' from command line to 'False'
[2.233s] Level 5:colcon.colcon_core.verb:set package 'mimi_head' build argument 'ament_cmake_args' from command line to 'None'
[2.233s] Level 5:colcon.colcon_core.verb:set package 'mimi_head' build argument 'catkin_cmake_args' from command line to 'None'
[2.233s] Level 5:colcon.colcon_core.verb:set package 'mimi_head' build argument 'catkin_skip_building_tests' from command line to 'False'
[2.233s] DEBUG:colcon.colcon_core.verb:Building package 'mimi_head' with the following arguments: {'ament_cmake_args': None, 'build_base': '/home/mimi/mimi_ros2_ws/build/mimi_head', 'catkin_cmake_args': None, 'catkin_skip_building_tests': False, 'cmake_args': None, 'cmake_clean_cache': False, 'cmake_clean_first': False, 'cmake_force_configure': False, 'cmake_target': None, 'cmake_target_skip_unavailable': False, 'install_base': '/home/mimi/mimi_ros2_ws/install/mimi_head', 'merge_install': False, 'path': '/home/mimi/mimi_ros2_ws/src/mimi_head', 'symlink_install': True, 'test_result_base': None}
[2.236s] INFO:colcon.colcon_core.executor:Executing jobs using 'parallel' executor
[2.249s] DEBUG:colcon.colcon_parallel_executor.executor.parallel:run_until_complete
[2.250s] INFO:colcon.colcon_ros.task.ament_cmake.build:Building ROS package in '/home/mimi/mimi_ros2_ws/src/mimi_head' with build type 'ament_cmake'
[2.251s] INFO:colcon.colcon_cmake.task.cmake.build:Building CMake package in '/home/mimi/mimi_ros2_ws/src/mimi_head'
[2.269s] INFO:colcon.colcon_core.plugin_system:Skipping extension 'colcon_core.shell.bat': Not used on non-Windows systems
[2.270s] INFO:colcon.colcon_core.shell:Skip shell extension 'powershell' for command environment: Not usable outside of PowerShell
[2.270s] DEBUG:colcon.colcon_core.shell:Skip shell extension 'dsv' for command environment
[2.315s] DEBUG:colcon.colcon_core.event_handler.log_command:Invoking command in '/home/mimi/mimi_ros2_ws/build/mimi_head': CMAKE_PREFIX_PATH=/opt/ros/humble /usr/bin/cmake --build /home/mimi/mimi_ros2_ws/build/mimi_head -- -j4 -l4
[12.718s] DEBUG:colcon.colcon_core.event_handler.log_command:Invoked command in '/home/mimi/mimi_ros2_ws/build/mimi_head' returned '2': CMAKE_PREFIX_PATH=/opt/ros/humble /usr/bin/cmake --build /home/mimi/mimi_ros2_ws/build/mimi_head -- -j4 -l4
[13.047s] Level 1:colcon.colcon_core.environment:create_environment_scripts_only(mimi_head)
[13.067s] Level 1:colcon.colcon_core.environment:checking '/home/mimi/mimi_ros2_ws/install/mimi_head' for CMake module files
[13.071s] Level 1:colcon.colcon_core.environment:checking '/home/mimi/mimi_ros2_ws/install/mimi_head' for CMake config files
[13.075s] Level 1:colcon.colcon_core.shell:create_environment_hook('mimi_head', 'cmake_prefix_path')
[13.081s] INFO:colcon.colcon_core.shell:Creating environment hook '/home/mimi/mimi_ros2_ws/install/mimi_head/share/mimi_head/hook/cmake_prefix_path.ps1'
[13.084s] INFO:colcon.colcon_core.shell:Creating environment descriptor '/home/mimi/mimi_ros2_ws/install/mimi_head/share/mimi_head/hook/cmake_prefix_path.dsv'
[13.088s] INFO:colcon.colcon_core.shell:Creating environment hook '/home/mimi/mimi_ros2_ws/install/mimi_head/share/mimi_head/hook/cmake_prefix_path.sh'
[13.092s] Level 1:colcon.colcon_core.environment:checking '/home/mimi/mimi_ros2_ws/install/mimi_head/lib'
[13.093s] Level 1:colcon.colcon_core.shell:create_environment_hook('mimi_head', 'ld_library_path_lib')
[13.098s] INFO:colcon.colcon_core.shell:Creating environment hook '/home/mimi/mimi_ros2_ws/install/mimi_head/share/mimi_head/hook/ld_library_path_lib.ps1'
[13.100s] INFO:colcon.colcon_core.shell:Creating environment descriptor '/home/mimi/mimi_ros2_ws/install/mimi_head/share/mimi_head/hook/ld_library_path_lib.dsv'
[13.102s] INFO:colcon.colcon_core.shell:Creating environment hook '/home/mimi/mimi_ros2_ws/install/mimi_head/share/mimi_head/hook/ld_library_path_lib.sh'
[13.104s] Level 1:colcon.colcon_core.environment:checking '/home/mimi/mimi_ros2_ws/install/mimi_head/bin'
[13.105s] Level 1:colcon.colcon_core.environment:checking '/home/mimi/mimi_ros2_ws/install/mimi_head/lib/pkgconfig/mimi_head.pc'
[13.105s] Level 1:colcon.colcon_core.environment:checking '/home/mimi/mimi_ros2_ws/install/mimi_head/lib/python3.10/site-packages'
[13.106s] Level 1:colcon.colcon_core.environment:checking '/home/mimi/mimi_ros2_ws/install/mimi_head/bin'
[13.112s] INFO:colcon.colcon_core.shell:Creating package script '/home/mimi/mimi_ros2_ws/install/mimi_head/share/mimi_head/package.ps1'
[13.115s] INFO:colcon.colcon_core.shell:Creating package descriptor '/home/mimi/mimi_ros2_ws/install/mimi_head/share/mimi_head/package.dsv'
[13.119s] INFO:colcon.colcon_core.shell:Creating package script '/home/mimi/mimi_ros2_ws/install/mimi_head/share/mimi_head/package.sh'
[13.122s] INFO:colcon.colcon_core.shell:Creating package script '/home/mimi/mimi_ros2_ws/install/mimi_head/share/mimi_head/package.bash'
[13.126s] INFO:colcon.colcon_core.shell:Creating package script '/home/mimi/mimi_ros2_ws/install/mimi_head/share/mimi_head/package.zsh'
[13.129s] Level 1:colcon.colcon_core.environment:create_file_with_runtime_dependencies(/home/mimi/mimi_ros2_ws/install/mimi_head/share/colcon-core/packages/mimi_head)
[13.140s] DEBUG:colcon.colcon_parallel_executor.executor.parallel:closing loop
[13.141s] DEBUG:colcon.colcon_parallel_executor.executor.parallel:loop closed
[13.141s] DEBUG:colcon.colcon_parallel_executor.executor.parallel:run_until_complete finished with '2'
[13.141s] DEBUG:colcon.colcon_core.event_reactor:joining thread
[13.167s] INFO:colcon.colcon_core.plugin_system:Skipping extension 'colcon_notification.desktop_notification.terminal_notifier': Not used on non-Darwin systems
[13.168s] INFO:colcon.colcon_core.plugin_system:Skipping extension 'colcon_notification.desktop_notification.win32': Not used on non-Windows systems
[13.168s] INFO:colcon.colcon_notification.desktop_notification:Sending desktop notification using 'notify2'
[13.173s] DEBUG:colcon.colcon_notification.desktop_notification.notify2:Failed to initialize notify2: org.freedesktop.DBus.Error.ServiceUnknown: The name org.freedesktop.Notifications was not provided by any .service files
[13.173s] DEBUG:colcon.colcon_core.event_reactor:joined thread
[13.179s] INFO:colcon.colcon_core.shell:Creating prefix script '/home/mimi/mimi_ros2_ws/install/local_setup.ps1'
[13.184s] INFO:colcon.colcon_core.shell:Creating prefix util module '/home/mimi/mimi_ros2_ws/install/_local_setup_util_ps1.py'
[13.192s] INFO:colcon.colcon_core.shell:Creating prefix chain script '/home/mimi/mimi_ros2_ws/install/setup.ps1'
[13.197s] INFO:colcon.colcon_core.shell:Creating prefix script '/home/mimi/mimi_ros2_ws/install/local_setup.sh'
[13.200s] INFO:colcon.colcon_core.shell:Creating prefix util module '/home/mimi/mimi_ros2_ws/install/_local_setup_util_sh.py'
[13.202s] INFO:colcon.colcon_core.shell:Creating prefix chain script '/home/mimi/mimi_ros2_ws/install/setup.sh'
[13.208s] INFO:colcon.colcon_core.shell:Creating prefix script '/home/mimi/mimi_ros2_ws/install/local_setup.bash'
[13.210s] INFO:colcon.colcon_core.shell:Creating prefix chain script '/home/mimi/mimi_ros2_ws/install/setup.bash'
[13.215s] INFO:colcon.colcon_core.shell:Creating prefix script '/home/mimi/mimi_ros2_ws/install/local_setup.zsh'
[13.218s] INFO:colcon.colcon_core.shell:Creating prefix chain script '/home/mimi/mimi_ros2_ws/install/setup.zsh'
