[0.000000] (-) TimerEvent: {}
[0.002368] (mimi_head) JobQueued: {'identifier': 'mimi_head', 'dependencies': OrderedDict()}
[0.003239] (mimi_head) JobStarted: {'identifier': 'mimi_head'}
[0.054107] (mimi_head) JobProgress: {'identifier': 'mimi_head', 'progress': 'cmake'}
[0.057058] (mimi_head) JobProgress: {'identifier': 'mimi_head', 'progress': 'build'}
[0.060481] (mimi_head) Command: {'cmd': ['/usr/bin/cmake', '--build', '/home/mimi/mimi_ros2_ws/build/mimi_head', '--', '-j4', '-l4'], 'cwd': '/home/mimi/mimi_ros2_ws/build/mimi_head', 'env': OrderedDict([('LESSOPEN', '| /usr/bin/lesspipe %s'), ('USER', 'mimi'), ('SSH_CLIENT', '192.168.1.102 65512 22'), ('LC_TIME', 'th_TH.UTF-8'), ('XDG_SESSION_TYPE', 'tty'), ('GIT_ASKPASS', '/home/mimi/.vscode-server/bin/252e5463d60e63238250799aef7375787f68b4ee/extensions/git/dist/askpass.sh'), ('SHLVL', '0'), ('LD_LIBRARY_PATH', '/opt/ros/humble/opt/rviz_ogre_vendor/lib:/opt/ros/humble/lib/aarch64-linux-gnu:/opt/ros/humble/lib'), ('BROWSER', '/home/mimi/.vscode-server/bin/252e5463d60e63238250799aef7375787f68b4ee/bin/helpers/browser.sh'), ('MOTD_SHOWN', 'pam'), ('HOME', '/home/mimi'), ('TERM_PROGRAM_VERSION', '1.78.0'), ('VSCODE_IPC_HOOK_CLI', '/run/user/1000/vscode-ipc-fe9c23cb-766c-490b-88ec-6f0d69a36314.sock'), ('ROS_PYTHON_VERSION', '3'), ('VSCODE_GIT_ASKPASS_MAIN', '/home/mimi/.vscode-server/bin/252e5463d60e63238250799aef7375787f68b4ee/extensions/git/dist/askpass-main.js'), ('LC_MONETARY', 'th_TH.UTF-8'), ('VSCODE_GIT_ASKPASS_NODE', '/home/mimi/.vscode-server/bin/252e5463d60e63238250799aef7375787f68b4ee/node'), ('DBUS_SESSION_BUS_ADDRESS', 'unix:path=/run/user/1000/bus'), ('COLORTERM', 'truecolor'), ('ROS_DISTRO', 'humble'), ('LOGNAME', 'mimi'), ('_', '/usr/bin/colcon'), ('ROS_VERSION', '2'), ('XDG_SESSION_CLASS', 'user'), ('TERM', 'xterm-256color'), ('XDG_SESSION_ID', '2'), ('ROS_LOCALHOST_ONLY', '0'), ('PATH', '/home/mimi/.vscode-server/bin/252e5463d60e63238250799aef7375787f68b4ee/bin/remote-cli:/home/mimi/.local/bin:/opt/ros/humble/bin:/usr/local/sbin:/usr/local/bin:/usr/sbin:/usr/bin:/sbin:/bin:/usr/games:/usr/local/games:/snap/bin'), ('LC_ADDRESS', 'th_TH.UTF-8'), ('XDG_RUNTIME_DIR', '/run/user/1000'), ('LANG', 'en_US.UTF-8'), ('LC_TELEPHONE', 'th_TH.UTF-8'), ('LS_COLORS', ''), ('VSCODE_GIT_IPC_HANDLE', '/run/user/1000/vscode-git-bb3d78543e.sock'), ('TERM_PROGRAM', 'vscode'), ('AMENT_PREFIX_PATH', '/opt/ros/humble'), ('SHELL', '/bin/bash'), ('LC_NAME', 'th_TH.UTF-8'), ('LESSCLOSE', '/usr/bin/lesspipe %s %s'), ('LC_MEASUREMENT', 'th_TH.UTF-8'), ('LC_IDENTIFICATION', 'th_TH.UTF-8'), ('VSCODE_GIT_ASKPASS_EXTRA_ARGS', ''), ('PWD', '/home/mimi/mimi_ros2_ws/build/mimi_head'), ('SSH_CONNECTION', '192.168.1.102 65512 192.168.1.100 22'), ('XDG_DATA_DIRS', '/usr/share/gnome:/usr/local/share:/usr/share:/var/lib/snapd/desktop'), ('PYTHONPATH', '/opt/ros/humble/lib/python3.10/site-packages:/opt/ros/humble/local/lib/python3.10/dist-packages'), ('LC_NUMERIC', 'th_TH.UTF-8'), ('LC_PAPER', 'th_TH.UTF-8'), ('COLCON', '1'), ('CMAKE_PREFIX_PATH', '/opt/ros/humble')]), 'shell': False}
[0.098879] (-) TimerEvent: {}
[0.199824] (-) TimerEvent: {}
[0.300710] (-) TimerEvent: {}
[0.364117] (mimi_head) StdoutLine: {'line': b'[ 50%] \x1b[32mBuilding CXX object CMakeFiles/mimi_camera.dir/src/mimi_camera.cpp.o\x1b[0m\n'}
[0.400934] (-) TimerEvent: {}
[0.501892] (-) TimerEvent: {}
[0.602832] (-) TimerEvent: {}
[0.703838] (-) TimerEvent: {}
[0.804572] (-) TimerEvent: {}
[0.905304] (-) TimerEvent: {}
[1.006191] (-) TimerEvent: {}
[1.107218] (-) TimerEvent: {}
[1.207977] (-) TimerEvent: {}
[1.308741] (-) TimerEvent: {}
[1.409512] (-) TimerEvent: {}
[1.510465] (-) TimerEvent: {}
[1.611357] (-) TimerEvent: {}
[1.712078] (-) TimerEvent: {}
[1.812822] (-) TimerEvent: {}
[1.913561] (-) TimerEvent: {}
[2.014308] (-) TimerEvent: {}
[2.115134] (-) TimerEvent: {}
[2.215990] (-) TimerEvent: {}
[2.316879] (-) TimerEvent: {}
[2.417670] (-) TimerEvent: {}
[2.518459] (-) TimerEvent: {}
[2.619249] (-) TimerEvent: {}
[2.720098] (-) TimerEvent: {}
[2.820941] (-) TimerEvent: {}
[2.921776] (-) TimerEvent: {}
[3.022638] (-) TimerEvent: {}
[3.123530] (-) TimerEvent: {}
[3.224352] (-) TimerEvent: {}
[3.325213] (-) TimerEvent: {}
[3.426102] (-) TimerEvent: {}
[3.526950] (-) TimerEvent: {}
[3.627792] (-) TimerEvent: {}
[3.728641] (-) TimerEvent: {}
[3.829494] (-) TimerEvent: {}
[3.930375] (-) TimerEvent: {}
[4.031248] (-) TimerEvent: {}
[4.132165] (-) TimerEvent: {}
[4.232990] (-) TimerEvent: {}
[4.333899] (-) TimerEvent: {}
[4.434731] (-) TimerEvent: {}
[4.535513] (-) TimerEvent: {}
[4.636409] (-) TimerEvent: {}
[4.737302] (-) TimerEvent: {}
[4.838165] (-) TimerEvent: {}
[4.939030] (-) TimerEvent: {}
[5.039883] (-) TimerEvent: {}
[5.140720] (-) TimerEvent: {}
[5.241552] (-) TimerEvent: {}
[5.342422] (-) TimerEvent: {}
[5.443276] (-) TimerEvent: {}
[5.544179] (-) TimerEvent: {}
[5.645087] (-) TimerEvent: {}
[5.746182] (-) TimerEvent: {}
[5.847155] (-) TimerEvent: {}
[5.947988] (-) TimerEvent: {}
[6.048952] (-) TimerEvent: {}
[6.149816] (-) TimerEvent: {}
[6.250698] (-) TimerEvent: {}
[6.351518] (-) TimerEvent: {}
[6.452374] (-) TimerEvent: {}
[6.553214] (-) TimerEvent: {}
[6.654040] (-) TimerEvent: {}
[6.754869] (-) TimerEvent: {}
[6.855670] (-) TimerEvent: {}
[6.956525] (-) TimerEvent: {}
[7.057431] (-) TimerEvent: {}
[7.158385] (-) TimerEvent: {}
[7.259246] (-) TimerEvent: {}
[7.360171] (-) TimerEvent: {}
[7.461010] (-) TimerEvent: {}
[7.561887] (-) TimerEvent: {}
[7.662779] (-) TimerEvent: {}
[7.763638] (-) TimerEvent: {}
[7.864477] (-) TimerEvent: {}
[7.965316] (-) TimerEvent: {}
[8.066155] (-) TimerEvent: {}
[8.166999] (-) TimerEvent: {}
[8.267857] (-) TimerEvent: {}
[8.368797] (-) TimerEvent: {}
[8.469766] (-) TimerEvent: {}
[8.570590] (-) TimerEvent: {}
[8.671442] (-) TimerEvent: {}
[8.772388] (-) TimerEvent: {}
[8.873252] (-) TimerEvent: {}
[8.974135] (-) TimerEvent: {}
[9.075007] (-) TimerEvent: {}
[9.175851] (-) TimerEvent: {}
[9.276694] (-) TimerEvent: {}
[9.377548] (-) TimerEvent: {}
[9.478444] (-) TimerEvent: {}
[9.579362] (-) TimerEvent: {}
[9.680155] (-) TimerEvent: {}
[9.781013] (-) TimerEvent: {}
[9.881961] (-) TimerEvent: {}
[9.982841] (-) TimerEvent: {}
[10.083679] (-) TimerEvent: {}
[10.184643] (-) TimerEvent: {}
[10.285506] (-) TimerEvent: {}
[10.386439] (-) TimerEvent: {}
[10.487276] (-) TimerEvent: {}
[10.588103] (-) TimerEvent: {}
[10.689041] (-) TimerEvent: {}
[10.789907] (-) TimerEvent: {}
[10.890861] (-) TimerEvent: {}
[10.991705] (-) TimerEvent: {}
[11.092619] (-) TimerEvent: {}
[11.193530] (-) TimerEvent: {}
[11.294418] (-) TimerEvent: {}
[11.395234] (-) TimerEvent: {}
[11.496068] (-) TimerEvent: {}
[11.596950] (-) TimerEvent: {}
[11.697777] (-) TimerEvent: {}
[11.798664] (-) TimerEvent: {}
[11.899507] (-) TimerEvent: {}
[12.000377] (-) TimerEvent: {}
[12.101214] (-) TimerEvent: {}
[12.202065] (-) TimerEvent: {}
[12.302968] (-) TimerEvent: {}
[12.403826] (-) TimerEvent: {}
[12.504676] (-) TimerEvent: {}
[12.605533] (-) TimerEvent: {}
[12.706400] (-) TimerEvent: {}
[12.807204] (-) TimerEvent: {}
[12.908051] (-) TimerEvent: {}
[13.008878] (-) TimerEvent: {}
[13.109773] (-) TimerEvent: {}
[13.210656] (-) TimerEvent: {}
[13.311582] (-) TimerEvent: {}
[13.412468] (-) TimerEvent: {}
[13.513456] (-) TimerEvent: {}
[13.614377] (-) TimerEvent: {}
[13.715194] (-) TimerEvent: {}
[13.816061] (-) TimerEvent: {}
[13.916921] (-) TimerEvent: {}
[14.017785] (-) TimerEvent: {}
[14.118731] (-) TimerEvent: {}
[14.219674] (-) TimerEvent: {}
[14.320556] (-) TimerEvent: {}
[14.421465] (-) TimerEvent: {}
[14.522407] (-) TimerEvent: {}
[14.623245] (-) TimerEvent: {}
[14.724077] (-) TimerEvent: {}
[14.824943] (-) TimerEvent: {}
[14.925778] (-) TimerEvent: {}
[15.026645] (-) TimerEvent: {}
[15.127485] (-) TimerEvent: {}
[15.228349] (-) TimerEvent: {}
[15.329214] (-) TimerEvent: {}
[15.430038] (-) TimerEvent: {}
[15.530907] (-) TimerEvent: {}
[15.631746] (-) TimerEvent: {}
[15.732695] (-) TimerEvent: {}
[15.833523] (-) TimerEvent: {}
[15.934387] (-) TimerEvent: {}
[16.035199] (-) TimerEvent: {}
[16.136066] (-) TimerEvent: {}
[16.236945] (-) TimerEvent: {}
[16.337811] (-) TimerEvent: {}
[16.438633] (-) TimerEvent: {}
[16.539490] (-) TimerEvent: {}
[16.640318] (-) TimerEvent: {}
[16.741259] (-) TimerEvent: {}
[16.842203] (-) TimerEvent: {}
[16.943149] (-) TimerEvent: {}
[17.044369] (-) TimerEvent: {}
[17.145196] (-) TimerEvent: {}
[17.246005] (-) TimerEvent: {}
[17.346914] (-) TimerEvent: {}
[17.447767] (-) TimerEvent: {}
[17.548586] (-) TimerEvent: {}
[17.649414] (-) TimerEvent: {}
[17.750248] (-) TimerEvent: {}
[17.851083] (-) TimerEvent: {}
[17.951856] (-) TimerEvent: {}
[18.052713] (-) TimerEvent: {}
[18.153638] (-) TimerEvent: {}
[18.254446] (-) TimerEvent: {}
[18.355229] (-) TimerEvent: {}
[18.456061] (-) TimerEvent: {}
[18.556873] (-) TimerEvent: {}
[18.657683] (-) TimerEvent: {}
[18.758540] (-) TimerEvent: {}
[18.859411] (-) TimerEvent: {}
[18.960218] (-) TimerEvent: {}
[19.061031] (-) TimerEvent: {}
[19.161928] (-) TimerEvent: {}
[19.263092] (-) TimerEvent: {}
[19.363911] (-) TimerEvent: {}
[19.464730] (-) TimerEvent: {}
[19.565523] (-) TimerEvent: {}
[19.666350] (-) TimerEvent: {}
[19.767162] (-) TimerEvent: {}
[19.867966] (-) TimerEvent: {}
[19.968800] (-) TimerEvent: {}
[20.069616] (-) TimerEvent: {}
[20.170444] (-) TimerEvent: {}
[20.271305] (-) TimerEvent: {}
[20.372229] (-) TimerEvent: {}
[20.473131] (-) TimerEvent: {}
[20.574470] (-) TimerEvent: {}
[20.675241] (-) TimerEvent: {}
[20.776012] (-) TimerEvent: {}
[20.876775] (-) TimerEvent: {}
[20.977579] (-) TimerEvent: {}
[21.078446] (-) TimerEvent: {}
[21.179397] (-) TimerEvent: {}
[21.280199] (-) TimerEvent: {}
[21.381016] (-) TimerEvent: {}
[21.439204] (mimi_head) StdoutLine: {'line': b'[100%] \x1b[32m\x1b[1mLinking CXX executable mimi_camera\x1b[0m\n'}
[21.481197] (-) TimerEvent: {}
[21.581961] (-) TimerEvent: {}
[21.683123] (-) TimerEvent: {}
[21.784357] (-) TimerEvent: {}
[21.885705] (-) TimerEvent: {}
[21.987138] (-) TimerEvent: {}
[22.088511] (-) TimerEvent: {}
[22.191068] (-) TimerEvent: {}
[22.291960] (-) TimerEvent: {}
[22.393019] (-) TimerEvent: {}
[22.493913] (-) TimerEvent: {}
[22.594798] (-) TimerEvent: {}
[22.695605] (-) TimerEvent: {}
[22.796621] (-) TimerEvent: {}
[22.897606] (-) TimerEvent: {}
[22.998464] (-) TimerEvent: {}
[23.099240] (-) TimerEvent: {}
[23.200111] (-) TimerEvent: {}
[23.301033] (-) TimerEvent: {}
[23.401896] (-) TimerEvent: {}
[23.503051] (-) TimerEvent: {}
[23.603922] (-) TimerEvent: {}
[23.704908] (-) TimerEvent: {}
[23.805844] (-) TimerEvent: {}
[23.906780] (-) TimerEvent: {}
[24.007677] (-) TimerEvent: {}
[24.108574] (-) TimerEvent: {}
[24.170080] (mimi_head) StdoutLine: {'line': b'[100%] Built target mimi_camera\n'}
[24.208228] (mimi_head) CommandEnded: {'returncode': 0}
[24.210335] (-) TimerEvent: {}
[24.311033] (-) TimerEvent: {}
[24.323120] (mimi_head) JobProgress: {'identifier': 'mimi_head', 'progress': 'install'}
[24.356989] (mimi_head) Command: {'cmd': ['/usr/bin/cmake', '--install', '/home/mimi/mimi_ros2_ws/build/mimi_head'], 'cwd': '/home/mimi/mimi_ros2_ws/build/mimi_head', 'env': OrderedDict([('LESSOPEN', '| /usr/bin/lesspipe %s'), ('USER', 'mimi'), ('SSH_CLIENT', '192.168.1.102 65512 22'), ('LC_TIME', 'th_TH.UTF-8'), ('XDG_SESSION_TYPE', 'tty'), ('GIT_ASKPASS', '/home/mimi/.vscode-server/bin/252e5463d60e63238250799aef7375787f68b4ee/extensions/git/dist/askpass.sh'), ('SHLVL', '0'), ('LD_LIBRARY_PATH', '/opt/ros/humble/opt/rviz_ogre_vendor/lib:/opt/ros/humble/lib/aarch64-linux-gnu:/opt/ros/humble/lib'), ('BROWSER', '/home/mimi/.vscode-server/bin/252e5463d60e63238250799aef7375787f68b4ee/bin/helpers/browser.sh'), ('MOTD_SHOWN', 'pam'), ('HOME', '/home/mimi'), ('TERM_PROGRAM_VERSION', '1.78.0'), ('VSCODE_IPC_HOOK_CLI', '/run/user/1000/vscode-ipc-fe9c23cb-766c-490b-88ec-6f0d69a36314.sock'), ('ROS_PYTHON_VERSION', '3'), ('VSCODE_GIT_ASKPASS_MAIN', '/home/mimi/.vscode-server/bin/252e5463d60e63238250799aef7375787f68b4ee/extensions/git/dist/askpass-main.js'), ('LC_MONETARY', 'th_TH.UTF-8'), ('VSCODE_GIT_ASKPASS_NODE', '/home/mimi/.vscode-server/bin/252e5463d60e63238250799aef7375787f68b4ee/node'), ('DBUS_SESSION_BUS_ADDRESS', 'unix:path=/run/user/1000/bus'), ('COLORTERM', 'truecolor'), ('ROS_DISTRO', 'humble'), ('LOGNAME', 'mimi'), ('_', '/usr/bin/colcon'), ('ROS_VERSION', '2'), ('XDG_SESSION_CLASS', 'user'), ('TERM', 'xterm-256color'), ('XDG_SESSION_ID', '2'), ('ROS_LOCALHOST_ONLY', '0'), ('PATH', '/home/mimi/.vscode-server/bin/252e5463d60e63238250799aef7375787f68b4ee/bin/remote-cli:/home/mimi/.local/bin:/opt/ros/humble/bin:/usr/local/sbin:/usr/local/bin:/usr/sbin:/usr/bin:/sbin:/bin:/usr/games:/usr/local/games:/snap/bin'), ('LC_ADDRESS', 'th_TH.UTF-8'), ('XDG_RUNTIME_DIR', '/run/user/1000'), ('LANG', 'en_US.UTF-8'), ('LC_TELEPHONE', 'th_TH.UTF-8'), ('LS_COLORS', ''), ('VSCODE_GIT_IPC_HANDLE', '/run/user/1000/vscode-git-bb3d78543e.sock'), ('TERM_PROGRAM', 'vscode'), ('AMENT_PREFIX_PATH', '/opt/ros/humble'), ('SHELL', '/bin/bash'), ('LC_NAME', 'th_TH.UTF-8'), ('LESSCLOSE', '/usr/bin/lesspipe %s %s'), ('LC_MEASUREMENT', 'th_TH.UTF-8'), ('LC_IDENTIFICATION', 'th_TH.UTF-8'), ('VSCODE_GIT_ASKPASS_EXTRA_ARGS', ''), ('PWD', '/home/mimi/mimi_ros2_ws/build/mimi_head'), ('SSH_CONNECTION', '192.168.1.102 65512 192.168.1.100 22'), ('XDG_DATA_DIRS', '/usr/share/gnome:/usr/local/share:/usr/share:/var/lib/snapd/desktop'), ('PYTHONPATH', '/opt/ros/humble/lib/python3.10/site-packages:/opt/ros/humble/local/lib/python3.10/dist-packages'), ('LC_NUMERIC', 'th_TH.UTF-8'), ('LC_PAPER', 'th_TH.UTF-8'), ('COLCON', '1'), ('CMAKE_PREFIX_PATH', '/opt/ros/humble')]), 'shell': False}
[24.388585] (mimi_head) StdoutLine: {'line': b'-- Install configuration: ""\n'}
[24.390107] (mimi_head) StdoutLine: {'line': b'-- Execute custom install script\n'}
[24.391978] (mimi_head) StdoutLine: {'line': b'-- Up-to-date symlink: /home/mimi/mimi_ros2_ws/install/mimi_head/lib/mimi_head/mimi_camera\n'}
[24.393100] (mimi_head) StdoutLine: {'line': b'-- Up-to-date symlink: /home/mimi/mimi_ros2_ws/install/mimi_head/share/ament_index/resource_index/package_run_dependencies/mimi_head\n'}
[24.394305] (mimi_head) StdoutLine: {'line': b'-- Up-to-date symlink: /home/mimi/mimi_ros2_ws/install/mimi_head/share/ament_index/resource_index/parent_prefix_path/mimi_head\n'}
[24.395237] (mimi_head) StdoutLine: {'line': b'-- Up-to-date symlink: /home/mimi/mimi_ros2_ws/install/mimi_head/share/mimi_head/environment/ament_prefix_path.sh\n'}
[24.396136] (mimi_head) StdoutLine: {'line': b'-- Up-to-date symlink: /home/mimi/mimi_ros2_ws/install/mimi_head/share/mimi_head/environment/ament_prefix_path.dsv\n'}
[24.397133] (mimi_head) StdoutLine: {'line': b'-- Up-to-date symlink: /home/mimi/mimi_ros2_ws/install/mimi_head/share/mimi_head/environment/path.sh\n'}
[24.397950] (mimi_head) StdoutLine: {'line': b'-- Up-to-date symlink: /home/mimi/mimi_ros2_ws/install/mimi_head/share/mimi_head/environment/path.dsv\n'}
[24.398908] (mimi_head) StdoutLine: {'line': b'-- Up-to-date symlink: /home/mimi/mimi_ros2_ws/install/mimi_head/share/mimi_head/local_setup.bash\n'}
[24.399778] (mimi_head) StdoutLine: {'line': b'-- Up-to-date symlink: /home/mimi/mimi_ros2_ws/install/mimi_head/share/mimi_head/local_setup.sh\n'}
[24.400683] (mimi_head) StdoutLine: {'line': b'-- Up-to-date symlink: /home/mimi/mimi_ros2_ws/install/mimi_head/share/mimi_head/local_setup.zsh\n'}
[24.401531] (mimi_head) StdoutLine: {'line': b'-- Up-to-date symlink: /home/mimi/mimi_ros2_ws/install/mimi_head/share/mimi_head/local_setup.dsv\n'}
[24.402115] (mimi_head) StdoutLine: {'line': b'-- Symlinking: /home/mimi/mimi_ros2_ws/install/mimi_head/share/mimi_head/package.dsv\n'}
[24.411221] (-) TimerEvent: {}
[24.434197] (mimi_head) StdoutLine: {'line': b'-- Up-to-date symlink: /home/mimi/mimi_ros2_ws/install/mimi_head/share/ament_index/resource_index/packages/mimi_head\n'}
[24.435027] (mimi_head) StdoutLine: {'line': b'-- Up-to-date symlink: /home/mimi/mimi_ros2_ws/install/mimi_head/share/mimi_head/cmake/mimi_headConfig.cmake\n'}
[24.435752] (mimi_head) StdoutLine: {'line': b'-- Up-to-date symlink: /home/mimi/mimi_ros2_ws/install/mimi_head/share/mimi_head/cmake/mimi_headConfig-version.cmake\n'}
[24.436570] (mimi_head) StdoutLine: {'line': b'-- Up-to-date symlink: /home/mimi/mimi_ros2_ws/install/mimi_head/share/mimi_head/package.xml\n'}
[24.444212] (mimi_head) CommandEnded: {'returncode': 0}
[24.512974] (-) TimerEvent: {}
[24.614041] (-) TimerEvent: {}
[24.715289] (-) TimerEvent: {}
[24.721109] (mimi_head) JobEnded: {'identifier': 'mimi_head', 'rc': 0}
[24.732370] (-) EventReactorShutdown: {}
