[0.000000] (-) TimerEvent: {}
[0.005260] (mimi_head) JobQueued: {'identifier': 'mimi_head', 'dependencies': OrderedDict()}
[0.010597] (mimi_head) JobStarted: {'identifier': 'mimi_head'}
[0.106130] (-) TimerEvent: {}
[0.176719] (mimi_head) JobProgress: {'identifier': 'mimi_head', 'progress': 'cmake'}
[0.181381] (mimi_head) JobProgress: {'identifier': 'mimi_head', 'progress': 'build'}
[0.185073] (mimi_head) Command: {'cmd': ['/usr/bin/cmake', '--build', '/home/mimi/mimi_ros2_ws/build/mimi_head', '--', '-j4', '-l4'], 'cwd': '/home/mimi/mimi_ros2_ws/build/mimi_head', 'env': OrderedDict([('LESSOPEN', '| /usr/bin/lesspipe %s'), ('USER', 'mimi'), ('SSH_CLIENT', '192.168.1.102 60461 22'), ('LC_TIME', 'th_TH.UTF-8'), ('XDG_SESSION_TYPE', 'tty'), ('GIT_ASKPASS', '/home/mimi/.vscode-server/bin/b3e4e68a0bc097f0ae7907b217c1119af9e03435/extensions/git/dist/askpass.sh'), ('SHLVL', '0'), ('LD_LIBRARY_PATH', '/home/mimi/mimi_ros2_ws/install/mimi_head/lib:/opt/ros/humble/opt/rviz_ogre_vendor/lib:/opt/ros/humble/lib/aarch64-linux-gnu:/opt/ros/humble/lib'), ('BROWSER', '/home/mimi/.vscode-server/bin/b3e4e68a0bc097f0ae7907b217c1119af9e03435/bin/helpers/browser.sh'), ('MOTD_SHOWN', 'pam'), ('HOME', '/home/mimi'), ('TERM_PROGRAM_VERSION', '1.78.2'), ('VSCODE_IPC_HOOK_CLI', '/run/user/1000/vscode-ipc-d6558c18-c24e-4646-a80d-8eb2b3f4d4af.sock'), ('ROS_PYTHON_VERSION', '3'), ('VSCODE_GIT_ASKPASS_MAIN', '/home/mimi/.vscode-server/bin/b3e4e68a0bc097f0ae7907b217c1119af9e03435/extensions/git/dist/askpass-main.js'), ('LC_MONETARY', 'th_TH.UTF-8'), ('VSCODE_GIT_ASKPASS_NODE', '/home/mimi/.vscode-server/bin/b3e4e68a0bc097f0ae7907b217c1119af9e03435/node'), ('DBUS_SESSION_BUS_ADDRESS', 'unix:path=/run/user/1000/bus'), ('COLORTERM', 'truecolor'), ('COLCON_PREFIX_PATH', '/home/mimi/mimi_ros2_ws/install'), ('ROS_DISTRO', 'humble'), ('LOGNAME', 'mimi'), ('_', '/usr/bin/colcon'), ('ROS_VERSION', '2'), ('XDG_SESSION_CLASS', 'user'), ('TERM', 'xterm-256color'), ('XDG_SESSION_ID', '2'), ('ROS_LOCALHOST_ONLY', '0'), ('PATH', '/home/mimi/.vscode-server/bin/b3e4e68a0bc097f0ae7907b217c1119af9e03435/bin/remote-cli:/home/mimi/.local/bin:/opt/ros/humble/bin:/usr/local/sbin:/usr/local/bin:/usr/sbin:/usr/bin:/sbin:/bin:/usr/games:/usr/local/games:/snap/bin'), ('LC_ADDRESS', 'th_TH.UTF-8'), ('XDG_RUNTIME_DIR', '/run/user/1000'), ('LANG', 'en_US.UTF-8'), ('LC_TELEPHONE', 'th_TH.UTF-8'), ('LS_COLORS', ''), ('VSCODE_GIT_IPC_HANDLE', '/run/user/1000/vscode-git-bb3d78543e.sock'), ('TERM_PROGRAM', 'vscode'), ('AMENT_PREFIX_PATH', '/home/mimi/mimi_ros2_ws/install/mimi_head:/opt/ros/humble'), ('SHELL', '/bin/bash'), ('LC_NAME', 'th_TH.UTF-8'), ('LESSCLOSE', '/usr/bin/lesspipe %s %s'), ('LC_MEASUREMENT', 'th_TH.UTF-8'), ('LC_IDENTIFICATION', 'th_TH.UTF-8'), ('VSCODE_GIT_ASKPASS_EXTRA_ARGS', ''), ('PWD', '/home/mimi/mimi_ros2_ws/build/mimi_head'), ('SSH_CONNECTION', '192.168.1.102 60461 192.168.1.100 22'), ('XDG_DATA_DIRS', '/usr/share/gnome:/usr/local/share:/usr/share:/var/lib/snapd/desktop'), ('PYTHONPATH', '/home/mimi/mimi_ros2_ws/install/mimi_head/local/lib/python3.10/dist-packages:/opt/ros/humble/lib/python3.10/site-packages:/opt/ros/humble/local/lib/python3.10/dist-packages'), ('LC_NUMERIC', 'th_TH.UTF-8'), ('LC_PAPER', 'th_TH.UTF-8'), ('COLCON', '1'), ('CMAKE_PREFIX_PATH', '/home/mimi/mimi_ros2_ws/install/mimi_head:/opt/ros/humble')]), 'shell': False}
[0.211142] (-) TimerEvent: {}
[0.322022] (-) TimerEvent: {}
[0.427258] (-) TimerEvent: {}
[0.532355] (-) TimerEvent: {}
[0.637453] (-) TimerEvent: {}
[0.658749] (mimi_head) StdoutLine: {'line': b'[  2%] Built target mimi_head__cpp\n'}
[0.737927] (-) TimerEvent: {}
[0.840217] (-) TimerEvent: {}
[0.854184] (mimi_head) StdoutLine: {'line': b'[  8%] Built target mimi_monitor\n'}
[0.940441] (-) TimerEvent: {}
[0.973650] (mimi_head) StdoutLine: {'line': b'[ 16%] Built target mimi_head__rosidl_typesupport_cpp\n'}
[1.041811] (-) TimerEvent: {}
[1.146145] (mimi_head) StdoutLine: {'line': b'[ 24%] Built target mimi_head__rosidl_typesupport_fastrtps_cpp\n'}
[1.147063] (-) TimerEvent: {}
[1.249788] (-) TimerEvent: {}
[1.287994] (mimi_head) StdoutLine: {'line': b'[ 32%] Built target mimi_head__rosidl_typesupport_introspection_cpp\n'}
[1.353804] (-) TimerEvent: {}
[1.371913] (mimi_head) StdoutLine: {'line': b'\x1b[35m\x1b[1mConsolidate compiler generated dependencies of target mimi_camera\x1b[0m\n'}
[1.454055] (-) TimerEvent: {}
[1.547787] (mimi_head) StdoutLine: {'line': b'[ 35%] \x1b[32mBuilding CXX object CMakeFiles/mimi_camera.dir/src/mimi_camera.cpp.o\x1b[0m\n'}
[1.554610] (-) TimerEvent: {}
[1.655468] (-) TimerEvent: {}
[1.756393] (-) TimerEvent: {}
[1.857253] (-) TimerEvent: {}
[1.958940] (-) TimerEvent: {}
[2.060263] (-) TimerEvent: {}
[2.162634] (-) TimerEvent: {}
[2.264131] (-) TimerEvent: {}
[2.364893] (-) TimerEvent: {}
[2.466659] (-) TimerEvent: {}
[2.567555] (-) TimerEvent: {}
[2.668872] (-) TimerEvent: {}
[2.769921] (-) TimerEvent: {}
[2.872643] (-) TimerEvent: {}
[2.974389] (-) TimerEvent: {}
[3.078072] (-) TimerEvent: {}
[3.178989] (-) TimerEvent: {}
[3.280759] (-) TimerEvent: {}
[3.381808] (-) TimerEvent: {}
[3.486004] (-) TimerEvent: {}
[3.587775] (-) TimerEvent: {}
[3.689904] (-) TimerEvent: {}
[3.791578] (-) TimerEvent: {}
[3.892506] (-) TimerEvent: {}
[3.993393] (-) TimerEvent: {}
[4.102132] (-) TimerEvent: {}
[4.202989] (-) TimerEvent: {}
[4.304067] (-) TimerEvent: {}
[4.406574] (-) TimerEvent: {}
[4.507468] (-) TimerEvent: {}
[4.608581] (-) TimerEvent: {}
[4.709721] (-) TimerEvent: {}
[4.810748] (-) TimerEvent: {}
[4.911587] (-) TimerEvent: {}
[5.012498] (-) TimerEvent: {}
[5.113436] (-) TimerEvent: {}
[5.214495] (-) TimerEvent: {}
[5.315688] (-) TimerEvent: {}
[5.416511] (-) TimerEvent: {}
[5.517333] (-) TimerEvent: {}
[5.618237] (-) TimerEvent: {}
[5.719108] (-) TimerEvent: {}
[5.819952] (-) TimerEvent: {}
[5.920827] (-) TimerEvent: {}
[6.021663] (-) TimerEvent: {}
[6.122485] (-) TimerEvent: {}
[6.223422] (-) TimerEvent: {}
[6.324539] (-) TimerEvent: {}
[6.425385] (-) TimerEvent: {}
[6.526259] (-) TimerEvent: {}
[6.627097] (-) TimerEvent: {}
[6.728031] (-) TimerEvent: {}
[6.828923] (-) TimerEvent: {}
[6.929783] (-) TimerEvent: {}
[7.030678] (-) TimerEvent: {}
[7.131749] (-) TimerEvent: {}
[7.232617] (-) TimerEvent: {}
[7.333471] (-) TimerEvent: {}
[7.434393] (-) TimerEvent: {}
[7.535262] (-) TimerEvent: {}
[7.636207] (-) TimerEvent: {}
[7.737070] (-) TimerEvent: {}
[7.837961] (-) TimerEvent: {}
[7.938796] (-) TimerEvent: {}
[8.039619] (-) TimerEvent: {}
[8.140468] (-) TimerEvent: {}
[8.241417] (-) TimerEvent: {}
[8.342363] (-) TimerEvent: {}
[8.443300] (-) TimerEvent: {}
[8.544164] (-) TimerEvent: {}
[8.645022] (-) TimerEvent: {}
[8.745916] (-) TimerEvent: {}
[8.846874] (-) TimerEvent: {}
[8.947768] (-) TimerEvent: {}
[9.048611] (-) TimerEvent: {}
[9.149541] (-) TimerEvent: {}
[9.250406] (-) TimerEvent: {}
[9.351249] (-) TimerEvent: {}
[9.452128] (-) TimerEvent: {}
[9.552996] (-) TimerEvent: {}
[9.653849] (-) TimerEvent: {}
[9.754789] (-) TimerEvent: {}
[9.855630] (-) TimerEvent: {}
[9.956460] (-) TimerEvent: {}
[10.057359] (-) TimerEvent: {}
[10.158305] (-) TimerEvent: {}
[10.259166] (-) TimerEvent: {}
[10.360014] (-) TimerEvent: {}
[10.460859] (-) TimerEvent: {}
[10.561757] (-) TimerEvent: {}
[10.662613] (-) TimerEvent: {}
[10.763858] (-) TimerEvent: {}
[10.865052] (-) TimerEvent: {}
[10.965929] (-) TimerEvent: {}
[11.066784] (-) TimerEvent: {}
[11.167831] (-) TimerEvent: {}
[11.268954] (-) TimerEvent: {}
[11.369836] (-) TimerEvent: {}
[11.470672] (-) TimerEvent: {}
[11.571533] (-) TimerEvent: {}
[11.672371] (-) TimerEvent: {}
[11.773233] (-) TimerEvent: {}
[11.874159] (-) TimerEvent: {}
[11.974988] (-) TimerEvent: {}
[12.075807] (-) TimerEvent: {}
[12.176709] (-) TimerEvent: {}
[12.277707] (-) TimerEvent: {}
[12.378550] (-) TimerEvent: {}
[12.479425] (-) TimerEvent: {}
[12.580243] (-) TimerEvent: {}
[12.681083] (-) TimerEvent: {}
[12.781928] (-) TimerEvent: {}
[12.882764] (-) TimerEvent: {}
[12.983693] (-) TimerEvent: {}
[13.084568] (-) TimerEvent: {}
[13.185456] (-) TimerEvent: {}
[13.286459] (-) TimerEvent: {}
[13.387374] (-) TimerEvent: {}
[13.488412] (-) TimerEvent: {}
[13.589253] (-) TimerEvent: {}
[13.690147] (-) TimerEvent: {}
[13.791035] (-) TimerEvent: {}
[13.891901] (-) TimerEvent: {}
[13.992749] (-) TimerEvent: {}
[14.093651] (-) TimerEvent: {}
[14.194497] (-) TimerEvent: {}
[14.295339] (-) TimerEvent: {}
[14.396182] (-) TimerEvent: {}
[14.496998] (-) TimerEvent: {}
[14.597870] (-) TimerEvent: {}
[14.698702] (-) TimerEvent: {}
[14.799546] (-) TimerEvent: {}
[14.900380] (-) TimerEvent: {}
[15.001219] (-) TimerEvent: {}
[15.102077] (-) TimerEvent: {}
[15.123172] (mimi_head) StderrLine: {'line': b'\x1b[01m\x1b[K/home/mimi/mimi_ros2_ws/src/mimi_head/src/mimi_camera.cpp:\x1b[m\x1b[K In function \xe2\x80\x98\x1b[01m\x1b[Kvoid sigint_handler(int)\x1b[m\x1b[K\xe2\x80\x99:\n'}
[15.123993] (mimi_head) StderrLine: {'line': b'\x1b[01m\x1b[K/home/mimi/mimi_ros2_ws/src/mimi_head/src/mimi_camera.cpp:283:25:\x1b[m\x1b[K \x1b[01;35m\x1b[Kwarning: \x1b[m\x1b[Kunused parameter \xe2\x80\x98\x1b[01m\x1b[Ksig\x1b[m\x1b[K\xe2\x80\x99 [\x1b[01;35m\x1b[K\x1b]8;;https://gcc.gnu.org/onlinedocs/gcc/Warning-Options.html#index-Wunused-parameter\x07-Wunused-parameter\x1b]8;;\x07\x1b[m\x1b[K]\n'}
[15.124483] (mimi_head) StderrLine: {'line': b'  283 | void sigint_handler(\x1b[01;35m\x1b[Kint sig\x1b[m\x1b[K)\n'}
[15.124882] (mimi_head) StderrLine: {'line': b'      |                     \x1b[01;35m\x1b[K~~~~^~~\x1b[m\x1b[K\n'}
[15.202285] (-) TimerEvent: {}
[15.303069] (-) TimerEvent: {}
[15.403936] (-) TimerEvent: {}
[15.504771] (-) TimerEvent: {}
[15.605720] (-) TimerEvent: {}
[15.706574] (-) TimerEvent: {}
[15.807423] (-) TimerEvent: {}
[15.908254] (-) TimerEvent: {}
[16.009132] (-) TimerEvent: {}
[16.110112] (-) TimerEvent: {}
[16.211117] (-) TimerEvent: {}
[16.311950] (-) TimerEvent: {}
[16.412775] (-) TimerEvent: {}
[16.513722] (-) TimerEvent: {}
[16.614627] (-) TimerEvent: {}
[16.715500] (-) TimerEvent: {}
[16.816360] (-) TimerEvent: {}
[16.917220] (-) TimerEvent: {}
[17.018120] (-) TimerEvent: {}
[17.118956] (-) TimerEvent: {}
[17.219785] (-) TimerEvent: {}
[17.320647] (-) TimerEvent: {}
[17.421485] (-) TimerEvent: {}
[17.522383] (-) TimerEvent: {}
[17.623189] (-) TimerEvent: {}
[17.724070] (-) TimerEvent: {}
[17.824911] (-) TimerEvent: {}
[17.925969] (-) TimerEvent: {}
[18.026837] (-) TimerEvent: {}
[18.127705] (-) TimerEvent: {}
[18.228542] (-) TimerEvent: {}
[18.329397] (-) TimerEvent: {}
[18.430267] (-) TimerEvent: {}
[18.531091] (-) TimerEvent: {}
[18.631956] (-) TimerEvent: {}
[18.732804] (-) TimerEvent: {}
[18.833701] (-) TimerEvent: {}
[18.934513] (-) TimerEvent: {}
[19.035374] (-) TimerEvent: {}
[19.136194] (-) TimerEvent: {}
[19.237032] (-) TimerEvent: {}
[19.337955] (-) TimerEvent: {}
[19.439174] (-) TimerEvent: {}
[19.539983] (-) TimerEvent: {}
[19.640898] (-) TimerEvent: {}
[19.741816] (-) TimerEvent: {}
[19.842693] (-) TimerEvent: {}
[19.943503] (-) TimerEvent: {}
[20.044352] (-) TimerEvent: {}
[20.145225] (-) TimerEvent: {}
[20.246397] (-) TimerEvent: {}
[20.347570] (-) TimerEvent: {}
[20.448405] (-) TimerEvent: {}
[20.549249] (-) TimerEvent: {}
[20.650244] (-) TimerEvent: {}
[20.751379] (-) TimerEvent: {}
[20.852208] (-) TimerEvent: {}
[20.953055] (-) TimerEvent: {}
[21.053932] (-) TimerEvent: {}
[21.154820] (-) TimerEvent: {}
[21.255674] (-) TimerEvent: {}
[21.356540] (-) TimerEvent: {}
[21.457368] (-) TimerEvent: {}
[21.558242] (-) TimerEvent: {}
[21.659053] (-) TimerEvent: {}
[21.759889] (-) TimerEvent: {}
[21.860725] (-) TimerEvent: {}
[21.961568] (-) TimerEvent: {}
[22.062444] (-) TimerEvent: {}
[22.163283] (-) TimerEvent: {}
[22.264150] (-) TimerEvent: {}
[22.364985] (-) TimerEvent: {}
[22.465803] (-) TimerEvent: {}
[22.566644] (-) TimerEvent: {}
[22.667493] (-) TimerEvent: {}
[22.768317] (-) TimerEvent: {}
[22.869234] (-) TimerEvent: {}
[22.970099] (-) TimerEvent: {}
[23.070989] (-) TimerEvent: {}
[23.171788] (-) TimerEvent: {}
[23.272577] (-) TimerEvent: {}
[23.373383] (-) TimerEvent: {}
[23.474292] (-) TimerEvent: {}
[23.575092] (-) TimerEvent: {}
[23.675924] (-) TimerEvent: {}
[23.776812] (-) TimerEvent: {}
[23.877683] (-) TimerEvent: {}
[23.978453] (-) TimerEvent: {}
[24.079239] (-) TimerEvent: {}
[24.180087] (-) TimerEvent: {}
[24.280916] (-) TimerEvent: {}
[24.381781] (-) TimerEvent: {}
[24.482623] (-) TimerEvent: {}
[24.583437] (-) TimerEvent: {}
[24.684237] (-) TimerEvent: {}
[24.785162] (-) TimerEvent: {}
[24.886169] (-) TimerEvent: {}
[24.987344] (-) TimerEvent: {}
[25.088249] (-) TimerEvent: {}
[25.189015] (-) TimerEvent: {}
[25.289851] (-) TimerEvent: {}
[25.390640] (-) TimerEvent: {}
[25.491483] (-) TimerEvent: {}
[25.592294] (-) TimerEvent: {}
[25.693134] (-) TimerEvent: {}
[25.794048] (-) TimerEvent: {}
[25.894990] (-) TimerEvent: {}
[25.996040] (-) TimerEvent: {}
[26.097208] (-) TimerEvent: {}
[26.138829] (mimi_head) StdoutLine: {'line': b'[ 37%] \x1b[32m\x1b[1mLinking CXX executable mimi_camera\x1b[0m\n'}
[26.197394] (-) TimerEvent: {}
[26.298250] (-) TimerEvent: {}
[26.399603] (-) TimerEvent: {}
[26.501303] (-) TimerEvent: {}
[26.602459] (-) TimerEvent: {}
[26.703729] (-) TimerEvent: {}
[26.804963] (-) TimerEvent: {}
[26.906209] (-) TimerEvent: {}
[27.007173] (-) TimerEvent: {}
[27.108134] (-) TimerEvent: {}
[27.209200] (-) TimerEvent: {}
[27.310429] (-) TimerEvent: {}
[27.411794] (-) TimerEvent: {}
[27.512720] (-) TimerEvent: {}
[27.613549] (-) TimerEvent: {}
[27.714493] (-) TimerEvent: {}
[27.815402] (-) TimerEvent: {}
[27.916242] (-) TimerEvent: {}
[28.017176] (-) TimerEvent: {}
[28.118208] (-) TimerEvent: {}
[28.219343] (-) TimerEvent: {}
[28.320107] (-) TimerEvent: {}
[28.421036] (-) TimerEvent: {}
[28.522056] (-) TimerEvent: {}
[28.622965] (-) TimerEvent: {}
[28.723853] (-) TimerEvent: {}
[28.824709] (-) TimerEvent: {}
[28.925443] (-) TimerEvent: {}
[29.026359] (-) TimerEvent: {}
[29.044755] (mimi_head) StdoutLine: {'line': b'[ 37%] Built target mimi_camera\n'}
[29.126543] (-) TimerEvent: {}
[29.161004] (mimi_head) StdoutLine: {'line': b'[ 43%] Built target mimi_head_movement\n'}
[29.226847] (-) TimerEvent: {}
[29.276473] (mimi_head) StdoutLine: {'line': b'[ 43%] Built target ament_cmake_python_symlink_mimi_head\n'}
[29.327054] (-) TimerEvent: {}
[29.376425] (mimi_head) StdoutLine: {'line': b'[ 51%] Built target mimi_head__rosidl_generator_c\n'}
[29.427266] (-) TimerEvent: {}
[29.528207] (-) TimerEvent: {}
[29.629257] (-) TimerEvent: {}
[29.730671] (-) TimerEvent: {}
[29.831509] (-) TimerEvent: {}
[29.932342] (-) TimerEvent: {}
[30.033177] (-) TimerEvent: {}
[30.134353] (-) TimerEvent: {}
[30.235740] (-) TimerEvent: {}
[30.336448] (-) TimerEvent: {}
[30.437119] (-) TimerEvent: {}
[30.537888] (-) TimerEvent: {}
[30.638714] (-) TimerEvent: {}
[30.739463] (-) TimerEvent: {}
[30.840201] (-) TimerEvent: {}
[30.841174] (mimi_head) StdoutLine: {'line': b'running egg_info\n'}
[30.844849] (mimi_head) StdoutLine: {'line': b'writing mimi_head.egg-info/PKG-INFO\n'}
[30.846376] (mimi_head) StdoutLine: {'line': b'writing dependency_links to mimi_head.egg-info/dependency_links.txt\n'}
[30.847685] (mimi_head) StdoutLine: {'line': b'writing top-level names to mimi_head.egg-info/top_level.txt\n'}
[30.859944] (mimi_head) StdoutLine: {'line': b"reading manifest file 'mimi_head.egg-info/SOURCES.txt'\n"}
[30.863125] (mimi_head) StdoutLine: {'line': b"writing manifest file 'mimi_head.egg-info/SOURCES.txt'\n"}
[30.948434] (-) TimerEvent: {}
[31.027454] (mimi_head) StdoutLine: {'line': b'[ 51%] Built target ament_cmake_python_build_mimi_head_egg\n'}
[31.048765] (-) TimerEvent: {}
[31.150306] (-) TimerEvent: {}
[31.156425] (mimi_head) StdoutLine: {'line': b'[ 59%] Built target mimi_head__rosidl_typesupport_c\n'}
[31.250480] (-) TimerEvent: {}
[31.256944] (mimi_head) StdoutLine: {'line': b'[ 67%] Built target mimi_head__rosidl_typesupport_introspection_c\n'}
[31.350781] (-) TimerEvent: {}
[31.360238] (mimi_head) StdoutLine: {'line': b'[ 75%] Built target mimi_head__rosidl_typesupport_fastrtps_c\n'}
[31.451015] (-) TimerEvent: {}
[31.455422] (mimi_head) StdoutLine: {'line': b'[ 75%] Built target mimi_head\n'}
[31.551267] (-) TimerEvent: {}
[31.562767] (mimi_head) StdoutLine: {'line': b'[ 78%] Built target mimi_head__py\n'}
[31.651512] (-) TimerEvent: {}
[31.683042] (mimi_head) StdoutLine: {'line': b'[ 83%] Built target mimi_head__rosidl_generator_py\n'}
[31.751737] (-) TimerEvent: {}
[31.795401] (mimi_head) StdoutLine: {'line': b'[ 89%] Built target mimi_head__rosidl_typesupport_fastrtps_c__pyext\n'}
[31.852007] (-) TimerEvent: {}
[31.904282] (mimi_head) StdoutLine: {'line': b'[ 94%] Built target mimi_head__rosidl_typesupport_c__pyext\n'}
[31.952260] (-) TimerEvent: {}
[32.006234] (mimi_head) StdoutLine: {'line': b'[100%] Built target mimi_head__rosidl_typesupport_introspection_c__pyext\n'}
[32.054220] (-) TimerEvent: {}
[32.071065] (mimi_head) CommandEnded: {'returncode': 0}
[32.154485] (-) TimerEvent: {}
[32.261127] (-) TimerEvent: {}
[32.363066] (-) TimerEvent: {}
[32.463808] (-) TimerEvent: {}
[32.504013] (mimi_head) JobProgress: {'identifier': 'mimi_head', 'progress': 'install'}
[32.539513] (mimi_head) Command: {'cmd': ['/usr/bin/cmake', '--install', '/home/mimi/mimi_ros2_ws/build/mimi_head'], 'cwd': '/home/mimi/mimi_ros2_ws/build/mimi_head', 'env': OrderedDict([('LESSOPEN', '| /usr/bin/lesspipe %s'), ('USER', 'mimi'), ('SSH_CLIENT', '192.168.1.102 60461 22'), ('LC_TIME', 'th_TH.UTF-8'), ('XDG_SESSION_TYPE', 'tty'), ('GIT_ASKPASS', '/home/mimi/.vscode-server/bin/b3e4e68a0bc097f0ae7907b217c1119af9e03435/extensions/git/dist/askpass.sh'), ('SHLVL', '0'), ('LD_LIBRARY_PATH', '/home/mimi/mimi_ros2_ws/install/mimi_head/lib:/opt/ros/humble/opt/rviz_ogre_vendor/lib:/opt/ros/humble/lib/aarch64-linux-gnu:/opt/ros/humble/lib'), ('BROWSER', '/home/mimi/.vscode-server/bin/b3e4e68a0bc097f0ae7907b217c1119af9e03435/bin/helpers/browser.sh'), ('MOTD_SHOWN', 'pam'), ('HOME', '/home/mimi'), ('TERM_PROGRAM_VERSION', '1.78.2'), ('VSCODE_IPC_HOOK_CLI', '/run/user/1000/vscode-ipc-d6558c18-c24e-4646-a80d-8eb2b3f4d4af.sock'), ('ROS_PYTHON_VERSION', '3'), ('VSCODE_GIT_ASKPASS_MAIN', '/home/mimi/.vscode-server/bin/b3e4e68a0bc097f0ae7907b217c1119af9e03435/extensions/git/dist/askpass-main.js'), ('LC_MONETARY', 'th_TH.UTF-8'), ('VSCODE_GIT_ASKPASS_NODE', '/home/mimi/.vscode-server/bin/b3e4e68a0bc097f0ae7907b217c1119af9e03435/node'), ('DBUS_SESSION_BUS_ADDRESS', 'unix:path=/run/user/1000/bus'), ('COLORTERM', 'truecolor'), ('COLCON_PREFIX_PATH', '/home/mimi/mimi_ros2_ws/install'), ('ROS_DISTRO', 'humble'), ('LOGNAME', 'mimi'), ('_', '/usr/bin/colcon'), ('ROS_VERSION', '2'), ('XDG_SESSION_CLASS', 'user'), ('TERM', 'xterm-256color'), ('XDG_SESSION_ID', '2'), ('ROS_LOCALHOST_ONLY', '0'), ('PATH', '/home/mimi/.vscode-server/bin/b3e4e68a0bc097f0ae7907b217c1119af9e03435/bin/remote-cli:/home/mimi/.local/bin:/opt/ros/humble/bin:/usr/local/sbin:/usr/local/bin:/usr/sbin:/usr/bin:/sbin:/bin:/usr/games:/usr/local/games:/snap/bin'), ('LC_ADDRESS', 'th_TH.UTF-8'), ('XDG_RUNTIME_DIR', '/run/user/1000'), ('LANG', 'en_US.UTF-8'), ('LC_TELEPHONE', 'th_TH.UTF-8'), ('LS_COLORS', ''), ('VSCODE_GIT_IPC_HANDLE', '/run/user/1000/vscode-git-bb3d78543e.sock'), ('TERM_PROGRAM', 'vscode'), ('AMENT_PREFIX_PATH', '/home/mimi/mimi_ros2_ws/install/mimi_head:/opt/ros/humble'), ('SHELL', '/bin/bash'), ('LC_NAME', 'th_TH.UTF-8'), ('LESSCLOSE', '/usr/bin/lesspipe %s %s'), ('LC_MEASUREMENT', 'th_TH.UTF-8'), ('LC_IDENTIFICATION', 'th_TH.UTF-8'), ('VSCODE_GIT_ASKPASS_EXTRA_ARGS', ''), ('PWD', '/home/mimi/mimi_ros2_ws/build/mimi_head'), ('SSH_CONNECTION', '192.168.1.102 60461 192.168.1.100 22'), ('XDG_DATA_DIRS', '/usr/share/gnome:/usr/local/share:/usr/share:/var/lib/snapd/desktop'), ('PYTHONPATH', '/home/mimi/mimi_ros2_ws/install/mimi_head/local/lib/python3.10/dist-packages:/opt/ros/humble/lib/python3.10/site-packages:/opt/ros/humble/local/lib/python3.10/dist-packages'), ('LC_NUMERIC', 'th_TH.UTF-8'), ('LC_PAPER', 'th_TH.UTF-8'), ('COLCON', '1'), ('CMAKE_PREFIX_PATH', '/home/mimi/mimi_ros2_ws/install/mimi_head:/opt/ros/humble')]), 'shell': False}
[32.564110] (-) TimerEvent: {}
[32.577669] (mimi_head) StdoutLine: {'line': b'-- Install configuration: ""\n'}
[32.579934] (mimi_head) StdoutLine: {'line': b'-- Execute custom install script\n'}
[32.581349] (mimi_head) StdoutLine: {'line': b'-- Up-to-date symlink: /home/mimi/mimi_ros2_ws/install/mimi_head/share/ament_index/resource_index/rosidl_interfaces/mimi_head\n'}
[32.584162] (mimi_head) StdoutLine: {'line': b'-- Up-to-date symlink: /home/mimi/mimi_ros2_ws/install/mimi_head/include/mimi_head/mimi_head/msg/angle.h\n'}
[32.585774] (mimi_head) StdoutLine: {'line': b'-- Up-to-date symlink: /home/mimi/mimi_ros2_ws/install/mimi_head/include/mimi_head/mimi_head/msg/detail/angle__functions.h\n'}
[32.587360] (mimi_head) StdoutLine: {'line': b'-- Up-to-date symlink: /home/mimi/mimi_ros2_ws/install/mimi_head/include/mimi_head/mimi_head/msg/detail/angle__struct.h\n'}
[32.587948] (mimi_head) StdoutLine: {'line': b'-- Up-to-date symlink: /home/mimi/mimi_ros2_ws/install/mimi_head/include/mimi_head/mimi_head/msg/detail/angle__type_support.h\n'}
[32.589497] (mimi_head) StdoutLine: {'line': b'-- Up-to-date symlink: /home/mimi/mimi_ros2_ws/install/mimi_head/include/mimi_head/mimi_head/msg/rosidl_generator_c__visibility_control.h\n'}
[32.590296] (mimi_head) StdoutLine: {'line': b'-- Up-to-date symlink: /home/mimi/mimi_ros2_ws/install/mimi_head/share/mimi_head/environment/library_path.sh\n'}
[32.592008] (mimi_head) StdoutLine: {'line': b'-- Up-to-date symlink: /home/mimi/mimi_ros2_ws/install/mimi_head/share/mimi_head/environment/library_path.dsv\n'}
[32.593841] (mimi_head) StdoutLine: {'line': b'-- Up-to-date symlink: /home/mimi/mimi_ros2_ws/install/mimi_head/include/mimi_head/mimi_head/msg/detail/angle__rosidl_typesupport_fastrtps_c.h\n'}
[32.595172] (mimi_head) StdoutLine: {'line': b'-- Up-to-date symlink: /home/mimi/mimi_ros2_ws/install/mimi_head/include/mimi_head/mimi_head/msg/rosidl_typesupport_fastrtps_c__visibility_control.h\n'}
[32.597280] (mimi_head) StdoutLine: {'line': b'-- Up-to-date symlink: /home/mimi/mimi_ros2_ws/install/mimi_head/include/mimi_head/mimi_head/msg/angle.hpp\n'}
[32.598394] (mimi_head) StdoutLine: {'line': b'-- Up-to-date symlink: /home/mimi/mimi_ros2_ws/install/mimi_head/include/mimi_head/mimi_head/msg/detail/angle__builder.hpp\n'}
[32.599451] (mimi_head) StdoutLine: {'line': b'-- Up-to-date symlink: /home/mimi/mimi_ros2_ws/install/mimi_head/include/mimi_head/mimi_head/msg/detail/angle__struct.hpp\n'}
[32.600465] (mimi_head) StdoutLine: {'line': b'-- Up-to-date symlink: /home/mimi/mimi_ros2_ws/install/mimi_head/include/mimi_head/mimi_head/msg/detail/angle__traits.hpp\n'}
[32.603881] (mimi_head) StdoutLine: {'line': b'-- Up-to-date symlink: /home/mimi/mimi_ros2_ws/install/mimi_head/include/mimi_head/mimi_head/msg/detail/angle__rosidl_typesupport_fastrtps_cpp.hpp\n'}
[32.604919] (mimi_head) StdoutLine: {'line': b'-- Up-to-date symlink: /home/mimi/mimi_ros2_ws/install/mimi_head/include/mimi_head/mimi_head/msg/rosidl_typesupport_fastrtps_cpp__visibility_control.h\n'}
[32.607287] (mimi_head) StdoutLine: {'line': b'-- Up-to-date symlink: /home/mimi/mimi_ros2_ws/install/mimi_head/include/mimi_head/mimi_head/msg/detail/angle__rosidl_typesupport_introspection_c.h\n'}
[32.608284] (mimi_head) StdoutLine: {'line': b'-- Up-to-date symlink: /home/mimi/mimi_ros2_ws/install/mimi_head/include/mimi_head/mimi_head/msg/rosidl_typesupport_introspection_c__visibility_control.h\n'}
[32.610596] (mimi_head) StdoutLine: {'line': b'-- Up-to-date symlink: /home/mimi/mimi_ros2_ws/install/mimi_head/include/mimi_head/mimi_head/msg/detail/angle__rosidl_typesupport_introspection_cpp.hpp\n'}
[32.611666] (mimi_head) StdoutLine: {'line': b'-- Up-to-date symlink: /home/mimi/mimi_ros2_ws/install/mimi_head/share/mimi_head/environment/pythonpath.sh\n'}
[32.612722] (mimi_head) StdoutLine: {'line': b'-- Up-to-date symlink: /home/mimi/mimi_ros2_ws/install/mimi_head/share/mimi_head/environment/pythonpath.dsv\n'}
[32.614810] (mimi_head) StdoutLine: {'line': b'-- Up-to-date symlink: /home/mimi/mimi_ros2_ws/install/mimi_head/local/lib/python3.10/dist-packages/mimi_head-0.0.0-py3.10.egg-info/PKG-INFO\n'}
[32.615778] (mimi_head) StdoutLine: {'line': b'-- Up-to-date symlink: /home/mimi/mimi_ros2_ws/install/mimi_head/local/lib/python3.10/dist-packages/mimi_head-0.0.0-py3.10.egg-info/SOURCES.txt\n'}
[32.616788] (mimi_head) StdoutLine: {'line': b'-- Up-to-date symlink: /home/mimi/mimi_ros2_ws/install/mimi_head/local/lib/python3.10/dist-packages/mimi_head-0.0.0-py3.10.egg-info/dependency_links.txt\n'}
[32.617824] (mimi_head) StdoutLine: {'line': b'-- Up-to-date symlink: /home/mimi/mimi_ros2_ws/install/mimi_head/local/lib/python3.10/dist-packages/mimi_head-0.0.0-py3.10.egg-info/top_level.txt\n'}
[32.622637] (mimi_head) StdoutLine: {'line': b'-- Up-to-date symlink: /home/mimi/mimi_ros2_ws/install/mimi_head/local/lib/python3.10/dist-packages/mimi_head/__init__.py\n'}
[32.623649] (mimi_head) StdoutLine: {'line': b'-- Up-to-date symlink: /home/mimi/mimi_ros2_ws/install/mimi_head/local/lib/python3.10/dist-packages/mimi_head/_mimi_head_s.ep.rosidl_typesupport_c.c\n'}
[32.624668] (mimi_head) StdoutLine: {'line': b'-- Up-to-date symlink: /home/mimi/mimi_ros2_ws/install/mimi_head/local/lib/python3.10/dist-packages/mimi_head/_mimi_head_s.ep.rosidl_typesupport_fastrtps_c.c\n'}
[32.625905] (mimi_head) StdoutLine: {'line': b'-- Up-to-date symlink: /home/mimi/mimi_ros2_ws/install/mimi_head/local/lib/python3.10/dist-packages/mimi_head/_mimi_head_s.ep.rosidl_typesupport_introspection_c.c\n'}
[32.626712] (mimi_head) StdoutLine: {'line': b'-- Up-to-date symlink: /home/mimi/mimi_ros2_ws/install/mimi_head/local/lib/python3.10/dist-packages/mimi_head/libmimi_head__rosidl_generator_py.so\n'}
[32.627702] (mimi_head) StdoutLine: {'line': b'-- Up-to-date symlink: /home/mimi/mimi_ros2_ws/install/mimi_head/local/lib/python3.10/dist-packages/mimi_head/mimi_head_s__rosidl_typesupport_c.cpython-310-aarch64-linux-gnu.so\n'}
[32.628705] (mimi_head) StdoutLine: {'line': b'-- Up-to-date symlink: /home/mimi/mimi_ros2_ws/install/mimi_head/local/lib/python3.10/dist-packages/mimi_head/mimi_head_s__rosidl_typesupport_fastrtps_c.cpython-310-aarch64-linux-gnu.so\n'}
[32.629764] (mimi_head) StdoutLine: {'line': b'-- Up-to-date symlink: /home/mimi/mimi_ros2_ws/install/mimi_head/local/lib/python3.10/dist-packages/mimi_head/mimi_head_s__rosidl_typesupport_introspection_c.cpython-310-aarch64-linux-gnu.so\n'}
[32.630755] (mimi_head) StdoutLine: {'line': b'-- Up-to-date symlink: /home/mimi/mimi_ros2_ws/install/mimi_head/local/lib/python3.10/dist-packages/mimi_head/msg/__init__.py\n'}
[32.631752] (mimi_head) StdoutLine: {'line': b'-- Up-to-date symlink: /home/mimi/mimi_ros2_ws/install/mimi_head/local/lib/python3.10/dist-packages/mimi_head/msg/_angle.py\n'}
[32.632779] (mimi_head) StdoutLine: {'line': b'-- Up-to-date symlink: /home/mimi/mimi_ros2_ws/install/mimi_head/local/lib/python3.10/dist-packages/mimi_head/msg/_angle_s.c\n'}
[32.634560] (mimi_head) StdoutLine: {'line': b'-- Up-to-date symlink: /home/mimi/mimi_ros2_ws/install/mimi_head/local/lib/python3.10/dist-packages/mimi_head/mimi_head_s__rosidl_typesupport_fastrtps_c.cpython-310-aarch64-linux-gnu.so\n'}
[32.636207] (mimi_head) StdoutLine: {'line': b'-- Up-to-date symlink: /home/mimi/mimi_ros2_ws/install/mimi_head/local/lib/python3.10/dist-packages/mimi_head/mimi_head_s__rosidl_typesupport_introspection_c.cpython-310-aarch64-linux-gnu.so\n'}
[32.637963] (mimi_head) StdoutLine: {'line': b'-- Up-to-date symlink: /home/mimi/mimi_ros2_ws/install/mimi_head/local/lib/python3.10/dist-packages/mimi_head/mimi_head_s__rosidl_typesupport_c.cpython-310-aarch64-linux-gnu.so\n'}
[32.639240] (mimi_head) StdoutLine: {'line': b'-- Up-to-date symlink: /home/mimi/mimi_ros2_ws/install/mimi_head/share/mimi_head/msg/Angle.idl\n'}
[32.640276] (mimi_head) StdoutLine: {'line': b'-- Up-to-date symlink: /home/mimi/mimi_ros2_ws/install/mimi_head/share/mimi_head/msg/Angle.msg\n'}
[32.642358] (mimi_head) StdoutLine: {'line': b'-- Up-to-date symlink: /home/mimi/mimi_ros2_ws/install/mimi_head/lib/mimi_head/mimi_camera\n'}
[32.643282] (mimi_head) StdoutLine: {'line': b'-- Up-to-date symlink: /home/mimi/mimi_ros2_ws/install/mimi_head/lib/mimi_head/mimi_monitor\n'}
[32.644275] (mimi_head) StdoutLine: {'line': b'-- Up-to-date symlink: /home/mimi/mimi_ros2_ws/install/mimi_head/lib/mimi_head/mimi_head_movement\n'}
[32.646000] (mimi_head) StdoutLine: {'line': b'-- Up-to-date symlink: /home/mimi/mimi_ros2_ws/install/mimi_head/share/mimi_head//launch/main.launch.py\n'}
[32.647363] (mimi_head) StdoutLine: {'line': b'-- Up-to-date symlink: /home/mimi/mimi_ros2_ws/install/mimi_head/share/ament_index/resource_index/package_run_dependencies/mimi_head\n'}
[32.648632] (mimi_head) StdoutLine: {'line': b'-- Up-to-date symlink: /home/mimi/mimi_ros2_ws/install/mimi_head/share/ament_index/resource_index/parent_prefix_path/mimi_head\n'}
[32.649835] (mimi_head) StdoutLine: {'line': b'-- Up-to-date symlink: /home/mimi/mimi_ros2_ws/install/mimi_head/share/mimi_head/environment/ament_prefix_path.sh\n'}
[32.650952] (mimi_head) StdoutLine: {'line': b'-- Up-to-date symlink: /home/mimi/mimi_ros2_ws/install/mimi_head/share/mimi_head/environment/ament_prefix_path.dsv\n'}
[32.652152] (mimi_head) StdoutLine: {'line': b'-- Up-to-date symlink: /home/mimi/mimi_ros2_ws/install/mimi_head/share/mimi_head/environment/path.sh\n'}
[32.653161] (mimi_head) StdoutLine: {'line': b'-- Up-to-date symlink: /home/mimi/mimi_ros2_ws/install/mimi_head/share/mimi_head/environment/path.dsv\n'}
[32.654271] (mimi_head) StdoutLine: {'line': b'-- Up-to-date symlink: /home/mimi/mimi_ros2_ws/install/mimi_head/share/mimi_head/local_setup.bash\n'}
[32.655373] (mimi_head) StdoutLine: {'line': b'-- Up-to-date symlink: /home/mimi/mimi_ros2_ws/install/mimi_head/share/mimi_head/local_setup.sh\n'}
[32.656424] (mimi_head) StdoutLine: {'line': b'-- Up-to-date symlink: /home/mimi/mimi_ros2_ws/install/mimi_head/share/mimi_head/local_setup.zsh\n'}
[32.657436] (mimi_head) StdoutLine: {'line': b'-- Up-to-date symlink: /home/mimi/mimi_ros2_ws/install/mimi_head/share/mimi_head/local_setup.dsv\n'}
[32.658359] (mimi_head) StdoutLine: {'line': b'-- Symlinking: /home/mimi/mimi_ros2_ws/install/mimi_head/share/mimi_head/package.dsv\n'}
[32.664335] (-) TimerEvent: {}
[32.697022] (mimi_head) StdoutLine: {'line': b'-- Up-to-date symlink: /home/mimi/mimi_ros2_ws/install/mimi_head/share/ament_index/resource_index/packages/mimi_head\n'}
[32.698312] (mimi_head) StdoutLine: {'line': b'-- Up-to-date symlink: /home/mimi/mimi_ros2_ws/install/mimi_head/share/mimi_head/cmake/rosidl_cmake-extras.cmake\n'}
[32.699421] (mimi_head) StdoutLine: {'line': b'-- Up-to-date symlink: /home/mimi/mimi_ros2_ws/install/mimi_head/share/mimi_head/cmake/ament_cmake_export_include_directories-extras.cmake\n'}
[32.700456] (mimi_head) StdoutLine: {'line': b'-- Up-to-date symlink: /home/mimi/mimi_ros2_ws/install/mimi_head/share/mimi_head/cmake/ament_cmake_export_libraries-extras.cmake\n'}
[32.701514] (mimi_head) StdoutLine: {'line': b'-- Up-to-date symlink: /home/mimi/mimi_ros2_ws/install/mimi_head/share/mimi_head/cmake/ament_cmake_export_targets-extras.cmake\n'}
[32.702809] (mimi_head) StdoutLine: {'line': b'-- Up-to-date symlink: /home/mimi/mimi_ros2_ws/install/mimi_head/share/mimi_head/cmake/rosidl_cmake_export_typesupport_targets-extras.cmake\n'}
[32.703951] (mimi_head) StdoutLine: {'line': b'-- Up-to-date symlink: /home/mimi/mimi_ros2_ws/install/mimi_head/share/mimi_head/cmake/ament_cmake_export_dependencies-extras.cmake\n'}
[32.705098] (mimi_head) StdoutLine: {'line': b'-- Up-to-date symlink: /home/mimi/mimi_ros2_ws/install/mimi_head/share/mimi_head/cmake/rosidl_cmake_export_typesupport_libraries-extras.cmake\n'}
[32.706305] (mimi_head) StdoutLine: {'line': b'-- Up-to-date symlink: /home/mimi/mimi_ros2_ws/install/mimi_head/share/mimi_head/cmake/mimi_headConfig.cmake\n'}
[32.707254] (mimi_head) StdoutLine: {'line': b'-- Up-to-date symlink: /home/mimi/mimi_ros2_ws/install/mimi_head/share/mimi_head/cmake/mimi_headConfig-version.cmake\n'}
[32.708249] (mimi_head) StdoutLine: {'line': b'-- Up-to-date symlink: /home/mimi/mimi_ros2_ws/install/mimi_head/share/mimi_head/package.xml\n'}
[32.709970] (mimi_head) StdoutLine: {'line': b'-- Up-to-date: /home/mimi/mimi_ros2_ws/install/mimi_head/lib/libmimi_head__rosidl_generator_c.so\n'}
[32.712047] (mimi_head) StdoutLine: {'line': b'-- Up-to-date: /home/mimi/mimi_ros2_ws/install/mimi_head/lib/libmimi_head__rosidl_typesupport_fastrtps_c.so\n'}
[32.714371] (mimi_head) StdoutLine: {'line': b'-- Up-to-date: /home/mimi/mimi_ros2_ws/install/mimi_head/lib/libmimi_head__rosidl_typesupport_fastrtps_cpp.so\n'}
[32.716515] (mimi_head) StdoutLine: {'line': b'-- Up-to-date: /home/mimi/mimi_ros2_ws/install/mimi_head/lib/libmimi_head__rosidl_typesupport_introspection_c.so\n'}
[32.718774] (mimi_head) StdoutLine: {'line': b'-- Up-to-date: /home/mimi/mimi_ros2_ws/install/mimi_head/lib/libmimi_head__rosidl_typesupport_c.so\n'}
[32.720934] (mimi_head) StdoutLine: {'line': b'-- Up-to-date: /home/mimi/mimi_ros2_ws/install/mimi_head/lib/libmimi_head__rosidl_typesupport_introspection_cpp.so\n'}
[32.723147] (mimi_head) StdoutLine: {'line': b'-- Up-to-date: /home/mimi/mimi_ros2_ws/install/mimi_head/lib/libmimi_head__rosidl_typesupport_cpp.so\n'}
[32.764573] (-) TimerEvent: {}
[32.865696] (-) TimerEvent: {}
[32.910245] (mimi_head) StdoutLine: {'line': b"Listing '/home/mimi/mimi_ros2_ws/install/mimi_head/local/lib/python3.10/dist-packages/mimi_head'...\n"}
[32.911426] (mimi_head) StdoutLine: {'line': b"Listing '/home/mimi/mimi_ros2_ws/install/mimi_head/local/lib/python3.10/dist-packages/mimi_head/msg'...\n"}
[32.942447] (mimi_head) StdoutLine: {'line': b'-- Up-to-date: /home/mimi/mimi_ros2_ws/install/mimi_head/lib/libmimi_head__rosidl_generator_py.so\n'}
[32.945688] (mimi_head) StdoutLine: {'line': b'-- Up-to-date: /home/mimi/mimi_ros2_ws/install/mimi_head/share/mimi_head/cmake/export_mimi_head__rosidl_generator_cExport.cmake\n'}
[32.947389] (mimi_head) StdoutLine: {'line': b'-- Up-to-date: /home/mimi/mimi_ros2_ws/install/mimi_head/share/mimi_head/cmake/export_mimi_head__rosidl_generator_cExport-noconfig.cmake\n'}
[32.949522] (mimi_head) StdoutLine: {'line': b'-- Up-to-date: /home/mimi/mimi_ros2_ws/install/mimi_head/share/mimi_head/cmake/export_mimi_head__rosidl_typesupport_fastrtps_cExport.cmake\n'}
[32.951343] (mimi_head) StdoutLine: {'line': b'-- Up-to-date: /home/mimi/mimi_ros2_ws/install/mimi_head/share/mimi_head/cmake/export_mimi_head__rosidl_typesupport_fastrtps_cExport-noconfig.cmake\n'}
[32.953361] (mimi_head) StdoutLine: {'line': b'-- Up-to-date: /home/mimi/mimi_ros2_ws/install/mimi_head/share/mimi_head/cmake/export_mimi_head__rosidl_generator_cppExport.cmake\n'}
[32.955545] (mimi_head) StdoutLine: {'line': b'-- Up-to-date: /home/mimi/mimi_ros2_ws/install/mimi_head/share/mimi_head/cmake/export_mimi_head__rosidl_typesupport_fastrtps_cppExport.cmake\n'}
[32.957712] (mimi_head) StdoutLine: {'line': b'-- Up-to-date: /home/mimi/mimi_ros2_ws/install/mimi_head/share/mimi_head/cmake/export_mimi_head__rosidl_typesupport_fastrtps_cppExport-noconfig.cmake\n'}
[32.959785] (mimi_head) StdoutLine: {'line': b'-- Up-to-date: /home/mimi/mimi_ros2_ws/install/mimi_head/share/mimi_head/cmake/mimi_head__rosidl_typesupport_introspection_cExport.cmake\n'}
[32.961545] (mimi_head) StdoutLine: {'line': b'-- Up-to-date: /home/mimi/mimi_ros2_ws/install/mimi_head/share/mimi_head/cmake/mimi_head__rosidl_typesupport_introspection_cExport-noconfig.cmake\n'}
[32.963768] (mimi_head) StdoutLine: {'line': b'-- Up-to-date: /home/mimi/mimi_ros2_ws/install/mimi_head/share/mimi_head/cmake/mimi_head__rosidl_typesupport_cExport.cmake\n'}
[32.965432] (mimi_head) StdoutLine: {'line': b'-- Up-to-date: /home/mimi/mimi_ros2_ws/install/mimi_head/share/mimi_head/cmake/mimi_head__rosidl_typesupport_cExport-noconfig.cmake\n'}
[32.966247] (-) TimerEvent: {}
[32.970967] (mimi_head) StdoutLine: {'line': b'-- Up-to-date: /home/mimi/mimi_ros2_ws/install/mimi_head/share/mimi_head/cmake/mimi_head__rosidl_typesupport_introspection_cppExport.cmake\n'}
[32.973151] (mimi_head) StdoutLine: {'line': b'-- Up-to-date: /home/mimi/mimi_ros2_ws/install/mimi_head/share/mimi_head/cmake/mimi_head__rosidl_typesupport_introspection_cppExport-noconfig.cmake\n'}
[32.975713] (mimi_head) StdoutLine: {'line': b'-- Up-to-date: /home/mimi/mimi_ros2_ws/install/mimi_head/share/mimi_head/cmake/mimi_head__rosidl_typesupport_cppExport.cmake\n'}
[32.977506] (mimi_head) StdoutLine: {'line': b'-- Up-to-date: /home/mimi/mimi_ros2_ws/install/mimi_head/share/mimi_head/cmake/mimi_head__rosidl_typesupport_cppExport-noconfig.cmake\n'}
[32.979867] (mimi_head) StdoutLine: {'line': b'-- Up-to-date: /home/mimi/mimi_ros2_ws/install/mimi_head/share/mimi_head/cmake/export_mimi_head__rosidl_generator_pyExport.cmake\n'}
[32.982069] (mimi_head) StdoutLine: {'line': b'-- Up-to-date: /home/mimi/mimi_ros2_ws/install/mimi_head/share/mimi_head/cmake/export_mimi_head__rosidl_generator_pyExport-noconfig.cmake\n'}
[32.991862] (mimi_head) CommandEnded: {'returncode': 0}
[33.066487] (-) TimerEvent: {}
[33.167448] (-) TimerEvent: {}
[33.270459] (-) TimerEvent: {}
[33.371420] (-) TimerEvent: {}
[33.472155] (-) TimerEvent: {}
[33.572990] (-) TimerEvent: {}
[33.622126] (mimi_head) JobEnded: {'identifier': 'mimi_head', 'rc': 0}
[33.626906] (-) EventReactorShutdown: {}
