[0.000000] (-) TimerEvent: {}
[0.001823] (mimi_head) JobQueued: {'identifier': 'mimi_head', 'dependencies': OrderedDict()}
[0.002540] (mimi_head) JobStarted: {'identifier': 'mimi_head'}
[0.071549] (mimi_head) JobProgress: {'identifier': 'mimi_head', 'progress': 'cmake'}
[0.075456] (mimi_head) JobProgress: {'identifier': 'mimi_head', 'progress': 'build'}
[0.078899] (mimi_head) Command: {'cmd': ['/usr/bin/cmake', '--build', '/home/mimi/mimi_ros2_ws/build/mimi_head', '--', '-j4', '-l4'], 'cwd': '/home/mimi/mimi_ros2_ws/build/mimi_head', 'env': OrderedDict([('LESSOPEN', '| /usr/bin/lesspipe %s'), ('USER', 'mimi'), ('SSH_CLIENT', '192.168.1.102 62143 22'), ('LC_TIME', 'th_TH.UTF-8'), ('XDG_SESSION_TYPE', 'tty'), ('GIT_ASKPASS', '/home/mimi/.vscode-server/bin/b3e4e68a0bc097f0ae7907b217c1119af9e03435/extensions/git/dist/askpass.sh'), ('SHLVL', '0'), ('LD_LIBRARY_PATH', '/opt/ros/humble/opt/rviz_ogre_vendor/lib:/opt/ros/humble/lib/aarch64-linux-gnu:/opt/ros/humble/lib'), ('BROWSER', '/home/mimi/.vscode-server/bin/b3e4e68a0bc097f0ae7907b217c1119af9e03435/bin/helpers/browser.sh'), ('MOTD_SHOWN', 'pam'), ('HOME', '/home/mimi'), ('TERM_PROGRAM_VERSION', '1.78.2'), ('VSCODE_IPC_HOOK_CLI', '/run/user/1000/vscode-ipc-a1d26794-aa87-4251-bf47-7bcc83d83afa.sock'), ('ROS_PYTHON_VERSION', '3'), ('VSCODE_GIT_ASKPASS_MAIN', '/home/mimi/.vscode-server/bin/b3e4e68a0bc097f0ae7907b217c1119af9e03435/extensions/git/dist/askpass-main.js'), ('LC_MONETARY', 'th_TH.UTF-8'), ('VSCODE_GIT_ASKPASS_NODE', '/home/mimi/.vscode-server/bin/b3e4e68a0bc097f0ae7907b217c1119af9e03435/node'), ('DBUS_SESSION_BUS_ADDRESS', 'unix:path=/run/user/1000/bus'), ('COLORTERM', 'truecolor'), ('ROS_DISTRO', 'humble'), ('LOGNAME', 'mimi'), ('_', '/usr/bin/colcon'), ('ROS_VERSION', '2'), ('XDG_SESSION_CLASS', 'user'), ('TERM', 'xterm-256color'), ('XDG_SESSION_ID', '2'), ('ROS_LOCALHOST_ONLY', '0'), ('PATH', '/home/mimi/.vscode-server/bin/b3e4e68a0bc097f0ae7907b217c1119af9e03435/bin/remote-cli:/home/mimi/.local/bin:/opt/ros/humble/bin:/usr/local/sbin:/usr/local/bin:/usr/sbin:/usr/bin:/sbin:/bin:/usr/games:/usr/local/games:/snap/bin'), ('LC_ADDRESS', 'th_TH.UTF-8'), ('XDG_RUNTIME_DIR', '/run/user/1000'), ('LANG', 'en_US.UTF-8'), ('LC_TELEPHONE', 'th_TH.UTF-8'), ('LS_COLORS', ''), ('VSCODE_GIT_IPC_HANDLE', '/run/user/1000/vscode-git-bb3d78543e.sock'), ('TERM_PROGRAM', 'vscode'), ('AMENT_PREFIX_PATH', '/opt/ros/humble'), ('SHELL', '/bin/bash'), ('LC_NAME', 'th_TH.UTF-8'), ('LESSCLOSE', '/usr/bin/lesspipe %s %s'), ('LC_MEASUREMENT', 'th_TH.UTF-8'), ('LC_IDENTIFICATION', 'th_TH.UTF-8'), ('VSCODE_GIT_ASKPASS_EXTRA_ARGS', ''), ('PWD', '/home/mimi/mimi_ros2_ws/build/mimi_head'), ('SSH_CONNECTION', '192.168.1.102 62143 192.168.1.100 22'), ('XDG_DATA_DIRS', '/usr/share/gnome:/usr/local/share:/usr/share:/var/lib/snapd/desktop'), ('PYTHONPATH', '/opt/ros/humble/lib/python3.10/site-packages:/opt/ros/humble/local/lib/python3.10/dist-packages'), ('LC_NUMERIC', 'th_TH.UTF-8'), ('LC_PAPER', 'th_TH.UTF-8'), ('COLCON', '1'), ('CMAKE_PREFIX_PATH', '/opt/ros/humble')]), 'shell': False}
[0.099279] (-) TimerEvent: {}
[0.200073] (-) TimerEvent: {}
[0.300928] (-) TimerEvent: {}
[0.400185] (mimi_head) StdoutLine: {'line': b'\x1b[35m\x1b[1mConsolidate compiler generated dependencies of target mimi_camera\x1b[0m\n'}
[0.408265] (-) TimerEvent: {}
[0.411836] (mimi_head) StdoutLine: {'line': b'\x1b[35m\x1b[1mConsolidate compiler generated dependencies of target mimi_monitor\x1b[0m\n'}
[0.460025] (mimi_head) StdoutLine: {'line': b'\x1b[35m\x1b[1mConsolidate compiler generated dependencies of target mimi_head__rosidl_generator_c\x1b[0m\n'}
[0.492530] (mimi_head) StdoutLine: {'line': b'[  2%] Built target mimi_head__cpp\n'}
[0.508506] (-) TimerEvent: {}
[0.559773] (mimi_head) StdoutLine: {'line': b'[  5%] \x1b[32mBuilding CXX object CMakeFiles/mimi_camera.dir/src/mimi_camera.cpp.o\x1b[0m\n'}
[0.560726] (mimi_head) StdoutLine: {'line': b'[ 14%] Built target mimi_head__rosidl_generator_c\n'}
[0.614889] (-) TimerEvent: {}
[0.616220] (mimi_head) StdoutLine: {'line': b'[ 20%] Built target mimi_monitor\n'}
[0.662653] (mimi_head) StdoutLine: {'line': b'\x1b[35m\x1b[1mConsolidate compiler generated dependencies of target mimi_head__rosidl_typesupport_cpp\x1b[0m\n'}
[0.697051] (mimi_head) StdoutLine: {'line': b'\x1b[35m\x1b[1mConsolidate compiler generated dependencies of target mimi_head__rosidl_typesupport_fastrtps_c\x1b[0m\n'}
[0.719810] (-) TimerEvent: {}
[0.777973] (mimi_head) StdoutLine: {'line': b'[ 20%] Built target ament_cmake_python_symlink_mimi_head\n'}
[0.810871] (mimi_head) StdoutLine: {'line': b'[ 28%] Built target mimi_head__rosidl_typesupport_fastrtps_c\n'}
[0.824387] (-) TimerEvent: {}
[0.833115] (mimi_head) StdoutLine: {'line': b'[ 37%] Built target mimi_head__rosidl_typesupport_cpp\n'}
[0.860435] (mimi_head) StdoutLine: {'line': b'\x1b[35m\x1b[1mConsolidate compiler generated dependencies of target mimi_head__rosidl_typesupport_fastrtps_cpp\x1b[0m\n'}
[0.922043] (mimi_head) StdoutLine: {'line': b'\x1b[35m\x1b[1mConsolidate compiler generated dependencies of target mimi_head__rosidl_typesupport_introspection_c\x1b[0m\n'}
[0.924570] (-) TimerEvent: {}
[0.957807] (mimi_head) StdoutLine: {'line': b'\x1b[35m\x1b[1mConsolidate compiler generated dependencies of target mimi_head__rosidl_typesupport_c\x1b[0m\n'}
[0.974993] (mimi_head) StdoutLine: {'line': b'[ 45%] Built target mimi_head__rosidl_typesupport_fastrtps_cpp\n'}
[1.024930] (-) TimerEvent: {}
[1.084004] (mimi_head) StdoutLine: {'line': b'[ 54%] Built target mimi_head__rosidl_typesupport_introspection_c\n'}
[1.110471] (mimi_head) StdoutLine: {'line': b'\x1b[35m\x1b[1mConsolidate compiler generated dependencies of target mimi_head__rosidl_typesupport_introspection_cpp\x1b[0m\n'}
[1.112506] (mimi_head) StdoutLine: {'line': b'[ 62%] Built target mimi_head__rosidl_typesupport_c\n'}
[1.127863] (-) TimerEvent: {}
[1.201053] (mimi_head) StdoutLine: {'line': b'[ 71%] Built target mimi_head__rosidl_typesupport_introspection_cpp\n'}
[1.228105] (-) TimerEvent: {}
[1.329054] (-) TimerEvent: {}
[1.352014] (mimi_head) StdoutLine: {'line': b'[ 71%] Built target mimi_head\n'}
[1.431806] (-) TimerEvent: {}
[1.535804] (-) TimerEvent: {}
[1.566822] (mimi_head) StdoutLine: {'line': b'[ 74%] Built target mimi_head__py\n'}
[1.636031] (-) TimerEvent: {}
[1.692726] (mimi_head) StdoutLine: {'line': b'\x1b[35m\x1b[1mConsolidate compiler generated dependencies of target mimi_head__rosidl_generator_py\x1b[0m\n'}
[1.736259] (-) TimerEvent: {}
[1.809484] (mimi_head) StdoutLine: {'line': b'[ 80%] Built target mimi_head__rosidl_generator_py\n'}
[1.836467] (-) TimerEvent: {}
[1.875045] (mimi_head) StdoutLine: {'line': b'\x1b[35m\x1b[1mConsolidate compiler generated dependencies of target mimi_head__rosidl_typesupport_introspection_c__pyext\x1b[0m\n'}
[1.927936] (mimi_head) StdoutLine: {'line': b'\x1b[35m\x1b[1mConsolidate compiler generated dependencies of target mimi_head__rosidl_typesupport_fastrtps_c__pyext\x1b[0m\n'}
[1.937248] (-) TimerEvent: {}
[2.011220] (mimi_head) StdoutLine: {'line': b'[ 85%] Built target mimi_head__rosidl_typesupport_introspection_c__pyext\n'}
[2.024099] (mimi_head) StdoutLine: {'line': b'[ 91%] Built target mimi_head__rosidl_typesupport_fastrtps_c__pyext\n'}
[2.039835] (-) TimerEvent: {}
[2.140014] (mimi_head) StdoutLine: {'line': b'\x1b[35m\x1b[1mConsolidate compiler generated dependencies of target mimi_head__rosidl_typesupport_c__pyext\x1b[0m\n'}
[2.140818] (-) TimerEvent: {}
[2.241628] (-) TimerEvent: {}
[2.328147] (mimi_head) StdoutLine: {'line': b'[ 97%] Built target mimi_head__rosidl_typesupport_c__pyext\n'}
[2.341845] (-) TimerEvent: {}
[2.442700] (-) TimerEvent: {}
[2.543516] (-) TimerEvent: {}
[2.644343] (-) TimerEvent: {}
[2.745135] (-) TimerEvent: {}
[2.845894] (-) TimerEvent: {}
[2.947794] (-) TimerEvent: {}
[3.051901] (-) TimerEvent: {}
[3.155810] (-) TimerEvent: {}
[3.259784] (-) TimerEvent: {}
[3.299861] (mimi_head) StdoutLine: {'line': b'running egg_info\n'}
[3.304301] (mimi_head) StdoutLine: {'line': b'writing mimi_head.egg-info/PKG-INFO\n'}
[3.305969] (mimi_head) StdoutLine: {'line': b'writing dependency_links to mimi_head.egg-info/dependency_links.txt\n'}
[3.308168] (mimi_head) StdoutLine: {'line': b'writing top-level names to mimi_head.egg-info/top_level.txt\n'}
[3.323014] (mimi_head) StdoutLine: {'line': b"reading manifest file 'mimi_head.egg-info/SOURCES.txt'\n"}
[3.326519] (mimi_head) StdoutLine: {'line': b"writing manifest file 'mimi_head.egg-info/SOURCES.txt'\n"}
[3.360071] (-) TimerEvent: {}
[3.461390] (-) TimerEvent: {}
[3.473675] (mimi_head) StdoutLine: {'line': b'[ 97%] Built target ament_cmake_python_build_mimi_head_egg\n'}
[3.539515] (mimi_head) StderrLine: {'line': b'\x1b[01m\x1b[K/home/mimi/mimi_ros2_ws/src/mimi_head/src/mimi_camera.cpp:10:10:\x1b[m\x1b[K \x1b[01;31m\x1b[Kfatal error: \x1b[m\x1b[Kmimi_head/msg/angle.hpp: No such file or directory\n'}
[3.540337] (mimi_head) StderrLine: {'line': b'   10 | #include \x1b[01;31m\x1b[K"mimi_head/msg/angle.hpp"\x1b[m\x1b[K\n'}
[3.540789] (mimi_head) StderrLine: {'line': b'      |          \x1b[01;31m\x1b[K^~~~~~~~~~~~~~~~~~~~~~~~~\x1b[m\x1b[K\n'}
[3.541212] (mimi_head) StderrLine: {'line': b'compilation terminated.\n'}
[3.556676] (mimi_head) StderrLine: {'line': b'gmake[2]: *** [CMakeFiles/mimi_camera.dir/build.make:76: CMakeFiles/mimi_camera.dir/src/mimi_camera.cpp.o] Error 1\n'}
[3.557823] (mimi_head) StderrLine: {'line': b'gmake[1]: *** [CMakeFiles/Makefile2:184: CMakeFiles/mimi_camera.dir/all] Error 2\n'}
[3.559228] (mimi_head) StderrLine: {'line': b'gmake: *** [Makefile:146: all] Error 2\n'}
[3.561570] (-) TimerEvent: {}
[3.565953] (mimi_head) CommandEnded: {'returncode': 2}
[3.661799] (-) TimerEvent: {}
[3.762742] (-) TimerEvent: {}
[3.864015] (-) TimerEvent: {}
[3.964945] (-) TimerEvent: {}
[4.021867] (mimi_head) JobEnded: {'identifier': 'mimi_head', 'rc': 2}
[4.033482] (-) EventReactorShutdown: {}
