[0.000000] (-) TimerEvent: {}
[0.001173] (mimi_head) JobQueued: {'identifier': 'mimi_head', 'dependencies': OrderedDict()}
[0.002583] (mimi_head) JobStarted: {'identifier': 'mimi_head'}
[0.056598] (mimi_head) JobProgress: {'identifier': 'mimi_head', 'progress': 'cmake'}
[0.060138] (mimi_head) JobProgress: {'identifier': 'mimi_head', 'progress': 'build'}
[0.063108] (mimi_head) Command: {'cmd': ['/usr/bin/cmake', '--build', '/home/mimi/mimi_ros2_ws/build/mimi_head', '--', '-j4', '-l4'], 'cwd': '/home/mimi/mimi_ros2_ws/build/mimi_head', 'env': OrderedDict([('LESSOPEN', '| /usr/bin/lesspipe %s'), ('USER', 'mimi'), ('SSH_CLIENT', '192.168.1.102 53492 22'), ('LC_TIME', 'th_TH.UTF-8'), ('XDG_SESSION_TYPE', 'tty'), ('GIT_ASKPASS', '/home/mimi/.vscode-server/bin/252e5463d60e63238250799aef7375787f68b4ee/extensions/git/dist/askpass.sh'), ('SHLVL', '0'), ('LD_LIBRARY_PATH', '/opt/ros/humble/opt/rviz_ogre_vendor/lib:/opt/ros/humble/lib/aarch64-linux-gnu:/opt/ros/humble/lib'), ('BROWSER', '/home/mimi/.vscode-server/bin/252e5463d60e63238250799aef7375787f68b4ee/bin/helpers/browser.sh'), ('MOTD_SHOWN', 'pam'), ('HOME', '/home/mimi'), ('TERM_PROGRAM_VERSION', '1.78.0'), ('VSCODE_IPC_HOOK_CLI', '/run/user/1000/vscode-ipc-d1fb3985-7373-4bdb-8007-71143c6ed5db.sock'), ('ROS_PYTHON_VERSION', '3'), ('VSCODE_GIT_ASKPASS_MAIN', '/home/mimi/.vscode-server/bin/252e5463d60e63238250799aef7375787f68b4ee/extensions/git/dist/askpass-main.js'), ('LC_MONETARY', 'th_TH.UTF-8'), ('VSCODE_GIT_ASKPASS_NODE', '/home/mimi/.vscode-server/bin/252e5463d60e63238250799aef7375787f68b4ee/node'), ('DBUS_SESSION_BUS_ADDRESS', 'unix:path=/run/user/1000/bus'), ('COLORTERM', 'truecolor'), ('ROS_DISTRO', 'humble'), ('LOGNAME', 'mimi'), ('_', '/usr/bin/colcon'), ('ROS_VERSION', '2'), ('XDG_SESSION_CLASS', 'user'), ('TERM', 'xterm-256color'), ('XDG_SESSION_ID', '2'), ('ROS_LOCALHOST_ONLY', '0'), ('PATH', '/home/mimi/.vscode-server/bin/252e5463d60e63238250799aef7375787f68b4ee/bin/remote-cli:/home/mimi/.local/bin:/opt/ros/humble/bin:/usr/local/sbin:/usr/local/bin:/usr/sbin:/usr/bin:/sbin:/bin:/usr/games:/usr/local/games:/snap/bin'), ('LC_ADDRESS', 'th_TH.UTF-8'), ('XDG_RUNTIME_DIR', '/run/user/1000'), ('LANG', 'en_US.UTF-8'), ('LC_TELEPHONE', 'th_TH.UTF-8'), ('LS_COLORS', ''), ('VSCODE_GIT_IPC_HANDLE', '/run/user/1000/vscode-git-bb3d78543e.sock'), ('TERM_PROGRAM', 'vscode'), ('AMENT_PREFIX_PATH', '/opt/ros/humble'), ('SHELL', '/bin/bash'), ('LC_NAME', 'th_TH.UTF-8'), ('LESSCLOSE', '/usr/bin/lesspipe %s %s'), ('LC_MEASUREMENT', 'th_TH.UTF-8'), ('LC_IDENTIFICATION', 'th_TH.UTF-8'), ('VSCODE_GIT_ASKPASS_EXTRA_ARGS', ''), ('PWD', '/home/mimi/mimi_ros2_ws/build/mimi_head'), ('SSH_CONNECTION', '192.168.1.102 53492 192.168.1.100 22'), ('XDG_DATA_DIRS', '/usr/share/gnome:/usr/local/share:/usr/share:/var/lib/snapd/desktop'), ('PYTHONPATH', '/opt/ros/humble/lib/python3.10/site-packages:/opt/ros/humble/local/lib/python3.10/dist-packages'), ('LC_NUMERIC', 'th_TH.UTF-8'), ('LC_PAPER', 'th_TH.UTF-8'), ('COLCON', '1'), ('CMAKE_PREFIX_PATH', '/opt/ros/humble')]), 'shell': False}
[0.099061] (-) TimerEvent: {}
[0.201392] (-) TimerEvent: {}
[0.302218] (mimi_head) StdoutLine: {'line': b'\x1b[35m\x1b[1mConsolidate compiler generated dependencies of target mimi_camera\x1b[0m\n'}
[0.314605] (-) TimerEvent: {}
[0.402652] (mimi_head) StdoutLine: {'line': b'[ 50%] \x1b[32mBuilding CXX object CMakeFiles/mimi_camera.dir/src/mimi_camera.cpp.o\x1b[0m\n'}
[0.414835] (-) TimerEvent: {}
[0.515877] (-) TimerEvent: {}
[0.616724] (-) TimerEvent: {}
[0.717636] (-) TimerEvent: {}
[0.818435] (-) TimerEvent: {}
[0.919263] (-) TimerEvent: {}
[1.020158] (-) TimerEvent: {}
[1.121151] (-) TimerEvent: {}
[1.222062] (-) TimerEvent: {}
[1.322971] (-) TimerEvent: {}
[1.423802] (-) TimerEvent: {}
[1.524560] (-) TimerEvent: {}
[1.625334] (-) TimerEvent: {}
[1.726178] (-) TimerEvent: {}
[1.827019] (-) TimerEvent: {}
[1.927791] (-) TimerEvent: {}
[2.028598] (-) TimerEvent: {}
[2.129598] (-) TimerEvent: {}
[2.230528] (-) TimerEvent: {}
[2.331628] (-) TimerEvent: {}
[2.432555] (-) TimerEvent: {}
[2.533575] (-) TimerEvent: {}
[2.634554] (-) TimerEvent: {}
[2.735552] (-) TimerEvent: {}
[2.836389] (-) TimerEvent: {}
[2.937305] (-) TimerEvent: {}
[3.038297] (-) TimerEvent: {}
[3.139400] (-) TimerEvent: {}
[3.240350] (-) TimerEvent: {}
[3.341281] (-) TimerEvent: {}
[3.442164] (-) TimerEvent: {}
[3.543072] (-) TimerEvent: {}
[3.643989] (-) TimerEvent: {}
[3.744897] (-) TimerEvent: {}
[3.845837] (-) TimerEvent: {}
[3.946788] (-) TimerEvent: {}
[4.047744] (-) TimerEvent: {}
[4.148672] (-) TimerEvent: {}
[4.249582] (-) TimerEvent: {}
[4.350530] (-) TimerEvent: {}
[4.451489] (-) TimerEvent: {}
[4.552406] (-) TimerEvent: {}
[4.653401] (-) TimerEvent: {}
[4.754383] (-) TimerEvent: {}
[4.855628] (-) TimerEvent: {}
[4.956521] (-) TimerEvent: {}
[5.057556] (-) TimerEvent: {}
[5.158482] (-) TimerEvent: {}
[5.259396] (-) TimerEvent: {}
[5.360217] (-) TimerEvent: {}
[5.461146] (-) TimerEvent: {}
[5.562047] (-) TimerEvent: {}
[5.663042] (-) TimerEvent: {}
[5.763981] (-) TimerEvent: {}
[5.864952] (-) TimerEvent: {}
[5.965965] (-) TimerEvent: {}
[6.066978] (-) TimerEvent: {}
[6.167908] (-) TimerEvent: {}
[6.268959] (-) TimerEvent: {}
[6.369970] (-) TimerEvent: {}
[6.471045] (-) TimerEvent: {}
[6.571937] (-) TimerEvent: {}
[6.672868] (-) TimerEvent: {}
[6.773830] (-) TimerEvent: {}
[6.874735] (-) TimerEvent: {}
[6.975838] (-) TimerEvent: {}
[7.076937] (-) TimerEvent: {}
[7.178026] (-) TimerEvent: {}
[7.279050] (-) TimerEvent: {}
[7.379952] (-) TimerEvent: {}
[7.480864] (-) TimerEvent: {}
[7.581916] (-) TimerEvent: {}
[7.682982] (-) TimerEvent: {}
[7.783879] (-) TimerEvent: {}
[7.884726] (-) TimerEvent: {}
[7.985667] (-) TimerEvent: {}
[8.086511] (-) TimerEvent: {}
[8.187433] (-) TimerEvent: {}
[8.288430] (-) TimerEvent: {}
[8.389495] (-) TimerEvent: {}
[8.490365] (-) TimerEvent: {}
[8.591243] (-) TimerEvent: {}
[8.692084] (-) TimerEvent: {}
[8.792958] (-) TimerEvent: {}
[8.893837] (-) TimerEvent: {}
[8.994744] (-) TimerEvent: {}
[9.095639] (-) TimerEvent: {}
[9.196464] (-) TimerEvent: {}
[9.297321] (-) TimerEvent: {}
[9.398180] (-) TimerEvent: {}
[9.499219] (-) TimerEvent: {}
[9.600029] (-) TimerEvent: {}
[9.700869] (-) TimerEvent: {}
[9.801834] (-) TimerEvent: {}
[9.902806] (-) TimerEvent: {}
[10.003700] (-) TimerEvent: {}
[10.104566] (-) TimerEvent: {}
[10.205442] (-) TimerEvent: {}
[10.306297] (-) TimerEvent: {}
[10.407188] (-) TimerEvent: {}
[10.508019] (-) TimerEvent: {}
[10.608851] (-) TimerEvent: {}
[10.709738] (-) TimerEvent: {}
[10.810720] (-) TimerEvent: {}
[10.911649] (-) TimerEvent: {}
[11.012485] (-) TimerEvent: {}
[11.113422] (-) TimerEvent: {}
[11.214324] (-) TimerEvent: {}
[11.315205] (-) TimerEvent: {}
[11.415962] (-) TimerEvent: {}
[11.516792] (-) TimerEvent: {}
[11.617750] (-) TimerEvent: {}
[11.718594] (-) TimerEvent: {}
[11.819480] (-) TimerEvent: {}
[11.920317] (-) TimerEvent: {}
[12.021393] (-) TimerEvent: {}
[12.122438] (-) TimerEvent: {}
[12.223477] (-) TimerEvent: {}
[12.324376] (-) TimerEvent: {}
[12.425206] (-) TimerEvent: {}
[12.526086] (-) TimerEvent: {}
[12.626976] (-) TimerEvent: {}
[12.727861] (-) TimerEvent: {}
[12.828744] (-) TimerEvent: {}
[12.929555] (-) TimerEvent: {}
[13.030395] (-) TimerEvent: {}
[13.131291] (-) TimerEvent: {}
[13.232254] (-) TimerEvent: {}
[13.333181] (-) TimerEvent: {}
[13.434016] (-) TimerEvent: {}
[13.534835] (-) TimerEvent: {}
[13.635771] (-) TimerEvent: {}
[13.736607] (-) TimerEvent: {}
[13.837440] (-) TimerEvent: {}
[13.938271] (-) TimerEvent: {}
[14.039112] (-) TimerEvent: {}
[14.140058] (-) TimerEvent: {}
[14.240958] (-) TimerEvent: {}
[14.341789] (-) TimerEvent: {}
[14.442661] (-) TimerEvent: {}
[14.543662] (-) TimerEvent: {}
[14.644746] (-) TimerEvent: {}
[14.745660] (-) TimerEvent: {}
[14.846535] (-) TimerEvent: {}
[14.947424] (-) TimerEvent: {}
[15.048234] (-) TimerEvent: {}
[15.149068] (-) TimerEvent: {}
[15.249959] (-) TimerEvent: {}
[15.350954] (-) TimerEvent: {}
[15.451852] (-) TimerEvent: {}
[15.552684] (-) TimerEvent: {}
[15.653620] (-) TimerEvent: {}
[15.754477] (-) TimerEvent: {}
[15.855450] (-) TimerEvent: {}
[15.956381] (-) TimerEvent: {}
[16.057258] (-) TimerEvent: {}
[16.158102] (-) TimerEvent: {}
[16.259017] (-) TimerEvent: {}
[16.359866] (-) TimerEvent: {}
[16.460765] (-) TimerEvent: {}
[16.561640] (-) TimerEvent: {}
[16.662469] (-) TimerEvent: {}
[16.763356] (-) TimerEvent: {}
[16.864196] (-) TimerEvent: {}
[16.965227] (-) TimerEvent: {}
[17.066099] (-) TimerEvent: {}
[17.167023] (-) TimerEvent: {}
[17.267972] (-) TimerEvent: {}
[17.368863] (-) TimerEvent: {}
[17.469736] (-) TimerEvent: {}
[17.570539] (-) TimerEvent: {}
[17.671401] (-) TimerEvent: {}
[17.772248] (-) TimerEvent: {}
[17.873111] (-) TimerEvent: {}
[17.974120] (-) TimerEvent: {}
[18.075170] (-) TimerEvent: {}
[18.176510] (-) TimerEvent: {}
[18.277481] (-) TimerEvent: {}
[18.378440] (-) TimerEvent: {}
[18.479398] (-) TimerEvent: {}
[18.580229] (-) TimerEvent: {}
[18.681096] (-) TimerEvent: {}
[18.781935] (-) TimerEvent: {}
[18.882725] (-) TimerEvent: {}
[18.983600] (-) TimerEvent: {}
[19.084507] (-) TimerEvent: {}
[19.185494] (-) TimerEvent: {}
[19.286691] (-) TimerEvent: {}
[19.387659] (-) TimerEvent: {}
[19.488527] (-) TimerEvent: {}
[19.589369] (-) TimerEvent: {}
[19.690232] (-) TimerEvent: {}
[19.791084] (-) TimerEvent: {}
[19.891880] (-) TimerEvent: {}
[19.992685] (-) TimerEvent: {}
[20.093525] (-) TimerEvent: {}
[20.194355] (-) TimerEvent: {}
[20.295303] (-) TimerEvent: {}
[20.396110] (-) TimerEvent: {}
[20.496945] (-) TimerEvent: {}
[20.597774] (-) TimerEvent: {}
[20.698728] (-) TimerEvent: {}
[20.799575] (-) TimerEvent: {}
[20.900396] (-) TimerEvent: {}
[21.001246] (-) TimerEvent: {}
[21.102221] (-) TimerEvent: {}
[21.203252] (-) TimerEvent: {}
[21.304050] (-) TimerEvent: {}
[21.404891] (-) TimerEvent: {}
[21.505768] (-) TimerEvent: {}
[21.606584] (-) TimerEvent: {}
[21.707473] (-) TimerEvent: {}
[21.808296] (-) TimerEvent: {}
[21.909186] (-) TimerEvent: {}
[22.010091] (-) TimerEvent: {}
[22.110972] (-) TimerEvent: {}
[22.211960] (-) TimerEvent: {}
[22.313359] (-) TimerEvent: {}
[22.414596] (-) TimerEvent: {}
[22.515555] (-) TimerEvent: {}
[22.616929] (-) TimerEvent: {}
[22.718656] (-) TimerEvent: {}
[22.762041] (mimi_head) StdoutLine: {'line': b'[100%] \x1b[32m\x1b[1mLinking CXX executable mimi_camera\x1b[0m\n'}
[22.818852] (-) TimerEvent: {}
[22.919702] (-) TimerEvent: {}
[23.021028] (-) TimerEvent: {}
[23.122192] (-) TimerEvent: {}
[23.223342] (-) TimerEvent: {}
[23.325189] (-) TimerEvent: {}
[23.426459] (-) TimerEvent: {}
[23.527793] (-) TimerEvent: {}
[23.628710] (-) TimerEvent: {}
[23.729595] (-) TimerEvent: {}
[23.830553] (-) TimerEvent: {}
[23.931439] (-) TimerEvent: {}
[24.032357] (-) TimerEvent: {}
[24.133220] (-) TimerEvent: {}
[24.234083] (-) TimerEvent: {}
[24.335027] (-) TimerEvent: {}
[24.435822] (-) TimerEvent: {}
[24.536724] (-) TimerEvent: {}
[24.637460] (-) TimerEvent: {}
[24.738266] (-) TimerEvent: {}
[24.839183] (-) TimerEvent: {}
[24.940117] (-) TimerEvent: {}
[25.041047] (-) TimerEvent: {}
[25.142167] (-) TimerEvent: {}
[25.243258] (-) TimerEvent: {}
[25.344078] (-) TimerEvent: {}
[25.412316] (mimi_head) StdoutLine: {'line': b'[100%] Built target mimi_camera\n'}
[25.444316] (-) TimerEvent: {}
[25.452531] (mimi_head) CommandEnded: {'returncode': 0}
[25.544452] (-) TimerEvent: {}
[25.572262] (mimi_head) JobProgress: {'identifier': 'mimi_head', 'progress': 'install'}
[25.607844] (mimi_head) Command: {'cmd': ['/usr/bin/cmake', '--install', '/home/mimi/mimi_ros2_ws/build/mimi_head'], 'cwd': '/home/mimi/mimi_ros2_ws/build/mimi_head', 'env': OrderedDict([('LESSOPEN', '| /usr/bin/lesspipe %s'), ('USER', 'mimi'), ('SSH_CLIENT', '192.168.1.102 53492 22'), ('LC_TIME', 'th_TH.UTF-8'), ('XDG_SESSION_TYPE', 'tty'), ('GIT_ASKPASS', '/home/mimi/.vscode-server/bin/252e5463d60e63238250799aef7375787f68b4ee/extensions/git/dist/askpass.sh'), ('SHLVL', '0'), ('LD_LIBRARY_PATH', '/opt/ros/humble/opt/rviz_ogre_vendor/lib:/opt/ros/humble/lib/aarch64-linux-gnu:/opt/ros/humble/lib'), ('BROWSER', '/home/mimi/.vscode-server/bin/252e5463d60e63238250799aef7375787f68b4ee/bin/helpers/browser.sh'), ('MOTD_SHOWN', 'pam'), ('HOME', '/home/mimi'), ('TERM_PROGRAM_VERSION', '1.78.0'), ('VSCODE_IPC_HOOK_CLI', '/run/user/1000/vscode-ipc-d1fb3985-7373-4bdb-8007-71143c6ed5db.sock'), ('ROS_PYTHON_VERSION', '3'), ('VSCODE_GIT_ASKPASS_MAIN', '/home/mimi/.vscode-server/bin/252e5463d60e63238250799aef7375787f68b4ee/extensions/git/dist/askpass-main.js'), ('LC_MONETARY', 'th_TH.UTF-8'), ('VSCODE_GIT_ASKPASS_NODE', '/home/mimi/.vscode-server/bin/252e5463d60e63238250799aef7375787f68b4ee/node'), ('DBUS_SESSION_BUS_ADDRESS', 'unix:path=/run/user/1000/bus'), ('COLORTERM', 'truecolor'), ('ROS_DISTRO', 'humble'), ('LOGNAME', 'mimi'), ('_', '/usr/bin/colcon'), ('ROS_VERSION', '2'), ('XDG_SESSION_CLASS', 'user'), ('TERM', 'xterm-256color'), ('XDG_SESSION_ID', '2'), ('ROS_LOCALHOST_ONLY', '0'), ('PATH', '/home/mimi/.vscode-server/bin/252e5463d60e63238250799aef7375787f68b4ee/bin/remote-cli:/home/mimi/.local/bin:/opt/ros/humble/bin:/usr/local/sbin:/usr/local/bin:/usr/sbin:/usr/bin:/sbin:/bin:/usr/games:/usr/local/games:/snap/bin'), ('LC_ADDRESS', 'th_TH.UTF-8'), ('XDG_RUNTIME_DIR', '/run/user/1000'), ('LANG', 'en_US.UTF-8'), ('LC_TELEPHONE', 'th_TH.UTF-8'), ('LS_COLORS', ''), ('VSCODE_GIT_IPC_HANDLE', '/run/user/1000/vscode-git-bb3d78543e.sock'), ('TERM_PROGRAM', 'vscode'), ('AMENT_PREFIX_PATH', '/opt/ros/humble'), ('SHELL', '/bin/bash'), ('LC_NAME', 'th_TH.UTF-8'), ('LESSCLOSE', '/usr/bin/lesspipe %s %s'), ('LC_MEASUREMENT', 'th_TH.UTF-8'), ('LC_IDENTIFICATION', 'th_TH.UTF-8'), ('VSCODE_GIT_ASKPASS_EXTRA_ARGS', ''), ('PWD', '/home/mimi/mimi_ros2_ws/build/mimi_head'), ('SSH_CONNECTION', '192.168.1.102 53492 192.168.1.100 22'), ('XDG_DATA_DIRS', '/usr/share/gnome:/usr/local/share:/usr/share:/var/lib/snapd/desktop'), ('PYTHONPATH', '/opt/ros/humble/lib/python3.10/site-packages:/opt/ros/humble/local/lib/python3.10/dist-packages'), ('LC_NUMERIC', 'th_TH.UTF-8'), ('LC_PAPER', 'th_TH.UTF-8'), ('COLCON', '1'), ('CMAKE_PREFIX_PATH', '/opt/ros/humble')]), 'shell': False}
[25.642986] (mimi_head) StdoutLine: {'line': b'-- Install configuration: ""\n'}
[25.644555] (mimi_head) StdoutLine: {'line': b'-- Execute custom install script\n'}
[25.645193] (-) TimerEvent: {}
[25.646571] (mimi_head) StdoutLine: {'line': b'-- Up-to-date symlink: /home/mimi/mimi_ros2_ws/install/mimi_head/lib/mimi_head/mimi_camera\n'}
[25.647989] (mimi_head) StdoutLine: {'line': b'-- Up-to-date symlink: /home/mimi/mimi_ros2_ws/install/mimi_head/share/ament_index/resource_index/package_run_dependencies/mimi_head\n'}
[25.649385] (mimi_head) StdoutLine: {'line': b'-- Up-to-date symlink: /home/mimi/mimi_ros2_ws/install/mimi_head/share/ament_index/resource_index/parent_prefix_path/mimi_head\n'}
[25.653701] (mimi_head) StdoutLine: {'line': b'-- Up-to-date symlink: /home/mimi/mimi_ros2_ws/install/mimi_head/share/mimi_head/environment/ament_prefix_path.sh\n'}
[25.654632] (mimi_head) StdoutLine: {'line': b'-- Up-to-date symlink: /home/mimi/mimi_ros2_ws/install/mimi_head/share/mimi_head/environment/ament_prefix_path.dsv\n'}
[25.655626] (mimi_head) StdoutLine: {'line': b'-- Up-to-date symlink: /home/mimi/mimi_ros2_ws/install/mimi_head/share/mimi_head/environment/path.sh\n'}
[25.656528] (mimi_head) StdoutLine: {'line': b'-- Up-to-date symlink: /home/mimi/mimi_ros2_ws/install/mimi_head/share/mimi_head/environment/path.dsv\n'}
[25.657400] (mimi_head) StdoutLine: {'line': b'-- Up-to-date symlink: /home/mimi/mimi_ros2_ws/install/mimi_head/share/mimi_head/local_setup.bash\n'}
[25.658278] (mimi_head) StdoutLine: {'line': b'-- Up-to-date symlink: /home/mimi/mimi_ros2_ws/install/mimi_head/share/mimi_head/local_setup.sh\n'}
[25.659214] (mimi_head) StdoutLine: {'line': b'-- Up-to-date symlink: /home/mimi/mimi_ros2_ws/install/mimi_head/share/mimi_head/local_setup.zsh\n'}
[25.660145] (mimi_head) StdoutLine: {'line': b'-- Up-to-date symlink: /home/mimi/mimi_ros2_ws/install/mimi_head/share/mimi_head/local_setup.dsv\n'}
[25.660737] (mimi_head) StdoutLine: {'line': b'-- Symlinking: /home/mimi/mimi_ros2_ws/install/mimi_head/share/mimi_head/package.dsv\n'}
[25.695889] (mimi_head) StdoutLine: {'line': b'-- Up-to-date symlink: /home/mimi/mimi_ros2_ws/install/mimi_head/share/ament_index/resource_index/packages/mimi_head\n'}
[25.697036] (mimi_head) StdoutLine: {'line': b'-- Up-to-date symlink: /home/mimi/mimi_ros2_ws/install/mimi_head/share/mimi_head/cmake/mimi_headConfig.cmake\n'}
[25.698080] (mimi_head) StdoutLine: {'line': b'-- Up-to-date symlink: /home/mimi/mimi_ros2_ws/install/mimi_head/share/mimi_head/cmake/mimi_headConfig-version.cmake\n'}
[25.699194] (mimi_head) StdoutLine: {'line': b'-- Up-to-date symlink: /home/mimi/mimi_ros2_ws/install/mimi_head/share/mimi_head/package.xml\n'}
[25.705148] (mimi_head) CommandEnded: {'returncode': 0}
[25.746320] (-) TimerEvent: {}
[25.847028] (-) TimerEvent: {}
[25.953085] (-) TimerEvent: {}
[25.975851] (mimi_head) JobEnded: {'identifier': 'mimi_head', 'rc': 0}
[25.982067] (-) EventReactorShutdown: {}
