[1.501s] DEBUG:colcon:Command line arguments: ['/usr/bin/colcon', 'build', '--symlink-install']
[1.502s] DEBUG:colcon:Parsed command line arguments: Namespace(log_base=None, log_level=None, verb_name='build', build_base='build', install_base='install', merge_install=False, symlink_install=True, test_result_base=None, continue_on_error=False, executor='parallel', parallel_workers=4, event_handlers=None, ignore_user_meta=False, metas=['./colcon.meta'], base_paths=['.'], packages_ignore=None, packages_ignore_regex=None, paths=None, packages_up_to=None, packages_up_to_regex=None, packages_above=None, packages_above_and_dependencies=None, packages_above_depth=None, packages_select_by_dep=None, packages_skip_by_dep=None, packages_skip_up_to=None, packages_select_build_failed=False, packages_skip_build_finished=False, packages_select_test_failures=False, packages_skip_test_passed=False, packages_select=None, packages_skip=None, packages_select_regex=None, packages_skip_regex=None, packages_start=None, packages_end=None, allow_overriding=[], cmake_args=None, cmake_target=None, cmake_target_skip_unavailable=False, cmake_clean_cache=False, cmake_clean_first=False, cmake_force_configure=False, ament_cmake_args=None, catkin_cmake_args=None, catkin_skip_building_tests=False, verb_parser=<colcon_defaults.argument_parser.defaults.DefaultArgumentsDecorator object at 0xffff7f398250>, verb_extension=<colcon_core.verb.build.BuildVerb object at 0xffff7fb94790>, main=<bound method BuildVerb.main of <colcon_core.verb.build.BuildVerb object at 0xffff7fb94790>>)
[1.658s] Level 1:colcon.colcon_core.package_discovery:discover_packages(colcon_meta) check parameters
[1.658s] Level 1:colcon.colcon_core.package_discovery:discover_packages(recursive) check parameters
[1.659s] Level 1:colcon.colcon_core.package_discovery:discover_packages(ignore) check parameters
[1.659s] Level 1:colcon.colcon_core.package_discovery:discover_packages(path) check parameters
[1.659s] Level 1:colcon.colcon_core.package_discovery:discover_packages(colcon_meta) discover
[1.659s] Level 1:colcon.colcon_core.package_discovery:discover_packages(recursive) discover
[1.660s] INFO:colcon.colcon_core.package_discovery:Crawling recursively for packages in '/home/mimi/mimi_ros2_ws'
[1.660s] Level 1:colcon.colcon_core.package_identification:_identify(.) by extensions ['ignore', 'ignore_ament_install']
[1.661s] Level 1:colcon.colcon_core.package_identification:_identify(.) by extension 'ignore'
[1.662s] Level 1:colcon.colcon_core.package_identification:_identify(.) by extension 'ignore_ament_install'
[1.662s] Level 1:colcon.colcon_core.package_identification:_identify(.) by extensions ['colcon_pkg']
[1.662s] Level 1:colcon.colcon_core.package_identification:_identify(.) by extension 'colcon_pkg'
[1.663s] Level 1:colcon.colcon_core.package_identification:_identify(.) by extensions ['colcon_meta']
[1.663s] Level 1:colcon.colcon_core.package_identification:_identify(.) by extension 'colcon_meta'
[1.663s] Level 1:colcon.colcon_core.package_identification:_identify(.) by extensions ['ros']
[1.663s] Level 1:colcon.colcon_core.package_identification:_identify(.) by extension 'ros'
[1.730s] Level 1:colcon.colcon_core.package_identification:_identify(.) by extensions ['cmake', 'python']
[1.731s] Level 1:colcon.colcon_core.package_identification:_identify(.) by extension 'cmake'
[1.731s] Level 1:colcon.colcon_core.package_identification:_identify(.) by extension 'python'
[1.731s] Level 1:colcon.colcon_core.package_identification:_identify(.) by extensions ['python_setup_py']
[1.731s] Level 1:colcon.colcon_core.package_identification:_identify(.) by extension 'python_setup_py'
[1.732s] Level 1:colcon.colcon_core.package_identification:_identify(build) by extensions ['ignore', 'ignore_ament_install']
[1.733s] Level 1:colcon.colcon_core.package_identification:_identify(build) by extension 'ignore'
[1.733s] Level 1:colcon.colcon_core.package_identification:_identify(build) ignored
[1.734s] Level 1:colcon.colcon_core.package_identification:_identify(detect) by extensions ['ignore', 'ignore_ament_install']
[1.735s] Level 1:colcon.colcon_core.package_identification:_identify(detect) by extension 'ignore'
[1.735s] Level 1:colcon.colcon_core.package_identification:_identify(detect) by extension 'ignore_ament_install'
[1.735s] Level 1:colcon.colcon_core.package_identification:_identify(detect) by extensions ['colcon_pkg']
[1.736s] Level 1:colcon.colcon_core.package_identification:_identify(detect) by extension 'colcon_pkg'
[1.736s] Level 1:colcon.colcon_core.package_identification:_identify(detect) by extensions ['colcon_meta']
[1.736s] Level 1:colcon.colcon_core.package_identification:_identify(detect) by extension 'colcon_meta'
[1.736s] Level 1:colcon.colcon_core.package_identification:_identify(detect) by extensions ['ros']
[1.736s] Level 1:colcon.colcon_core.package_identification:_identify(detect) by extension 'ros'
[1.737s] Level 1:colcon.colcon_core.package_identification:_identify(detect) by extensions ['cmake', 'python']
[1.737s] Level 1:colcon.colcon_core.package_identification:_identify(detect) by extension 'cmake'
[1.737s] Level 1:colcon.colcon_core.package_identification:_identify(detect) by extension 'python'
[1.737s] Level 1:colcon.colcon_core.package_identification:_identify(detect) by extensions ['python_setup_py']
[1.737s] Level 1:colcon.colcon_core.package_identification:_identify(detect) by extension 'python_setup_py'
[1.738s] Level 1:colcon.colcon_core.package_identification:_identify(install) by extensions ['ignore', 'ignore_ament_install']
[1.738s] Level 1:colcon.colcon_core.package_identification:_identify(install) by extension 'ignore'
[1.738s] Level 1:colcon.colcon_core.package_identification:_identify(install) ignored
[1.740s] Level 1:colcon.colcon_core.package_identification:_identify(log) by extensions ['ignore', 'ignore_ament_install']
[1.740s] Level 1:colcon.colcon_core.package_identification:_identify(log) by extension 'ignore'
[1.741s] Level 1:colcon.colcon_core.package_identification:_identify(log) ignored
[1.741s] Level 1:colcon.colcon_core.package_identification:_identify(src) by extensions ['ignore', 'ignore_ament_install']
[1.741s] Level 1:colcon.colcon_core.package_identification:_identify(src) by extension 'ignore'
[1.742s] Level 1:colcon.colcon_core.package_identification:_identify(src) by extension 'ignore_ament_install'
[1.742s] Level 1:colcon.colcon_core.package_identification:_identify(src) by extensions ['colcon_pkg']
[1.742s] Level 1:colcon.colcon_core.package_identification:_identify(src) by extension 'colcon_pkg'
[1.742s] Level 1:colcon.colcon_core.package_identification:_identify(src) by extensions ['colcon_meta']
[1.742s] Level 1:colcon.colcon_core.package_identification:_identify(src) by extension 'colcon_meta'
[1.743s] Level 1:colcon.colcon_core.package_identification:_identify(src) by extensions ['ros']
[1.743s] Level 1:colcon.colcon_core.package_identification:_identify(src) by extension 'ros'
[1.743s] Level 1:colcon.colcon_core.package_identification:_identify(src) by extensions ['cmake', 'python']
[1.743s] Level 1:colcon.colcon_core.package_identification:_identify(src) by extension 'cmake'
[1.743s] Level 1:colcon.colcon_core.package_identification:_identify(src) by extension 'python'
[1.744s] Level 1:colcon.colcon_core.package_identification:_identify(src) by extensions ['python_setup_py']
[1.744s] Level 1:colcon.colcon_core.package_identification:_identify(src) by extension 'python_setup_py'
[1.744s] Level 1:colcon.colcon_core.package_identification:_identify(src/mimi_head) by extensions ['ignore', 'ignore_ament_install']
[1.745s] Level 1:colcon.colcon_core.package_identification:_identify(src/mimi_head) by extension 'ignore'
[1.745s] Level 1:colcon.colcon_core.package_identification:_identify(src/mimi_head) by extension 'ignore_ament_install'
[1.745s] Level 1:colcon.colcon_core.package_identification:_identify(src/mimi_head) by extensions ['colcon_pkg']
[1.745s] Level 1:colcon.colcon_core.package_identification:_identify(src/mimi_head) by extension 'colcon_pkg'
[1.746s] Level 1:colcon.colcon_core.package_identification:_identify(src/mimi_head) by extensions ['colcon_meta']
[1.746s] Level 1:colcon.colcon_core.package_identification:_identify(src/mimi_head) by extension 'colcon_meta'
[1.746s] Level 1:colcon.colcon_core.package_identification:_identify(src/mimi_head) by extensions ['ros']
[1.746s] Level 1:colcon.colcon_core.package_identification:_identify(src/mimi_head) by extension 'ros'
[1.757s] DEBUG:colcon.colcon_core.package_identification:Package 'src/mimi_head' with type 'ros.ament_cmake' and name 'mimi_head'
[1.757s] Level 1:colcon.colcon_core.package_discovery:discover_packages(recursive) using defaults
[1.757s] Level 1:colcon.colcon_core.package_discovery:discover_packages(ignore) discover
[1.757s] Level 1:colcon.colcon_core.package_discovery:discover_packages(ignore) using defaults
[1.757s] Level 1:colcon.colcon_core.package_discovery:discover_packages(path) discover
[1.757s] Level 1:colcon.colcon_core.package_discovery:discover_packages(path) using defaults
[1.853s] Level 1:colcon.colcon_core.package_discovery:discover_packages(prefix_path) check parameters
[1.854s] Level 1:colcon.colcon_core.package_discovery:discover_packages(prefix_path) discover
[1.875s] DEBUG:colcon.colcon_installed_package_information.package_discovery:Found 270 installed packages in /opt/ros/humble
[1.881s] Level 1:colcon.colcon_core.package_discovery:discover_packages(prefix_path) using defaults
[2.236s] Level 5:colcon.colcon_core.verb:set package 'mimi_head' build argument 'cmake_args' from command line to 'None'
[2.237s] Level 5:colcon.colcon_core.verb:set package 'mimi_head' build argument 'cmake_target' from command line to 'None'
[2.237s] Level 5:colcon.colcon_core.verb:set package 'mimi_head' build argument 'cmake_target_skip_unavailable' from command line to 'False'
[2.237s] Level 5:colcon.colcon_core.verb:set package 'mimi_head' build argument 'cmake_clean_cache' from command line to 'False'
[2.237s] Level 5:colcon.colcon_core.verb:set package 'mimi_head' build argument 'cmake_clean_first' from command line to 'False'
[2.237s] Level 5:colcon.colcon_core.verb:set package 'mimi_head' build argument 'cmake_force_configure' from command line to 'False'
[2.237s] Level 5:colcon.colcon_core.verb:set package 'mimi_head' build argument 'ament_cmake_args' from command line to 'None'
[2.237s] Level 5:colcon.colcon_core.verb:set package 'mimi_head' build argument 'catkin_cmake_args' from command line to 'None'
[2.237s] Level 5:colcon.colcon_core.verb:set package 'mimi_head' build argument 'catkin_skip_building_tests' from command line to 'False'
[2.238s] DEBUG:colcon.colcon_core.verb:Building package 'mimi_head' with the following arguments: {'ament_cmake_args': None, 'build_base': '/home/mimi/mimi_ros2_ws/build/mimi_head', 'catkin_cmake_args': None, 'catkin_skip_building_tests': False, 'cmake_args': None, 'cmake_clean_cache': False, 'cmake_clean_first': False, 'cmake_force_configure': False, 'cmake_target': None, 'cmake_target_skip_unavailable': False, 'install_base': '/home/mimi/mimi_ros2_ws/install/mimi_head', 'merge_install': False, 'path': '/home/mimi/mimi_ros2_ws/src/mimi_head', 'symlink_install': True, 'test_result_base': None}
[2.240s] INFO:colcon.colcon_core.executor:Executing jobs using 'parallel' executor
[2.254s] DEBUG:colcon.colcon_parallel_executor.executor.parallel:run_until_complete
[2.255s] INFO:colcon.colcon_ros.task.ament_cmake.build:Building ROS package in '/home/mimi/mimi_ros2_ws/src/mimi_head' with build type 'ament_cmake'
[2.256s] INFO:colcon.colcon_cmake.task.cmake.build:Building CMake package in '/home/mimi/mimi_ros2_ws/src/mimi_head'
[2.276s] INFO:colcon.colcon_core.plugin_system:Skipping extension 'colcon_core.shell.bat': Not used on non-Windows systems
[2.277s] INFO:colcon.colcon_core.shell:Skip shell extension 'powershell' for command environment: Not usable outside of PowerShell
[2.277s] DEBUG:colcon.colcon_core.shell:Skip shell extension 'dsv' for command environment
[2.318s] DEBUG:colcon.colcon_core.event_handler.log_command:Invoking command in '/home/mimi/mimi_ros2_ws/build/mimi_head': CMAKE_PREFIX_PATH=/opt/ros/humble /usr/bin/cmake --build /home/mimi/mimi_ros2_ws/build/mimi_head -- -j4 -l4
[29.410s] DEBUG:colcon.colcon_core.event_handler.log_command:Invoked command in '/home/mimi/mimi_ros2_ws/build/mimi_head' returned '0': CMAKE_PREFIX_PATH=/opt/ros/humble /usr/bin/cmake --build /home/mimi/mimi_ros2_ws/build/mimi_head -- -j4 -l4
[29.597s] DEBUG:colcon.colcon_core.event_handler.log_command:Invoking command in '/home/mimi/mimi_ros2_ws/build/mimi_head': CMAKE_PREFIX_PATH=/opt/ros/humble /usr/bin/cmake --install /home/mimi/mimi_ros2_ws/build/mimi_head
[29.701s] Level 1:colcon.colcon_core.environment:create_environment_scripts_only(mimi_head)
[29.707s] DEBUG:colcon.colcon_core.event_handler.log_command:Invoked command in '/home/mimi/mimi_ros2_ws/build/mimi_head' returned '0': CMAKE_PREFIX_PATH=/opt/ros/humble /usr/bin/cmake --install /home/mimi/mimi_ros2_ws/build/mimi_head
[29.743s] Level 1:colcon.colcon_core.environment:checking '/home/mimi/mimi_ros2_ws/install/mimi_head' for CMake module files
[29.749s] Level 1:colcon.colcon_core.environment:checking '/home/mimi/mimi_ros2_ws/install/mimi_head' for CMake config files
[29.752s] Level 1:colcon.colcon_core.shell:create_environment_hook('mimi_head', 'cmake_prefix_path')
[29.759s] INFO:colcon.colcon_core.shell:Creating environment hook '/home/mimi/mimi_ros2_ws/install/mimi_head/share/mimi_head/hook/cmake_prefix_path.ps1'
[29.764s] INFO:colcon.colcon_core.shell:Creating environment descriptor '/home/mimi/mimi_ros2_ws/install/mimi_head/share/mimi_head/hook/cmake_prefix_path.dsv'
[29.767s] INFO:colcon.colcon_core.shell:Creating environment hook '/home/mimi/mimi_ros2_ws/install/mimi_head/share/mimi_head/hook/cmake_prefix_path.sh'
[29.772s] Level 1:colcon.colcon_core.environment:checking '/home/mimi/mimi_ros2_ws/install/mimi_head/lib'
[29.774s] Level 1:colcon.colcon_core.environment:checking '/home/mimi/mimi_ros2_ws/install/mimi_head/bin'
[29.774s] Level 1:colcon.colcon_core.environment:checking '/home/mimi/mimi_ros2_ws/install/mimi_head/lib/pkgconfig/mimi_head.pc'
[29.776s] Level 1:colcon.colcon_core.environment:checking '/home/mimi/mimi_ros2_ws/install/mimi_head/lib/python3.10/site-packages'
[29.777s] Level 1:colcon.colcon_core.environment:checking '/home/mimi/mimi_ros2_ws/install/mimi_head/bin'
[29.784s] INFO:colcon.colcon_core.shell:Creating package script '/home/mimi/mimi_ros2_ws/install/mimi_head/share/mimi_head/package.ps1'
[29.788s] INFO:colcon.colcon_core.shell:Creating package descriptor '/home/mimi/mimi_ros2_ws/install/mimi_head/share/mimi_head/package.dsv'
[29.791s] INFO:colcon.colcon_core.shell:Creating package script '/home/mimi/mimi_ros2_ws/install/mimi_head/share/mimi_head/package.sh'
[29.795s] INFO:colcon.colcon_core.shell:Creating package script '/home/mimi/mimi_ros2_ws/install/mimi_head/share/mimi_head/package.bash'
[29.798s] INFO:colcon.colcon_core.shell:Creating package script '/home/mimi/mimi_ros2_ws/install/mimi_head/share/mimi_head/package.zsh'
[29.806s] Level 1:colcon.colcon_core.environment:create_file_with_runtime_dependencies(/home/mimi/mimi_ros2_ws/install/mimi_head/share/colcon-core/packages/mimi_head)
[30.008s] Level 1:colcon.colcon_core.environment:create_environment_scripts_only(mimi_head)
[30.034s] Level 1:colcon.colcon_core.environment:checking '/home/mimi/mimi_ros2_ws/install/mimi_head' for CMake module files
[30.039s] Level 1:colcon.colcon_core.environment:checking '/home/mimi/mimi_ros2_ws/install/mimi_head' for CMake config files
[30.041s] Level 1:colcon.colcon_core.shell:create_environment_hook('mimi_head', 'cmake_prefix_path')
[30.048s] INFO:colcon.colcon_core.shell:Creating environment hook '/home/mimi/mimi_ros2_ws/install/mimi_head/share/mimi_head/hook/cmake_prefix_path.ps1'
[30.051s] INFO:colcon.colcon_core.shell:Creating environment descriptor '/home/mimi/mimi_ros2_ws/install/mimi_head/share/mimi_head/hook/cmake_prefix_path.dsv'
[30.053s] INFO:colcon.colcon_core.shell:Creating environment hook '/home/mimi/mimi_ros2_ws/install/mimi_head/share/mimi_head/hook/cmake_prefix_path.sh'
[30.057s] Level 1:colcon.colcon_core.environment:checking '/home/mimi/mimi_ros2_ws/install/mimi_head/lib'
[30.057s] Level 1:colcon.colcon_core.environment:checking '/home/mimi/mimi_ros2_ws/install/mimi_head/bin'
[30.058s] Level 1:colcon.colcon_core.environment:checking '/home/mimi/mimi_ros2_ws/install/mimi_head/lib/pkgconfig/mimi_head.pc'
[30.059s] Level 1:colcon.colcon_core.environment:checking '/home/mimi/mimi_ros2_ws/install/mimi_head/lib/python3.10/site-packages'
[30.060s] Level 1:colcon.colcon_core.environment:checking '/home/mimi/mimi_ros2_ws/install/mimi_head/bin'
[30.066s] INFO:colcon.colcon_core.shell:Creating package script '/home/mimi/mimi_ros2_ws/install/mimi_head/share/mimi_head/package.ps1'
[30.069s] INFO:colcon.colcon_core.shell:Creating package descriptor '/home/mimi/mimi_ros2_ws/install/mimi_head/share/mimi_head/package.dsv'
[30.073s] INFO:colcon.colcon_core.shell:Creating package script '/home/mimi/mimi_ros2_ws/install/mimi_head/share/mimi_head/package.sh'
[30.075s] INFO:colcon.colcon_core.shell:Creating package script '/home/mimi/mimi_ros2_ws/install/mimi_head/share/mimi_head/package.bash'
[30.078s] INFO:colcon.colcon_core.shell:Creating package script '/home/mimi/mimi_ros2_ws/install/mimi_head/share/mimi_head/package.zsh'
[30.081s] Level 1:colcon.colcon_core.environment:create_file_with_runtime_dependencies(/home/mimi/mimi_ros2_ws/install/mimi_head/share/colcon-core/packages/mimi_head)
[30.083s] DEBUG:colcon.colcon_parallel_executor.executor.parallel:closing loop
[30.085s] DEBUG:colcon.colcon_parallel_executor.executor.parallel:loop closed
[30.086s] DEBUG:colcon.colcon_parallel_executor.executor.parallel:run_until_complete finished with '0'
[30.087s] DEBUG:colcon.colcon_core.event_reactor:joining thread
[30.128s] INFO:colcon.colcon_core.plugin_system:Skipping extension 'colcon_notification.desktop_notification.terminal_notifier': Not used on non-Darwin systems
[30.128s] INFO:colcon.colcon_core.plugin_system:Skipping extension 'colcon_notification.desktop_notification.win32': Not used on non-Windows systems
[30.129s] INFO:colcon.colcon_notification.desktop_notification:Sending desktop notification using 'notify2'
[30.216s] DEBUG:colcon.colcon_core.event_reactor:joined thread
[30.222s] INFO:colcon.colcon_core.shell:Creating prefix script '/home/mimi/mimi_ros2_ws/install/local_setup.ps1'
[30.228s] INFO:colcon.colcon_core.shell:Creating prefix util module '/home/mimi/mimi_ros2_ws/install/_local_setup_util_ps1.py'
[30.236s] INFO:colcon.colcon_core.shell:Creating prefix chain script '/home/mimi/mimi_ros2_ws/install/setup.ps1'
[30.245s] INFO:colcon.colcon_core.shell:Creating prefix script '/home/mimi/mimi_ros2_ws/install/local_setup.sh'
[30.249s] INFO:colcon.colcon_core.shell:Creating prefix util module '/home/mimi/mimi_ros2_ws/install/_local_setup_util_sh.py'
[30.253s] INFO:colcon.colcon_core.shell:Creating prefix chain script '/home/mimi/mimi_ros2_ws/install/setup.sh'
[30.264s] INFO:colcon.colcon_core.shell:Creating prefix script '/home/mimi/mimi_ros2_ws/install/local_setup.bash'
[30.270s] INFO:colcon.colcon_core.shell:Creating prefix chain script '/home/mimi/mimi_ros2_ws/install/setup.bash'
[30.280s] INFO:colcon.colcon_core.shell:Creating prefix script '/home/mimi/mimi_ros2_ws/install/local_setup.zsh'
[30.285s] INFO:colcon.colcon_core.shell:Creating prefix chain script '/home/mimi/mimi_ros2_ws/install/setup.zsh'
