[0.000000] (-) TimerEvent: {}
[0.005194] (mimi_head) JobQueued: {'identifier': 'mimi_head', 'dependencies': OrderedDict()}
[0.005614] (mimi_head) JobStarted: {'identifier': 'mimi_head'}
[0.074217] (mimi_head) JobProgress: {'identifier': 'mimi_head', 'progress': 'cmake'}
[0.078506] (mimi_head) JobProgress: {'identifier': 'mimi_head', 'progress': 'build'}
[0.081963] (mimi_head) Command: {'cmd': ['/usr/bin/cmake', '--build', '/home/mimi/mimi_ros2_ws/build/mimi_head', '--', '-j4', '-l4'], 'cwd': '/home/mimi/mimi_ros2_ws/build/mimi_head', 'env': OrderedDict([('LESSOPEN', '| /usr/bin/lesspipe %s'), ('USER', 'mimi'), ('SSH_CLIENT', '192.168.1.102 56088 22'), ('LC_TIME', 'th_TH.UTF-8'), ('XDG_SESSION_TYPE', 'tty'), ('GIT_ASKPASS', '/home/mimi/.vscode-server/bin/74f6148eb9ea00507ec113ec51c489d6ffb4b771/extensions/git/dist/askpass.sh'), ('SHLVL', '0'), ('LD_LIBRARY_PATH', '/home/mimi/mimi_ros2_ws/install/mimi_head/lib:/opt/ros/humble/opt/rviz_ogre_vendor/lib:/opt/ros/humble/lib/aarch64-linux-gnu:/opt/ros/humble/lib'), ('BROWSER', '/home/mimi/.vscode-server/bin/74f6148eb9ea00507ec113ec51c489d6ffb4b771/bin/helpers/browser.sh'), ('MOTD_SHOWN', 'pam'), ('HOME', '/home/mimi'), ('TERM_PROGRAM_VERSION', '1.80.1'), ('VSCODE_IPC_HOOK_CLI', '/run/user/1000/vscode-ipc-d9114b1d-4dfa-4465-be80-ce5efe97656b.sock'), ('ROS_PYTHON_VERSION', '3'), ('VSCODE_GIT_ASKPASS_MAIN', '/home/mimi/.vscode-server/bin/74f6148eb9ea00507ec113ec51c489d6ffb4b771/extensions/git/dist/askpass-main.js'), ('LC_MONETARY', 'th_TH.UTF-8'), ('VSCODE_GIT_ASKPASS_NODE', '/home/mimi/.vscode-server/bin/74f6148eb9ea00507ec113ec51c489d6ffb4b771/node'), ('DBUS_SESSION_BUS_ADDRESS', 'unix:path=/run/user/1000/bus'), ('COLORTERM', 'truecolor'), ('COLCON_PREFIX_PATH', '/home/mimi/mimi_ros2_ws/install'), ('ROS_DISTRO', 'humble'), ('LOGNAME', 'mimi'), ('_', '/usr/bin/colcon'), ('ROS_VERSION', '2'), ('XDG_SESSION_CLASS', 'user'), ('TERM', 'xterm-256color'), ('XDG_SESSION_ID', '4'), ('ROS_LOCALHOST_ONLY', '0'), ('PATH', '/home/mimi/.vscode-server/bin/74f6148eb9ea00507ec113ec51c489d6ffb4b771/bin/remote-cli:/home/mimi/.local/bin:/opt/ros/humble/bin:/usr/local/sbin:/usr/local/bin:/usr/sbin:/usr/bin:/sbin:/bin:/usr/games:/usr/local/games:/snap/bin'), ('LC_ADDRESS', 'th_TH.UTF-8'), ('XDG_RUNTIME_DIR', '/run/user/1000'), ('LANG', 'en_US.UTF-8'), ('LC_TELEPHONE', 'th_TH.UTF-8'), ('LS_COLORS', ''), ('VSCODE_GIT_IPC_HANDLE', '/run/user/1000/vscode-git-bb3d78543e.sock'), ('TERM_PROGRAM', 'vscode'), ('AMENT_PREFIX_PATH', '/home/mimi/mimi_ros2_ws/install/mimi_head:/opt/ros/humble'), ('SHELL', '/bin/bash'), ('LC_NAME', 'th_TH.UTF-8'), ('LESSCLOSE', '/usr/bin/lesspipe %s %s'), ('LC_MEASUREMENT', 'th_TH.UTF-8'), ('LC_IDENTIFICATION', 'th_TH.UTF-8'), ('VSCODE_GIT_ASKPASS_EXTRA_ARGS', ''), ('PWD', '/home/mimi/mimi_ros2_ws/build/mimi_head'), ('SSH_CONNECTION', '192.168.1.102 56088 192.168.1.100 22'), ('XDG_DATA_DIRS', '/usr/share/gnome:/usr/local/share:/usr/share:/var/lib/snapd/desktop'), ('PYTHONPATH', '/home/mimi/mimi_ros2_ws/install/mimi_head/local/lib/python3.10/dist-packages:/opt/ros/humble/lib/python3.10/site-packages:/opt/ros/humble/local/lib/python3.10/dist-packages'), ('LC_NUMERIC', 'th_TH.UTF-8'), ('LC_PAPER', 'th_TH.UTF-8'), ('COLCON', '1'), ('CMAKE_PREFIX_PATH', '/home/mimi/mimi_ros2_ws/install/mimi_head:/opt/ros/humble')]), 'shell': False}
[0.098546] (-) TimerEvent: {}
[0.199372] (-) TimerEvent: {}
[0.300401] (-) TimerEvent: {}
[0.401667] (mimi_head) StdoutLine: {'line': b'[  2%] Built target mimi_head__cpp\n'}
[0.405700] (-) TimerEvent: {}
[0.428123] (mimi_head) StdoutLine: {'line': b'[ 10%] Built target mimi_head__rosidl_generator_c\n'}
[0.472339] (mimi_head) StdoutLine: {'line': b'[ 10%] Built target ament_cmake_python_symlink_mimi_head\n'}
[0.500544] (mimi_head) StdoutLine: {'line': b'[ 16%] Built target mimi_monitor\n'}
[0.506711] (-) TimerEvent: {}
[0.601544] (mimi_head) StdoutLine: {'line': b'[ 24%] Built target mimi_head__rosidl_typesupport_fastrtps_cpp\n'}
[0.608206] (mimi_head) StdoutLine: {'line': b'[ 32%] Built target mimi_head__rosidl_typesupport_introspection_c\n'}
[0.612466] (-) TimerEvent: {}
[0.622251] (mimi_head) StdoutLine: {'line': b'[ 40%] Built target mimi_head__rosidl_typesupport_cpp\n'}
[0.656533] (mimi_head) StdoutLine: {'line': b'[ 48%] Built target mimi_head__rosidl_typesupport_c\n'}
[0.712731] (-) TimerEvent: {}
[0.805523] (mimi_head) StdoutLine: {'line': b'[ 56%] Built target mimi_head__rosidl_typesupport_introspection_cpp\n'}
[0.812927] (-) TimerEvent: {}
[0.837621] (mimi_head) StdoutLine: {'line': b'[ 64%] Built target mimi_head__rosidl_typesupport_fastrtps_c\n'}
[0.886959] (mimi_head) StdoutLine: {'line': b'\x1b[35m\x1b[1mConsolidate compiler generated dependencies of target mimi_head_movement\x1b[0m\n'}
[0.892740] (mimi_head) StdoutLine: {'line': b'[ 70%] Built target mimi_camera\n'}
[0.919378] (-) TimerEvent: {}
[0.997738] (mimi_head) StdoutLine: {'line': b'[ 70%] Built target mimi_head\n'}
[1.011439] (mimi_head) StdoutLine: {'line': b'[ 72%] \x1b[32mBuilding CXX object CMakeFiles/mimi_head_movement.dir/src/mimi_head_movement.cpp.o\x1b[0m\n'}
[1.021176] (-) TimerEvent: {}
[1.127458] (-) TimerEvent: {}
[1.167119] (mimi_head) StdoutLine: {'line': b'[ 75%] Built target mimi_head__py\n'}
[1.228643] (-) TimerEvent: {}
[1.330463] (-) TimerEvent: {}
[1.360318] (mimi_head) StdoutLine: {'line': b'[ 81%] Built target mimi_head__rosidl_generator_py\n'}
[1.430918] (-) TimerEvent: {}
[1.503236] (mimi_head) StdoutLine: {'line': b'[ 86%] Built target mimi_head__rosidl_typesupport_introspection_c__pyext\n'}
[1.531140] (-) TimerEvent: {}
[1.586927] (mimi_head) StdoutLine: {'line': b'[ 91%] Built target mimi_head__rosidl_typesupport_fastrtps_c__pyext\n'}
[1.631484] (-) TimerEvent: {}
[1.697184] (mimi_head) StdoutLine: {'line': b'[ 97%] Built target mimi_head__rosidl_typesupport_c__pyext\n'}
[1.731707] (-) TimerEvent: {}
[1.837048] (-) TimerEvent: {}
[1.938114] (-) TimerEvent: {}
[2.039451] (-) TimerEvent: {}
[2.140847] (-) TimerEvent: {}
[2.243195] (-) TimerEvent: {}
[2.344207] (-) TimerEvent: {}
[2.445146] (-) TimerEvent: {}
[2.545994] (-) TimerEvent: {}
[2.646953] (-) TimerEvent: {}
[2.747896] (-) TimerEvent: {}
[2.792472] (mimi_head) StdoutLine: {'line': b'running egg_info\n'}
[2.796786] (mimi_head) StdoutLine: {'line': b'writing mimi_head.egg-info/PKG-INFO\n'}
[2.798482] (mimi_head) StdoutLine: {'line': b'writing dependency_links to mimi_head.egg-info/dependency_links.txt\n'}
[2.800160] (mimi_head) StdoutLine: {'line': b'writing top-level names to mimi_head.egg-info/top_level.txt\n'}
[2.818202] (mimi_head) StdoutLine: {'line': b"reading manifest file 'mimi_head.egg-info/SOURCES.txt'\n"}
[2.822760] (mimi_head) StdoutLine: {'line': b"writing manifest file 'mimi_head.egg-info/SOURCES.txt'\n"}
[2.851597] (-) TimerEvent: {}
[2.955401] (-) TimerEvent: {}
[3.021543] (mimi_head) StdoutLine: {'line': b'[ 97%] Built target ament_cmake_python_build_mimi_head_egg\n'}
[3.055611] (-) TimerEvent: {}
[3.156773] (-) TimerEvent: {}
[3.257767] (-) TimerEvent: {}
[3.358769] (-) TimerEvent: {}
[3.459794] (-) TimerEvent: {}
[3.560742] (-) TimerEvent: {}
[3.661918] (-) TimerEvent: {}
[3.762934] (-) TimerEvent: {}
[3.864099] (-) TimerEvent: {}
[3.965036] (-) TimerEvent: {}
[4.066085] (-) TimerEvent: {}
[4.167047] (-) TimerEvent: {}
[4.268129] (-) TimerEvent: {}
[4.369242] (-) TimerEvent: {}
[4.470193] (-) TimerEvent: {}
[4.571195] (-) TimerEvent: {}
[4.672341] (-) TimerEvent: {}
[4.773628] (-) TimerEvent: {}
[4.874768] (-) TimerEvent: {}
[4.975969] (-) TimerEvent: {}
[5.077113] (-) TimerEvent: {}
[5.178158] (-) TimerEvent: {}
[5.279190] (-) TimerEvent: {}
[5.380288] (-) TimerEvent: {}
[5.481341] (-) TimerEvent: {}
[5.582413] (-) TimerEvent: {}
[5.683536] (-) TimerEvent: {}
[5.784562] (-) TimerEvent: {}
[5.885541] (-) TimerEvent: {}
[5.986481] (-) TimerEvent: {}
[6.087495] (-) TimerEvent: {}
[6.188697] (-) TimerEvent: {}
[6.289724] (-) TimerEvent: {}
[6.390889] (-) TimerEvent: {}
[6.491927] (-) TimerEvent: {}
[6.593214] (-) TimerEvent: {}
[6.694475] (-) TimerEvent: {}
[6.795752] (-) TimerEvent: {}
[6.896805] (-) TimerEvent: {}
[6.997821] (-) TimerEvent: {}
[7.098791] (-) TimerEvent: {}
[7.199905] (-) TimerEvent: {}
[7.300924] (-) TimerEvent: {}
[7.401969] (-) TimerEvent: {}
[7.502935] (-) TimerEvent: {}
[7.603942] (-) TimerEvent: {}
[7.704966] (-) TimerEvent: {}
[7.805996] (-) TimerEvent: {}
[7.906966] (-) TimerEvent: {}
[8.007976] (-) TimerEvent: {}
[8.108993] (-) TimerEvent: {}
[8.210026] (-) TimerEvent: {}
[8.311002] (-) TimerEvent: {}
[8.412162] (-) TimerEvent: {}
[8.513390] (-) TimerEvent: {}
[8.614581] (-) TimerEvent: {}
[8.715945] (-) TimerEvent: {}
[8.817067] (-) TimerEvent: {}
[8.918430] (-) TimerEvent: {}
[9.019650] (-) TimerEvent: {}
[9.121114] (-) TimerEvent: {}
[9.222102] (-) TimerEvent: {}
[9.323119] (-) TimerEvent: {}
[9.424168] (-) TimerEvent: {}
[9.525222] (-) TimerEvent: {}
[9.626611] (-) TimerEvent: {}
[9.727728] (-) TimerEvent: {}
[9.828721] (-) TimerEvent: {}
[9.929732] (-) TimerEvent: {}
[10.030833] (-) TimerEvent: {}
[10.132012] (-) TimerEvent: {}
[10.233093] (-) TimerEvent: {}
[10.334077] (-) TimerEvent: {}
[10.435075] (-) TimerEvent: {}
[10.536142] (-) TimerEvent: {}
[10.637093] (-) TimerEvent: {}
[10.738090] (-) TimerEvent: {}
[10.839069] (-) TimerEvent: {}
[10.940088] (-) TimerEvent: {}
[11.041213] (-) TimerEvent: {}
[11.142306] (-) TimerEvent: {}
[11.243400] (-) TimerEvent: {}
[11.344472] (-) TimerEvent: {}
[11.445543] (-) TimerEvent: {}
[11.546658] (-) TimerEvent: {}
[11.647784] (-) TimerEvent: {}
[11.748778] (-) TimerEvent: {}
[11.849842] (-) TimerEvent: {}
[11.950839] (-) TimerEvent: {}
[12.052022] (-) TimerEvent: {}
[12.153174] (-) TimerEvent: {}
[12.254181] (-) TimerEvent: {}
[12.355290] (-) TimerEvent: {}
[12.456363] (-) TimerEvent: {}
[12.557371] (-) TimerEvent: {}
[12.658436] (-) TimerEvent: {}
[12.759556] (-) TimerEvent: {}
[12.860673] (-) TimerEvent: {}
[12.961736] (-) TimerEvent: {}
[13.062877] (-) TimerEvent: {}
[13.164032] (-) TimerEvent: {}
[13.265230] (-) TimerEvent: {}
[13.366225] (-) TimerEvent: {}
[13.467382] (-) TimerEvent: {}
[13.568420] (-) TimerEvent: {}
[13.669478] (-) TimerEvent: {}
[13.770556] (-) TimerEvent: {}
[13.871544] (-) TimerEvent: {}
[13.972589] (-) TimerEvent: {}
[14.073642] (-) TimerEvent: {}
[14.174648] (-) TimerEvent: {}
[14.275679] (-) TimerEvent: {}
[14.376754] (-) TimerEvent: {}
[14.477789] (-) TimerEvent: {}
[14.578780] (-) TimerEvent: {}
[14.644207] (mimi_head) StderrLine: {'line': b'\x1b[01m\x1b[K/home/mimi/mimi_ros2_ws/src/mimi_head/src/mimi_head_movement.cpp:\x1b[m\x1b[K In member function \xe2\x80\x98\x1b[01m\x1b[Kvoid MimiHeadMovementNode::movement_control(const Movement&)\x1b[m\x1b[K\xe2\x80\x99:\n'}
[14.645639] (mimi_head) StderrLine: {'line': b'\x1b[01m\x1b[K/home/mimi/mimi_ros2_ws/src/mimi_head/src/mimi_head_movement.cpp:56:17:\x1b[m\x1b[K \x1b[01;35m\x1b[Kwarning: \x1b[m\x1b[Kunused variable \xe2\x80\x98\x1b[01m\x1b[Kspeed_ms\x1b[m\x1b[K\xe2\x80\x99 [\x1b[01;35m\x1b[K\x1b]8;;https://gcc.gnu.org/onlinedocs/gcc/Warning-Options.html#index-Wunused-variable\x07-Wunused-variable\x1b]8;;\x07\x1b[m\x1b[K]\n'}
[14.646493] (mimi_head) StderrLine: {'line': b'   56 |             int \x1b[01;35m\x1b[Kspeed_ms\x1b[m\x1b[K = 10;\n'}
[14.647268] (mimi_head) StderrLine: {'line': b'      |                 \x1b[01;35m\x1b[K^~~~~~~~\x1b[m\x1b[K\n'}
[14.659957] (mimi_head) StderrLine: {'line': b'\x1b[01m\x1b[K/home/mimi/mimi_ros2_ws/src/mimi_head/src/mimi_head_movement.cpp:\x1b[m\x1b[K In function \xe2\x80\x98\x1b[01m\x1b[Kvoid sigint_handler(int)\x1b[m\x1b[K\xe2\x80\x99:\n'}
[14.661014] (mimi_head) StderrLine: {'line': b'\x1b[01m\x1b[K/home/mimi/mimi_ros2_ws/src/mimi_head/src/mimi_head_movement.cpp:150:25:\x1b[m\x1b[K \x1b[01;35m\x1b[Kwarning: \x1b[m\x1b[Kunused parameter \xe2\x80\x98\x1b[01m\x1b[Ksig\x1b[m\x1b[K\xe2\x80\x99 [\x1b[01;35m\x1b[K\x1b]8;;https://gcc.gnu.org/onlinedocs/gcc/Warning-Options.html#index-Wunused-parameter\x07-Wunused-parameter\x1b]8;;\x07\x1b[m\x1b[K]\n'}
[14.661897] (mimi_head) StderrLine: {'line': b'  150 | void sigint_handler(\x1b[01;35m\x1b[Kint sig\x1b[m\x1b[K)\n'}
[14.662581] (mimi_head) StderrLine: {'line': b'      |                     \x1b[01;35m\x1b[K~~~~^~~\x1b[m\x1b[K\n'}
[14.679023] (-) TimerEvent: {}
[14.780098] (-) TimerEvent: {}
[14.881163] (-) TimerEvent: {}
[14.982241] (-) TimerEvent: {}
[15.083273] (-) TimerEvent: {}
[15.184346] (-) TimerEvent: {}
[15.285389] (-) TimerEvent: {}
[15.386410] (-) TimerEvent: {}
[15.487478] (-) TimerEvent: {}
[15.588422] (-) TimerEvent: {}
[15.689440] (-) TimerEvent: {}
[15.790492] (-) TimerEvent: {}
[15.891478] (-) TimerEvent: {}
[15.992431] (-) TimerEvent: {}
[16.093359] (-) TimerEvent: {}
[16.194348] (-) TimerEvent: {}
[16.295328] (-) TimerEvent: {}
[16.396273] (-) TimerEvent: {}
[16.497198] (-) TimerEvent: {}
[16.598138] (-) TimerEvent: {}
[16.699100] (-) TimerEvent: {}
[16.800107] (-) TimerEvent: {}
[16.901112] (-) TimerEvent: {}
[17.002184] (-) TimerEvent: {}
[17.103273] (-) TimerEvent: {}
[17.204221] (-) TimerEvent: {}
[17.305300] (-) TimerEvent: {}
[17.406316] (-) TimerEvent: {}
[17.507273] (-) TimerEvent: {}
[17.608229] (-) TimerEvent: {}
[17.709175] (-) TimerEvent: {}
[17.810186] (-) TimerEvent: {}
[17.911263] (-) TimerEvent: {}
[18.012341] (-) TimerEvent: {}
[18.113373] (-) TimerEvent: {}
[18.214320] (-) TimerEvent: {}
[18.315376] (-) TimerEvent: {}
[18.416308] (-) TimerEvent: {}
[18.517260] (-) TimerEvent: {}
[18.618335] (-) TimerEvent: {}
[18.719355] (-) TimerEvent: {}
[18.820452] (-) TimerEvent: {}
[18.926247] (-) TimerEvent: {}
[19.027227] (-) TimerEvent: {}
[19.128130] (-) TimerEvent: {}
[19.229065] (-) TimerEvent: {}
[19.330019] (-) TimerEvent: {}
[19.431062] (-) TimerEvent: {}
[19.532119] (-) TimerEvent: {}
[19.633098] (-) TimerEvent: {}
[19.734145] (-) TimerEvent: {}
[19.835056] (-) TimerEvent: {}
[19.935984] (-) TimerEvent: {}
[20.036881] (-) TimerEvent: {}
[20.137785] (-) TimerEvent: {}
[20.238766] (-) TimerEvent: {}
[20.339753] (-) TimerEvent: {}
[20.440627] (-) TimerEvent: {}
[20.541482] (-) TimerEvent: {}
[20.642349] (-) TimerEvent: {}
[20.743461] (-) TimerEvent: {}
[20.844348] (-) TimerEvent: {}
[20.945256] (-) TimerEvent: {}
[21.046308] (-) TimerEvent: {}
[21.147432] (-) TimerEvent: {}
[21.248928] (-) TimerEvent: {}
[21.349854] (-) TimerEvent: {}
[21.450842] (-) TimerEvent: {}
[21.551808] (-) TimerEvent: {}
[21.652879] (-) TimerEvent: {}
[21.754068] (-) TimerEvent: {}
[21.855351] (-) TimerEvent: {}
[21.956641] (-) TimerEvent: {}
[22.058135] (-) TimerEvent: {}
[22.159742] (-) TimerEvent: {}
[22.261044] (-) TimerEvent: {}
[22.362492] (-) TimerEvent: {}
[22.463835] (-) TimerEvent: {}
[22.565084] (-) TimerEvent: {}
[22.666325] (-) TimerEvent: {}
[22.767623] (-) TimerEvent: {}
[22.868589] (-) TimerEvent: {}
[22.969982] (-) TimerEvent: {}
[23.071905] (-) TimerEvent: {}
[23.172995] (-) TimerEvent: {}
[23.274054] (-) TimerEvent: {}
[23.375323] (-) TimerEvent: {}
[23.477194] (-) TimerEvent: {}
[23.579215] (-) TimerEvent: {}
[23.680152] (-) TimerEvent: {}
[23.781550] (-) TimerEvent: {}
[23.882587] (-) TimerEvent: {}
[23.983563] (-) TimerEvent: {}
[24.084552] (-) TimerEvent: {}
[24.185661] (-) TimerEvent: {}
