-- The C compiler identification is GNU 11.3.0
-- The CXX compiler identification is GNU 11.3.0
-- Detecting C compiler ABI info
-- Detecting C compiler ABI info - done
-- Check for working C compiler: /usr/bin/cc - skipped
-- Detecting C compile features
-- Detecting C compile features - done
-- Detecting CXX compiler ABI info
-- Detecting CXX compiler ABI info - done
-- Check for working CXX compiler: /usr/bin/c++ - skipped
-- Detecting CXX compile features
-- Detecting CXX compile features - done
-- Found ament_cmake: 1.3.4 (/opt/ros/humble/share/ament_cmake/cmake)
-- Found Python3: /usr/bin/python3.10 (found version "3.10.6") found components: Interpreter 
-- Override CMake install command with custom implementation using symlinks instead of copying resources
-- Found rclcpp: 16.0.4 (/opt/ros/humble/share/rclcpp/cmake)
-- Found rosidl_generator_c: 3.1.4 (/opt/ros/humble/share/rosidl_generator_c/cmake)
-- Found rosidl_adapter: 3.1.4 (/opt/ros/humble/share/rosidl_adapter/cmake)
-- Found rosidl_generator_cpp: 3.1.4 (/opt/ros/humble/share/rosidl_generator_cpp/cmake)
-- Using all available rosidl_typesupport_c: rosidl_typesupport_fastrtps_c;rosidl_typesupport_introspection_c
-- Using all available rosidl_typesupport_cpp: rosidl_typesupport_fastrtps_cpp;rosidl_typesupport_introspection_cpp
-- Found rmw_implementation_cmake: 6.1.1 (/opt/ros/humble/share/rmw_implementation_cmake/cmake)
-- Found rmw_fastrtps_cpp: 6.2.2 (/opt/ros/humble/share/rmw_fastrtps_cpp/cmake)
-- Found OpenSSL: /usr/lib/aarch64-linux-gnu/libcrypto.so (found version "3.0.2")  
-- Found FastRTPS: /opt/ros/humble/include  
-- Using RMW implementation 'rmw_fastrtps_cpp' as default
-- Looking for pthread.h
-- Looking for pthread.h - found
-- Performing Test CMAKE_HAVE_LIBC_PTHREAD
-- Performing Test CMAKE_HAVE_LIBC_PTHREAD - Success
-- Found Threads: TRUE  
-- Found sensor_msgs: 4.2.3 (/opt/ros/humble/share/sensor_msgs/cmake)
-- Found OpenCV: /usr (found version "4.5.4") 
-- Found cv_bridge: 3.2.1 (/opt/ros/humble/share/cv_bridge/cmake)
-- Found ament_lint_auto: 0.12.6 (/opt/ros/humble/share/ament_lint_auto/cmake)
-- Added test 'cppcheck' to perform static code analysis on C / C++ code
-- Configured cppcheck include dirs: 
-- Configured cppcheck exclude dirs and/or files: 
-- Added test 'lint_cmake' to check CMake code style
-- Added test 'uncrustify' to check C / C++ code style
-- Configured uncrustify additional arguments: 
-- Added test 'xmllint' to check XML markup files
-- Configuring done
-- Generating done
-- Build files have been written to: /home/mimi/mimi_ros2_ws/build/mimi_head
[ 50%] [32mBuilding CXX object CMakeFiles/mimi_camera.dir/src/mimi_camera.cpp.o[0m
[100%] [32m[1mLinking CXX executable mimi_camera[0m
[100%] Built target mimi_camera
-- Install configuration: ""
-- Execute custom install script
-- Symlinking: /home/mimi/mimi_ros2_ws/install/mimi_head/lib/mimi_head/mimi_camera
-- Symlinking: /home/mimi/mimi_ros2_ws/install/mimi_head/share/ament_index/resource_index/package_run_dependencies/mimi_head
-- Symlinking: /home/mimi/mimi_ros2_ws/install/mimi_head/share/ament_index/resource_index/parent_prefix_path/mimi_head
-- Symlinking: /home/mimi/mimi_ros2_ws/install/mimi_head/share/mimi_head/environment/ament_prefix_path.sh
-- Symlinking: /home/mimi/mimi_ros2_ws/install/mimi_head/share/mimi_head/environment/ament_prefix_path.dsv
-- Symlinking: /home/mimi/mimi_ros2_ws/install/mimi_head/share/mimi_head/environment/path.sh
-- Symlinking: /home/mimi/mimi_ros2_ws/install/mimi_head/share/mimi_head/environment/path.dsv
-- Symlinking: /home/mimi/mimi_ros2_ws/install/mimi_head/share/mimi_head/local_setup.bash
-- Symlinking: /home/mimi/mimi_ros2_ws/install/mimi_head/share/mimi_head/local_setup.sh
-- Symlinking: /home/mimi/mimi_ros2_ws/install/mimi_head/share/mimi_head/local_setup.zsh
-- Symlinking: /home/mimi/mimi_ros2_ws/install/mimi_head/share/mimi_head/local_setup.dsv
-- Symlinking: /home/mimi/mimi_ros2_ws/install/mimi_head/share/mimi_head/package.dsv
-- Symlinking: /home/mimi/mimi_ros2_ws/install/mimi_head/share/ament_index/resource_index/packages/mimi_head
-- Symlinking: /home/mimi/mimi_ros2_ws/install/mimi_head/share/mimi_head/cmake/mimi_headConfig.cmake
-- Symlinking: /home/mimi/mimi_ros2_ws/install/mimi_head/share/mimi_head/cmake/mimi_headConfig-version.cmake
-- Symlinking: /home/mimi/mimi_ros2_ws/install/mimi_head/share/mimi_head/package.xml
