[0.000000] (-) TimerEvent: {}
[0.000753] (mimi_head) JobQueued: {'identifier': 'mimi_head', 'dependencies': OrderedDict()}
[0.001575] (-) TimerEvent: {}
[0.002725] (mimi_head) JobStarted: {'identifier': 'mimi_head'}
[0.008837] (mimi_head) JobProgress: {'identifier': 'mimi_head', 'progress': 'cmake'}
[0.101784] (-) TimerEvent: {}
[0.202624] (-) TimerEvent: {}
[0.303430] (-) TimerEvent: {}
[0.404266] (-) TimerEvent: {}
[0.505208] (-) TimerEvent: {}
[0.606101] (-) TimerEvent: {}
[0.670825] (mimi_head) JobProgress: {'identifier': 'mimi_head', 'progress': 'build'}
[0.674035] (mimi_head) Command: {'cmd': ['/usr/bin/cmake', '--build', '/home/mimi/mimi_ros2_ws/build/mimi_head', '--', '-j4', '-l4'], 'cwd': '/home/mimi/mimi_ros2_ws/build/mimi_head', 'env': OrderedDict([('LESSOPEN', '| /usr/bin/lesspipe %s'), ('USER', 'mimi'), ('SSH_CLIENT', '192.168.1.102 65512 22'), ('LC_TIME', 'th_TH.UTF-8'), ('XDG_SESSION_TYPE', 'tty'), ('GIT_ASKPASS', '/home/mimi/.vscode-server/bin/252e5463d60e63238250799aef7375787f68b4ee/extensions/git/dist/askpass.sh'), ('SHLVL', '0'), ('LD_LIBRARY_PATH', '/opt/ros/humble/opt/rviz_ogre_vendor/lib:/opt/ros/humble/lib/aarch64-linux-gnu:/opt/ros/humble/lib'), ('BROWSER', '/home/mimi/.vscode-server/bin/252e5463d60e63238250799aef7375787f68b4ee/bin/helpers/browser.sh'), ('MOTD_SHOWN', 'pam'), ('HOME', '/home/mimi'), ('TERM_PROGRAM_VERSION', '1.78.0'), ('VSCODE_IPC_HOOK_CLI', '/run/user/1000/vscode-ipc-4809ea60-02ee-4cb1-81a0-4f6883b0a034.sock'), ('ROS_PYTHON_VERSION', '3'), ('VSCODE_GIT_ASKPASS_MAIN', '/home/mimi/.vscode-server/bin/252e5463d60e63238250799aef7375787f68b4ee/extensions/git/dist/askpass-main.js'), ('LC_MONETARY', 'th_TH.UTF-8'), ('VSCODE_GIT_ASKPASS_NODE', '/home/mimi/.vscode-server/bin/252e5463d60e63238250799aef7375787f68b4ee/node'), ('DBUS_SESSION_BUS_ADDRESS', 'unix:path=/run/user/1000/bus'), ('COLORTERM', 'truecolor'), ('ROS_DISTRO', 'humble'), ('LOGNAME', 'mimi'), ('_', '/usr/bin/colcon'), ('ROS_VERSION', '2'), ('XDG_SESSION_CLASS', 'user'), ('TERM', 'xterm-256color'), ('XDG_SESSION_ID', '2'), ('ROS_LOCALHOST_ONLY', '0'), ('PATH', '/home/mimi/.vscode-server/bin/252e5463d60e63238250799aef7375787f68b4ee/bin/remote-cli:/home/mimi/.local/bin:/opt/ros/humble/bin:/usr/local/sbin:/usr/local/bin:/usr/sbin:/usr/bin:/sbin:/bin:/usr/games:/usr/local/games:/snap/bin'), ('LC_ADDRESS', 'th_TH.UTF-8'), ('XDG_RUNTIME_DIR', '/run/user/1000'), ('LANG', 'en_US.UTF-8'), ('LC_TELEPHONE', 'th_TH.UTF-8'), ('LS_COLORS', ''), ('VSCODE_GIT_IPC_HANDLE', '/run/user/1000/vscode-git-bb3d78543e.sock'), ('TERM_PROGRAM', 'vscode'), ('AMENT_PREFIX_PATH', '/opt/ros/humble'), ('SHELL', '/bin/bash'), ('LC_NAME', 'th_TH.UTF-8'), ('LESSCLOSE', '/usr/bin/lesspipe %s %s'), ('LC_MEASUREMENT', 'th_TH.UTF-8'), ('LC_IDENTIFICATION', 'th_TH.UTF-8'), ('VSCODE_GIT_ASKPASS_EXTRA_ARGS', ''), ('PWD', '/home/mimi/mimi_ros2_ws/build/mimi_head'), ('SSH_CONNECTION', '192.168.1.102 65512 192.168.1.100 22'), ('XDG_DATA_DIRS', '/usr/share/gnome:/usr/local/share:/usr/share:/var/lib/snapd/desktop'), ('PYTHONPATH', '/opt/ros/humble/lib/python3.10/site-packages:/opt/ros/humble/local/lib/python3.10/dist-packages'), ('LC_NUMERIC', 'th_TH.UTF-8'), ('LC_PAPER', 'th_TH.UTF-8'), ('COLCON', '1'), ('CMAKE_PREFIX_PATH', '/opt/ros/humble')]), 'shell': False}
[0.709761] (-) TimerEvent: {}
[0.810615] (-) TimerEvent: {}
[0.912179] (-) TimerEvent: {}
[1.014136] (-) TimerEvent: {}
[1.115040] (-) TimerEvent: {}
[1.216205] (-) TimerEvent: {}
[1.316920] (-) TimerEvent: {}
[1.417754] (-) TimerEvent: {}
[1.518759] (-) TimerEvent: {}
[1.620126] (-) TimerEvent: {}
[1.721241] (-) TimerEvent: {}
[1.822895] (-) TimerEvent: {}
[1.924244] (-) TimerEvent: {}
[2.025825] (-) TimerEvent: {}
[2.127280] (-) TimerEvent: {}
[2.228771] (-) TimerEvent: {}
[2.330176] (-) TimerEvent: {}
[2.431287] (-) TimerEvent: {}
[2.451003] (mimi_head) StdoutLine: {'line': b'\x1b[35m\x1b[1mConsolidate compiler generated dependencies of target mimi_camera\x1b[0m\n'}
[2.531473] (-) TimerEvent: {}
[2.587045] (mimi_head) StdoutLine: {'line': b'[ 50%] \x1b[32mBuilding CXX object CMakeFiles/mimi_camera.dir/src/mimi_camera.cpp.o\x1b[0m\n'}
[2.631768] (-) TimerEvent: {}
[2.733153] (-) TimerEvent: {}
[2.834115] (-) TimerEvent: {}
[2.935138] (-) TimerEvent: {}
[3.036035] (-) TimerEvent: {}
[3.137256] (-) TimerEvent: {}
[3.238140] (-) TimerEvent: {}
[3.338961] (-) TimerEvent: {}
[3.444106] (-) TimerEvent: {}
[3.545229] (-) TimerEvent: {}
[3.646085] (-) TimerEvent: {}
[3.747333] (-) TimerEvent: {}
[3.848272] (-) TimerEvent: {}
[3.949290] (-) TimerEvent: {}
[4.050217] (-) TimerEvent: {}
[4.151138] (-) TimerEvent: {}
[4.252077] (-) TimerEvent: {}
[4.353000] (-) TimerEvent: {}
[4.453899] (-) TimerEvent: {}
[4.554885] (-) TimerEvent: {}
[4.655719] (-) TimerEvent: {}
[4.757453] (-) TimerEvent: {}
[4.859158] (-) TimerEvent: {}
[4.960482] (-) TimerEvent: {}
[5.062010] (-) TimerEvent: {}
[5.163239] (-) TimerEvent: {}
[5.269051] (-) TimerEvent: {}
[5.370047] (-) TimerEvent: {}
[5.471374] (-) TimerEvent: {}
[5.572960] (-) TimerEvent: {}
[5.674009] (-) TimerEvent: {}
[5.774934] (-) TimerEvent: {}
[5.875867] (-) TimerEvent: {}
[5.976833] (-) TimerEvent: {}
[6.077792] (-) TimerEvent: {}
[6.178774] (-) TimerEvent: {}
[6.279829] (-) TimerEvent: {}
[6.380727] (-) TimerEvent: {}
[6.481702] (-) TimerEvent: {}
[6.582696] (-) TimerEvent: {}
[6.683614] (-) TimerEvent: {}
[6.784565] (-) TimerEvent: {}
[6.885478] (-) TimerEvent: {}
[6.986431] (-) TimerEvent: {}
[7.087302] (-) TimerEvent: {}
[7.188251] (-) TimerEvent: {}
[7.289232] (-) TimerEvent: {}
[7.390173] (-) TimerEvent: {}
[7.491126] (-) TimerEvent: {}
[7.592094] (-) TimerEvent: {}
[7.693109] (-) TimerEvent: {}
[7.794015] (-) TimerEvent: {}
[7.894884] (-) TimerEvent: {}
[7.995795] (-) TimerEvent: {}
[8.096655] (-) TimerEvent: {}
[8.197568] (-) TimerEvent: {}
[9.320666] (-) TimerEvent: {}
[9.421595] (-) TimerEvent: {}
[9.522502] (-) TimerEvent: {}
[9.623620] (-) TimerEvent: {}
[9.724536] (-) TimerEvent: {}
[9.825415] (-) TimerEvent: {}
[9.926414] (-) TimerEvent: {}
[10.027336] (-) TimerEvent: {}
[10.128378] (-) TimerEvent: {}
[10.229239] (-) TimerEvent: {}
[10.330126] (-) TimerEvent: {}
[10.430927] (-) TimerEvent: {}
[10.531848] (-) TimerEvent: {}
[10.632691] (-) TimerEvent: {}
[10.733596] (-) TimerEvent: {}
[10.834677] (-) TimerEvent: {}
[10.935540] (-) TimerEvent: {}
[11.036413] (-) TimerEvent: {}
[11.137319] (-) TimerEvent: {}
[11.238640] (-) TimerEvent: {}
[11.339513] (-) TimerEvent: {}
[11.440471] (-) TimerEvent: {}
[11.541393] (-) TimerEvent: {}
[11.642262] (-) TimerEvent: {}
[11.743075] (-) TimerEvent: {}
[11.843915] (-) TimerEvent: {}
[11.944744] (-) TimerEvent: {}
[12.045658] (-) TimerEvent: {}
[12.146488] (-) TimerEvent: {}
[12.247419] (-) TimerEvent: {}
[12.348309] (-) TimerEvent: {}
[12.449176] (-) TimerEvent: {}
[12.550078] (-) TimerEvent: {}
[12.651006] (-) TimerEvent: {}
[12.752024] (-) TimerEvent: {}
[12.852880] (-) TimerEvent: {}
[12.953740] (-) TimerEvent: {}
[13.054584] (-) TimerEvent: {}
[13.155434] (-) TimerEvent: {}
