[0.000000] (-) TimerEvent: {}
[0.001396] (mimi_head) JobQueued: {'identifier': 'mimi_head', 'dependencies': OrderedDict()}
[0.001857] (mimi_head) JobStarted: {'identifier': 'mimi_head'}
[0.093940] (-) TimerEvent: {}
[0.132135] (mimi_head) JobProgress: {'identifier': 'mimi_head', 'progress': 'cmake'}
[0.136152] (mimi_head) JobProgress: {'identifier': 'mimi_head', 'progress': 'build'}
[0.141026] (mimi_head) Command: {'cmd': ['/usr/bin/cmake', '--build', '/home/mimi/mimi_ros2_ws/build/mimi_head', '--', '-j4', '-l4'], 'cwd': '/home/mimi/mimi_ros2_ws/build/mimi_head', 'env': OrderedDict([('LESSOPEN', '| /usr/bin/lesspipe %s'), ('USER', 'mimi'), ('SSH_CLIENT', '192.168.1.102 59355 22'), ('LC_TIME', 'th_TH.UTF-8'), ('XDG_SESSION_TYPE', 'tty'), ('GIT_ASKPASS', '/home/mimi/.vscode-server/bin/b3e4e68a0bc097f0ae7907b217c1119af9e03435/extensions/git/dist/askpass.sh'), ('SHLVL', '0'), ('LD_LIBRARY_PATH', '/home/mimi/mimi_ros2_ws/install/mimi_head/lib:/opt/ros/humble/opt/rviz_ogre_vendor/lib:/opt/ros/humble/lib/aarch64-linux-gnu:/opt/ros/humble/lib'), ('BROWSER', '/home/mimi/.vscode-server/bin/b3e4e68a0bc097f0ae7907b217c1119af9e03435/bin/helpers/browser.sh'), ('MOTD_SHOWN', 'pam'), ('HOME', '/home/mimi'), ('TERM_PROGRAM_VERSION', '1.78.2'), ('VSCODE_IPC_HOOK_CLI', '/run/user/1000/vscode-ipc-62931721-2e07-453d-9342-e9d493e31d93.sock'), ('ROS_PYTHON_VERSION', '3'), ('VSCODE_GIT_ASKPASS_MAIN', '/home/mimi/.vscode-server/bin/b3e4e68a0bc097f0ae7907b217c1119af9e03435/extensions/git/dist/askpass-main.js'), ('LC_MONETARY', 'th_TH.UTF-8'), ('VSCODE_GIT_ASKPASS_NODE', '/home/mimi/.vscode-server/bin/b3e4e68a0bc097f0ae7907b217c1119af9e03435/node'), ('DBUS_SESSION_BUS_ADDRESS', 'unix:path=/run/user/1000/bus'), ('COLORTERM', 'truecolor'), ('COLCON_PREFIX_PATH', '/home/mimi/mimi_ros2_ws/install'), ('ROS_DISTRO', 'humble'), ('LOGNAME', 'mimi'), ('_', '/usr/bin/colcon'), ('ROS_VERSION', '2'), ('XDG_SESSION_CLASS', 'user'), ('TERM', 'xterm-256color'), ('XDG_SESSION_ID', '2'), ('ROS_LOCALHOST_ONLY', '0'), ('PATH', '/home/mimi/.vscode-server/bin/b3e4e68a0bc097f0ae7907b217c1119af9e03435/bin/remote-cli:/home/mimi/.local/bin:/opt/ros/humble/bin:/usr/local/sbin:/usr/local/bin:/usr/sbin:/usr/bin:/sbin:/bin:/usr/games:/usr/local/games:/snap/bin'), ('LC_ADDRESS', 'th_TH.UTF-8'), ('XDG_RUNTIME_DIR', '/run/user/1000'), ('LANG', 'en_US.UTF-8'), ('LC_TELEPHONE', 'th_TH.UTF-8'), ('LS_COLORS', ''), ('VSCODE_GIT_IPC_HANDLE', '/run/user/1000/vscode-git-bb3d78543e.sock'), ('TERM_PROGRAM', 'vscode'), ('AMENT_PREFIX_PATH', '/home/mimi/mimi_ros2_ws/install/mimi_head:/opt/ros/humble'), ('SHELL', '/bin/bash'), ('LC_NAME', 'th_TH.UTF-8'), ('LESSCLOSE', '/usr/bin/lesspipe %s %s'), ('LC_MEASUREMENT', 'th_TH.UTF-8'), ('LC_IDENTIFICATION', 'th_TH.UTF-8'), ('VSCODE_GIT_ASKPASS_EXTRA_ARGS', ''), ('PWD', '/home/mimi/mimi_ros2_ws/build/mimi_head'), ('SSH_CONNECTION', '192.168.1.102 59355 192.168.1.100 22'), ('XDG_DATA_DIRS', '/usr/share/gnome:/usr/local/share:/usr/share:/var/lib/snapd/desktop'), ('PYTHONPATH', '/home/mimi/mimi_ros2_ws/install/mimi_head/local/lib/python3.10/dist-packages:/opt/ros/humble/lib/python3.10/site-packages:/opt/ros/humble/local/lib/python3.10/dist-packages'), ('LC_NUMERIC', 'th_TH.UTF-8'), ('LC_PAPER', 'th_TH.UTF-8'), ('COLCON', '1'), ('CMAKE_PREFIX_PATH', '/home/mimi/mimi_ros2_ws/install/mimi_head:/opt/ros/humble')]), 'shell': False}
[0.194184] (-) TimerEvent: {}
[0.295203] (-) TimerEvent: {}
[0.396183] (-) TimerEvent: {}
[0.497137] (-) TimerEvent: {}
[0.598284] (-) TimerEvent: {}
[0.699359] (-) TimerEvent: {}
[0.711556] (mimi_head) StdoutLine: {'line': b'[  2%] Built target mimi_head__cpp\n'}
[0.734713] (mimi_head) StdoutLine: {'line': b'[ 10%] Built target mimi_head__rosidl_generator_c\n'}
[0.752903] (mimi_head) StdoutLine: {'line': b'[ 10%] Built target ament_cmake_python_symlink_mimi_head\n'}
[0.800555] (-) TimerEvent: {}
[0.856591] (mimi_head) StdoutLine: {'line': b'[ 16%] Built target mimi_monitor\n'}
[0.899783] (mimi_head) StdoutLine: {'line': b'[ 24%] Built target mimi_head__rosidl_typesupport_cpp\n'}
[0.900696] (-) TimerEvent: {}
[0.928808] (mimi_head) StdoutLine: {'line': b'[ 32%] Built target mimi_head__rosidl_typesupport_fastrtps_cpp\n'}
[0.954085] (mimi_head) StdoutLine: {'line': b'[ 40%] Built target mimi_head__rosidl_typesupport_introspection_c\n'}
[1.001508] (-) TimerEvent: {}
[1.080690] (mimi_head) StdoutLine: {'line': b'[ 48%] Built target mimi_head__rosidl_typesupport_c\n'}
[1.102041] (-) TimerEvent: {}
[1.132225] (mimi_head) StdoutLine: {'line': b'\x1b[35m\x1b[1mConsolidate compiler generated dependencies of target mimi_camera\x1b[0m\n'}
[1.154914] (mimi_head) StdoutLine: {'line': b'[ 56%] Built target mimi_head__rosidl_typesupport_introspection_cpp\n'}
[1.202826] (-) TimerEvent: {}
[1.306881] (-) TimerEvent: {}
[1.374106] (mimi_head) StdoutLine: {'line': b'[ 62%] Built target mimi_head_movement\n'}
[1.399215] (mimi_head) StdoutLine: {'line': b'[ 70%] Built target mimi_head__rosidl_typesupport_fastrtps_c\n'}
[1.407055] (-) TimerEvent: {}
[1.480031] (mimi_head) StdoutLine: {'line': b'[ 72%] \x1b[32mBuilding CXX object CMakeFiles/mimi_camera.dir/src/mimi_camera.cpp.o\x1b[0m\n'}
[1.510747] (-) TimerEvent: {}
[1.562140] (mimi_head) StdoutLine: {'line': b'[ 72%] Built target mimi_head\n'}
[1.611155] (-) TimerEvent: {}
[1.714710] (-) TimerEvent: {}
[1.768073] (mimi_head) StdoutLine: {'line': b'[ 75%] Built target mimi_head__py\n'}
[1.814935] (-) TimerEvent: {}
[1.916092] (-) TimerEvent: {}
[2.006989] (mimi_head) StdoutLine: {'line': b'[ 81%] Built target mimi_head__rosidl_generator_py\n'}
[2.016337] (-) TimerEvent: {}
[2.119431] (-) TimerEvent: {}
[2.230769] (-) TimerEvent: {}
[2.266892] (mimi_head) StdoutLine: {'line': b'[ 86%] Built target mimi_head__rosidl_typesupport_fastrtps_c__pyext\n'}
[2.291119] (mimi_head) StdoutLine: {'line': b'[ 91%] Built target mimi_head__rosidl_typesupport_introspection_c__pyext\n'}
[2.330995] (-) TimerEvent: {}
[2.433477] (-) TimerEvent: {}
[2.518112] (mimi_head) StdoutLine: {'line': b'[ 97%] Built target mimi_head__rosidl_typesupport_c__pyext\n'}
[2.533880] (-) TimerEvent: {}
[2.636141] (-) TimerEvent: {}
[2.737067] (-) TimerEvent: {}
[2.837968] (-) TimerEvent: {}
[2.938930] (-) TimerEvent: {}
[3.040084] (-) TimerEvent: {}
[3.141147] (-) TimerEvent: {}
[3.242114] (-) TimerEvent: {}
[3.343421] (-) TimerEvent: {}
[3.444548] (-) TimerEvent: {}
[3.551324] (-) TimerEvent: {}
[3.675226] (-) TimerEvent: {}
[3.776398] (-) TimerEvent: {}
[3.877567] (-) TimerEvent: {}
[3.978538] (-) TimerEvent: {}
[4.079435] (-) TimerEvent: {}
[4.182861] (-) TimerEvent: {}
[4.212290] (mimi_head) StdoutLine: {'line': b'running egg_info\n'}
[4.218579] (mimi_head) StdoutLine: {'line': b'writing mimi_head.egg-info/PKG-INFO\n'}
[4.223718] (mimi_head) StdoutLine: {'line': b'writing dependency_links to mimi_head.egg-info/dependency_links.txt\n'}
[4.235111] (mimi_head) StdoutLine: {'line': b'writing top-level names to mimi_head.egg-info/top_level.txt\n'}
[4.271021] (mimi_head) StdoutLine: {'line': b"reading manifest file 'mimi_head.egg-info/SOURCES.txt'\n"}
[4.272464] (mimi_head) StdoutLine: {'line': b"writing manifest file 'mimi_head.egg-info/SOURCES.txt'\n"}
[4.293030] (-) TimerEvent: {}
[4.398098] (-) TimerEvent: {}
[4.505756] (-) TimerEvent: {}
[4.523707] (mimi_head) StdoutLine: {'line': b'[ 97%] Built target ament_cmake_python_build_mimi_head_egg\n'}
[4.606001] (-) TimerEvent: {}
[4.707042] (-) TimerEvent: {}
[4.808187] (-) TimerEvent: {}
[4.909508] (-) TimerEvent: {}
[5.010615] (-) TimerEvent: {}
[5.111575] (-) TimerEvent: {}
[5.212695] (-) TimerEvent: {}
[5.318039] (-) TimerEvent: {}
[5.419452] (-) TimerEvent: {}
[5.520528] (-) TimerEvent: {}
[5.622105] (-) TimerEvent: {}
[5.723487] (-) TimerEvent: {}
[5.824535] (-) TimerEvent: {}
[5.925444] (-) TimerEvent: {}
[6.026390] (-) TimerEvent: {}
[6.127861] (-) TimerEvent: {}
[6.229253] (-) TimerEvent: {}
[6.330610] (-) TimerEvent: {}
[6.432357] (-) TimerEvent: {}
[6.533420] (-) TimerEvent: {}
[6.634633] (-) TimerEvent: {}
[6.735907] (-) TimerEvent: {}
[6.836980] (-) TimerEvent: {}
[6.937859] (-) TimerEvent: {}
[7.042763] (-) TimerEvent: {}
[7.144296] (-) TimerEvent: {}
[7.245822] (-) TimerEvent: {}
[7.346969] (-) TimerEvent: {}
[7.447989] (-) TimerEvent: {}
[7.548997] (-) TimerEvent: {}
[7.650303] (-) TimerEvent: {}
[7.753135] (-) TimerEvent: {}
[7.856632] (-) TimerEvent: {}
[7.957726] (-) TimerEvent: {}
[8.058890] (-) TimerEvent: {}
[8.160412] (-) TimerEvent: {}
[8.262250] (-) TimerEvent: {}
[8.363821] (-) TimerEvent: {}
[8.465312] (-) TimerEvent: {}
[8.567025] (-) TimerEvent: {}
[8.668589] (-) TimerEvent: {}
[8.773915] (-) TimerEvent: {}
[8.875451] (-) TimerEvent: {}
[8.976788] (-) TimerEvent: {}
[9.078751] (-) TimerEvent: {}
[9.185121] (-) TimerEvent: {}
[9.286189] (-) TimerEvent: {}
[9.387235] (-) TimerEvent: {}
[9.488277] (-) TimerEvent: {}
[9.589303] (-) TimerEvent: {}
[9.690351] (-) TimerEvent: {}
[9.791660] (-) TimerEvent: {}
[9.892696] (-) TimerEvent: {}
[9.993684] (-) TimerEvent: {}
[10.094728] (-) TimerEvent: {}
[10.195836] (-) TimerEvent: {}
[10.296813] (-) TimerEvent: {}
[10.397798] (-) TimerEvent: {}
[10.502729] (-) TimerEvent: {}
[10.603756] (-) TimerEvent: {}
[10.704852] (-) TimerEvent: {}
[10.806005] (-) TimerEvent: {}
[10.907243] (-) TimerEvent: {}
[11.008193] (-) TimerEvent: {}
[11.109172] (-) TimerEvent: {}
[11.210461] (-) TimerEvent: {}
[11.311844] (-) TimerEvent: {}
[11.412839] (-) TimerEvent: {}
[11.513979] (-) TimerEvent: {}
[11.616669] (-) TimerEvent: {}
[11.717918] (-) TimerEvent: {}
[11.818878] (-) TimerEvent: {}
[11.920970] (-) TimerEvent: {}
[12.021985] (-) TimerEvent: {}
[12.123017] (-) TimerEvent: {}
[12.224146] (-) TimerEvent: {}
[12.325354] (-) TimerEvent: {}
[12.426357] (-) TimerEvent: {}
[12.527430] (-) TimerEvent: {}
[12.628371] (-) TimerEvent: {}
[12.729520] (-) TimerEvent: {}
[12.830651] (-) TimerEvent: {}
[12.931806] (-) TimerEvent: {}
[13.032703] (-) TimerEvent: {}
[13.133826] (-) TimerEvent: {}
[13.234834] (-) TimerEvent: {}
[13.336156] (-) TimerEvent: {}
[13.437043] (-) TimerEvent: {}
[13.537928] (-) TimerEvent: {}
[13.639071] (-) TimerEvent: {}
[13.740062] (-) TimerEvent: {}
[13.841689] (-) TimerEvent: {}
[13.942719] (-) TimerEvent: {}
[14.043626] (-) TimerEvent: {}
[14.144557] (-) TimerEvent: {}
[14.245609] (-) TimerEvent: {}
[14.346666] (-) TimerEvent: {}
[14.447665] (-) TimerEvent: {}
[14.548934] (-) TimerEvent: {}
[14.650334] (-) TimerEvent: {}
[14.755138] (-) TimerEvent: {}
[14.856339] (-) TimerEvent: {}
[14.957401] (-) TimerEvent: {}
[15.058252] (-) TimerEvent: {}
[15.159453] (-) TimerEvent: {}
[15.260660] (-) TimerEvent: {}
[15.362047] (-) TimerEvent: {}
[15.463203] (-) TimerEvent: {}
[15.564387] (-) TimerEvent: {}
[15.667198] (-) TimerEvent: {}
[15.769259] (-) TimerEvent: {}
[15.870197] (-) TimerEvent: {}
[15.971484] (-) TimerEvent: {}
[16.073112] (-) TimerEvent: {}
[16.174377] (-) TimerEvent: {}
[16.275441] (-) TimerEvent: {}
[16.376385] (-) TimerEvent: {}
[16.477285] (-) TimerEvent: {}
[16.578477] (-) TimerEvent: {}
[16.679819] (-) TimerEvent: {}
[16.781226] (-) TimerEvent: {}
[16.882284] (-) TimerEvent: {}
[16.983331] (-) TimerEvent: {}
[17.084426] (-) TimerEvent: {}
[17.185384] (-) TimerEvent: {}
[17.286361] (-) TimerEvent: {}
[17.387351] (-) TimerEvent: {}
[17.488200] (-) TimerEvent: {}
[17.589060] (-) TimerEvent: {}
[17.690044] (-) TimerEvent: {}
[17.791116] (-) TimerEvent: {}
[17.892326] (-) TimerEvent: {}
[17.993431] (-) TimerEvent: {}
[18.094397] (-) TimerEvent: {}
[18.195698] (-) TimerEvent: {}
[18.296689] (-) TimerEvent: {}
[18.397668] (-) TimerEvent: {}
[18.498614] (-) TimerEvent: {}
[18.599487] (-) TimerEvent: {}
[18.700457] (-) TimerEvent: {}
[18.801871] (-) TimerEvent: {}
[18.903755] (-) TimerEvent: {}
[19.005568] (-) TimerEvent: {}
[19.106585] (-) TimerEvent: {}
[19.207496] (-) TimerEvent: {}
[19.308500] (-) TimerEvent: {}
[19.409357] (-) TimerEvent: {}
[19.510210] (-) TimerEvent: {}
[19.611222] (-) TimerEvent: {}
[19.712133] (-) TimerEvent: {}
[19.813133] (-) TimerEvent: {}
[19.914049] (-) TimerEvent: {}
[20.014981] (-) TimerEvent: {}
[20.115807] (-) TimerEvent: {}
[20.216733] (-) TimerEvent: {}
[20.317722] (-) TimerEvent: {}
[20.418683] (-) TimerEvent: {}
[20.519667] (-) TimerEvent: {}
[20.620857] (-) TimerEvent: {}
[20.722321] (-) TimerEvent: {}
[20.823235] (-) TimerEvent: {}
[20.924216] (-) TimerEvent: {}
[21.025044] (-) TimerEvent: {}
[21.125961] (-) TimerEvent: {}
[21.226898] (-) TimerEvent: {}
[21.327716] (-) TimerEvent: {}
[21.428596] (-) TimerEvent: {}
[21.529474] (-) TimerEvent: {}
[21.630365] (-) TimerEvent: {}
[21.731276] (-) TimerEvent: {}
[21.832239] (-) TimerEvent: {}
[21.933234] (-) TimerEvent: {}
[22.034202] (-) TimerEvent: {}
[22.135261] (-) TimerEvent: {}
[22.236148] (-) TimerEvent: {}
[22.272983] (mimi_head) StderrLine: {'line': b'\x1b[01m\x1b[K/home/mimi/mimi_ros2_ws/src/mimi_head/src/mimi_camera.cpp:\x1b[m\x1b[K In function \xe2\x80\x98\x1b[01m\x1b[Kvoid sigint_handler(int)\x1b[m\x1b[K\xe2\x80\x99:\n'}
[22.292781] (mimi_head) StderrLine: {'line': b'\x1b[01m\x1b[K/home/mimi/mimi_ros2_ws/src/mimi_head/src/mimi_camera.cpp:283:25:\x1b[m\x1b[K \x1b[01;35m\x1b[Kwarning: \x1b[m\x1b[Kunused parameter \xe2\x80\x98\x1b[01m\x1b[Ksig\x1b[m\x1b[K\xe2\x80\x99 [\x1b[01;35m\x1b[K\x1b]8;;https://gcc.gnu.org/onlinedocs/gcc/Warning-Options.html#index-Wunused-parameter\x07-Wunused-parameter\x1b]8;;\x07\x1b[m\x1b[K]\n'}
[22.293533] (mimi_head) StderrLine: {'line': b'  283 | void sigint_handler(\x1b[01;35m\x1b[Kint sig\x1b[m\x1b[K)\n'}
[22.293987] (mimi_head) StderrLine: {'line': b'      |                     \x1b[01;35m\x1b[K~~~~^~~\x1b[m\x1b[K\n'}
[22.336337] (-) TimerEvent: {}
[22.437180] (-) TimerEvent: {}
[22.538181] (-) TimerEvent: {}
[22.639288] (-) TimerEvent: {}
[22.740301] (-) TimerEvent: {}
[22.841239] (-) TimerEvent: {}
[22.942228] (-) TimerEvent: {}
[23.043512] (-) TimerEvent: {}
[23.144378] (-) TimerEvent: {}
[23.245265] (-) TimerEvent: {}
[23.346102] (-) TimerEvent: {}
[23.446990] (-) TimerEvent: {}
[23.547817] (-) TimerEvent: {}
[23.648693] (-) TimerEvent: {}
[23.749552] (-) TimerEvent: {}
[23.850710] (-) TimerEvent: {}
[23.951678] (-) TimerEvent: {}
[24.052846] (-) TimerEvent: {}
[24.154078] (-) TimerEvent: {}
[24.255001] (-) TimerEvent: {}
[24.355870] (-) TimerEvent: {}
[24.456982] (-) TimerEvent: {}
[24.557792] (-) TimerEvent: {}
[24.658698] (-) TimerEvent: {}
[24.759519] (-) TimerEvent: {}
[24.860410] (-) TimerEvent: {}
[24.961246] (-) TimerEvent: {}
[25.062105] (-) TimerEvent: {}
[25.162992] (-) TimerEvent: {}
[25.263960] (-) TimerEvent: {}
[25.365046] (-) TimerEvent: {}
[25.465993] (-) TimerEvent: {}
[25.566878] (-) TimerEvent: {}
[25.667812] (-) TimerEvent: {}
[25.768875] (-) TimerEvent: {}
[25.869870] (-) TimerEvent: {}
[25.970805] (-) TimerEvent: {}
[26.071769] (-) TimerEvent: {}
[26.172815] (-) TimerEvent: {}
[26.273914] (-) TimerEvent: {}
[26.375029] (-) TimerEvent: {}
[26.475979] (-) TimerEvent: {}
[26.576823] (-) TimerEvent: {}
[26.677745] (-) TimerEvent: {}
[26.778710] (-) TimerEvent: {}
[26.879525] (-) TimerEvent: {}
[26.980413] (-) TimerEvent: {}
[27.084262] (-) TimerEvent: {}
[27.185410] (-) TimerEvent: {}
[27.286349] (-) TimerEvent: {}
[27.388087] (-) TimerEvent: {}
[27.491516] (-) TimerEvent: {}
[27.592389] (-) TimerEvent: {}
[27.693872] (-) TimerEvent: {}
[27.795312] (-) TimerEvent: {}
[27.897210] (-) TimerEvent: {}
[28.000480] (-) TimerEvent: {}
[28.101668] (-) TimerEvent: {}
[28.205197] (-) TimerEvent: {}
[28.306990] (-) TimerEvent: {}
[28.408449] (-) TimerEvent: {}
[28.534819] (-) TimerEvent: {}
[28.732442] (-) TimerEvent: {}
[28.833783] (-) TimerEvent: {}
[29.058078] (-) TimerEvent: {}
[29.461613] (-) TimerEvent: {}
[29.563906] (-) TimerEvent: {}
[29.665880] (-) TimerEvent: {}
[29.767460] (-) TimerEvent: {}
[29.869060] (-) TimerEvent: {}
[29.970852] (-) TimerEvent: {}
[30.121856] (-) TimerEvent: {}
[30.380699] (-) TimerEvent: {}
[31.198939] (-) TimerEvent: {}
[31.300150] (-) TimerEvent: {}
[31.561202] (-) TimerEvent: {}
[32.255192] (-) TimerEvent: {}
[32.357083] (-) TimerEvent: {}
[32.458271] (-) TimerEvent: {}
[32.559730] (-) TimerEvent: {}
[32.661583] (-) TimerEvent: {}
[32.763765] (-) TimerEvent: {}
[32.864955] (-) TimerEvent: {}
[32.966236] (-) TimerEvent: {}
[33.095211] (-) TimerEvent: {}
[33.197669] (-) TimerEvent: {}
[33.298654] (-) TimerEvent: {}
[33.399778] (-) TimerEvent: {}
[33.501054] (-) TimerEvent: {}
[33.685293] (-) TimerEvent: {}
[33.807553] (-) TimerEvent: {}
[33.908461] (-) TimerEvent: {}
[34.131017] (-) TimerEvent: {}
[34.232323] (-) TimerEvent: {}
[34.333833] (-) TimerEvent: {}
[34.435673] (-) TimerEvent: {}
[34.537891] (-) TimerEvent: {}
[34.639247] (-) TimerEvent: {}
[34.740310] (-) TimerEvent: {}
[34.841602] (-) TimerEvent: {}
[34.942916] (-) TimerEvent: {}
[35.043952] (-) TimerEvent: {}
[35.144846] (-) TimerEvent: {}
[35.245751] (-) TimerEvent: {}
[35.375154] (-) TimerEvent: {}
[35.477677] (-) TimerEvent: {}
[35.578959] (-) TimerEvent: {}
[35.680235] (-) TimerEvent: {}
[35.781968] (-) TimerEvent: {}
[35.884277] (-) TimerEvent: {}
[35.986203] (-) TimerEvent: {}
[36.087465] (-) TimerEvent: {}
[36.188757] (-) TimerEvent: {}
[36.289974] (-) TimerEvent: {}
[36.863583] (-) TimerEvent: {}
[41.174969] (-) TimerEvent: {}
[42.983682] (-) TimerEvent: {}
[44.115806] (-) TimerEvent: {}
[44.953043] (-) TimerEvent: {}
[45.117584] (-) TimerEvent: {}
[45.219592] (-) TimerEvent: {}
[45.320556] (-) TimerEvent: {}
[45.421436] (-) TimerEvent: {}
[45.886243] (-) TimerEvent: {}
[47.550264] (-) TimerEvent: {}
[51.992856] (-) TimerEvent: {}
[52.710993] (-) TimerEvent: {}
[52.873883] (-) TimerEvent: {}
[52.974743] (-) TimerEvent: {}
[53.075761] (-) TimerEvent: {}
[53.176970] (-) TimerEvent: {}
[53.277912] (-) TimerEvent: {}
[53.379143] (-) TimerEvent: {}
[53.480807] (-) TimerEvent: {}
[53.581866] (-) TimerEvent: {}
[53.682999] (-) TimerEvent: {}
[53.784471] (-) TimerEvent: {}
[53.885764] (-) TimerEvent: {}
[53.987191] (-) TimerEvent: {}
[54.088381] (-) TimerEvent: {}
[54.189425] (-) TimerEvent: {}
[54.290690] (-) TimerEvent: {}
[54.392281] (-) TimerEvent: {}
[54.493408] (-) TimerEvent: {}
[54.594419] (-) TimerEvent: {}
[54.696198] (-) TimerEvent: {}
[54.797811] (-) TimerEvent: {}
[54.898741] (-) TimerEvent: {}
[54.999682] (-) TimerEvent: {}
[55.100814] (-) TimerEvent: {}
[55.202283] (-) TimerEvent: {}
[55.304313] (-) TimerEvent: {}
[55.405787] (-) TimerEvent: {}
[55.507102] (-) TimerEvent: {}
[55.608234] (-) TimerEvent: {}
[55.709487] (-) TimerEvent: {}
[55.810481] (-) TimerEvent: {}
[55.911556] (-) TimerEvent: {}
[56.012712] (-) TimerEvent: {}
[56.113909] (-) TimerEvent: {}
[56.215220] (-) TimerEvent: {}
[56.316288] (-) TimerEvent: {}
[56.417246] (-) TimerEvent: {}
[56.518174] (-) TimerEvent: {}
[56.619501] (-) TimerEvent: {}
[56.720738] (-) TimerEvent: {}
[56.821637] (-) TimerEvent: {}
[56.923086] (-) TimerEvent: {}
[57.024421] (-) TimerEvent: {}
[57.126423] (-) TimerEvent: {}
[57.227456] (-) TimerEvent: {}
[57.329059] (-) TimerEvent: {}
[57.430700] (-) TimerEvent: {}
[57.531643] (-) TimerEvent: {}
[57.632907] (-) TimerEvent: {}
[57.734352] (-) TimerEvent: {}
[57.835256] (-) TimerEvent: {}
[57.936256] (-) TimerEvent: {}
[58.037379] (-) TimerEvent: {}
[58.138545] (-) TimerEvent: {}
[58.239710] (-) TimerEvent: {}
[58.340972] (-) TimerEvent: {}
[58.441847] (-) TimerEvent: {}
[58.543045] (-) TimerEvent: {}
[58.644718] (-) TimerEvent: {}
[58.745765] (-) TimerEvent: {}
[58.846932] (-) TimerEvent: {}
[58.947977] (-) TimerEvent: {}
[59.048928] (-) TimerEvent: {}
[59.155290] (-) TimerEvent: {}
[59.256395] (-) TimerEvent: {}
[59.357296] (-) TimerEvent: {}
[59.458676] (-) TimerEvent: {}
[59.559850] (-) TimerEvent: {}
[59.660817] (-) TimerEvent: {}
[59.761699] (-) TimerEvent: {}
[59.862769] (-) TimerEvent: {}
[59.964013] (-) TimerEvent: {}
[60.065148] (-) TimerEvent: {}
[60.165954] (-) TimerEvent: {}
[60.267005] (-) TimerEvent: {}
[60.368369] (-) TimerEvent: {}
[60.470073] (-) TimerEvent: {}
[60.571111] (-) TimerEvent: {}
[60.705226] (-) TimerEvent: {}
[60.806285] (-) TimerEvent: {}
[60.907463] (-) TimerEvent: {}
[61.008577] (-) TimerEvent: {}
[61.110208] (-) TimerEvent: {}
[61.212364] (-) TimerEvent: {}
[61.313332] (-) TimerEvent: {}
[61.414369] (-) TimerEvent: {}
[61.515438] (-) TimerEvent: {}
[61.616387] (-) TimerEvent: {}
[61.717398] (-) TimerEvent: {}
[61.818621] (-) TimerEvent: {}
[61.919616] (-) TimerEvent: {}
[62.020782] (-) TimerEvent: {}
[62.121994] (-) TimerEvent: {}
[62.223538] (-) TimerEvent: {}
[62.325133] (-) TimerEvent: {}
[62.426151] (-) TimerEvent: {}
[62.527420] (-) TimerEvent: {}
[62.628724] (-) TimerEvent: {}
[62.730001] (-) TimerEvent: {}
[62.831151] (-) TimerEvent: {}
[62.932469] (-) TimerEvent: {}
[63.034137] (-) TimerEvent: {}
[63.135080] (-) TimerEvent: {}
[63.236611] (-) TimerEvent: {}
[63.337832] (-) TimerEvent: {}
[63.438648] (-) TimerEvent: {}
[63.556839] (-) TimerEvent: {}
[63.658052] (-) TimerEvent: {}
[63.759637] (-) TimerEvent: {}
[63.860869] (-) TimerEvent: {}
[63.962265] (-) TimerEvent: {}
[64.063760] (-) TimerEvent: {}
[64.165498] (-) TimerEvent: {}
[64.267116] (-) TimerEvent: {}
[64.368161] (-) TimerEvent: {}
[64.469276] (-) TimerEvent: {}
[64.570187] (-) TimerEvent: {}
[64.671298] (-) TimerEvent: {}
[64.772510] (-) TimerEvent: {}
[64.873322] (-) TimerEvent: {}
[64.974232] (-) TimerEvent: {}
[65.075331] (-) TimerEvent: {}
[65.176459] (-) TimerEvent: {}
[65.278218] (-) TimerEvent: {}
[65.390744] (-) TimerEvent: {}
[65.491638] (-) TimerEvent: {}
[65.592623] (-) TimerEvent: {}
[65.693481] (-) TimerEvent: {}
[65.795374] (-) TimerEvent: {}
[65.896274] (-) TimerEvent: {}
[65.997306] (-) TimerEvent: {}
[66.098267] (-) TimerEvent: {}
[66.199271] (-) TimerEvent: {}
[66.300216] (-) TimerEvent: {}
[66.401274] (-) TimerEvent: {}
[66.502844] (-) TimerEvent: {}
[66.604227] (-) TimerEvent: {}
[66.707322] (-) TimerEvent: {}
[66.812424] (-) TimerEvent: {}
[66.913331] (-) TimerEvent: {}
[67.014373] (-) TimerEvent: {}
[67.115483] (-) TimerEvent: {}
[67.216333] (-) TimerEvent: {}
[67.317365] (-) TimerEvent: {}
[67.418301] (-) TimerEvent: {}
[67.519427] (-) TimerEvent: {}
[67.620570] (-) TimerEvent: {}
[67.721586] (-) TimerEvent: {}
[67.822744] (-) TimerEvent: {}
[67.924923] (-) TimerEvent: {}
[68.027249] (-) TimerEvent: {}
[68.128385] (-) TimerEvent: {}
[68.229950] (-) TimerEvent: {}
[68.330974] (-) TimerEvent: {}
[68.431916] (-) TimerEvent: {}
[68.533058] (-) TimerEvent: {}
[68.634294] (-) TimerEvent: {}
[68.735489] (-) TimerEvent: {}
[68.836413] (-) TimerEvent: {}
[68.937467] (-) TimerEvent: {}
[69.038682] (-) TimerEvent: {}
[69.139619] (-) TimerEvent: {}
[69.241506] (-) TimerEvent: {}
[69.390144] (-) TimerEvent: {}
[69.491247] (-) TimerEvent: {}
[69.592263] (-) TimerEvent: {}
[69.693636] (-) TimerEvent: {}
[69.794817] (-) TimerEvent: {}
[69.896209] (-) TimerEvent: {}
[69.997429] (-) TimerEvent: {}
[70.098746] (-) TimerEvent: {}
[70.199925] (-) TimerEvent: {}
[70.300900] (-) TimerEvent: {}
[70.402116] (-) TimerEvent: {}
[70.503652] (-) TimerEvent: {}
[70.605754] (-) TimerEvent: {}
[70.706732] (-) TimerEvent: {}
[70.807855] (-) TimerEvent: {}
[70.908880] (-) TimerEvent: {}
[71.009908] (-) TimerEvent: {}
[71.111521] (-) TimerEvent: {}
[71.213078] (-) TimerEvent: {}
[71.314177] (-) TimerEvent: {}
[71.415295] (-) TimerEvent: {}
[71.516482] (-) TimerEvent: {}
[71.617563] (-) TimerEvent: {}
[71.718414] (-) TimerEvent: {}
[71.819635] (-) TimerEvent: {}
[71.921076] (-) TimerEvent: {}
[72.022968] (-) TimerEvent: {}
[72.124118] (-) TimerEvent: {}
[72.226008] (-) TimerEvent: {}
[72.328007] (-) TimerEvent: {}
[72.429793] (-) TimerEvent: {}
[72.547042] (-) TimerEvent: {}
[72.648260] (-) TimerEvent: {}
[72.749805] (-) TimerEvent: {}
[72.851451] (-) TimerEvent: {}
[72.953450] (-) TimerEvent: {}
[73.056094] (-) TimerEvent: {}
[73.157374] (-) TimerEvent: {}
[73.258974] (-) TimerEvent: {}
[73.384980] (-) TimerEvent: {}
[73.487390] (-) TimerEvent: {}
[73.589230] (-) TimerEvent: {}
[73.690555] (-) TimerEvent: {}
[73.791690] (-) TimerEvent: {}
[73.893043] (-) TimerEvent: {}
[73.994703] (-) TimerEvent: {}
[74.096093] (-) TimerEvent: {}
[74.197514] (-) TimerEvent: {}
[74.299132] (-) TimerEvent: {}
[74.413889] (-) TimerEvent: {}
[74.514777] (-) TimerEvent: {}
[74.616125] (-) TimerEvent: {}
[74.717494] (-) TimerEvent: {}
[74.819119] (-) TimerEvent: {}
[74.920680] (-) TimerEvent: {}
[75.022054] (-) TimerEvent: {}
[75.123784] (-) TimerEvent: {}
[75.225830] (-) TimerEvent: {}
[75.327669] (-) TimerEvent: {}
[75.429160] (-) TimerEvent: {}
[75.530422] (-) TimerEvent: {}
[75.631818] (-) TimerEvent: {}
[75.733744] (-) TimerEvent: {}
[75.836346] (-) TimerEvent: {}
[75.937530] (-) TimerEvent: {}
[76.038778] (-) TimerEvent: {}
[76.148787] (-) TimerEvent: {}
[76.250691] (-) TimerEvent: {}
[76.351768] (-) TimerEvent: {}
[76.452701] (-) TimerEvent: {}
[76.553799] (-) TimerEvent: {}
[76.663781] (-) TimerEvent: {}
[76.764977] (-) TimerEvent: {}
[76.866072] (-) TimerEvent: {}
[76.967807] (-) TimerEvent: {}
[77.084854] (-) TimerEvent: {}
[77.186345] (-) TimerEvent: {}
[77.287664] (-) TimerEvent: {}
[77.389307] (-) TimerEvent: {}
[77.491256] (-) TimerEvent: {}
[77.592659] (-) TimerEvent: {}
[77.693889] (-) TimerEvent: {}
[77.795152] (-) TimerEvent: {}
[77.897208] (-) TimerEvent: {}
[77.999951] (-) TimerEvent: {}
[78.101359] (-) TimerEvent: {}
[78.203025] (-) TimerEvent: {}
[78.305389] (-) TimerEvent: {}
[78.407388] (-) TimerEvent: {}
[78.508581] (-) TimerEvent: {}
[78.610096] (-) TimerEvent: {}
[78.712481] (-) TimerEvent: {}
[78.813858] (-) TimerEvent: {}
[78.922220] (-) TimerEvent: {}
[79.024046] (-) TimerEvent: {}
[79.125898] (-) TimerEvent: {}
[79.227175] (-) TimerEvent: {}
[79.328717] (-) TimerEvent: {}
[79.429836] (-) TimerEvent: {}
[79.531487] (-) TimerEvent: {}
[79.652133] (-) TimerEvent: {}
[79.753253] (-) TimerEvent: {}
[79.854390] (-) TimerEvent: {}
[79.971104] (-) TimerEvent: {}
[80.073018] (-) TimerEvent: {}
[80.174322] (-) TimerEvent: {}
[80.276718] (-) TimerEvent: {}
[80.378697] (-) TimerEvent: {}
[80.479738] (-) TimerEvent: {}
[80.581404] (-) TimerEvent: {}
[80.683042] (-) TimerEvent: {}
[80.784777] (-) TimerEvent: {}
[80.887318] (-) TimerEvent: {}
[80.988729] (-) TimerEvent: {}
[81.090260] (-) TimerEvent: {}
[81.192682] (-) TimerEvent: {}
[81.294217] (-) TimerEvent: {}
[81.395527] (-) TimerEvent: {}
[81.501286] (-) TimerEvent: {}
[81.602761] (-) TimerEvent: {}
[81.705172] (-) TimerEvent: {}
[81.807097] (-) TimerEvent: {}
[81.908338] (-) TimerEvent: {}
[82.010021] (-) TimerEvent: {}
[82.111513] (-) TimerEvent: {}
[82.212816] (-) TimerEvent: {}
[82.314090] (-) TimerEvent: {}
[82.415705] (-) TimerEvent: {}
[82.517569] (-) TimerEvent: {}
[82.619806] (-) TimerEvent: {}
[82.721037] (-) TimerEvent: {}
[82.822784] (-) TimerEvent: {}
[82.924535] (-) TimerEvent: {}
[83.025821] (-) TimerEvent: {}
[83.127187] (-) TimerEvent: {}
[83.228411] (-) TimerEvent: {}
[83.330015] (-) TimerEvent: {}
[83.432349] (-) TimerEvent: {}
[83.533706] (-) TimerEvent: {}
[83.635452] (-) TimerEvent: {}
[83.737352] (-) TimerEvent: {}
[83.838307] (-) TimerEvent: {}
[83.939460] (-) TimerEvent: {}
[84.040766] (-) TimerEvent: {}
[84.142037] (-) TimerEvent: {}
[84.243808] (-) TimerEvent: {}
[84.345417] (-) TimerEvent: {}
[84.446974] (-) TimerEvent: {}
[84.548285] (-) TimerEvent: {}
[84.649644] (-) TimerEvent: {}
[84.750756] (-) TimerEvent: {}
[84.852151] (-) TimerEvent: {}
[84.953887] (-) TimerEvent: {}
[85.055383] (-) TimerEvent: {}
[85.157324] (-) TimerEvent: {}
[85.259244] (-) TimerEvent: {}
[85.361119] (-) TimerEvent: {}
[85.462321] (-) TimerEvent: {}
[85.563816] (-) TimerEvent: {}
[85.665161] (-) TimerEvent: {}
[85.766562] (-) TimerEvent: {}
[85.869283] (-) TimerEvent: {}
[85.971246] (-) TimerEvent: {}
[86.072337] (-) TimerEvent: {}
[86.173740] (-) TimerEvent: {}
[86.275159] (-) TimerEvent: {}
[86.376471] (-) TimerEvent: {}
[86.478342] (-) TimerEvent: {}
[86.580567] (-) TimerEvent: {}
[86.681730] (-) TimerEvent: {}
[86.783003] (-) TimerEvent: {}
[86.884254] (-) TimerEvent: {}
[86.985850] (-) TimerEvent: {}
[87.087127] (-) TimerEvent: {}
[87.188588] (-) TimerEvent: {}
[87.289839] (-) TimerEvent: {}
[87.391295] (-) TimerEvent: {}
[87.492801] (-) TimerEvent: {}
[87.593922] (-) TimerEvent: {}
[87.695226] (-) TimerEvent: {}
[87.796735] (-) TimerEvent: {}
[87.898423] (-) TimerEvent: {}
[88.000032] (-) TimerEvent: {}
[88.101325] (-) TimerEvent: {}
[88.203464] (-) TimerEvent: {}
[88.305302] (-) TimerEvent: {}
[88.406674] (-) TimerEvent: {}
[88.542731] (-) TimerEvent: {}
[88.644059] (-) TimerEvent: {}
[88.745182] (-) TimerEvent: {}
[88.847270] (-) TimerEvent: {}
[88.949426] (-) TimerEvent: {}
[89.050725] (-) TimerEvent: {}
[89.152463] (-) TimerEvent: {}
[89.254402] (-) TimerEvent: {}
[89.355942] (-) TimerEvent: {}
[89.457592] (-) TimerEvent: {}
[89.558436] (-) TimerEvent: {}
[89.680307] (-) TimerEvent: {}
[89.782360] (-) TimerEvent: {}
[89.884386] (-) TimerEvent: {}
[89.985465] (-) TimerEvent: {}
[90.086900] (-) TimerEvent: {}
[90.188660] (-) TimerEvent: {}
[90.289684] (-) TimerEvent: {}
[90.390896] (-) TimerEvent: {}
[90.492394] (-) TimerEvent: {}
[90.594632] (-) TimerEvent: {}
[90.696507] (-) TimerEvent: {}
[90.824048] (-) TimerEvent: {}
[90.970853] (-) TimerEvent: {}
[91.072362] (-) TimerEvent: {}
[91.174277] (-) TimerEvent: {}
[91.276006] (-) TimerEvent: {}
[91.377425] (-) TimerEvent: {}
[91.479094] (-) TimerEvent: {}
[91.581317] (-) TimerEvent: {}
[91.684153] (-) TimerEvent: {}
[91.785672] (-) TimerEvent: {}
[91.887474] (-) TimerEvent: {}
[91.989050] (-) TimerEvent: {}
[92.090506] (-) TimerEvent: {}
[92.191847] (-) TimerEvent: {}
[92.292991] (-) TimerEvent: {}
[92.394313] (-) TimerEvent: {}
[92.496253] (-) TimerEvent: {}
[92.597582] (-) TimerEvent: {}
[92.698887] (-) TimerEvent: {}
[92.800489] (-) TimerEvent: {}
[92.901634] (-) TimerEvent: {}
[93.003187] (-) TimerEvent: {}
[93.105397] (-) TimerEvent: {}
[93.206847] (-) TimerEvent: {}
[93.308257] (-) TimerEvent: {}
[93.410562] (-) TimerEvent: {}
[93.512405] (-) TimerEvent: {}
[93.613661] (-) TimerEvent: {}
[93.731604] (-) TimerEvent: {}
[93.832907] (-) TimerEvent: {}
[93.934556] (-) TimerEvent: {}
[94.036057] (-) TimerEvent: {}
[94.137291] (-) TimerEvent: {}
[94.239126] (-) TimerEvent: {}
[94.341031] (-) TimerEvent: {}
[94.442060] (-) TimerEvent: {}
[94.543139] (-) TimerEvent: {}
[94.644732] (-) TimerEvent: {}
[94.745932] (-) TimerEvent: {}
[94.847152] (-) TimerEvent: {}
[94.948535] (-) TimerEvent: {}
[95.049943] (-) TimerEvent: {}
[95.151288] (-) TimerEvent: {}
[95.252623] (-) TimerEvent: {}
[95.354476] (-) TimerEvent: {}
[95.456519] (-) TimerEvent: {}
[95.558258] (-) TimerEvent: {}
[95.659448] (-) TimerEvent: {}
[95.760674] (-) TimerEvent: {}
[95.862505] (-) TimerEvent: {}
[95.964398] (-) TimerEvent: {}
[96.065488] (-) TimerEvent: {}
[96.166936] (-) TimerEvent: {}
[96.268250] (-) TimerEvent: {}
[96.369767] (-) TimerEvent: {}
[96.471725] (-) TimerEvent: {}
[96.573646] (-) TimerEvent: {}
[96.674904] (-) TimerEvent: {}
[96.776159] (-) TimerEvent: {}
[96.877993] (-) TimerEvent: {}
[96.980007] (-) TimerEvent: {}
[97.081199] (-) TimerEvent: {}
[97.182915] (-) TimerEvent: {}
[97.284823] (-) TimerEvent: {}
[97.386138] (-) TimerEvent: {}
[97.488983] (-) TimerEvent: {}
[97.591693] (-) TimerEvent: {}
[97.693371] (-) TimerEvent: {}
[97.794607] (-) TimerEvent: {}
[97.896348] (-) TimerEvent: {}
[97.998245] (-) TimerEvent: {}
[98.100265] (-) TimerEvent: {}
[98.201476] (-) TimerEvent: {}
[98.302917] (-) TimerEvent: {}
[98.404659] (-) TimerEvent: {}
[98.506150] (-) TimerEvent: {}
[98.608070] (-) TimerEvent: {}
[98.709157] (-) TimerEvent: {}
[98.810771] (-) TimerEvent: {}
[98.929497] (-) TimerEvent: {}
[99.031050] (-) TimerEvent: {}
[99.132334] (-) TimerEvent: {}
[99.234004] (-) TimerEvent: {}
[99.336586] (-) TimerEvent: {}
[99.440025] (-) TimerEvent: {}
[99.541277] (-) TimerEvent: {}
[99.652899] (-) TimerEvent: {}
[99.754882] (-) TimerEvent: {}
[99.857126] (-) TimerEvent: {}
[99.959544] (-) TimerEvent: {}
[100.061194] (-) TimerEvent: {}
[100.162587] (-) TimerEvent: {}
[100.264245] (-) TimerEvent: {}
[100.365871] (-) TimerEvent: {}
[100.480127] (-) TimerEvent: {}
[100.581366] (-) TimerEvent: {}
[100.682956] (-) TimerEvent: {}
[100.784563] (-) TimerEvent: {}
[100.885707] (-) TimerEvent: {}
[100.987128] (-) TimerEvent: {}
[101.088840] (-) TimerEvent: {}
[101.190864] (-) TimerEvent: {}
[101.292095] (-) TimerEvent: {}
[101.393507] (-) TimerEvent: {}
[101.495576] (-) TimerEvent: {}
[101.596737] (-) TimerEvent: {}
[101.698036] (-) TimerEvent: {}
[101.799737] (-) TimerEvent: {}
[101.913742] (-) TimerEvent: {}
[102.015005] (-) TimerEvent: {}
[102.116562] (-) TimerEvent: {}
[102.217757] (-) TimerEvent: {}
[102.319078] (-) TimerEvent: {}
[102.420576] (-) TimerEvent: {}
[102.522317] (-) TimerEvent: {}
[102.624382] (-) TimerEvent: {}
[102.725667] (-) TimerEvent: {}
[102.844262] (-) TimerEvent: {}
[102.956309] (-) TimerEvent: {}
[103.057855] (-) TimerEvent: {}
[103.160005] (-) TimerEvent: {}
[103.261719] (-) TimerEvent: {}
[103.364802] (-) TimerEvent: {}
[103.466800] (-) TimerEvent: {}
[103.567888] (-) TimerEvent: {}
[103.668936] (-) TimerEvent: {}
[103.770266] (-) TimerEvent: {}
[103.871578] (-) TimerEvent: {}
[103.972661] (-) TimerEvent: {}
[104.074209] (-) TimerEvent: {}
[104.176600] (-) TimerEvent: {}
[104.278142] (-) TimerEvent: {}
[104.379573] (-) TimerEvent: {}
[104.481472] (-) TimerEvent: {}
[104.583566] (-) TimerEvent: {}
[104.685168] (-) TimerEvent: {}
[104.786726] (-) TimerEvent: {}
[104.888925] (-) TimerEvent: {}
[104.990387] (-) TimerEvent: {}
[105.091767] (-) TimerEvent: {}
[105.193380] (-) TimerEvent: {}
[105.294614] (-) TimerEvent: {}
[105.395820] (-) TimerEvent: {}
[105.497012] (-) TimerEvent: {}
[105.598111] (-) TimerEvent: {}
[105.699792] (-) TimerEvent: {}
[105.801790] (-) TimerEvent: {}
[105.902833] (-) TimerEvent: {}
[106.004262] (-) TimerEvent: {}
[106.106103] (-) TimerEvent: {}
[106.207303] (-) TimerEvent: {}
[106.308607] (-) TimerEvent: {}
[106.409817] (-) TimerEvent: {}
[106.511203] (-) TimerEvent: {}
[106.612658] (-) TimerEvent: {}
[106.713501] (-) TimerEvent: {}
[106.815415] (-) TimerEvent: {}
[106.918293] (-) TimerEvent: {}
[107.020127] (-) TimerEvent: {}
[107.121493] (-) TimerEvent: {}
[107.222662] (-) TimerEvent: {}
[107.324016] (-) TimerEvent: {}
[107.425938] (-) TimerEvent: {}
[107.527253] (-) TimerEvent: {}
[107.628627] (-) TimerEvent: {}
[107.730350] (-) TimerEvent: {}
[107.831559] (-) TimerEvent: {}
[107.932917] (-) TimerEvent: {}
[108.034093] (-) TimerEvent: {}
[108.135497] (-) TimerEvent: {}
[108.237493] (-) TimerEvent: {}
[108.338469] (-) TimerEvent: {}
[108.439935] (-) TimerEvent: {}
[108.542303] (-) TimerEvent: {}
[108.681718] (-) TimerEvent: {}
[108.783105] (-) TimerEvent: {}
[108.901909] (-) TimerEvent: {}
[109.002976] (-) TimerEvent: {}
[109.104729] (-) TimerEvent: {}
[109.206801] (-) TimerEvent: {}
[109.308083] (-) TimerEvent: {}
[109.409474] (-) TimerEvent: {}
[109.522786] (-) TimerEvent: {}
[109.624427] (-) TimerEvent: {}
[109.726392] (-) TimerEvent: {}
[109.827748] (-) TimerEvent: {}
[109.928962] (-) TimerEvent: {}
[110.031059] (-) TimerEvent: {}
[110.133157] (-) TimerEvent: {}
[110.246159] (-) TimerEvent: {}
[110.348068] (-) TimerEvent: {}
[110.449411] (-) TimerEvent: {}
[110.550852] (-) TimerEvent: {}
[110.652667] (-) TimerEvent: {}
[110.754478] (-) TimerEvent: {}
[110.855755] (-) TimerEvent: {}
[110.962623] (-) TimerEvent: {}
[111.064522] (-) TimerEvent: {}
[111.166672] (-) TimerEvent: {}
[111.267662] (-) TimerEvent: {}
[111.369639] (-) TimerEvent: {}
[111.472022] (-) TimerEvent: {}
[111.573266] (-) TimerEvent: {}
[111.674903] (-) TimerEvent: {}
[111.776698] (-) TimerEvent: {}
[111.878391] (-) TimerEvent: {}
[111.979757] (-) TimerEvent: {}
[112.080984] (-) TimerEvent: {}
[112.182466] (-) TimerEvent: {}
[112.283779] (-) TimerEvent: {}
[112.385428] (-) TimerEvent: {}
[112.497790] (-) TimerEvent: {}
[112.599087] (-) TimerEvent: {}
[112.700929] (-) TimerEvent: {}
[112.821401] (-) TimerEvent: {}
[112.922633] (-) TimerEvent: {}
[113.024264] (-) TimerEvent: {}
[113.125734] (-) TimerEvent: {}
[113.227938] (-) TimerEvent: {}
[113.330187] (-) TimerEvent: {}
[113.432366] (-) TimerEvent: {}
[113.533566] (-) TimerEvent: {}
[113.634944] (-) TimerEvent: {}
[113.735983] (-) TimerEvent: {}
[113.837247] (-) TimerEvent: {}
[113.938660] (-) TimerEvent: {}
[114.040677] (-) TimerEvent: {}
[114.142408] (-) TimerEvent: {}
[114.243889] (-) TimerEvent: {}
[114.345513] (-) TimerEvent: {}
[114.447240] (-) TimerEvent: {}
[114.549295] (-) TimerEvent: {}
[114.650581] (-) TimerEvent: {}
[114.751903] (-) TimerEvent: {}
[114.853772] (-) TimerEvent: {}
[114.956289] (-) TimerEvent: {}
[115.058299] (-) TimerEvent: {}
[115.159623] (-) TimerEvent: {}
[115.261902] (-) TimerEvent: {}
[115.363880] (-) TimerEvent: {}
[115.465088] (-) TimerEvent: {}
[115.566926] (-) TimerEvent: {}
[115.668988] (-) TimerEvent: {}
[115.770590] (-) TimerEvent: {}
[115.890556] (-) TimerEvent: {}
[115.992019] (-) TimerEvent: {}
[116.116932] (-) TimerEvent: {}
[116.218996] (-) TimerEvent: {}
[116.321462] (-) TimerEvent: {}
[116.423162] (-) TimerEvent: {}
[116.524611] (-) TimerEvent: {}
[116.627191] (-) TimerEvent: {}
[116.729061] (-) TimerEvent: {}
[116.830007] (-) TimerEvent: {}
[116.931379] (-) TimerEvent: {}
[117.033153] (-) TimerEvent: {}
[117.135140] (-) TimerEvent: {}
[117.236456] (-) TimerEvent: {}
[117.337947] (-) TimerEvent: {}
[117.440305] (-) TimerEvent: {}
[117.542406] (-) TimerEvent: {}
[117.643547] (-) TimerEvent: {}
[117.744757] (-) TimerEvent: {}
[117.846898] (-) TimerEvent: {}
[117.948992] (-) TimerEvent: {}
[118.050294] (-) TimerEvent: {}
[118.151366] (-) TimerEvent: {}
[118.252660] (-) TimerEvent: {}
[118.354354] (-) TimerEvent: {}
[118.455775] (-) TimerEvent: {}
[118.568427] (-) TimerEvent: {}
[118.669929] (-) TimerEvent: {}
[118.824994] (-) TimerEvent: {}
[118.927292] (-) TimerEvent: {}
[119.028262] (-) TimerEvent: {}
[119.129920] (-) TimerEvent: {}
[119.231763] (-) TimerEvent: {}
[119.333095] (-) TimerEvent: {}
[119.470811] (-) TimerEvent: {}
[119.572446] (-) TimerEvent: {}
[119.674266] (-) TimerEvent: {}
[119.775428] (-) TimerEvent: {}
[119.876794] (-) TimerEvent: {}
[119.978376] (-) TimerEvent: {}
[120.111565] (-) TimerEvent: {}
[120.213716] (-) TimerEvent: {}
[120.349392] (-) TimerEvent: {}
[120.451577] (-) TimerEvent: {}
[120.552923] (-) TimerEvent: {}
[120.655058] (-) TimerEvent: {}
[120.757550] (-) TimerEvent: {}
[120.859220] (-) TimerEvent: {}
[120.960358] (-) TimerEvent: {}
[121.170099] (-) TimerEvent: {}
[121.403480] (-) TimerEvent: {}
[121.632212] (-) TimerEvent: {}
[121.847691] (-) TimerEvent: {}
[121.958298] (-) TimerEvent: {}
[122.059728] (-) TimerEvent: {}
[122.161819] (-) TimerEvent: {}
[122.264171] (-) TimerEvent: {}
[122.365312] (-) TimerEvent: {}
[122.466501] (-) TimerEvent: {}
[122.567959] (-) TimerEvent: {}
[122.669681] (-) TimerEvent: {}
[122.772123] (-) TimerEvent: {}
[122.874010] (-) TimerEvent: {}
[122.975374] (-) TimerEvent: {}
[123.077369] (-) TimerEvent: {}
[123.179137] (-) TimerEvent: {}
[123.311025] (-) TimerEvent: {}
[123.412381] (-) TimerEvent: {}
[123.514217] (-) TimerEvent: {}
[123.615976] (-) TimerEvent: {}
[123.753137] (-) TimerEvent: {}
[123.855318] (-) TimerEvent: {}
[123.956687] (-) TimerEvent: {}
[124.057830] (-) TimerEvent: {}
[124.159656] (-) TimerEvent: {}
[124.261962] (-) TimerEvent: {}
[124.391823] (-) TimerEvent: {}
[124.493336] (-) TimerEvent: {}
[124.594858] (-) TimerEvent: {}
[124.696259] (-) TimerEvent: {}
[124.798844] (-) TimerEvent: {}
[124.900889] (-) TimerEvent: {}
[125.002179] (-) TimerEvent: {}
[125.104021] (-) TimerEvent: {}
[125.205122] (-) TimerEvent: {}
[125.306579] (-) TimerEvent: {}
[125.408204] (-) TimerEvent: {}
[125.509459] (-) TimerEvent: {}
[125.611738] (-) TimerEvent: {}
[125.713763] (-) TimerEvent: {}
[125.815019] (-) TimerEvent: {}
[125.916706] (-) TimerEvent: {}
[126.018646] (-) TimerEvent: {}
[126.120416] (-) TimerEvent: {}
[126.222409] (-) TimerEvent: {}
[126.323763] (-) TimerEvent: {}
[126.426194] (-) TimerEvent: {}
[126.528185] (-) TimerEvent: {}
[126.675023] (-) TimerEvent: {}
[126.776671] (-) TimerEvent: {}
[126.878857] (-) TimerEvent: {}
[126.980215] (-) TimerEvent: {}
[127.081650] (-) TimerEvent: {}
[127.183302] (-) TimerEvent: {}
[127.285021] (-) TimerEvent: {}
[127.386749] (-) TimerEvent: {}
[127.487958] (-) TimerEvent: {}
[127.589314] (-) TimerEvent: {}
[127.690896] (-) TimerEvent: {}
[127.793082] (-) TimerEvent: {}
[127.894610] (-) TimerEvent: {}
[127.995968] (-) TimerEvent: {}
[128.097511] (-) TimerEvent: {}
[128.199807] (-) TimerEvent: {}
[128.302554] (-) TimerEvent: {}
[128.404990] (-) TimerEvent: {}
[128.506131] (-) TimerEvent: {}
[128.607953] (-) TimerEvent: {}
[128.709948] (-) TimerEvent: {}
[128.812075] (-) TimerEvent: {}
[128.913481] (-) TimerEvent: {}
[129.015633] (-) TimerEvent: {}
[129.117456] (-) TimerEvent: {}
[129.218906] (-) TimerEvent: {}
[129.320149] (-) TimerEvent: {}
[129.421422] (-) TimerEvent: {}
[129.522650] (-) TimerEvent: {}
[129.646734] (-) TimerEvent: {}
[129.747852] (-) TimerEvent: {}
[129.849714] (-) TimerEvent: {}
[129.981316] (-) TimerEvent: {}
[130.082616] (-) TimerEvent: {}
[130.183891] (-) TimerEvent: {}
[130.285303] (-) TimerEvent: {}
[130.388131] (-) TimerEvent: {}
[130.490291] (-) TimerEvent: {}
[130.591420] (-) TimerEvent: {}
[130.692698] (-) TimerEvent: {}
[130.794329] (-) TimerEvent: {}
[130.896343] (-) TimerEvent: {}
[130.997533] (-) TimerEvent: {}
[131.098938] (-) TimerEvent: {}
[131.200200] (-) TimerEvent: {}
[131.301697] (-) TimerEvent: {}
[131.403024] (-) TimerEvent: {}
[131.504664] (-) TimerEvent: {}
[131.606820] (-) TimerEvent: {}
[131.708845] (-) TimerEvent: {}
[131.809984] (-) TimerEvent: {}
[131.911482] (-) TimerEvent: {}
[132.013322] (-) TimerEvent: {}
[132.114631] (-) TimerEvent: {}
[132.215961] (-) TimerEvent: {}
[132.317579] (-) TimerEvent: {}
[132.418736] (-) TimerEvent: {}
[132.520168] (-) TimerEvent: {}
[132.622205] (-) TimerEvent: {}
[132.723511] (-) TimerEvent: {}
[132.825334] (-) TimerEvent: {}
[132.927172] (-) TimerEvent: {}
[133.028596] (-) TimerEvent: {}
[133.130314] (-) TimerEvent: {}
[133.272605] (-) TimerEvent: {}
[133.374247] (-) TimerEvent: {}
[133.476311] (-) TimerEvent: {}
[133.577798] (-) TimerEvent: {}
[133.679605] (-) TimerEvent: {}
[133.781229] (-) TimerEvent: {}
[133.883176] (-) TimerEvent: {}
[133.984420] (-) TimerEvent: {}
[134.086266] (-) TimerEvent: {}
[134.188116] (-) TimerEvent: {}
[134.289567] (-) TimerEvent: {}
[134.390904] (-) TimerEvent: {}
[134.492308] (-) TimerEvent: {}
[134.594170] (-) TimerEvent: {}
[134.695375] (-) TimerEvent: {}
[134.797300] (-) TimerEvent: {}
[134.899324] (-) TimerEvent: {}
[135.000785] (-) TimerEvent: {}
[135.103128] (-) TimerEvent: {}
[135.205295] (-) TimerEvent: {}
[135.306424] (-) TimerEvent: {}
[135.407732] (-) TimerEvent: {}
[135.509610] (-) TimerEvent: {}
[135.611507] (-) TimerEvent: {}
[135.713027] (-) TimerEvent: {}
[135.814298] (-) TimerEvent: {}
[135.916022] (-) TimerEvent: {}
[136.017819] (-) TimerEvent: {}
[136.119029] (-) TimerEvent: {}
[136.220297] (-) TimerEvent: {}
[136.322047] (-) TimerEvent: {}
[136.424053] (-) TimerEvent: {}
[136.546664] (-) TimerEvent: {}
[136.648842] (-) TimerEvent: {}
[136.750505] (-) TimerEvent: {}
[136.852560] (-) TimerEvent: {}
[136.953691] (-) TimerEvent: {}
[137.054829] (-) TimerEvent: {}
[137.155988] (-) TimerEvent: {}
[137.256953] (-) TimerEvent: {}
[137.358264] (-) TimerEvent: {}
[137.459429] (-) TimerEvent: {}
[137.560771] (-) TimerEvent: {}
[137.662783] (-) TimerEvent: {}
[137.763831] (-) TimerEvent: {}
[137.865432] (-) TimerEvent: {}
[137.967667] (-) TimerEvent: {}
[138.068801] (-) TimerEvent: {}
[138.169913] (-) TimerEvent: {}
[138.271193] (-) TimerEvent: {}
[138.372477] (-) TimerEvent: {}
[138.474053] (-) TimerEvent: {}
[138.575714] (-) TimerEvent: {}
[138.677927] (-) TimerEvent: {}
[138.779150] (-) TimerEvent: {}
[138.880483] (-) TimerEvent: {}
[138.981927] (-) TimerEvent: {}
[139.103711] (-) TimerEvent: {}
[139.205781] (-) TimerEvent: {}
[139.306878] (-) TimerEvent: {}
[139.409023] (-) TimerEvent: {}
[139.511454] (-) TimerEvent: {}
[139.613053] (-) TimerEvent: {}
[139.715920] (-) TimerEvent: {}
[139.817769] (-) TimerEvent: {}
[139.919957] (-) TimerEvent: {}
[140.021577] (-) TimerEvent: {}
[140.122772] (-) TimerEvent: {}
[140.224169] (-) TimerEvent: {}
[140.325772] (-) TimerEvent: {}
[140.426981] (-) TimerEvent: {}
[140.528121] (-) TimerEvent: {}
[140.630480] (-) TimerEvent: {}
[140.732867] (-) TimerEvent: {}
[140.834217] (-) TimerEvent: {}
[140.935796] (-) TimerEvent: {}
[141.037413] (-) TimerEvent: {}
[141.138976] (-) TimerEvent: {}
[141.240208] (-) TimerEvent: {}
[141.341629] (-) TimerEvent: {}
[141.443637] (-) TimerEvent: {}
[141.545442] (-) TimerEvent: {}
[141.646904] (-) TimerEvent: {}
[141.748142] (-) TimerEvent: {}
[141.849577] (-) TimerEvent: {}
[141.958635] (-) TimerEvent: {}
[142.060208] (-) TimerEvent: {}
[142.161914] (-) TimerEvent: {}
[142.263220] (-) TimerEvent: {}
[142.365334] (-) TimerEvent: {}
[142.467306] (-) TimerEvent: {}
[142.568604] (-) TimerEvent: {}
[142.670333] (-) TimerEvent: {}
[142.771591] (-) TimerEvent: {}
[142.873304] (-) TimerEvent: {}
[142.975022] (-) TimerEvent: {}
[143.076086] (-) TimerEvent: {}
[143.177957] (-) TimerEvent: {}
[143.289352] (-) TimerEvent: {}
[143.391094] (-) TimerEvent: {}
[143.493160] (-) TimerEvent: {}
[143.596220] (-) TimerEvent: {}
[143.697772] (-) TimerEvent: {}
[143.800373] (-) TimerEvent: {}
[143.950147] (-) TimerEvent: {}
[144.052186] (-) TimerEvent: {}
[144.153275] (-) TimerEvent: {}
[144.254231] (-) TimerEvent: {}
[144.355756] (-) TimerEvent: {}
[144.457585] (-) TimerEvent: {}
[144.558736] (-) TimerEvent: {}
[144.660103] (-) TimerEvent: {}
[144.762146] (-) TimerEvent: {}
[144.864452] (-) TimerEvent: {}
[144.965490] (-) TimerEvent: {}
[145.066624] (-) TimerEvent: {}
[145.168037] (-) TimerEvent: {}
[145.269061] (-) TimerEvent: {}
[145.370090] (-) TimerEvent: {}
[145.471355] (-) TimerEvent: {}
[145.573393] (-) TimerEvent: {}
[145.675580] (-) TimerEvent: {}
[145.777147] (-) TimerEvent: {}
[145.878696] (-) TimerEvent: {}
[145.980524] (-) TimerEvent: {}
[146.082871] (-) TimerEvent: {}
[146.184163] (-) TimerEvent: {}
[146.286204] (-) TimerEvent: {}
[146.409117] (-) TimerEvent: {}
[146.510320] (-) TimerEvent: {}
[146.612092] (-) TimerEvent: {}
[146.714459] (-) TimerEvent: {}
[146.815992] (-) TimerEvent: {}
[146.917590] (-) TimerEvent: {}
[147.019220] (-) TimerEvent: {}
[147.121296] (-) TimerEvent: {}
[147.223573] (-) TimerEvent: {}
[147.324660] (-) TimerEvent: {}
[147.426304] (-) TimerEvent: {}
[147.529068] (-) TimerEvent: {}
[147.630193] (-) TimerEvent: {}
[147.731165] (-) TimerEvent: {}
[147.832562] (-) TimerEvent: {}
[147.934428] (-) TimerEvent: {}
[148.035725] (-) TimerEvent: {}
[148.137670] (-) TimerEvent: {}
[148.240013] (-) TimerEvent: {}
[148.341466] (-) TimerEvent: {}
[148.443764] (-) TimerEvent: {}
[148.545258] (-) TimerEvent: {}
[148.646604] (-) TimerEvent: {}
[148.748859] (-) TimerEvent: {}
[148.850435] (-) TimerEvent: {}
[148.951369] (-) TimerEvent: {}
[149.052736] (-) TimerEvent: {}
[149.155111] (-) TimerEvent: {}
[149.257175] (-) TimerEvent: {}
[149.358822] (-) TimerEvent: {}
[149.460719] (-) TimerEvent: {}
[149.561902] (-) TimerEvent: {}
[149.698583] (-) TimerEvent: {}
[149.800716] (-) TimerEvent: {}
[149.902171] (-) TimerEvent: {}
[150.004020] (-) TimerEvent: {}
[150.105529] (-) TimerEvent: {}
[150.206802] (-) TimerEvent: {}
[150.308305] (-) TimerEvent: {}
[150.410132] (-) TimerEvent: {}
[150.511912] (-) TimerEvent: {}
[150.613298] (-) TimerEvent: {}
[150.715053] (-) TimerEvent: {}
[150.816574] (-) TimerEvent: {}
[150.918339] (-) TimerEvent: {}
[151.020031] (-) TimerEvent: {}
[151.122033] (-) TimerEvent: {}
[151.223271] (-) TimerEvent: {}
[151.325319] (-) TimerEvent: {}
[151.427621] (-) TimerEvent: {}
[151.528631] (-) TimerEvent: {}
[151.629722] (-) TimerEvent: {}
[151.795787] (-) TimerEvent: {}
[152.081444] (-) TimerEvent: {}
[152.250168] (-) TimerEvent: {}
[152.352898] (-) TimerEvent: {}
[152.454851] (-) TimerEvent: {}
[152.556360] (-) TimerEvent: {}
[152.658100] (-) TimerEvent: {}
[152.759188] (-) TimerEvent: {}
[152.860412] (-) TimerEvent: {}
[152.961813] (-) TimerEvent: {}
[153.063832] (-) TimerEvent: {}
[153.165172] (-) TimerEvent: {}
[153.302379] (-) TimerEvent: {}
[153.404072] (-) TimerEvent: {}
[153.506079] (-) TimerEvent: {}
[153.607586] (-) TimerEvent: {}
[153.709359] (-) TimerEvent: {}
[153.810512] (-) TimerEvent: {}
[153.912424] (-) TimerEvent: {}
[154.014209] (-) TimerEvent: {}
[154.116576] (-) TimerEvent: {}
[154.218878] (-) TimerEvent: {}
[154.320161] (-) TimerEvent: {}
[154.422476] (-) TimerEvent: {}
[154.524700] (-) TimerEvent: {}
[154.625977] (-) TimerEvent: {}
[154.728036] (-) TimerEvent: {}
[154.830176] (-) TimerEvent: {}
[154.931645] (-) TimerEvent: {}
[155.033833] (-) TimerEvent: {}
[155.135322] (-) TimerEvent: {}
[155.236779] (-) TimerEvent: {}
[155.338177] (-) TimerEvent: {}
[155.439439] (-) TimerEvent: {}
[155.541344] (-) TimerEvent: {}
[155.643470] (-) TimerEvent: {}
[155.744915] (-) TimerEvent: {}
[155.846155] (-) TimerEvent: {}
[155.947805] (-) TimerEvent: {}
[156.049625] (-) TimerEvent: {}
[156.151610] (-) TimerEvent: {}
[156.253042] (-) TimerEvent: {}
[156.354213] (-) TimerEvent: {}
[156.455864] (-) TimerEvent: {}
[156.591419] (-) TimerEvent: {}
[156.692998] (-) TimerEvent: {}
[156.824745] (-) TimerEvent: {}
[156.926053] (-) TimerEvent: {}
[157.028210] (-) TimerEvent: {}
[157.129981] (-) TimerEvent: {}
[157.231536] (-) TimerEvent: {}
[157.334050] (-) TimerEvent: {}
[157.436211] (-) TimerEvent: {}
[157.537705] (-) TimerEvent: {}
[157.639583] (-) TimerEvent: {}
[157.740867] (-) TimerEvent: {}
[157.842590] (-) TimerEvent: {}
[157.944412] (-) TimerEvent: {}
[158.045604] (-) TimerEvent: {}
[158.147375] (-) TimerEvent: {}
[158.249252] (-) TimerEvent: {}
[158.350609] (-) TimerEvent: {}
[158.451764] (-) TimerEvent: {}
[158.553535] (-) TimerEvent: {}
[158.655714] (-) TimerEvent: {}
[158.757496] (-) TimerEvent: {}
[158.858880] (-) TimerEvent: {}
[158.960696] (-) TimerEvent: {}
[159.061850] (-) TimerEvent: {}
[159.163770] (-) TimerEvent: {}
[159.265965] (-) TimerEvent: {}
[159.367851] (-) TimerEvent: {}
[159.469341] (-) TimerEvent: {}
[159.571994] (-) TimerEvent: {}
[159.674115] (-) TimerEvent: {}
[159.775177] (-) TimerEvent: {}
[159.994596] (-) TimerEvent: {}
[162.661286] (-) TimerEvent: {}
[165.085890] (-) TimerEvent: {}
[166.567665] (-) TimerEvent: {}
[167.617987] (-) TimerEvent: {}
[170.482849] (-) TimerEvent: {}
[172.438570] (-) TimerEvent: {}
[173.152774] (-) TimerEvent: {}
[173.338298] (-) TimerEvent: {}
[173.440335] (-) TimerEvent: {}
[173.542278] (-) TimerEvent: {}
[173.643435] (-) TimerEvent: {}
[173.745297] (-) TimerEvent: {}
[173.847441] (-) TimerEvent: {}
[173.948621] (-) TimerEvent: {}
[174.050615] (-) TimerEvent: {}
[174.168084] (-) TimerEvent: {}
[174.269722] (-) TimerEvent: {}
[174.371716] (-) TimerEvent: {}
[174.472667] (-) TimerEvent: {}
[174.574197] (-) TimerEvent: {}
[174.675555] (-) TimerEvent: {}
[174.777582] (-) TimerEvent: {}
[174.880243] (-) TimerEvent: {}
[174.982193] (-) TimerEvent: {}
[175.083773] (-) TimerEvent: {}
[175.186107] (-) TimerEvent: {}
[175.288240] (-) TimerEvent: {}
[175.389388] (-) TimerEvent: {}
[175.490857] (-) TimerEvent: {}
[175.592550] (-) TimerEvent: {}
[175.694015] (-) TimerEvent: {}
[175.813999] (-) TimerEvent: {}
[175.916031] (-) TimerEvent: {}
[176.018428] (-) TimerEvent: {}
[176.120042] (-) TimerEvent: {}
[176.221548] (-) TimerEvent: {}
[176.323548] (-) TimerEvent: {}
[176.425524] (-) TimerEvent: {}
[176.527088] (-) TimerEvent: {}
[176.628326] (-) TimerEvent: {}
[176.729877] (-) TimerEvent: {}
[176.831125] (-) TimerEvent: {}
[176.932818] (-) TimerEvent: {}
[177.034890] (-) TimerEvent: {}
[177.135869] (-) TimerEvent: {}
[177.237536] (-) TimerEvent: {}
[177.339459] (-) TimerEvent: {}
[177.440530] (-) TimerEvent: {}
[177.541930] (-) TimerEvent: {}
[177.643403] (-) TimerEvent: {}
[177.744524] (-) TimerEvent: {}
[177.845884] (-) TimerEvent: {}
[177.947389] (-) TimerEvent: {}
[178.048538] (-) TimerEvent: {}
[178.150045] (-) TimerEvent: {}
[178.252681] (-) TimerEvent: {}
[178.354883] (-) TimerEvent: {}
[178.455963] (-) TimerEvent: {}
[178.557185] (-) TimerEvent: {}
[178.659005] (-) TimerEvent: {}
[178.788475] (-) TimerEvent: {}
[178.890431] (-) TimerEvent: {}
[178.991778] (-) TimerEvent: {}
[179.136711] (-) TimerEvent: {}
[179.238811] (-) TimerEvent: {}
[179.341390] (-) TimerEvent: {}
[179.443265] (-) TimerEvent: {}
[179.544627] (-) TimerEvent: {}
[179.645996] (-) TimerEvent: {}
[179.747639] (-) TimerEvent: {}
[179.849469] (-) TimerEvent: {}
[179.950664] (-) TimerEvent: {}
[180.051974] (-) TimerEvent: {}
[180.153993] (-) TimerEvent: {}
[180.256218] (-) TimerEvent: {}
[180.357898] (-) TimerEvent: {}
[180.459973] (-) TimerEvent: {}
[180.561396] (-) TimerEvent: {}
[180.663341] (-) TimerEvent: {}
[180.765492] (-) TimerEvent: {}
[180.866888] (-) TimerEvent: {}
[180.968920] (-) TimerEvent: {}
[181.071290] (-) TimerEvent: {}
[181.172710] (-) TimerEvent: {}
[181.274048] (-) TimerEvent: {}
[181.375133] (-) TimerEvent: {}
[181.476474] (-) TimerEvent: {}
[181.577821] (-) TimerEvent: {}
[181.679275] (-) TimerEvent: {}
[181.781358] (-) TimerEvent: {}
[181.883532] (-) TimerEvent: {}
[181.984546] (-) TimerEvent: {}
[182.085820] (-) TimerEvent: {}
[182.187164] (-) TimerEvent: {}
[182.388875] (-) TimerEvent: {}
[182.859965] (-) TimerEvent: {}
[185.904797] (-) TimerEvent: {}
[186.804964] (-) TimerEvent: {}
[188.917649] (-) TimerEvent: {}
[190.572689] (-) TimerEvent: {}
[191.574641] (-) TimerEvent: {}
[193.654616] (-) TimerEvent: {}
[195.209609] (-) TimerEvent: {}
[197.393977] (-) TimerEvent: {}
[199.054186] (-) TimerEvent: {}
[200.033063] (-) TimerEvent: {}
[202.369107] (-) TimerEvent: {}
[205.436533] (-) TimerEvent: {}
[207.754677] (-) TimerEvent: {}
[209.639783] (-) TimerEvent: {}
[211.621580] (-) TimerEvent: {}
[212.497626] (-) TimerEvent: {}
[215.405255] (-) TimerEvent: {}
[219.116579] (-) TimerEvent: {}
[224.093508] (-) TimerEvent: {}
[226.688758] (-) TimerEvent: {}
[228.517180] (-) TimerEvent: {}
[230.316194] (-) TimerEvent: {}
[233.366776] (-) TimerEvent: {}
