[35m[1mConsolidate compiler generated dependencies of target mimi_camera[0m
[ 50%] Built target mimi_monitor
[ 75%] [32mBuilding CXX object CMakeFiles/mimi_camera.dir/src/mimi_camera.cpp.o[0m
[01m[K/home/mimi/mimi_ros2_ws/src/mimi_head/src/mimi_camera.cpp:[m[K In member function ‘[01m[Kvoid MimiCameraNode::pub_angle()[m[K’:
[01m[K/home/mimi/mimi_ros2_ws/src/mimi_head/src/mimi_camera.cpp:141:17:[m[K [01;35m[Kwarning: [m[Kunused variable ‘[01m[Kx[m[K’ [[01;35m[K]8;;https://gcc.gnu.org/onlinedocs/gcc/Warning-Options.html#index-Wunused-variable-Wunused-variable]8;;[m[K]
  141 |             int [01;35m[Kx[m[K = gb_closest_face_rect.x;
      |                 [01;35m[K^[m[K
[01m[K/home/mimi/mimi_ros2_ws/src/mimi_head/src/mimi_camera.cpp:[m[K In function ‘[01m[Kint main(int, char**)[m[K’:
[01m[K/home/mimi/mimi_ros2_ws/src/mimi_head/src/mimi_camera.cpp:163:20:[m[K [01;31m[Kerror: [m[Kinvalid conversion from ‘[01m[Kvoid (*)()[m[K’ to ‘[01m[K__sighandler_t[m[K’ {aka ‘[01m[Kvoid (*)(int)[m[K’} [[01;31m[K]8;;https://gcc.gnu.org/onlinedocs/gcc/Warning-Options.html#index-fpermissive-fpermissive]8;;[m[K]
  163 |     signal(SIGINT, [01;31m[Ksigint_handler[m[K);
      |                    [01;31m[K^~~~~~~~~~~~~~[m[K
      |                    [01;31m[K|[m[K
      |                    [01;31m[Kvoid (*)()[m[K
In file included from [01m[K/usr/include/c++/11/csignal:42[m[K,
                 from [01m[K/opt/ros/humble/include/rclcpp/rclcpp/rclcpp.hpp:152[m[K,
                 from [01m[K/home/mimi/mimi_ros2_ws/src/mimi_head/src/mimi_camera.cpp:8[m[K:
[01m[K/usr/include/signal.h:88:57:[m[K [01;36m[Knote: [m[K  initializing argument 2 of ‘[01m[Kvoid (* signal(int, __sighandler_t))(int)[m[K’
   88 | extern __sighandler_t signal (int __sig, [01;36m[K__sighandler_t __handler[m[K)
      |                                          [01;36m[K~~~~~~~~~~~~~~~^~~~~~~~~[m[K
gmake[2]: *** [CMakeFiles/mimi_camera.dir/build.make:76: CMakeFiles/mimi_camera.dir/src/mimi_camera.cpp.o] Error 1
gmake[1]: *** [CMakeFiles/Makefile2:139: CMakeFiles/mimi_camera.dir/all] Error 2
gmake: *** [Makefile:146: all] Error 2
