[0.000000] (-) TimerEvent: {}
[0.001946] (mimi_head) JobQueued: {'identifier': 'mimi_head', 'dependencies': OrderedDict()}
[0.002624] (mimi_head) JobStarted: {'identifier': 'mimi_head'}
[0.049728] (mimi_head) JobProgress: {'identifier': 'mimi_head', 'progress': 'cmake'}
[0.053183] (mimi_head) JobProgress: {'identifier': 'mimi_head', 'progress': 'build'}
[0.056839] (mimi_head) Command: {'cmd': ['/usr/bin/cmake', '--build', '/home/mimi/mimi_ros2_ws/build/mimi_head', '--', '-j4', '-l4'], 'cwd': '/home/mimi/mimi_ros2_ws/build/mimi_head', 'env': OrderedDict([('LESSOPEN', '| /usr/bin/lesspipe %s'), ('USER', 'mimi'), ('SSH_CLIENT', '192.168.1.102 62419 22'), ('LC_TIME', 'th_TH.UTF-8'), ('XDG_SESSION_TYPE', 'tty'), ('GIT_ASKPASS', '/home/mimi/.vscode-server/bin/6a995c4f4cc2ced6e3237749973982e751cb0bf9/extensions/git/dist/askpass.sh'), ('SHLVL', '0'), ('LD_LIBRARY_PATH', '/opt/ros/humble/opt/rviz_ogre_vendor/lib:/opt/ros/humble/lib/aarch64-linux-gnu:/opt/ros/humble/lib'), ('BROWSER', '/home/mimi/.vscode-server/bin/6a995c4f4cc2ced6e3237749973982e751cb0bf9/bin/helpers/browser.sh'), ('MOTD_SHOWN', 'pam'), ('HOME', '/home/mimi'), ('TERM_PROGRAM_VERSION', '1.78.1'), ('VSCODE_IPC_HOOK_CLI', '/run/user/1000/vscode-ipc-85b42805-ae31-4fd3-9923-0e309ce86e38.sock'), ('ROS_PYTHON_VERSION', '3'), ('VSCODE_GIT_ASKPASS_MAIN', '/home/mimi/.vscode-server/bin/6a995c4f4cc2ced6e3237749973982e751cb0bf9/extensions/git/dist/askpass-main.js'), ('LC_MONETARY', 'th_TH.UTF-8'), ('VSCODE_GIT_ASKPASS_NODE', '/home/mimi/.vscode-server/bin/6a995c4f4cc2ced6e3237749973982e751cb0bf9/node'), ('DBUS_SESSION_BUS_ADDRESS', 'unix:path=/run/user/1000/bus'), ('COLORTERM', 'truecolor'), ('ROS_DISTRO', 'humble'), ('LOGNAME', 'mimi'), ('_', '/usr/bin/colcon'), ('ROS_VERSION', '2'), ('XDG_SESSION_CLASS', 'user'), ('TERM', 'xterm-256color'), ('XDG_SESSION_ID', '4'), ('ROS_LOCALHOST_ONLY', '0'), ('PATH', '/home/mimi/.vscode-server/bin/6a995c4f4cc2ced6e3237749973982e751cb0bf9/bin/remote-cli:/home/mimi/.local/bin:/opt/ros/humble/bin:/usr/local/sbin:/usr/local/bin:/usr/sbin:/usr/bin:/sbin:/bin:/usr/games:/usr/local/games:/snap/bin'), ('LC_ADDRESS', 'th_TH.UTF-8'), ('XDG_RUNTIME_DIR', '/run/user/1000'), ('LANG', 'en_US.UTF-8'), ('LC_TELEPHONE', 'th_TH.UTF-8'), ('LS_COLORS', ''), ('VSCODE_GIT_IPC_HANDLE', '/run/user/1000/vscode-git-bb3d78543e.sock'), ('TERM_PROGRAM', 'vscode'), ('AMENT_PREFIX_PATH', '/opt/ros/humble'), ('SHELL', '/bin/bash'), ('LC_NAME', 'th_TH.UTF-8'), ('LESSCLOSE', '/usr/bin/lesspipe %s %s'), ('LC_MEASUREMENT', 'th_TH.UTF-8'), ('LC_IDENTIFICATION', 'th_TH.UTF-8'), ('VSCODE_GIT_ASKPASS_EXTRA_ARGS', ''), ('PWD', '/home/mimi/mimi_ros2_ws/build/mimi_head'), ('SSH_CONNECTION', '192.168.1.102 62419 192.168.1.100 22'), ('XDG_DATA_DIRS', '/usr/share/gnome:/usr/local/share:/usr/share:/var/lib/snapd/desktop'), ('PYTHONPATH', '/opt/ros/humble/lib/python3.10/site-packages:/opt/ros/humble/local/lib/python3.10/dist-packages'), ('LC_NUMERIC', 'th_TH.UTF-8'), ('LC_PAPER', 'th_TH.UTF-8'), ('COLCON', '1'), ('CMAKE_PREFIX_PATH', '/opt/ros/humble')]), 'shell': False}
[0.102383] (-) TimerEvent: {}
[0.203319] (-) TimerEvent: {}
[0.248587] (mimi_head) StdoutLine: {'line': b'\x1b[35m\x1b[1mConsolidate compiler generated dependencies of target mimi_camera\x1b[0m\n'}
[0.303582] (-) TimerEvent: {}
[0.308459] (mimi_head) StdoutLine: {'line': b'[ 50%] Built target mimi_monitor\n'}
[0.349043] (mimi_head) StdoutLine: {'line': b'[ 75%] \x1b[32mBuilding CXX object CMakeFiles/mimi_camera.dir/src/mimi_camera.cpp.o\x1b[0m\n'}
[0.403768] (-) TimerEvent: {}
[0.504666] (-) TimerEvent: {}
[0.606629] (-) TimerEvent: {}
[0.708992] (-) TimerEvent: {}
[0.810049] (-) TimerEvent: {}
[0.910784] (-) TimerEvent: {}
[1.011617] (-) TimerEvent: {}
[1.112597] (-) TimerEvent: {}
[1.213526] (-) TimerEvent: {}
[1.314515] (-) TimerEvent: {}
[1.415435] (-) TimerEvent: {}
[1.516209] (-) TimerEvent: {}
[1.616969] (-) TimerEvent: {}
[1.717687] (-) TimerEvent: {}
[1.818438] (-) TimerEvent: {}
[1.919219] (-) TimerEvent: {}
[2.020031] (-) TimerEvent: {}
[2.120855] (-) TimerEvent: {}
[2.221607] (-) TimerEvent: {}
[2.322335] (-) TimerEvent: {}
[2.423240] (-) TimerEvent: {}
[2.524127] (-) TimerEvent: {}
[2.625066] (-) TimerEvent: {}
[2.725985] (-) TimerEvent: {}
[2.826870] (-) TimerEvent: {}
[2.927692] (-) TimerEvent: {}
[3.028619] (-) TimerEvent: {}
[3.129458] (-) TimerEvent: {}
[3.230271] (-) TimerEvent: {}
[3.331144] (-) TimerEvent: {}
[3.432087] (-) TimerEvent: {}
[3.532945] (-) TimerEvent: {}
[3.633801] (-) TimerEvent: {}
[3.734635] (-) TimerEvent: {}
[3.835482] (-) TimerEvent: {}
[3.936481] (-) TimerEvent: {}
[4.037376] (-) TimerEvent: {}
[4.138295] (-) TimerEvent: {}
[4.239145] (-) TimerEvent: {}
[4.339954] (-) TimerEvent: {}
[4.440864] (-) TimerEvent: {}
[4.541836] (-) TimerEvent: {}
[4.642750] (-) TimerEvent: {}
[4.743649] (-) TimerEvent: {}
[4.844605] (-) TimerEvent: {}
[4.945475] (-) TimerEvent: {}
[5.046366] (-) TimerEvent: {}
[5.147292] (-) TimerEvent: {}
[5.248169] (-) TimerEvent: {}
[5.349024] (-) TimerEvent: {}
[5.449821] (-) TimerEvent: {}
[5.550708] (-) TimerEvent: {}
[5.651569] (-) TimerEvent: {}
[5.752732] (-) TimerEvent: {}
[5.853564] (-) TimerEvent: {}
[5.954624] (-) TimerEvent: {}
[6.055562] (-) TimerEvent: {}
[6.156498] (-) TimerEvent: {}
[6.257371] (-) TimerEvent: {}
[6.358207] (-) TimerEvent: {}
[6.459126] (-) TimerEvent: {}
[6.560047] (-) TimerEvent: {}
[6.661005] (-) TimerEvent: {}
[6.761840] (-) TimerEvent: {}
[6.862667] (-) TimerEvent: {}
[6.963582] (-) TimerEvent: {}
[7.064445] (-) TimerEvent: {}
[7.165395] (-) TimerEvent: {}
[7.266476] (-) TimerEvent: {}
[7.367332] (-) TimerEvent: {}
[7.468182] (-) TimerEvent: {}
[7.569067] (-) TimerEvent: {}
[7.669919] (-) TimerEvent: {}
[7.770770] (-) TimerEvent: {}
[7.871633] (-) TimerEvent: {}
[7.972501] (-) TimerEvent: {}
[8.073362] (-) TimerEvent: {}
[8.174235] (-) TimerEvent: {}
[8.275192] (-) TimerEvent: {}
[8.376453] (-) TimerEvent: {}
[8.477264] (-) TimerEvent: {}
[8.578136] (-) TimerEvent: {}
[8.679176] (-) TimerEvent: {}
[8.780041] (-) TimerEvent: {}
[8.880936] (-) TimerEvent: {}
[8.981785] (-) TimerEvent: {}
[9.082610] (-) TimerEvent: {}
[9.183470] (-) TimerEvent: {}
[9.284369] (-) TimerEvent: {}
[9.385234] (-) TimerEvent: {}
[9.486164] (-) TimerEvent: {}
[9.587104] (-) TimerEvent: {}
[9.687988] (-) TimerEvent: {}
[9.788957] (-) TimerEvent: {}
[9.889778] (-) TimerEvent: {}
[9.990624] (-) TimerEvent: {}
[10.091462] (-) TimerEvent: {}
[10.192346] (-) TimerEvent: {}
[10.293213] (-) TimerEvent: {}
[10.394048] (-) TimerEvent: {}
[10.495035] (-) TimerEvent: {}
[10.595932] (-) TimerEvent: {}
[10.696887] (-) TimerEvent: {}
[10.797727] (-) TimerEvent: {}
[10.898676] (-) TimerEvent: {}
[10.999621] (-) TimerEvent: {}
[11.100568] (-) TimerEvent: {}
[11.201515] (-) TimerEvent: {}
[11.302364] (-) TimerEvent: {}
[11.403205] (-) TimerEvent: {}
[11.504066] (-) TimerEvent: {}
[11.605025] (-) TimerEvent: {}
[11.705884] (-) TimerEvent: {}
[11.806806] (-) TimerEvent: {}
[11.907626] (-) TimerEvent: {}
[12.008448] (-) TimerEvent: {}
[12.109219] (-) TimerEvent: {}
[12.210095] (-) TimerEvent: {}
[12.311022] (-) TimerEvent: {}
[12.411881] (-) TimerEvent: {}
[12.512748] (-) TimerEvent: {}
[12.613611] (-) TimerEvent: {}
[12.647799] (mimi_head) StderrLine: {'line': b'\x1b[01m\x1b[K/home/mimi/mimi_ros2_ws/src/mimi_head/src/mimi_camera.cpp:\x1b[m\x1b[K In function \xe2\x80\x98\x1b[01m\x1b[Kvoid sigint_handler(int)\x1b[m\x1b[K\xe2\x80\x99:\n'}
[12.648707] (mimi_head) StderrLine: {'line': b'\x1b[01m\x1b[K/home/mimi/mimi_ros2_ws/src/mimi_head/src/mimi_camera.cpp:249:25:\x1b[m\x1b[K \x1b[01;35m\x1b[Kwarning: \x1b[m\x1b[Kunused parameter \xe2\x80\x98\x1b[01m\x1b[Ksig\x1b[m\x1b[K\xe2\x80\x99 [\x1b[01;35m\x1b[K\x1b]8;;https://gcc.gnu.org/onlinedocs/gcc/Warning-Options.html#index-Wunused-parameter\x07-Wunused-parameter\x1b]8;;\x07\x1b[m\x1b[K]\n'}
[12.649302] (mimi_head) StderrLine: {'line': b'  249 | void sigint_handler(\x1b[01;35m\x1b[Kint sig\x1b[m\x1b[K)\n'}
[12.649748] (mimi_head) StderrLine: {'line': b'      |                     \x1b[01;35m\x1b[K~~~~^~~\x1b[m\x1b[K\n'}
[12.713805] (-) TimerEvent: {}
[12.814680] (-) TimerEvent: {}
[12.915546] (-) TimerEvent: {}
[13.016424] (-) TimerEvent: {}
[13.117316] (-) TimerEvent: {}
[13.218222] (-) TimerEvent: {}
[13.319059] (-) TimerEvent: {}
[13.419932] (-) TimerEvent: {}
[13.520828] (-) TimerEvent: {}
[13.621686] (-) TimerEvent: {}
[13.722565] (-) TimerEvent: {}
[13.823433] (-) TimerEvent: {}
[13.924381] (-) TimerEvent: {}
[14.025291] (-) TimerEvent: {}
[14.126210] (-) TimerEvent: {}
[14.227083] (-) TimerEvent: {}
[14.327952] (-) TimerEvent: {}
[14.428843] (-) TimerEvent: {}
[14.529658] (-) TimerEvent: {}
[14.630525] (-) TimerEvent: {}
[14.731438] (-) TimerEvent: {}
[14.832340] (-) TimerEvent: {}
[14.933177] (-) TimerEvent: {}
[15.034028] (-) TimerEvent: {}
[15.134854] (-) TimerEvent: {}
[15.235721] (-) TimerEvent: {}
[15.336590] (-) TimerEvent: {}
[15.437404] (-) TimerEvent: {}
[15.538224] (-) TimerEvent: {}
[15.639060] (-) TimerEvent: {}
[15.739908] (-) TimerEvent: {}
[15.840813] (-) TimerEvent: {}
[15.941667] (-) TimerEvent: {}
[16.042520] (-) TimerEvent: {}
[16.143426] (-) TimerEvent: {}
[16.244382] (-) TimerEvent: {}
[16.345223] (-) TimerEvent: {}
[16.446100] (-) TimerEvent: {}
[16.547048] (-) TimerEvent: {}
[16.648017] (-) TimerEvent: {}
[16.749000] (-) TimerEvent: {}
[16.849802] (-) TimerEvent: {}
[16.950630] (-) TimerEvent: {}
[17.051482] (-) TimerEvent: {}
[17.152414] (-) TimerEvent: {}
[17.253357] (-) TimerEvent: {}
[17.354177] (-) TimerEvent: {}
[17.455054] (-) TimerEvent: {}
[17.555941] (-) TimerEvent: {}
[17.657087] (-) TimerEvent: {}
[17.757918] (-) TimerEvent: {}
[17.858783] (-) TimerEvent: {}
[17.959632] (-) TimerEvent: {}
[18.060440] (-) TimerEvent: {}
[18.161225] (-) TimerEvent: {}
[18.262047] (-) TimerEvent: {}
[18.362947] (-) TimerEvent: {}
[18.463772] (-) TimerEvent: {}
[18.564655] (-) TimerEvent: {}
[18.665560] (-) TimerEvent: {}
[18.766513] (-) TimerEvent: {}
[18.867335] (-) TimerEvent: {}
[18.968224] (-) TimerEvent: {}
[19.069116] (-) TimerEvent: {}
[19.169934] (-) TimerEvent: {}
[19.270795] (-) TimerEvent: {}
[19.371652] (-) TimerEvent: {}
[19.472511] (-) TimerEvent: {}
[19.573345] (-) TimerEvent: {}
[19.674199] (-) TimerEvent: {}
[19.775061] (-) TimerEvent: {}
[19.875989] (-) TimerEvent: {}
[19.976909] (-) TimerEvent: {}
[20.077766] (-) TimerEvent: {}
[20.178623] (-) TimerEvent: {}
[20.279443] (-) TimerEvent: {}
[20.380291] (-) TimerEvent: {}
[20.481110] (-) TimerEvent: {}
[20.581936] (-) TimerEvent: {}
[20.682771] (-) TimerEvent: {}
[20.783709] (-) TimerEvent: {}
[20.884564] (-) TimerEvent: {}
[20.985373] (-) TimerEvent: {}
[21.086196] (-) TimerEvent: {}
[21.187135] (-) TimerEvent: {}
[21.287974] (-) TimerEvent: {}
[21.388879] (-) TimerEvent: {}
[21.489704] (-) TimerEvent: {}
[21.590489] (-) TimerEvent: {}
[21.691420] (-) TimerEvent: {}
[21.792526] (-) TimerEvent: {}
[21.893337] (-) TimerEvent: {}
[21.994156] (-) TimerEvent: {}
[22.094960] (-) TimerEvent: {}
[22.195773] (-) TimerEvent: {}
[22.296688] (-) TimerEvent: {}
[22.397472] (-) TimerEvent: {}
[22.498292] (-) TimerEvent: {}
[22.599075] (-) TimerEvent: {}
[22.681679] (mimi_head) StdoutLine: {'line': b'[100%] \x1b[32m\x1b[1mLinking CXX executable mimi_camera\x1b[0m\n'}
[22.699306] (-) TimerEvent: {}
[22.800637] (-) TimerEvent: {}
[22.901769] (-) TimerEvent: {}
[23.003065] (-) TimerEvent: {}
[23.104118] (-) TimerEvent: {}
[23.205655] (-) TimerEvent: {}
[23.306907] (-) TimerEvent: {}
[23.408687] (-) TimerEvent: {}
[23.510444] (-) TimerEvent: {}
[23.611408] (-) TimerEvent: {}
[23.712512] (-) TimerEvent: {}
[23.813410] (-) TimerEvent: {}
[23.914218] (-) TimerEvent: {}
[24.015061] (-) TimerEvent: {}
[24.115951] (-) TimerEvent: {}
[24.216834] (-) TimerEvent: {}
[24.317683] (-) TimerEvent: {}
[24.418675] (-) TimerEvent: {}
[24.519529] (-) TimerEvent: {}
[24.620575] (-) TimerEvent: {}
[24.721482] (-) TimerEvent: {}
[24.822397] (-) TimerEvent: {}
[24.923358] (-) TimerEvent: {}
[25.024470] (-) TimerEvent: {}
[25.125364] (-) TimerEvent: {}
[25.226309] (-) TimerEvent: {}
[25.327269] (-) TimerEvent: {}
[25.395284] (mimi_head) StdoutLine: {'line': b'[100%] Built target mimi_camera\n'}
[25.427506] (-) TimerEvent: {}
[25.434042] (mimi_head) CommandEnded: {'returncode': 0}
[25.527693] (-) TimerEvent: {}
[25.569605] (mimi_head) JobProgress: {'identifier': 'mimi_head', 'progress': 'install'}
[25.604401] (mimi_head) Command: {'cmd': ['/usr/bin/cmake', '--install', '/home/mimi/mimi_ros2_ws/build/mimi_head'], 'cwd': '/home/mimi/mimi_ros2_ws/build/mimi_head', 'env': OrderedDict([('LESSOPEN', '| /usr/bin/lesspipe %s'), ('USER', 'mimi'), ('SSH_CLIENT', '192.168.1.102 62419 22'), ('LC_TIME', 'th_TH.UTF-8'), ('XDG_SESSION_TYPE', 'tty'), ('GIT_ASKPASS', '/home/mimi/.vscode-server/bin/6a995c4f4cc2ced6e3237749973982e751cb0bf9/extensions/git/dist/askpass.sh'), ('SHLVL', '0'), ('LD_LIBRARY_PATH', '/opt/ros/humble/opt/rviz_ogre_vendor/lib:/opt/ros/humble/lib/aarch64-linux-gnu:/opt/ros/humble/lib'), ('BROWSER', '/home/mimi/.vscode-server/bin/6a995c4f4cc2ced6e3237749973982e751cb0bf9/bin/helpers/browser.sh'), ('MOTD_SHOWN', 'pam'), ('HOME', '/home/mimi'), ('TERM_PROGRAM_VERSION', '1.78.1'), ('VSCODE_IPC_HOOK_CLI', '/run/user/1000/vscode-ipc-85b42805-ae31-4fd3-9923-0e309ce86e38.sock'), ('ROS_PYTHON_VERSION', '3'), ('VSCODE_GIT_ASKPASS_MAIN', '/home/mimi/.vscode-server/bin/6a995c4f4cc2ced6e3237749973982e751cb0bf9/extensions/git/dist/askpass-main.js'), ('LC_MONETARY', 'th_TH.UTF-8'), ('VSCODE_GIT_ASKPASS_NODE', '/home/mimi/.vscode-server/bin/6a995c4f4cc2ced6e3237749973982e751cb0bf9/node'), ('DBUS_SESSION_BUS_ADDRESS', 'unix:path=/run/user/1000/bus'), ('COLORTERM', 'truecolor'), ('ROS_DISTRO', 'humble'), ('LOGNAME', 'mimi'), ('_', '/usr/bin/colcon'), ('ROS_VERSION', '2'), ('XDG_SESSION_CLASS', 'user'), ('TERM', 'xterm-256color'), ('XDG_SESSION_ID', '4'), ('ROS_LOCALHOST_ONLY', '0'), ('PATH', '/home/mimi/.vscode-server/bin/6a995c4f4cc2ced6e3237749973982e751cb0bf9/bin/remote-cli:/home/mimi/.local/bin:/opt/ros/humble/bin:/usr/local/sbin:/usr/local/bin:/usr/sbin:/usr/bin:/sbin:/bin:/usr/games:/usr/local/games:/snap/bin'), ('LC_ADDRESS', 'th_TH.UTF-8'), ('XDG_RUNTIME_DIR', '/run/user/1000'), ('LANG', 'en_US.UTF-8'), ('LC_TELEPHONE', 'th_TH.UTF-8'), ('LS_COLORS', ''), ('VSCODE_GIT_IPC_HANDLE', '/run/user/1000/vscode-git-bb3d78543e.sock'), ('TERM_PROGRAM', 'vscode'), ('AMENT_PREFIX_PATH', '/opt/ros/humble'), ('SHELL', '/bin/bash'), ('LC_NAME', 'th_TH.UTF-8'), ('LESSCLOSE', '/usr/bin/lesspipe %s %s'), ('LC_MEASUREMENT', 'th_TH.UTF-8'), ('LC_IDENTIFICATION', 'th_TH.UTF-8'), ('VSCODE_GIT_ASKPASS_EXTRA_ARGS', ''), ('PWD', '/home/mimi/mimi_ros2_ws/build/mimi_head'), ('SSH_CONNECTION', '192.168.1.102 62419 192.168.1.100 22'), ('XDG_DATA_DIRS', '/usr/share/gnome:/usr/local/share:/usr/share:/var/lib/snapd/desktop'), ('PYTHONPATH', '/opt/ros/humble/lib/python3.10/site-packages:/opt/ros/humble/local/lib/python3.10/dist-packages'), ('LC_NUMERIC', 'th_TH.UTF-8'), ('LC_PAPER', 'th_TH.UTF-8'), ('COLCON', '1'), ('CMAKE_PREFIX_PATH', '/opt/ros/humble')]), 'shell': False}
[25.627902] (-) TimerEvent: {}
[25.637071] (mimi_head) StdoutLine: {'line': b'-- Install configuration: ""\n'}
[25.638693] (mimi_head) StdoutLine: {'line': b'-- Execute custom install script\n'}
[25.640201] (mimi_head) StdoutLine: {'line': b'-- Up-to-date symlink: /home/mimi/mimi_ros2_ws/install/mimi_head/lib/mimi_head/mimi_camera\n'}
[25.641118] (mimi_head) StdoutLine: {'line': b'-- Up-to-date symlink: /home/mimi/mimi_ros2_ws/install/mimi_head/lib/mimi_head/mimi_monitor\n'}
[25.642232] (mimi_head) StdoutLine: {'line': b'-- Up-to-date symlink: /home/mimi/mimi_ros2_ws/install/mimi_head/share/ament_index/resource_index/package_run_dependencies/mimi_head\n'}
[25.643320] (mimi_head) StdoutLine: {'line': b'-- Up-to-date symlink: /home/mimi/mimi_ros2_ws/install/mimi_head/share/ament_index/resource_index/parent_prefix_path/mimi_head\n'}
[25.644518] (mimi_head) StdoutLine: {'line': b'-- Up-to-date symlink: /home/mimi/mimi_ros2_ws/install/mimi_head/share/mimi_head/environment/ament_prefix_path.sh\n'}
[25.645756] (mimi_head) StdoutLine: {'line': b'-- Up-to-date symlink: /home/mimi/mimi_ros2_ws/install/mimi_head/share/mimi_head/environment/ament_prefix_path.dsv\n'}
[25.646827] (mimi_head) StdoutLine: {'line': b'-- Up-to-date symlink: /home/mimi/mimi_ros2_ws/install/mimi_head/share/mimi_head/environment/path.sh\n'}
[25.647858] (mimi_head) StdoutLine: {'line': b'-- Up-to-date symlink: /home/mimi/mimi_ros2_ws/install/mimi_head/share/mimi_head/environment/path.dsv\n'}
[25.649086] (mimi_head) StdoutLine: {'line': b'-- Up-to-date symlink: /home/mimi/mimi_ros2_ws/install/mimi_head/share/mimi_head/local_setup.bash\n'}
[25.650006] (mimi_head) StdoutLine: {'line': b'-- Up-to-date symlink: /home/mimi/mimi_ros2_ws/install/mimi_head/share/mimi_head/local_setup.sh\n'}
[25.651022] (mimi_head) StdoutLine: {'line': b'-- Up-to-date symlink: /home/mimi/mimi_ros2_ws/install/mimi_head/share/mimi_head/local_setup.zsh\n'}
[25.652007] (mimi_head) StdoutLine: {'line': b'-- Up-to-date symlink: /home/mimi/mimi_ros2_ws/install/mimi_head/share/mimi_head/local_setup.dsv\n'}
[25.653036] (mimi_head) StdoutLine: {'line': b'-- Symlinking: /home/mimi/mimi_ros2_ws/install/mimi_head/share/mimi_head/package.dsv\n'}
[25.684615] (mimi_head) StdoutLine: {'line': b'-- Up-to-date symlink: /home/mimi/mimi_ros2_ws/install/mimi_head/share/ament_index/resource_index/packages/mimi_head\n'}
[25.685460] (mimi_head) StdoutLine: {'line': b'-- Up-to-date symlink: /home/mimi/mimi_ros2_ws/install/mimi_head/share/mimi_head/cmake/mimi_headConfig.cmake\n'}
[25.686137] (mimi_head) StdoutLine: {'line': b'-- Up-to-date symlink: /home/mimi/mimi_ros2_ws/install/mimi_head/share/mimi_head/cmake/mimi_headConfig-version.cmake\n'}
[25.686960] (mimi_head) StdoutLine: {'line': b'-- Up-to-date symlink: /home/mimi/mimi_ros2_ws/install/mimi_head/share/mimi_head/package.xml\n'}
[25.692465] (mimi_head) CommandEnded: {'returncode': 0}
[25.728457] (-) TimerEvent: {}
[25.829289] (-) TimerEvent: {}
[25.935313] (-) TimerEvent: {}
[25.986080] (mimi_head) JobEnded: {'identifier': 'mimi_head', 'rc': 0}
[25.990336] (-) EventReactorShutdown: {}
