[0.000000] (-) TimerEvent: {}
[0.001956] (mimi_head) JobQueued: {'identifier': 'mimi_head', 'dependencies': OrderedDict()}
[0.002741] (mimi_head) JobStarted: {'identifier': 'mimi_head'}
[0.053998] (mimi_head) JobProgress: {'identifier': 'mimi_head', 'progress': 'cmake'}
[0.057646] (mimi_head) JobProgress: {'identifier': 'mimi_head', 'progress': 'build'}
[0.060772] (mimi_head) Command: {'cmd': ['/usr/bin/cmake', '--build', '/home/mimi/mimi_ros2_ws/build/mimi_head', '--', '-j4', '-l4'], 'cwd': '/home/mimi/mimi_ros2_ws/build/mimi_head', 'env': OrderedDict([('LESSOPEN', '| /usr/bin/lesspipe %s'), ('USER', 'mimi'), ('SSH_CLIENT', '192.168.1.102 62143 22'), ('LC_TIME', 'th_TH.UTF-8'), ('XDG_SESSION_TYPE', 'tty'), ('GIT_ASKPASS', '/home/mimi/.vscode-server/bin/b3e4e68a0bc097f0ae7907b217c1119af9e03435/extensions/git/dist/askpass.sh'), ('SHLVL', '0'), ('LD_LIBRARY_PATH', '/opt/ros/humble/opt/rviz_ogre_vendor/lib:/opt/ros/humble/lib/aarch64-linux-gnu:/opt/ros/humble/lib'), ('BROWSER', '/home/mimi/.vscode-server/bin/b3e4e68a0bc097f0ae7907b217c1119af9e03435/bin/helpers/browser.sh'), ('MOTD_SHOWN', 'pam'), ('HOME', '/home/mimi'), ('TERM_PROGRAM_VERSION', '1.78.2'), ('VSCODE_IPC_HOOK_CLI', '/run/user/1000/vscode-ipc-9cae9a2d-a443-4634-88a3-b81b2fc9e6d5.sock'), ('ROS_PYTHON_VERSION', '3'), ('VSCODE_GIT_ASKPASS_MAIN', '/home/mimi/.vscode-server/bin/b3e4e68a0bc097f0ae7907b217c1119af9e03435/extensions/git/dist/askpass-main.js'), ('LC_MONETARY', 'th_TH.UTF-8'), ('VSCODE_GIT_ASKPASS_NODE', '/home/mimi/.vscode-server/bin/b3e4e68a0bc097f0ae7907b217c1119af9e03435/node'), ('DBUS_SESSION_BUS_ADDRESS', 'unix:path=/run/user/1000/bus'), ('COLORTERM', 'truecolor'), ('ROS_DISTRO', 'humble'), ('LOGNAME', 'mimi'), ('_', '/usr/bin/colcon'), ('ROS_VERSION', '2'), ('XDG_SESSION_CLASS', 'user'), ('TERM', 'xterm-256color'), ('XDG_SESSION_ID', '2'), ('ROS_LOCALHOST_ONLY', '0'), ('PATH', '/home/mimi/.vscode-server/bin/b3e4e68a0bc097f0ae7907b217c1119af9e03435/bin/remote-cli:/home/mimi/.local/bin:/opt/ros/humble/bin:/usr/local/sbin:/usr/local/bin:/usr/sbin:/usr/bin:/sbin:/bin:/usr/games:/usr/local/games:/snap/bin'), ('LC_ADDRESS', 'th_TH.UTF-8'), ('XDG_RUNTIME_DIR', '/run/user/1000'), ('LANG', 'en_US.UTF-8'), ('LC_TELEPHONE', 'th_TH.UTF-8'), ('LS_COLORS', ''), ('VSCODE_GIT_IPC_HANDLE', '/run/user/1000/vscode-git-bb3d78543e.sock'), ('TERM_PROGRAM', 'vscode'), ('AMENT_PREFIX_PATH', '/opt/ros/humble'), ('SHELL', '/bin/bash'), ('LC_NAME', 'th_TH.UTF-8'), ('LESSCLOSE', '/usr/bin/lesspipe %s %s'), ('LC_MEASUREMENT', 'th_TH.UTF-8'), ('LC_IDENTIFICATION', 'th_TH.UTF-8'), ('VSCODE_GIT_ASKPASS_EXTRA_ARGS', ''), ('PWD', '/home/mimi/mimi_ros2_ws/build/mimi_head'), ('SSH_CONNECTION', '192.168.1.102 62143 192.168.1.100 22'), ('XDG_DATA_DIRS', '/usr/share/gnome:/usr/local/share:/usr/share:/var/lib/snapd/desktop'), ('PYTHONPATH', '/opt/ros/humble/lib/python3.10/site-packages:/opt/ros/humble/local/lib/python3.10/dist-packages'), ('LC_NUMERIC', 'th_TH.UTF-8'), ('LC_PAPER', 'th_TH.UTF-8'), ('COLCON', '1'), ('CMAKE_PREFIX_PATH', '/opt/ros/humble')]), 'shell': False}
[0.099165] (-) TimerEvent: {}
[0.175965] (mimi_head) StdoutLine: {'line': b'-- Found ament_cmake: 1.3.4 (/opt/ros/humble/share/ament_cmake/cmake)\n'}
[0.199389] (-) TimerEvent: {}
[0.300201] (-) TimerEvent: {}
[0.401180] (-) TimerEvent: {}
[0.502200] (-) TimerEvent: {}
[0.603634] (-) TimerEvent: {}
[0.704425] (-) TimerEvent: {}
[0.805244] (-) TimerEvent: {}
[0.906246] (-) TimerEvent: {}
[1.007167] (-) TimerEvent: {}
[1.039873] (mimi_head) StdoutLine: {'line': b'-- Override CMake install command with custom implementation using symlinks instead of copying resources\n'}
[1.091889] (mimi_head) StdoutLine: {'line': b'-- Found rclcpp: 16.0.4 (/opt/ros/humble/share/rclcpp/cmake)\n'}
[1.107347] (-) TimerEvent: {}
[1.208144] (-) TimerEvent: {}
[1.308855] (mimi_head) StdoutLine: {'line': b'-- Found rosidl_generator_c: 3.1.4 (/opt/ros/humble/share/rosidl_generator_c/cmake)\n'}
[1.309642] (-) TimerEvent: {}
[1.321170] (mimi_head) StdoutLine: {'line': b'-- Found rosidl_adapter: 3.1.4 (/opt/ros/humble/share/rosidl_adapter/cmake)\n'}
[1.351534] (mimi_head) StdoutLine: {'line': b'-- Found rosidl_generator_cpp: 3.1.4 (/opt/ros/humble/share/rosidl_generator_cpp/cmake)\n'}
[1.404142] (mimi_head) StdoutLine: {'line': b'-- Using all available rosidl_typesupport_c: rosidl_typesupport_fastrtps_c;rosidl_typesupport_introspection_c\n'}
[1.409847] (-) TimerEvent: {}
[1.484005] (mimi_head) StdoutLine: {'line': b'-- Using all available rosidl_typesupport_cpp: rosidl_typesupport_fastrtps_cpp;rosidl_typesupport_introspection_cpp\n'}
[1.510147] (-) TimerEvent: {}
[1.611094] (-) TimerEvent: {}
[1.711926] (-) TimerEvent: {}
[1.745618] (mimi_head) StdoutLine: {'line': b'-- Found rmw_implementation_cmake: 6.1.1 (/opt/ros/humble/share/rmw_implementation_cmake/cmake)\n'}
[1.752864] (mimi_head) StdoutLine: {'line': b'-- Found rmw_fastrtps_cpp: 6.2.2 (/opt/ros/humble/share/rmw_fastrtps_cpp/cmake)\n'}
[1.812139] (-) TimerEvent: {}
[1.913106] (-) TimerEvent: {}
[2.013953] (-) TimerEvent: {}
[2.114762] (-) TimerEvent: {}
[2.215583] (-) TimerEvent: {}
[2.316371] (-) TimerEvent: {}
[2.418580] (-) TimerEvent: {}
[2.519352] (-) TimerEvent: {}
[2.620143] (-) TimerEvent: {}
[2.720904] (-) TimerEvent: {}
[2.810475] (mimi_head) StdoutLine: {'line': b"-- Using RMW implementation 'rmw_fastrtps_cpp' as default\n"}
[2.821159] (-) TimerEvent: {}
[2.922236] (-) TimerEvent: {}
[3.023651] (-) TimerEvent: {}
[3.124392] (-) TimerEvent: {}
[3.225139] (-) TimerEvent: {}
[3.325977] (-) TimerEvent: {}
[3.426824] (-) TimerEvent: {}
[3.455859] (mimi_head) StdoutLine: {'line': b'-- Found sensor_msgs: 4.2.3 (/opt/ros/humble/share/sensor_msgs/cmake)\n'}
[3.527079] (-) TimerEvent: {}
[3.627973] (-) TimerEvent: {}
[3.728730] (-) TimerEvent: {}
[3.829651] (-) TimerEvent: {}
[3.930408] (-) TimerEvent: {}
[3.955121] (mimi_head) StdoutLine: {'line': b'-- Found cv_bridge: 3.2.1 (/opt/ros/humble/share/cv_bridge/cmake)\n'}
[3.983898] (mimi_head) StdoutLine: {'line': b'-- Found rosidl_default_generators: 1.2.0 (/opt/ros/humble/share/rosidl_default_generators/cmake)\n'}
[4.030584] (-) TimerEvent: {}
[4.131305] (-) TimerEvent: {}
[4.232022] (-) TimerEvent: {}
[4.332721] (-) TimerEvent: {}
[4.433433] (-) TimerEvent: {}
[5.047460] (-) TimerEvent: {}
[5.148337] (-) TimerEvent: {}
[5.249534] (-) TimerEvent: {}
[5.350545] (-) TimerEvent: {}
[5.451605] (-) TimerEvent: {}
[5.552408] (-) TimerEvent: {}
[5.653566] (-) TimerEvent: {}
[5.754310] (-) TimerEvent: {}
[5.855076] (-) TimerEvent: {}
[5.955960] (-) TimerEvent: {}
[6.056717] (-) TimerEvent: {}
[6.157571] (-) TimerEvent: {}
[6.258598] (-) TimerEvent: {}
[6.359630] (-) TimerEvent: {}
[6.396668] (mimi_head) StdoutLine: {'line': b'-- Found ament_cmake_cppcheck: 0.12.6 (/opt/ros/humble/share/ament_cmake_cppcheck/cmake)\n'}
[6.402932] (mimi_head) StdoutLine: {'line': b'-- Found ament_cmake_cpplint: 0.12.6 (/opt/ros/humble/share/ament_cmake_cpplint/cmake)\n'}
[6.406801] (mimi_head) StdoutLine: {'line': b'-- Found ament_cmake_uncrustify: 0.12.6 (/opt/ros/humble/share/ament_cmake_uncrustify/cmake)\n'}
[6.411568] (mimi_head) StdoutLine: {'line': b'-- Found ament_cmake_ros: 0.10.0 (/opt/ros/humble/share/ament_cmake_ros/cmake)\n'}
[6.459775] (-) TimerEvent: {}
[6.560563] (-) TimerEvent: {}
[6.661278] (-) TimerEvent: {}
[6.762055] (-) TimerEvent: {}
[6.862838] (-) TimerEvent: {}
[6.963649] (-) TimerEvent: {}
[7.064485] (-) TimerEvent: {}
[7.165753] (-) TimerEvent: {}
[7.266589] (-) TimerEvent: {}
[7.367430] (-) TimerEvent: {}
[7.468087] (-) TimerEvent: {}
[7.568980] (-) TimerEvent: {}
[7.669761] (-) TimerEvent: {}
[7.770600] (-) TimerEvent: {}
[7.871283] (-) TimerEvent: {}
[7.900726] (mimi_head) StdoutLine: {'line': b'-- Using all available rosidl_typesupport_c: rosidl_typesupport_fastrtps_c;rosidl_typesupport_introspection_c\n'}
[7.971451] (-) TimerEvent: {}
[8.072245] (-) TimerEvent: {}
[8.173005] (-) TimerEvent: {}
[8.273861] (-) TimerEvent: {}
[8.374575] (-) TimerEvent: {}
[8.442698] (mimi_head) StdoutLine: {'line': b'-- Using all available rosidl_typesupport_cpp: rosidl_typesupport_fastrtps_cpp;rosidl_typesupport_introspection_cpp\n'}
[8.474739] (-) TimerEvent: {}
[8.550774] (mimi_head) StdoutLine: {'line': b'-- Found python_cmake_module: 0.10.0 (/opt/ros/humble/share/python_cmake_module/cmake)\n'}
[8.574899] (-) TimerEvent: {}
[8.661340] (mimi_head) StdoutLine: {'line': b'-- Using PYTHON_EXECUTABLE: /usr/bin/python3\n'}
[8.662200] (mimi_head) StdoutLine: {'line': b'-- Using PYTHON_INCLUDE_DIRS: /usr/include/python3.10\n'}
[8.662723] (mimi_head) StdoutLine: {'line': b'-- Using PYTHON_LIBRARIES: /usr/lib/aarch64-linux-gnu/libpython3.10.so\n'}
[8.675082] (-) TimerEvent: {}
[8.715838] (mimi_head) StdoutLine: {'line': b'-- Found ament_cmake_flake8: 0.12.6 (/opt/ros/humble/share/ament_cmake_flake8/cmake)\n'}
[8.719007] (mimi_head) StdoutLine: {'line': b'-- Found ament_cmake_pep257: 0.12.6 (/opt/ros/humble/share/ament_cmake_pep257/cmake)\n'}
[8.726906] (mimi_head) StdoutLine: {'line': b'-- Found ament_lint_auto: 0.12.6 (/opt/ros/humble/share/ament_lint_auto/cmake)\n'}
[8.775256] (-) TimerEvent: {}
[8.781681] (mimi_head) StdoutLine: {'line': b"-- Added test 'cppcheck' to perform static code analysis on C / C++ code\n"}
[8.783711] (mimi_head) StdoutLine: {'line': b'-- Configured cppcheck include dirs: \n'}
[8.784268] (mimi_head) StdoutLine: {'line': b'-- Configured cppcheck exclude dirs and/or files: \n'}
[8.801710] (mimi_head) StdoutLine: {'line': b"-- Added test 'cpplint' to check C / C++ code against the Google style\n"}
[8.802407] (mimi_head) StdoutLine: {'line': b'-- Configured cpplint exclude dirs and/or files: \n'}
[8.819660] (mimi_head) StdoutLine: {'line': b"-- Added test 'uncrustify' to check C / C++ code style\n"}
[8.820257] (mimi_head) StdoutLine: {'line': b'-- Configured uncrustify additional arguments: \n'}
[8.823283] (mimi_head) StdoutLine: {'line': b"-- Added test 'flake8' to check Python code syntax and style conventions\n"}
[8.826891] (mimi_head) StdoutLine: {'line': b"-- Added test 'pep257' to check Python code against some of the docstring style conventions in PEP 257\n"}
[8.832266] (mimi_head) StdoutLine: {'line': b"-- Added test 'lint_cmake' to check CMake code style\n"}
[8.835619] (mimi_head) StdoutLine: {'line': b"-- Added test 'xmllint' to check XML markup files\n"}
[8.852602] (mimi_head) StdoutLine: {'line': b'-- Configuring done\n'}
[8.875426] (-) TimerEvent: {}
[8.976125] (-) TimerEvent: {}
[9.076800] (-) TimerEvent: {}
[9.086152] (mimi_head) StdoutLine: {'line': b'-- Generating done\n'}
[9.105698] (mimi_head) StdoutLine: {'line': b'-- Build files have been written to: /home/mimi/mimi_ros2_ws/build/mimi_head\n'}
[9.176982] (-) TimerEvent: {}
[9.231393] (mimi_head) StdoutLine: {'line': b'\x1b[35m\x1b[1mConsolidate compiler generated dependencies of target mimi_camera\x1b[0m\n'}
[9.232224] (mimi_head) StdoutLine: {'line': b'\x1b[35m\x1b[1mConsolidate compiler generated dependencies of target mimi_monitor\x1b[0m\n'}
[9.237470] (mimi_head) StdoutLine: {'line': b'\x1b[35m\x1b[1mConsolidate compiler generated dependencies of target mimi_head__rosidl_generator_c\x1b[0m\n'}
[9.277218] (-) TimerEvent: {}
[9.310483] (mimi_head) StdoutLine: {'line': b'[  2%] Built target mimi_head__cpp\n'}
[9.338764] (mimi_head) StdoutLine: {'line': b'[ 11%] Built target mimi_head__rosidl_generator_c\n'}
[9.359311] (mimi_head) StdoutLine: {'line': b'[ 17%] Built target mimi_monitor\n'}
[9.377517] (-) TimerEvent: {}
[9.418516] (mimi_head) StdoutLine: {'line': b'[ 20%] \x1b[32mBuilding CXX object CMakeFiles/mimi_camera.dir/src/mimi_camera.cpp.o\x1b[0m\n'}
[9.471536] (mimi_head) StdoutLine: {'line': b'\x1b[35m\x1b[1mConsolidate compiler generated dependencies of target mimi_head__rosidl_typesupport_cpp\x1b[0m\n'}
[9.477705] (-) TimerEvent: {}
[9.481918] (mimi_head) StdoutLine: {'line': b'\x1b[35m\x1b[1mConsolidate compiler generated dependencies of target mimi_head__rosidl_typesupport_fastrtps_c\x1b[0m\n'}
[9.567972] (mimi_head) StdoutLine: {'line': b'[ 20%] Built target ament_cmake_python_symlink_mimi_head\n'}
[9.578850] (-) TimerEvent: {}
[9.614322] (mimi_head) StdoutLine: {'line': b'[ 28%] Built target mimi_head__rosidl_typesupport_cpp\n'}
[9.624360] (mimi_head) StdoutLine: {'line': b'[ 37%] Built target mimi_head__rosidl_typesupport_fastrtps_c\n'}
[9.657784] (mimi_head) StdoutLine: {'line': b'\x1b[35m\x1b[1mConsolidate compiler generated dependencies of target mimi_head__rosidl_typesupport_fastrtps_cpp\x1b[0m\n'}
[9.680653] (-) TimerEvent: {}
[9.730188] (mimi_head) StdoutLine: {'line': b'\x1b[35m\x1b[1mConsolidate compiler generated dependencies of target mimi_head__rosidl_typesupport_introspection_c\x1b[0m\n'}
[9.742705] (mimi_head) StdoutLine: {'line': b'\x1b[35m\x1b[1mConsolidate compiler generated dependencies of target mimi_head__rosidl_typesupport_c\x1b[0m\n'}
[9.780888] (-) TimerEvent: {}
[9.804308] (mimi_head) StdoutLine: {'line': b'[ 45%] Built target mimi_head__rosidl_typesupport_fastrtps_cpp\n'}
[9.838676] (mimi_head) StdoutLine: {'line': b'[ 54%] Built target mimi_head__rosidl_typesupport_introspection_c\n'}
[9.890273] (-) TimerEvent: {}
[9.891155] (mimi_head) StdoutLine: {'line': b'\x1b[35m\x1b[1mConsolidate compiler generated dependencies of target mimi_head__rosidl_typesupport_introspection_cpp\x1b[0m\n'}
[9.913210] (mimi_head) StdoutLine: {'line': b'[ 62%] Built target mimi_head__rosidl_typesupport_c\n'}
[9.990483] (-) TimerEvent: {}
[10.011454] (mimi_head) StdoutLine: {'line': b'[ 71%] Built target mimi_head__rosidl_typesupport_introspection_cpp\n'}
[10.094303] (-) TimerEvent: {}
[10.202278] (-) TimerEvent: {}
[10.217859] (mimi_head) StdoutLine: {'line': b'[ 71%] Built target mimi_head\n'}
[10.306375] (-) TimerEvent: {}
[10.385304] (mimi_head) StdoutLine: {'line': b'[ 74%] Built target mimi_head__py\n'}
[10.406518] (-) TimerEvent: {}
[10.477368] (mimi_head) StdoutLine: {'line': b'\x1b[35m\x1b[1mConsolidate compiler generated dependencies of target mimi_head__rosidl_generator_py\x1b[0m\n'}
[10.506697] (-) TimerEvent: {}
[10.608354] (-) TimerEvent: {}
[10.679062] (mimi_head) StdoutLine: {'line': b'[ 80%] Built target mimi_head__rosidl_generator_py\n'}
[10.708526] (-) TimerEvent: {}
[10.797320] (mimi_head) StdoutLine: {'line': b'\x1b[35m\x1b[1mConsolidate compiler generated dependencies of target mimi_head__rosidl_typesupport_fastrtps_c__pyext\x1b[0m\n'}
[10.809086] (-) TimerEvent: {}
[10.832442] (mimi_head) StdoutLine: {'line': b'\x1b[35m\x1b[1mConsolidate compiler generated dependencies of target mimi_head__rosidl_typesupport_introspection_c__pyext\x1b[0m\n'}
[10.909309] (-) TimerEvent: {}
[11.000761] (mimi_head) StdoutLine: {'line': b'[ 85%] Built target mimi_head__rosidl_typesupport_introspection_c__pyext\n'}
[11.009501] (-) TimerEvent: {}
[11.013227] (mimi_head) StdoutLine: {'line': b'[ 91%] Built target mimi_head__rosidl_typesupport_fastrtps_c__pyext\n'}
[11.073002] (mimi_head) StdoutLine: {'line': b'\x1b[35m\x1b[1mConsolidate compiler generated dependencies of target mimi_head__rosidl_typesupport_c__pyext\x1b[0m\n'}
[11.114299] (-) TimerEvent: {}
[11.218256] (-) TimerEvent: {}
[11.322260] (-) TimerEvent: {}
[11.426284] (-) TimerEvent: {}
[11.530320] (-) TimerEvent: {}
[11.598432] (mimi_head) StdoutLine: {'line': b'[ 97%] Built target mimi_head__rosidl_typesupport_c__pyext\n'}
[11.634272] (-) TimerEvent: {}
[11.735222] (-) TimerEvent: {}
[11.836085] (-) TimerEvent: {}
[11.937455] (-) TimerEvent: {}
[11.969872] (mimi_head) StdoutLine: {'line': b'running egg_info\n'}
[11.977707] (mimi_head) StdoutLine: {'line': b'writing mimi_head.egg-info/PKG-INFO\n'}
[12.037717] (-) TimerEvent: {}
[12.084683] (mimi_head) StdoutLine: {'line': b'writing dependency_links to mimi_head.egg-info/dependency_links.txt\n'}
[12.085906] (mimi_head) StdoutLine: {'line': b'writing top-level names to mimi_head.egg-info/top_level.txt\n'}
[12.104206] (mimi_head) StdoutLine: {'line': b"reading manifest file 'mimi_head.egg-info/SOURCES.txt'\n"}
[12.108229] (mimi_head) StdoutLine: {'line': b"writing manifest file 'mimi_head.egg-info/SOURCES.txt'\n"}
[12.121084] (mimi_head) StderrLine: {'line': b'\x1b[01m\x1b[K/home/mimi/mimi_ros2_ws/src/mimi_head/src/mimi_camera.cpp:10:10:\x1b[m\x1b[K \x1b[01;31m\x1b[Kfatal error: \x1b[m\x1b[Kmimi_head/msg/angle.hpp: No such file or directory\n'}
[12.122976] (mimi_head) StderrLine: {'line': b'   10 | #include \x1b[01;31m\x1b[K"mimi_head/msg/angle.hpp"\x1b[m\x1b[K\n'}
[12.124194] (mimi_head) StderrLine: {'line': b'      |          \x1b[01;31m\x1b[K^~~~~~~~~~~~~~~~~~~~~~~~~\x1b[m\x1b[K\n'}
[12.125213] (mimi_head) StderrLine: {'line': b'compilation terminated.\n'}
[12.144698] (-) TimerEvent: {}
[12.252405] (-) TimerEvent: {}
[12.298347] (mimi_head) StdoutLine: {'line': b'[ 97%] Built target ament_cmake_python_build_mimi_head_egg\n'}
[12.352796] (-) TimerEvent: {}
[12.454340] (-) TimerEvent: {}
[12.555198] (-) TimerEvent: {}
[12.656449] (-) TimerEvent: {}
[12.757291] (-) TimerEvent: {}
[12.807203] (mimi_head) StderrLine: {'line': b'gmake[2]: *** [CMakeFiles/mimi_camera.dir/build.make:76: CMakeFiles/mimi_camera.dir/src/mimi_camera.cpp.o] Error 1\n'}
[12.811065] (mimi_head) StderrLine: {'line': b'gmake[1]: *** [CMakeFiles/Makefile2:184: CMakeFiles/mimi_camera.dir/all] Error 2\n'}
[12.820314] (mimi_head) StderrLine: {'line': b'gmake: *** [Makefile:146: all] Error 2\n'}
[12.824961] (mimi_head) CommandEnded: {'returncode': 2}
[12.857714] (-) TimerEvent: {}
[12.962027] (-) TimerEvent: {}
[13.062932] (-) TimerEvent: {}
[13.163830] (-) TimerEvent: {}
[13.265616] (-) TimerEvent: {}
[13.303979] (mimi_head) JobEnded: {'identifier': 'mimi_head', 'rc': 2}
[13.407349] (-) TimerEvent: {}
[13.407807] (-) EventReactorShutdown: {}
