[2.212s] DEBUG:colcon:Command line arguments: ['/usr/bin/colcon', 'build', '--symlink-install']
[2.213s] DEBUG:colcon:Parsed command line arguments: Namespace(log_base=None, log_level=None, verb_name='build', build_base='build', install_base='install', merge_install=False, symlink_install=True, test_result_base=None, continue_on_error=False, executor='parallel', parallel_workers=4, event_handlers=None, ignore_user_meta=False, metas=['./colcon.meta'], base_paths=['.'], packages_ignore=None, packages_ignore_regex=None, paths=None, packages_up_to=None, packages_up_to_regex=None, packages_above=None, packages_above_and_dependencies=None, packages_above_depth=None, packages_select_by_dep=None, packages_skip_by_dep=None, packages_skip_up_to=None, packages_select_build_failed=False, packages_skip_build_finished=False, packages_select_test_failures=False, packages_skip_test_passed=False, packages_select=None, packages_skip=None, packages_select_regex=None, packages_skip_regex=None, packages_start=None, packages_end=None, allow_overriding=[], cmake_args=None, cmake_target=None, cmake_target_skip_unavailable=False, cmake_clean_cache=False, cmake_clean_first=False, cmake_force_configure=False, ament_cmake_args=None, catkin_cmake_args=None, catkin_skip_building_tests=False, verb_parser=<colcon_defaults.argument_parser.defaults.DefaultArgumentsDecorator object at 0xffff9c434a00>, verb_extension=<colcon_core.verb.build.BuildVerb object at 0xffff9cc3fa30>, main=<bound method BuildVerb.main of <colcon_core.verb.build.BuildVerb object at 0xffff9cc3fa30>>)
[2.405s] Level 1:colcon.colcon_core.package_discovery:discover_packages(colcon_meta) check parameters
[2.406s] Level 1:colcon.colcon_core.package_discovery:discover_packages(recursive) check parameters
[2.406s] Level 1:colcon.colcon_core.package_discovery:discover_packages(ignore) check parameters
[2.406s] Level 1:colcon.colcon_core.package_discovery:discover_packages(path) check parameters
[2.407s] Level 1:colcon.colcon_core.package_discovery:discover_packages(colcon_meta) discover
[2.407s] Level 1:colcon.colcon_core.package_discovery:discover_packages(recursive) discover
[2.408s] INFO:colcon.colcon_core.package_discovery:Crawling recursively for packages in '/home/mimi/mimi_ros2_ws'
[2.408s] Level 1:colcon.colcon_core.package_identification:_identify(.) by extensions ['ignore', 'ignore_ament_install']
[2.409s] Level 1:colcon.colcon_core.package_identification:_identify(.) by extension 'ignore'
[2.410s] Level 1:colcon.colcon_core.package_identification:_identify(.) by extension 'ignore_ament_install'
[2.410s] Level 1:colcon.colcon_core.package_identification:_identify(.) by extensions ['colcon_pkg']
[2.411s] Level 1:colcon.colcon_core.package_identification:_identify(.) by extension 'colcon_pkg'
[2.411s] Level 1:colcon.colcon_core.package_identification:_identify(.) by extensions ['colcon_meta']
[2.411s] Level 1:colcon.colcon_core.package_identification:_identify(.) by extension 'colcon_meta'
[2.412s] Level 1:colcon.colcon_core.package_identification:_identify(.) by extensions ['ros']
[2.412s] Level 1:colcon.colcon_core.package_identification:_identify(.) by extension 'ros'
[2.475s] Level 1:colcon.colcon_core.package_identification:_identify(.) by extensions ['cmake', 'python']
[2.475s] Level 1:colcon.colcon_core.package_identification:_identify(.) by extension 'cmake'
[2.476s] Level 1:colcon.colcon_core.package_identification:_identify(.) by extension 'python'
[2.476s] Level 1:colcon.colcon_core.package_identification:_identify(.) by extensions ['python_setup_py']
[2.477s] Level 1:colcon.colcon_core.package_identification:_identify(.) by extension 'python_setup_py'
[2.478s] Level 1:colcon.colcon_core.package_identification:_identify(build) by extensions ['ignore', 'ignore_ament_install']
[2.479s] Level 1:colcon.colcon_core.package_identification:_identify(build) by extension 'ignore'
[2.479s] Level 1:colcon.colcon_core.package_identification:_identify(build) ignored
[2.480s] Level 1:colcon.colcon_core.package_identification:_identify(detect) by extensions ['ignore', 'ignore_ament_install']
[2.481s] Level 1:colcon.colcon_core.package_identification:_identify(detect) by extension 'ignore'
[2.481s] Level 1:colcon.colcon_core.package_identification:_identify(detect) by extension 'ignore_ament_install'
[2.482s] Level 1:colcon.colcon_core.package_identification:_identify(detect) by extensions ['colcon_pkg']
[2.482s] Level 1:colcon.colcon_core.package_identification:_identify(detect) by extension 'colcon_pkg'
[2.483s] Level 1:colcon.colcon_core.package_identification:_identify(detect) by extensions ['colcon_meta']
[2.483s] Level 1:colcon.colcon_core.package_identification:_identify(detect) by extension 'colcon_meta'
[2.484s] Level 1:colcon.colcon_core.package_identification:_identify(detect) by extensions ['ros']
[2.484s] Level 1:colcon.colcon_core.package_identification:_identify(detect) by extension 'ros'
[2.485s] Level 1:colcon.colcon_core.package_identification:_identify(detect) by extensions ['cmake', 'python']
[2.485s] Level 1:colcon.colcon_core.package_identification:_identify(detect) by extension 'cmake'
[2.486s] Level 1:colcon.colcon_core.package_identification:_identify(detect) by extension 'python'
[2.486s] Level 1:colcon.colcon_core.package_identification:_identify(detect) by extensions ['python_setup_py']
[2.487s] Level 1:colcon.colcon_core.package_identification:_identify(detect) by extension 'python_setup_py'
[2.488s] Level 1:colcon.colcon_core.package_identification:_identify(install) by extensions ['ignore', 'ignore_ament_install']
[2.488s] Level 1:colcon.colcon_core.package_identification:_identify(install) by extension 'ignore'
[2.489s] Level 1:colcon.colcon_core.package_identification:_identify(install) ignored
[2.491s] Level 1:colcon.colcon_core.package_identification:_identify(log) by extensions ['ignore', 'ignore_ament_install']
[2.492s] Level 1:colcon.colcon_core.package_identification:_identify(log) by extension 'ignore'
[2.492s] Level 1:colcon.colcon_core.package_identification:_identify(log) ignored
[2.493s] Level 1:colcon.colcon_core.package_identification:_identify(src) by extensions ['ignore', 'ignore_ament_install']
[2.494s] Level 1:colcon.colcon_core.package_identification:_identify(src) by extension 'ignore'
[2.494s] Level 1:colcon.colcon_core.package_identification:_identify(src) by extension 'ignore_ament_install'
[2.495s] Level 1:colcon.colcon_core.package_identification:_identify(src) by extensions ['colcon_pkg']
[2.495s] Level 1:colcon.colcon_core.package_identification:_identify(src) by extension 'colcon_pkg'
[2.495s] Level 1:colcon.colcon_core.package_identification:_identify(src) by extensions ['colcon_meta']
[2.495s] Level 1:colcon.colcon_core.package_identification:_identify(src) by extension 'colcon_meta'
[2.496s] Level 1:colcon.colcon_core.package_identification:_identify(src) by extensions ['ros']
[2.496s] Level 1:colcon.colcon_core.package_identification:_identify(src) by extension 'ros'
[2.497s] Level 1:colcon.colcon_core.package_identification:_identify(src) by extensions ['cmake', 'python']
[2.497s] Level 1:colcon.colcon_core.package_identification:_identify(src) by extension 'cmake'
[2.497s] Level 1:colcon.colcon_core.package_identification:_identify(src) by extension 'python'
[2.498s] Level 1:colcon.colcon_core.package_identification:_identify(src) by extensions ['python_setup_py']
[2.498s] Level 1:colcon.colcon_core.package_identification:_identify(src) by extension 'python_setup_py'
[2.499s] Level 1:colcon.colcon_core.package_identification:_identify(src/mimi_head) by extensions ['ignore', 'ignore_ament_install']
[2.499s] Level 1:colcon.colcon_core.package_identification:_identify(src/mimi_head) by extension 'ignore'
[2.500s] Level 1:colcon.colcon_core.package_identification:_identify(src/mimi_head) by extension 'ignore_ament_install'
[2.500s] Level 1:colcon.colcon_core.package_identification:_identify(src/mimi_head) by extensions ['colcon_pkg']
[2.501s] Level 1:colcon.colcon_core.package_identification:_identify(src/mimi_head) by extension 'colcon_pkg'
[2.501s] Level 1:colcon.colcon_core.package_identification:_identify(src/mimi_head) by extensions ['colcon_meta']
[2.501s] Level 1:colcon.colcon_core.package_identification:_identify(src/mimi_head) by extension 'colcon_meta'
[2.502s] Level 1:colcon.colcon_core.package_identification:_identify(src/mimi_head) by extensions ['ros']
[2.502s] Level 1:colcon.colcon_core.package_identification:_identify(src/mimi_head) by extension 'ros'
[2.515s] DEBUG:colcon.colcon_core.package_identification:Package 'src/mimi_head' with type 'ros.ament_cmake' and name 'mimi_head'
[2.515s] Level 1:colcon.colcon_core.package_discovery:discover_packages(recursive) using defaults
[2.516s] Level 1:colcon.colcon_core.package_discovery:discover_packages(ignore) discover
[2.516s] Level 1:colcon.colcon_core.package_discovery:discover_packages(ignore) using defaults
[2.517s] Level 1:colcon.colcon_core.package_discovery:discover_packages(path) discover
[2.517s] Level 1:colcon.colcon_core.package_discovery:discover_packages(path) using defaults
[2.639s] Level 1:colcon.colcon_core.package_discovery:discover_packages(prefix_path) check parameters
[2.640s] Level 1:colcon.colcon_core.package_discovery:discover_packages(prefix_path) discover
[2.663s] DEBUG:colcon.colcon_installed_package_information.package_discovery:Found 271 installed packages in /opt/ros/humble
[2.670s] Level 1:colcon.colcon_core.package_discovery:discover_packages(prefix_path) using defaults
[3.100s] Level 5:colcon.colcon_core.verb:set package 'mimi_head' build argument 'cmake_args' from command line to 'None'
[3.101s] Level 5:colcon.colcon_core.verb:set package 'mimi_head' build argument 'cmake_target' from command line to 'None'
[3.101s] Level 5:colcon.colcon_core.verb:set package 'mimi_head' build argument 'cmake_target_skip_unavailable' from command line to 'False'
[3.101s] Level 5:colcon.colcon_core.verb:set package 'mimi_head' build argument 'cmake_clean_cache' from command line to 'False'
[3.101s] Level 5:colcon.colcon_core.verb:set package 'mimi_head' build argument 'cmake_clean_first' from command line to 'False'
[3.102s] Level 5:colcon.colcon_core.verb:set package 'mimi_head' build argument 'cmake_force_configure' from command line to 'False'
[3.102s] Level 5:colcon.colcon_core.verb:set package 'mimi_head' build argument 'ament_cmake_args' from command line to 'None'
[3.102s] Level 5:colcon.colcon_core.verb:set package 'mimi_head' build argument 'catkin_cmake_args' from command line to 'None'
[3.102s] Level 5:colcon.colcon_core.verb:set package 'mimi_head' build argument 'catkin_skip_building_tests' from command line to 'False'
[3.102s] DEBUG:colcon.colcon_core.verb:Building package 'mimi_head' with the following arguments: {'ament_cmake_args': None, 'build_base': '/home/mimi/mimi_ros2_ws/build/mimi_head', 'catkin_cmake_args': None, 'catkin_skip_building_tests': False, 'cmake_args': None, 'cmake_clean_cache': False, 'cmake_clean_first': False, 'cmake_force_configure': False, 'cmake_target': None, 'cmake_target_skip_unavailable': False, 'install_base': '/home/mimi/mimi_ros2_ws/install/mimi_head', 'merge_install': False, 'path': '/home/mimi/mimi_ros2_ws/src/mimi_head', 'symlink_install': True, 'test_result_base': None}
[3.106s] INFO:colcon.colcon_core.executor:Executing jobs using 'parallel' executor
[3.122s] DEBUG:colcon.colcon_parallel_executor.executor.parallel:run_until_complete
[3.124s] INFO:colcon.colcon_ros.task.ament_cmake.build:Building ROS package in '/home/mimi/mimi_ros2_ws/src/mimi_head' with build type 'ament_cmake'
[3.125s] INFO:colcon.colcon_cmake.task.cmake.build:Building CMake package in '/home/mimi/mimi_ros2_ws/src/mimi_head'
[3.150s] INFO:colcon.colcon_core.plugin_system:Skipping extension 'colcon_core.shell.bat': Not used on non-Windows systems
[3.152s] INFO:colcon.colcon_core.shell:Skip shell extension 'powershell' for command environment: Not usable outside of PowerShell
[3.152s] DEBUG:colcon.colcon_core.shell:Skip shell extension 'dsv' for command environment
[3.201s] DEBUG:colcon.colcon_core.event_handler.log_command:Invoking command in '/home/mimi/mimi_ros2_ws/build/mimi_head': CMAKE_PREFIX_PATH=/opt/ros/humble /usr/bin/cmake --build /home/mimi/mimi_ros2_ws/build/mimi_head -- -j4 -l4
[6.507s] DEBUG:colcon.colcon_core.event_handler.log_command:Invoked command in '/home/mimi/mimi_ros2_ws/build/mimi_head' returned '2': CMAKE_PREFIX_PATH=/opt/ros/humble /usr/bin/cmake --build /home/mimi/mimi_ros2_ws/build/mimi_head -- -j4 -l4
[6.901s] Level 1:colcon.colcon_core.environment:create_environment_scripts_only(mimi_head)
[6.936s] Level 1:colcon.colcon_core.environment:checking '/home/mimi/mimi_ros2_ws/install/mimi_head' for CMake module files
[6.941s] Level 1:colcon.colcon_core.environment:checking '/home/mimi/mimi_ros2_ws/install/mimi_head' for CMake config files
[6.948s] Level 1:colcon.colcon_core.shell:create_environment_hook('mimi_head', 'cmake_prefix_path')
[6.955s] INFO:colcon.colcon_core.shell:Creating environment hook '/home/mimi/mimi_ros2_ws/install/mimi_head/share/mimi_head/hook/cmake_prefix_path.ps1'
[6.959s] INFO:colcon.colcon_core.shell:Creating environment descriptor '/home/mimi/mimi_ros2_ws/install/mimi_head/share/mimi_head/hook/cmake_prefix_path.dsv'
[6.962s] INFO:colcon.colcon_core.shell:Creating environment hook '/home/mimi/mimi_ros2_ws/install/mimi_head/share/mimi_head/hook/cmake_prefix_path.sh'
[6.967s] Level 1:colcon.colcon_core.environment:checking '/home/mimi/mimi_ros2_ws/install/mimi_head/lib'
[6.969s] Level 1:colcon.colcon_core.shell:create_environment_hook('mimi_head', 'ld_library_path_lib')
[6.975s] INFO:colcon.colcon_core.shell:Creating environment hook '/home/mimi/mimi_ros2_ws/install/mimi_head/share/mimi_head/hook/ld_library_path_lib.ps1'
[6.978s] INFO:colcon.colcon_core.shell:Creating environment descriptor '/home/mimi/mimi_ros2_ws/install/mimi_head/share/mimi_head/hook/ld_library_path_lib.dsv'
[6.981s] INFO:colcon.colcon_core.shell:Creating environment hook '/home/mimi/mimi_ros2_ws/install/mimi_head/share/mimi_head/hook/ld_library_path_lib.sh'
[6.985s] Level 1:colcon.colcon_core.environment:checking '/home/mimi/mimi_ros2_ws/install/mimi_head/bin'
[6.985s] Level 1:colcon.colcon_core.environment:checking '/home/mimi/mimi_ros2_ws/install/mimi_head/lib/pkgconfig/mimi_head.pc'
[6.987s] Level 1:colcon.colcon_core.environment:checking '/home/mimi/mimi_ros2_ws/install/mimi_head/lib/python3.10/site-packages'
[6.988s] Level 1:colcon.colcon_core.environment:checking '/home/mimi/mimi_ros2_ws/install/mimi_head/bin'
[6.995s] INFO:colcon.colcon_core.shell:Creating package script '/home/mimi/mimi_ros2_ws/install/mimi_head/share/mimi_head/package.ps1'
[7.000s] INFO:colcon.colcon_core.shell:Creating package descriptor '/home/mimi/mimi_ros2_ws/install/mimi_head/share/mimi_head/package.dsv'
[7.003s] INFO:colcon.colcon_core.shell:Creating package script '/home/mimi/mimi_ros2_ws/install/mimi_head/share/mimi_head/package.sh'
[7.008s] INFO:colcon.colcon_core.shell:Creating package script '/home/mimi/mimi_ros2_ws/install/mimi_head/share/mimi_head/package.bash'
[7.012s] INFO:colcon.colcon_core.shell:Creating package script '/home/mimi/mimi_ros2_ws/install/mimi_head/share/mimi_head/package.zsh'
[7.016s] Level 1:colcon.colcon_core.environment:create_file_with_runtime_dependencies(/home/mimi/mimi_ros2_ws/install/mimi_head/share/colcon-core/packages/mimi_head)
[7.019s] DEBUG:colcon.colcon_parallel_executor.executor.parallel:closing loop
[7.020s] DEBUG:colcon.colcon_parallel_executor.executor.parallel:loop closed
[7.021s] DEBUG:colcon.colcon_parallel_executor.executor.parallel:run_until_complete finished with '2'
[7.022s] DEBUG:colcon.colcon_core.event_reactor:joining thread
[7.054s] INFO:colcon.colcon_core.plugin_system:Skipping extension 'colcon_notification.desktop_notification.terminal_notifier': Not used on non-Darwin systems
[7.054s] INFO:colcon.colcon_core.plugin_system:Skipping extension 'colcon_notification.desktop_notification.win32': Not used on non-Windows systems
[7.055s] INFO:colcon.colcon_notification.desktop_notification:Sending desktop notification using 'notify2'
[7.061s] DEBUG:colcon.colcon_notification.desktop_notification.notify2:Failed to initialize notify2: org.freedesktop.DBus.Error.ServiceUnknown: The name org.freedesktop.Notifications was not provided by any .service files
[7.061s] DEBUG:colcon.colcon_core.event_reactor:joined thread
[7.069s] INFO:colcon.colcon_core.shell:Creating prefix script '/home/mimi/mimi_ros2_ws/install/local_setup.ps1'
[7.073s] INFO:colcon.colcon_core.shell:Creating prefix util module '/home/mimi/mimi_ros2_ws/install/_local_setup_util_ps1.py'
[7.079s] INFO:colcon.colcon_core.shell:Creating prefix chain script '/home/mimi/mimi_ros2_ws/install/setup.ps1'
[7.086s] INFO:colcon.colcon_core.shell:Creating prefix script '/home/mimi/mimi_ros2_ws/install/local_setup.sh'
[7.094s] INFO:colcon.colcon_core.shell:Creating prefix util module '/home/mimi/mimi_ros2_ws/install/_local_setup_util_sh.py'
[7.097s] INFO:colcon.colcon_core.shell:Creating prefix chain script '/home/mimi/mimi_ros2_ws/install/setup.sh'
[7.105s] INFO:colcon.colcon_core.shell:Creating prefix script '/home/mimi/mimi_ros2_ws/install/local_setup.bash'
[7.108s] INFO:colcon.colcon_core.shell:Creating prefix chain script '/home/mimi/mimi_ros2_ws/install/setup.bash'
[7.115s] INFO:colcon.colcon_core.shell:Creating prefix script '/home/mimi/mimi_ros2_ws/install/local_setup.zsh'
[7.123s] INFO:colcon.colcon_core.shell:Creating prefix chain script '/home/mimi/mimi_ros2_ws/install/setup.zsh'
