[0.068s] Invoking command in '/home/mimi/mimi_ros2_ws/build/mimi_head': CMAKE_PREFIX_PATH=/opt/ros/humble /usr/bin/cmake --build /home/mimi/mimi_ros2_ws/build/mimi_head -- -j4 -l4
[0.365s] [  2%] Built target mimi_head__cpp
[0.388s] [ 11%] Built target mimi_head__rosidl_generator_c
[0.395s] [ 14%] [32mBuilding CXX object CMakeFiles/mimi_camera.dir/src/mimi_camera.cpp.o[0m
[0.493s] [ 20%] Built target mimi_monitor
[0.657s] [ 20%] Built target ament_cmake_python_symlink_mimi_head
[0.670s] [ 28%] Built target mimi_head__rosidl_typesupport_fastrtps_c
[0.707s] [ 37%] Built target mimi_head__rosidl_typesupport_cpp
[0.836s] [ 45%] Built target mimi_head__rosidl_typesupport_introspection_c
[0.921s] [ 54%] Built target mimi_head__rosidl_typesupport_fastrtps_cpp
[0.933s] [ 62%] Built target mimi_head__rosidl_typesupport_c
[0.984s] [ 71%] Built target mimi_head__rosidl_typesupport_introspection_cpp
[1.155s] [ 71%] Built target mimi_head
[1.281s] [ 74%] Built target mimi_head__py
[1.380s] [ 80%] Built target mimi_head__rosidl_generator_py
[1.541s] [ 85%] Built target mimi_head__rosidl_typesupport_introspection_c__pyext
[1.580s] [ 91%] Built target mimi_head__rosidl_typesupport_fastrtps_c__pyext
[1.701s] [ 97%] Built target mimi_head__rosidl_typesupport_c__pyext
[2.843s] running egg_info
[2.847s] writing mimi_head.egg-info/PKG-INFO
[2.851s] writing dependency_links to mimi_head.egg-info/dependency_links.txt
[2.852s] writing top-level names to mimi_head.egg-info/top_level.txt
[2.864s] reading manifest file 'mimi_head.egg-info/SOURCES.txt'
[2.867s] writing manifest file 'mimi_head.egg-info/SOURCES.txt'
[2.987s] In file included from [01m[K/home/mimi/mimi_ros2_ws/src/mimi_head/src/mimi_camera.cpp:10[m[K:
[2.991s] [01m[K/home/mimi/mimi_ros2_ws/install/mimi_head/include/mimi_head/mimi_head/msg/angle.hpp:7:10:[m[K [01;31m[Kfatal error: [m[Kmimi_head/msg/detail/angle__struct.hpp: No such file or directory
[2.999s]     7 | #include [01;31m[K"mimi_head/msg/detail/angle__struct.hpp"[m[K
[3.001s]       |          [01;31m[K^~~~~~~~~~~~~~~~~~~~~~~~~~~~~~~~~~~~~~~~[m[K
[3.002s] compilation terminated.
[3.003s] gmake[2]: *** [CMakeFiles/mimi_camera.dir/build.make:76: CMakeFiles/mimi_camera.dir/src/mimi_camera.cpp.o] Error 1
[3.003s] gmake[1]: *** [CMakeFiles/Makefile2:184: CMakeFiles/mimi_camera.dir/all] Error 2
[3.004s] gmake[1]: *** Waiting for unfinished jobs....
[3.030s] [ 97%] Built target ament_cmake_python_build_mimi_head_egg
[3.035s] gmake: *** [Makefile:146: all] Error 2
[3.053s] Invoked command in '/home/mimi/mimi_ros2_ws/build/mimi_head' returned '2': CMAKE_PREFIX_PATH=/opt/ros/humble /usr/bin/cmake --build /home/mimi/mimi_ros2_ws/build/mimi_head -- -j4 -l4
