[0.000000] (-) TimerEvent: {}
[0.002053] (mimi_head) JobQueued: {'identifier': 'mimi_head', 'dependencies': OrderedDict()}
[0.002944] (mimi_head) JobStarted: {'identifier': 'mimi_head'}
[0.054791] (mimi_head) JobProgress: {'identifier': 'mimi_head', 'progress': 'cmake'}
[0.058320] (mimi_head) JobProgress: {'identifier': 'mimi_head', 'progress': 'build'}
[0.061543] (mimi_head) Command: {'cmd': ['/usr/bin/cmake', '--build', '/home/mimi/mimi_ros2_ws/build/mimi_head', '--', '-j4', '-l4'], 'cwd': '/home/mimi/mimi_ros2_ws/build/mimi_head', 'env': OrderedDict([('LESSOPEN', '| /usr/bin/lesspipe %s'), ('USER', 'mimi'), ('SSH_CLIENT', '192.168.1.102 62419 22'), ('LC_TIME', 'th_TH.UTF-8'), ('XDG_SESSION_TYPE', 'tty'), ('GIT_ASKPASS', '/home/mimi/.vscode-server/bin/6a995c4f4cc2ced6e3237749973982e751cb0bf9/extensions/git/dist/askpass.sh'), ('SHLVL', '0'), ('LD_LIBRARY_PATH', '/opt/ros/humble/opt/rviz_ogre_vendor/lib:/opt/ros/humble/lib/aarch64-linux-gnu:/opt/ros/humble/lib'), ('BROWSER', '/home/mimi/.vscode-server/bin/6a995c4f4cc2ced6e3237749973982e751cb0bf9/bin/helpers/browser.sh'), ('MOTD_SHOWN', 'pam'), ('HOME', '/home/mimi'), ('TERM_PROGRAM_VERSION', '1.78.1'), ('VSCODE_IPC_HOOK_CLI', '/run/user/1000/vscode-ipc-eaa56e7f-c7d7-430c-9acf-bfb80391d7a1.sock'), ('ROS_PYTHON_VERSION', '3'), ('VSCODE_GIT_ASKPASS_MAIN', '/home/mimi/.vscode-server/bin/6a995c4f4cc2ced6e3237749973982e751cb0bf9/extensions/git/dist/askpass-main.js'), ('LC_MONETARY', 'th_TH.UTF-8'), ('VSCODE_GIT_ASKPASS_NODE', '/home/mimi/.vscode-server/bin/6a995c4f4cc2ced6e3237749973982e751cb0bf9/node'), ('DBUS_SESSION_BUS_ADDRESS', 'unix:path=/run/user/1000/bus'), ('COLORTERM', 'truecolor'), ('ROS_DISTRO', 'humble'), ('LOGNAME', 'mimi'), ('_', '/usr/bin/colcon'), ('ROS_VERSION', '2'), ('XDG_SESSION_CLASS', 'user'), ('TERM', 'xterm-256color'), ('XDG_SESSION_ID', '4'), ('ROS_LOCALHOST_ONLY', '0'), ('PATH', '/home/mimi/.vscode-server/bin/6a995c4f4cc2ced6e3237749973982e751cb0bf9/bin/remote-cli:/home/mimi/.local/bin:/opt/ros/humble/bin:/usr/local/sbin:/usr/local/bin:/usr/sbin:/usr/bin:/sbin:/bin:/usr/games:/usr/local/games:/snap/bin'), ('LC_ADDRESS', 'th_TH.UTF-8'), ('XDG_RUNTIME_DIR', '/run/user/1000'), ('LANG', 'en_US.UTF-8'), ('LC_TELEPHONE', 'th_TH.UTF-8'), ('LS_COLORS', ''), ('VSCODE_GIT_IPC_HANDLE', '/run/user/1000/vscode-git-bb3d78543e.sock'), ('TERM_PROGRAM', 'vscode'), ('AMENT_PREFIX_PATH', '/opt/ros/humble'), ('SHELL', '/bin/bash'), ('LC_NAME', 'th_TH.UTF-8'), ('LESSCLOSE', '/usr/bin/lesspipe %s %s'), ('LC_MEASUREMENT', 'th_TH.UTF-8'), ('LC_IDENTIFICATION', 'th_TH.UTF-8'), ('VSCODE_GIT_ASKPASS_EXTRA_ARGS', ''), ('PWD', '/home/mimi/mimi_ros2_ws/build/mimi_head'), ('SSH_CONNECTION', '192.168.1.102 62419 192.168.1.100 22'), ('XDG_DATA_DIRS', '/usr/share/gnome:/usr/local/share:/usr/share:/var/lib/snapd/desktop'), ('PYTHONPATH', '/opt/ros/humble/lib/python3.10/site-packages:/opt/ros/humble/local/lib/python3.10/dist-packages'), ('LC_NUMERIC', 'th_TH.UTF-8'), ('LC_PAPER', 'th_TH.UTF-8'), ('COLCON', '1'), ('CMAKE_PREFIX_PATH', '/opt/ros/humble')]), 'shell': False}
[0.098133] (-) TimerEvent: {}
[0.198915] (-) TimerEvent: {}
[0.271820] (mimi_head) StdoutLine: {'line': b'\x1b[35m\x1b[1mConsolidate compiler generated dependencies of target mimi_camera\x1b[0m\n'}
[0.301960] (-) TimerEvent: {}
[0.351785] (mimi_head) StdoutLine: {'line': b'[ 50%] Built target mimi_monitor\n'}
[0.402187] (-) TimerEvent: {}
[0.409961] (mimi_head) StdoutLine: {'line': b'[ 75%] \x1b[32mBuilding CXX object CMakeFiles/mimi_camera.dir/src/mimi_camera.cpp.o\x1b[0m\n'}
[0.502410] (-) TimerEvent: {}
[0.603203] (-) TimerEvent: {}
[0.703982] (-) TimerEvent: {}
[0.804829] (-) TimerEvent: {}
[0.905695] (-) TimerEvent: {}
[1.006588] (-) TimerEvent: {}
[1.107556] (-) TimerEvent: {}
[1.208393] (-) TimerEvent: {}
[1.309365] (-) TimerEvent: {}
[1.410380] (-) TimerEvent: {}
[1.511510] (-) TimerEvent: {}
[1.612369] (-) TimerEvent: {}
[1.713146] (-) TimerEvent: {}
[1.813926] (-) TimerEvent: {}
[1.914666] (-) TimerEvent: {}
[2.015467] (-) TimerEvent: {}
[2.116319] (-) TimerEvent: {}
[2.217177] (-) TimerEvent: {}
[2.318128] (-) TimerEvent: {}
[2.419102] (-) TimerEvent: {}
[2.520235] (-) TimerEvent: {}
[2.621141] (-) TimerEvent: {}
[2.722024] (-) TimerEvent: {}
[2.822939] (-) TimerEvent: {}
[2.923831] (-) TimerEvent: {}
[3.024797] (-) TimerEvent: {}
[3.125940] (-) TimerEvent: {}
[3.226868] (-) TimerEvent: {}
[3.327833] (-) TimerEvent: {}
[3.428732] (-) TimerEvent: {}
[3.529755] (-) TimerEvent: {}
[3.630659] (-) TimerEvent: {}
[3.731522] (-) TimerEvent: {}
[3.832491] (-) TimerEvent: {}
[3.933325] (-) TimerEvent: {}
[4.034323] (-) TimerEvent: {}
[4.135229] (-) TimerEvent: {}
[4.236105] (-) TimerEvent: {}
[4.337022] (-) TimerEvent: {}
[4.437983] (-) TimerEvent: {}
[4.539023] (-) TimerEvent: {}
[4.639895] (-) TimerEvent: {}
[4.740783] (-) TimerEvent: {}
[4.841713] (-) TimerEvent: {}
[4.942810] (-) TimerEvent: {}
[5.043700] (-) TimerEvent: {}
[5.144631] (-) TimerEvent: {}
[5.245725] (-) TimerEvent: {}
[5.346568] (-) TimerEvent: {}
[5.447455] (-) TimerEvent: {}
[5.548387] (-) TimerEvent: {}
[5.649275] (-) TimerEvent: {}
[5.750249] (-) TimerEvent: {}
[5.851277] (-) TimerEvent: {}
[5.952161] (-) TimerEvent: {}
[6.053018] (-) TimerEvent: {}
[6.154612] (-) TimerEvent: {}
[6.255596] (-) TimerEvent: {}
[6.356664] (-) TimerEvent: {}
[6.457987] (-) TimerEvent: {}
[6.560210] (-) TimerEvent: {}
[6.661315] (-) TimerEvent: {}
[6.762183] (-) TimerEvent: {}
[6.863106] (-) TimerEvent: {}
[6.963942] (-) TimerEvent: {}
[7.064927] (-) TimerEvent: {}
[7.165799] (-) TimerEvent: {}
[7.266664] (-) TimerEvent: {}
[7.367512] (-) TimerEvent: {}
[7.468394] (-) TimerEvent: {}
[7.569231] (-) TimerEvent: {}
[7.670108] (-) TimerEvent: {}
[7.770906] (-) TimerEvent: {}
[7.871759] (-) TimerEvent: {}
[7.972677] (-) TimerEvent: {}
[8.073543] (-) TimerEvent: {}
[8.174530] (-) TimerEvent: {}
[8.275356] (-) TimerEvent: {}
[8.376220] (-) TimerEvent: {}
[8.477082] (-) TimerEvent: {}
[8.577962] (-) TimerEvent: {}
[8.678832] (-) TimerEvent: {}
[8.779685] (-) TimerEvent: {}
[8.880702] (-) TimerEvent: {}
[8.981545] (-) TimerEvent: {}
[9.082443] (-) TimerEvent: {}
[9.183309] (-) TimerEvent: {}
[9.284228] (-) TimerEvent: {}
[9.385097] (-) TimerEvent: {}
[9.486019] (-) TimerEvent: {}
[9.586926] (-) TimerEvent: {}
[9.687795] (-) TimerEvent: {}
[9.788662] (-) TimerEvent: {}
[9.889531] (-) TimerEvent: {}
[9.990496] (-) TimerEvent: {}
[10.091369] (-) TimerEvent: {}
[10.192230] (-) TimerEvent: {}
[10.293118] (-) TimerEvent: {}
[10.393963] (-) TimerEvent: {}
[10.494791] (-) TimerEvent: {}
[10.595635] (-) TimerEvent: {}
[10.696462] (-) TimerEvent: {}
[10.797326] (-) TimerEvent: {}
[10.898232] (-) TimerEvent: {}
[10.999069] (-) TimerEvent: {}
[11.099937] (-) TimerEvent: {}
[11.200998] (-) TimerEvent: {}
[11.301871] (-) TimerEvent: {}
[11.402796] (-) TimerEvent: {}
[11.503645] (-) TimerEvent: {}
[11.604517] (-) TimerEvent: {}
[11.705377] (-) TimerEvent: {}
[11.806258] (-) TimerEvent: {}
[11.907095] (-) TimerEvent: {}
[12.008009] (-) TimerEvent: {}
[12.108869] (-) TimerEvent: {}
[12.209717] (-) TimerEvent: {}
[12.310548] (-) TimerEvent: {}
[12.411420] (-) TimerEvent: {}
[12.512270] (-) TimerEvent: {}
[12.613114] (-) TimerEvent: {}
[12.713982] (-) TimerEvent: {}
[12.814793] (-) TimerEvent: {}
[12.915634] (-) TimerEvent: {}
[13.016473] (-) TimerEvent: {}
[13.117339] (-) TimerEvent: {}
[13.218243] (-) TimerEvent: {}
[13.319063] (-) TimerEvent: {}
[13.419925] (-) TimerEvent: {}
[13.520768] (-) TimerEvent: {}
[13.529872] (mimi_head) StderrLine: {'line': b'\x1b[01m\x1b[K/home/mimi/mimi_ros2_ws/src/mimi_head/src/mimi_camera.cpp:\x1b[m\x1b[K In function \xe2\x80\x98\x1b[01m\x1b[Kvoid sigint_handler(int)\x1b[m\x1b[K\xe2\x80\x99:\n'}
[13.530700] (mimi_head) StderrLine: {'line': b'\x1b[01m\x1b[K/home/mimi/mimi_ros2_ws/src/mimi_head/src/mimi_camera.cpp:249:25:\x1b[m\x1b[K \x1b[01;35m\x1b[Kwarning: \x1b[m\x1b[Kunused parameter \xe2\x80\x98\x1b[01m\x1b[Ksig\x1b[m\x1b[K\xe2\x80\x99 [\x1b[01;35m\x1b[K\x1b]8;;https://gcc.gnu.org/onlinedocs/gcc/Warning-Options.html#index-Wunused-parameter\x07-Wunused-parameter\x1b]8;;\x07\x1b[m\x1b[K]\n'}
[13.531180] (mimi_head) StderrLine: {'line': b'  249 | void sigint_handler(\x1b[01;35m\x1b[Kint sig\x1b[m\x1b[K)\n'}
[13.531625] (mimi_head) StderrLine: {'line': b'      |                     \x1b[01;35m\x1b[K~~~~^~~\x1b[m\x1b[K\n'}
[13.621009] (-) TimerEvent: {}
[13.721799] (-) TimerEvent: {}
[13.822698] (-) TimerEvent: {}
[13.923553] (-) TimerEvent: {}
[14.024482] (-) TimerEvent: {}
[14.125342] (-) TimerEvent: {}
[14.226272] (-) TimerEvent: {}
[14.327391] (-) TimerEvent: {}
[14.428250] (-) TimerEvent: {}
[14.529127] (-) TimerEvent: {}
[14.629998] (-) TimerEvent: {}
[14.730843] (-) TimerEvent: {}
[14.831680] (-) TimerEvent: {}
[14.932615] (-) TimerEvent: {}
[15.033541] (-) TimerEvent: {}
[15.134430] (-) TimerEvent: {}
[15.235286] (-) TimerEvent: {}
[15.336128] (-) TimerEvent: {}
[15.436983] (-) TimerEvent: {}
[15.537810] (-) TimerEvent: {}
[15.638618] (-) TimerEvent: {}
[15.739461] (-) TimerEvent: {}
[15.840295] (-) TimerEvent: {}
[15.941181] (-) TimerEvent: {}
[16.042148] (-) TimerEvent: {}
[16.142975] (-) TimerEvent: {}
[16.243795] (-) TimerEvent: {}
[16.344633] (-) TimerEvent: {}
[16.446295] (-) TimerEvent: {}
[16.547145] (-) TimerEvent: {}
[16.647974] (-) TimerEvent: {}
[16.748834] (-) TimerEvent: {}
[16.849688] (-) TimerEvent: {}
[16.950523] (-) TimerEvent: {}
[17.051380] (-) TimerEvent: {}
[17.152396] (-) TimerEvent: {}
[17.253408] (-) TimerEvent: {}
[17.354343] (-) TimerEvent: {}
[17.455145] (-) TimerEvent: {}
[17.556056] (-) TimerEvent: {}
[17.656905] (-) TimerEvent: {}
[17.757834] (-) TimerEvent: {}
[17.858620] (-) TimerEvent: {}
[17.959476] (-) TimerEvent: {}
[18.060408] (-) TimerEvent: {}
[18.161321] (-) TimerEvent: {}
[18.262478] (-) TimerEvent: {}
[18.363341] (-) TimerEvent: {}
[18.464205] (-) TimerEvent: {}
[18.565281] (-) TimerEvent: {}
[18.666150] (-) TimerEvent: {}
[18.766998] (-) TimerEvent: {}
[18.867837] (-) TimerEvent: {}
[18.968694] (-) TimerEvent: {}
[19.069531] (-) TimerEvent: {}
[19.170430] (-) TimerEvent: {}
[19.271296] (-) TimerEvent: {}
[19.372275] (-) TimerEvent: {}
[19.473160] (-) TimerEvent: {}
[19.574028] (-) TimerEvent: {}
[19.674823] (-) TimerEvent: {}
[19.775660] (-) TimerEvent: {}
[19.876471] (-) TimerEvent: {}
[19.977361] (-) TimerEvent: {}
[20.078367] (-) TimerEvent: {}
[20.179136] (-) TimerEvent: {}
[20.279988] (-) TimerEvent: {}
[20.380856] (-) TimerEvent: {}
[20.481854] (-) TimerEvent: {}
[20.582755] (-) TimerEvent: {}
[20.683588] (-) TimerEvent: {}
[20.784416] (-) TimerEvent: {}
[20.885260] (-) TimerEvent: {}
[20.986099] (-) TimerEvent: {}
[21.086958] (-) TimerEvent: {}
[21.187961] (-) TimerEvent: {}
[21.288792] (-) TimerEvent: {}
[21.389687] (-) TimerEvent: {}
[21.490518] (-) TimerEvent: {}
[21.591307] (-) TimerEvent: {}
[21.692105] (-) TimerEvent: {}
[21.792929] (-) TimerEvent: {}
[21.893788] (-) TimerEvent: {}
[21.994621] (-) TimerEvent: {}
[22.095605] (-) TimerEvent: {}
[22.196520] (-) TimerEvent: {}
[22.297502] (-) TimerEvent: {}
[22.398369] (-) TimerEvent: {}
[22.499168] (-) TimerEvent: {}
[22.599990] (-) TimerEvent: {}
[22.700804] (-) TimerEvent: {}
[22.801670] (-) TimerEvent: {}
[22.902486] (-) TimerEvent: {}
[23.003393] (-) TimerEvent: {}
[23.104223] (-) TimerEvent: {}
[23.205108] (-) TimerEvent: {}
[23.306217] (-) TimerEvent: {}
[23.407211] (-) TimerEvent: {}
[23.484417] (mimi_head) StdoutLine: {'line': b'[100%] \x1b[32m\x1b[1mLinking CXX executable mimi_camera\x1b[0m\n'}
[23.507434] (-) TimerEvent: {}
[23.608425] (-) TimerEvent: {}
[23.709577] (-) TimerEvent: {}
[23.811247] (-) TimerEvent: {}
[23.912362] (-) TimerEvent: {}
[24.013466] (-) TimerEvent: {}
[24.114796] (-) TimerEvent: {}
[24.216077] (-) TimerEvent: {}
[24.317800] (-) TimerEvent: {}
[24.418752] (-) TimerEvent: {}
[24.519663] (-) TimerEvent: {}
[24.620511] (-) TimerEvent: {}
[24.721381] (-) TimerEvent: {}
[24.822306] (-) TimerEvent: {}
[24.923153] (-) TimerEvent: {}
[25.023973] (-) TimerEvent: {}
[25.124863] (-) TimerEvent: {}
[25.225784] (-) TimerEvent: {}
[25.326661] (-) TimerEvent: {}
[25.427420] (-) TimerEvent: {}
[25.528272] (-) TimerEvent: {}
[25.629144] (-) TimerEvent: {}
[25.730174] (-) TimerEvent: {}
[25.831119] (-) TimerEvent: {}
[25.932013] (-) TimerEvent: {}
[26.032922] (-) TimerEvent: {}
[26.133959] (-) TimerEvent: {}
[26.200252] (mimi_head) StdoutLine: {'line': b'[100%] Built target mimi_camera\n'}
[26.234155] (-) TimerEvent: {}
[26.240923] (mimi_head) CommandEnded: {'returncode': 0}
[26.334341] (-) TimerEvent: {}
[26.378170] (mimi_head) JobProgress: {'identifier': 'mimi_head', 'progress': 'install'}
[26.417724] (mimi_head) Command: {'cmd': ['/usr/bin/cmake', '--install', '/home/mimi/mimi_ros2_ws/build/mimi_head'], 'cwd': '/home/mimi/mimi_ros2_ws/build/mimi_head', 'env': OrderedDict([('LESSOPEN', '| /usr/bin/lesspipe %s'), ('USER', 'mimi'), ('SSH_CLIENT', '192.168.1.102 62419 22'), ('LC_TIME', 'th_TH.UTF-8'), ('XDG_SESSION_TYPE', 'tty'), ('GIT_ASKPASS', '/home/mimi/.vscode-server/bin/6a995c4f4cc2ced6e3237749973982e751cb0bf9/extensions/git/dist/askpass.sh'), ('SHLVL', '0'), ('LD_LIBRARY_PATH', '/opt/ros/humble/opt/rviz_ogre_vendor/lib:/opt/ros/humble/lib/aarch64-linux-gnu:/opt/ros/humble/lib'), ('BROWSER', '/home/mimi/.vscode-server/bin/6a995c4f4cc2ced6e3237749973982e751cb0bf9/bin/helpers/browser.sh'), ('MOTD_SHOWN', 'pam'), ('HOME', '/home/mimi'), ('TERM_PROGRAM_VERSION', '1.78.1'), ('VSCODE_IPC_HOOK_CLI', '/run/user/1000/vscode-ipc-eaa56e7f-c7d7-430c-9acf-bfb80391d7a1.sock'), ('ROS_PYTHON_VERSION', '3'), ('VSCODE_GIT_ASKPASS_MAIN', '/home/mimi/.vscode-server/bin/6a995c4f4cc2ced6e3237749973982e751cb0bf9/extensions/git/dist/askpass-main.js'), ('LC_MONETARY', 'th_TH.UTF-8'), ('VSCODE_GIT_ASKPASS_NODE', '/home/mimi/.vscode-server/bin/6a995c4f4cc2ced6e3237749973982e751cb0bf9/node'), ('DBUS_SESSION_BUS_ADDRESS', 'unix:path=/run/user/1000/bus'), ('COLORTERM', 'truecolor'), ('ROS_DISTRO', 'humble'), ('LOGNAME', 'mimi'), ('_', '/usr/bin/colcon'), ('ROS_VERSION', '2'), ('XDG_SESSION_CLASS', 'user'), ('TERM', 'xterm-256color'), ('XDG_SESSION_ID', '4'), ('ROS_LOCALHOST_ONLY', '0'), ('PATH', '/home/mimi/.vscode-server/bin/6a995c4f4cc2ced6e3237749973982e751cb0bf9/bin/remote-cli:/home/mimi/.local/bin:/opt/ros/humble/bin:/usr/local/sbin:/usr/local/bin:/usr/sbin:/usr/bin:/sbin:/bin:/usr/games:/usr/local/games:/snap/bin'), ('LC_ADDRESS', 'th_TH.UTF-8'), ('XDG_RUNTIME_DIR', '/run/user/1000'), ('LANG', 'en_US.UTF-8'), ('LC_TELEPHONE', 'th_TH.UTF-8'), ('LS_COLORS', ''), ('VSCODE_GIT_IPC_HANDLE', '/run/user/1000/vscode-git-bb3d78543e.sock'), ('TERM_PROGRAM', 'vscode'), ('AMENT_PREFIX_PATH', '/opt/ros/humble'), ('SHELL', '/bin/bash'), ('LC_NAME', 'th_TH.UTF-8'), ('LESSCLOSE', '/usr/bin/lesspipe %s %s'), ('LC_MEASUREMENT', 'th_TH.UTF-8'), ('LC_IDENTIFICATION', 'th_TH.UTF-8'), ('VSCODE_GIT_ASKPASS_EXTRA_ARGS', ''), ('PWD', '/home/mimi/mimi_ros2_ws/build/mimi_head'), ('SSH_CONNECTION', '192.168.1.102 62419 192.168.1.100 22'), ('XDG_DATA_DIRS', '/usr/share/gnome:/usr/local/share:/usr/share:/var/lib/snapd/desktop'), ('PYTHONPATH', '/opt/ros/humble/lib/python3.10/site-packages:/opt/ros/humble/local/lib/python3.10/dist-packages'), ('LC_NUMERIC', 'th_TH.UTF-8'), ('LC_PAPER', 'th_TH.UTF-8'), ('COLCON', '1'), ('CMAKE_PREFIX_PATH', '/opt/ros/humble')]), 'shell': False}
[26.434537] (-) TimerEvent: {}
[26.445785] (mimi_head) StdoutLine: {'line': b'-- Install configuration: ""\n'}
[26.453906] (mimi_head) StdoutLine: {'line': b'-- Execute custom install script\n'}
[26.455496] (mimi_head) StdoutLine: {'line': b'-- Up-to-date symlink: /home/mimi/mimi_ros2_ws/install/mimi_head/lib/mimi_head/mimi_camera\n'}
[26.456273] (mimi_head) StdoutLine: {'line': b'-- Up-to-date symlink: /home/mimi/mimi_ros2_ws/install/mimi_head/lib/mimi_head/mimi_monitor\n'}
[26.457453] (mimi_head) StdoutLine: {'line': b'-- Up-to-date symlink: /home/mimi/mimi_ros2_ws/install/mimi_head/share/ament_index/resource_index/package_run_dependencies/mimi_head\n'}
[26.459724] (mimi_head) StdoutLine: {'line': b'-- Up-to-date symlink: /home/mimi/mimi_ros2_ws/install/mimi_head/share/ament_index/resource_index/parent_prefix_path/mimi_head\n'}
[26.461467] (mimi_head) StdoutLine: {'line': b'-- Up-to-date symlink: /home/mimi/mimi_ros2_ws/install/mimi_head/share/mimi_head/environment/ament_prefix_path.sh\n'}
[26.463125] (mimi_head) StdoutLine: {'line': b'-- Up-to-date symlink: /home/mimi/mimi_ros2_ws/install/mimi_head/share/mimi_head/environment/ament_prefix_path.dsv\n'}
[26.464767] (mimi_head) StdoutLine: {'line': b'-- Up-to-date symlink: /home/mimi/mimi_ros2_ws/install/mimi_head/share/mimi_head/environment/path.sh\n'}
[26.466381] (mimi_head) StdoutLine: {'line': b'-- Up-to-date symlink: /home/mimi/mimi_ros2_ws/install/mimi_head/share/mimi_head/environment/path.dsv\n'}
[26.467862] (mimi_head) StdoutLine: {'line': b'-- Up-to-date symlink: /home/mimi/mimi_ros2_ws/install/mimi_head/share/mimi_head/local_setup.bash\n'}
[26.469226] (mimi_head) StdoutLine: {'line': b'-- Up-to-date symlink: /home/mimi/mimi_ros2_ws/install/mimi_head/share/mimi_head/local_setup.sh\n'}
[26.470172] (mimi_head) StdoutLine: {'line': b'-- Up-to-date symlink: /home/mimi/mimi_ros2_ws/install/mimi_head/share/mimi_head/local_setup.zsh\n'}
[26.471087] (mimi_head) StdoutLine: {'line': b'-- Up-to-date symlink: /home/mimi/mimi_ros2_ws/install/mimi_head/share/mimi_head/local_setup.dsv\n'}
[26.471682] (mimi_head) StdoutLine: {'line': b'-- Symlinking: /home/mimi/mimi_ros2_ws/install/mimi_head/share/mimi_head/package.dsv\n'}
[26.504262] (mimi_head) StdoutLine: {'line': b'-- Up-to-date symlink: /home/mimi/mimi_ros2_ws/install/mimi_head/share/ament_index/resource_index/packages/mimi_head\n'}
[26.505052] (mimi_head) StdoutLine: {'line': b'-- Up-to-date symlink: /home/mimi/mimi_ros2_ws/install/mimi_head/share/mimi_head/cmake/mimi_headConfig.cmake\n'}
[26.505833] (mimi_head) StdoutLine: {'line': b'-- Up-to-date symlink: /home/mimi/mimi_ros2_ws/install/mimi_head/share/mimi_head/cmake/mimi_headConfig-version.cmake\n'}
[26.506685] (mimi_head) StdoutLine: {'line': b'-- Up-to-date symlink: /home/mimi/mimi_ros2_ws/install/mimi_head/share/mimi_head/package.xml\n'}
[26.512295] (mimi_head) CommandEnded: {'returncode': 0}
[26.534787] (-) TimerEvent: {}
[26.635748] (-) TimerEvent: {}
[26.739921] (-) TimerEvent: {}
[26.811227] (mimi_head) JobEnded: {'identifier': 'mimi_head', 'rc': 0}
[26.815109] (-) EventReactorShutdown: {}
