[0.000000] (-) TimerEvent: {}
[0.001737] (mimi_head) JobQueued: {'identifier': 'mimi_head', 'dependencies': OrderedDict()}
[0.002458] (mimi_head) JobStarted: {'identifier': 'mimi_head'}
[0.050503] (mimi_head) JobProgress: {'identifier': 'mimi_head', 'progress': 'cmake'}
[0.053956] (mimi_head) JobProgress: {'identifier': 'mimi_head', 'progress': 'build'}
[0.057253] (mimi_head) Command: {'cmd': ['/usr/bin/cmake', '--build', '/home/mimi/mimi_ros2_ws/build/mimi_head', '--', '-j4', '-l4'], 'cwd': '/home/mimi/mimi_ros2_ws/build/mimi_head', 'env': OrderedDict([('LESSOPEN', '| /usr/bin/lesspipe %s'), ('USER', 'mimi'), ('SSH_CLIENT', '192.168.1.102 62419 22'), ('LC_TIME', 'th_TH.UTF-8'), ('XDG_SESSION_TYPE', 'tty'), ('GIT_ASKPASS', '/home/mimi/.vscode-server/bin/6a995c4f4cc2ced6e3237749973982e751cb0bf9/extensions/git/dist/askpass.sh'), ('SHLVL', '0'), ('LD_LIBRARY_PATH', '/opt/ros/humble/opt/rviz_ogre_vendor/lib:/opt/ros/humble/lib/aarch64-linux-gnu:/opt/ros/humble/lib'), ('BROWSER', '/home/mimi/.vscode-server/bin/6a995c4f4cc2ced6e3237749973982e751cb0bf9/bin/helpers/browser.sh'), ('MOTD_SHOWN', 'pam'), ('HOME', '/home/mimi'), ('TERM_PROGRAM_VERSION', '1.78.1'), ('VSCODE_IPC_HOOK_CLI', '/run/user/1000/vscode-ipc-0b1a7fca-2805-4d28-b1c3-d1c9c82ae4c2.sock'), ('ROS_PYTHON_VERSION', '3'), ('VSCODE_GIT_ASKPASS_MAIN', '/home/mimi/.vscode-server/bin/6a995c4f4cc2ced6e3237749973982e751cb0bf9/extensions/git/dist/askpass-main.js'), ('LC_MONETARY', 'th_TH.UTF-8'), ('VSCODE_GIT_ASKPASS_NODE', '/home/mimi/.vscode-server/bin/6a995c4f4cc2ced6e3237749973982e751cb0bf9/node'), ('DBUS_SESSION_BUS_ADDRESS', 'unix:path=/run/user/1000/bus'), ('COLORTERM', 'truecolor'), ('ROS_DISTRO', 'humble'), ('LOGNAME', 'mimi'), ('_', '/usr/bin/colcon'), ('ROS_VERSION', '2'), ('XDG_SESSION_CLASS', 'user'), ('TERM', 'xterm-256color'), ('XDG_SESSION_ID', '4'), ('ROS_LOCALHOST_ONLY', '0'), ('PATH', '/home/mimi/.vscode-server/bin/6a995c4f4cc2ced6e3237749973982e751cb0bf9/bin/remote-cli:/home/mimi/.local/bin:/opt/ros/humble/bin:/usr/local/sbin:/usr/local/bin:/usr/sbin:/usr/bin:/sbin:/bin:/usr/games:/usr/local/games:/snap/bin'), ('LC_ADDRESS', 'th_TH.UTF-8'), ('XDG_RUNTIME_DIR', '/run/user/1000'), ('LANG', 'en_US.UTF-8'), ('LC_TELEPHONE', 'th_TH.UTF-8'), ('LS_COLORS', ''), ('VSCODE_GIT_IPC_HANDLE', '/run/user/1000/vscode-git-bb3d78543e.sock'), ('TERM_PROGRAM', 'vscode'), ('AMENT_PREFIX_PATH', '/opt/ros/humble'), ('SHELL', '/bin/bash'), ('LC_NAME', 'th_TH.UTF-8'), ('LESSCLOSE', '/usr/bin/lesspipe %s %s'), ('LC_MEASUREMENT', 'th_TH.UTF-8'), ('LC_IDENTIFICATION', 'th_TH.UTF-8'), ('VSCODE_GIT_ASKPASS_EXTRA_ARGS', ''), ('PWD', '/home/mimi/mimi_ros2_ws/build/mimi_head'), ('SSH_CONNECTION', '192.168.1.102 62419 192.168.1.100 22'), ('XDG_DATA_DIRS', '/usr/share/gnome:/usr/local/share:/usr/share:/var/lib/snapd/desktop'), ('PYTHONPATH', '/opt/ros/humble/lib/python3.10/site-packages:/opt/ros/humble/local/lib/python3.10/dist-packages'), ('LC_NUMERIC', 'th_TH.UTF-8'), ('LC_PAPER', 'th_TH.UTF-8'), ('COLCON', '1'), ('CMAKE_PREFIX_PATH', '/opt/ros/humble')]), 'shell': False}
[0.099042] (-) TimerEvent: {}
[0.199892] (-) TimerEvent: {}
[0.248064] (mimi_head) StdoutLine: {'line': b'\x1b[35m\x1b[1mConsolidate compiler generated dependencies of target mimi_camera\x1b[0m\n'}
[0.300124] (-) TimerEvent: {}
[0.353562] (mimi_head) StdoutLine: {'line': b'[ 25%] \x1b[32mBuilding CXX object CMakeFiles/mimi_camera.dir/src/mimi_camera.cpp.o\x1b[0m\n'}
[0.400318] (-) TimerEvent: {}
[0.501155] (-) TimerEvent: {}
[0.602067] (-) TimerEvent: {}
[0.702930] (-) TimerEvent: {}
[0.803981] (-) TimerEvent: {}
[0.905461] (-) TimerEvent: {}
[1.006377] (-) TimerEvent: {}
[1.107486] (-) TimerEvent: {}
[1.208313] (-) TimerEvent: {}
[1.309291] (-) TimerEvent: {}
[1.410879] (-) TimerEvent: {}
[1.512503] (-) TimerEvent: {}
[1.613877] (-) TimerEvent: {}
[1.714623] (-) TimerEvent: {}
[1.815410] (-) TimerEvent: {}
[1.916184] (-) TimerEvent: {}
[2.016990] (-) TimerEvent: {}
[2.117729] (-) TimerEvent: {}
[2.218498] (-) TimerEvent: {}
[2.319354] (-) TimerEvent: {}
[2.420162] (-) TimerEvent: {}
[2.521059] (-) TimerEvent: {}
[2.621963] (-) TimerEvent: {}
[2.723035] (-) TimerEvent: {}
[2.824029] (-) TimerEvent: {}
[2.924958] (-) TimerEvent: {}
[3.026015] (-) TimerEvent: {}
[3.126892] (-) TimerEvent: {}
[3.227866] (-) TimerEvent: {}
[3.328688] (-) TimerEvent: {}
[3.429528] (-) TimerEvent: {}
[3.530379] (-) TimerEvent: {}
[3.631330] (-) TimerEvent: {}
[3.732248] (-) TimerEvent: {}
[3.833113] (-) TimerEvent: {}
[3.934025] (-) TimerEvent: {}
[4.035016] (-) TimerEvent: {}
[4.136052] (-) TimerEvent: {}
[4.242820] (-) TimerEvent: {}
[4.343919] (-) TimerEvent: {}
[4.445127] (-) TimerEvent: {}
[4.546293] (-) TimerEvent: {}
[4.647309] (-) TimerEvent: {}
[4.748451] (-) TimerEvent: {}
[4.850402] (-) TimerEvent: {}
[4.953026] (-) TimerEvent: {}
[5.054375] (-) TimerEvent: {}
[5.156099] (-) TimerEvent: {}
[5.259479] (-) TimerEvent: {}
[5.361208] (-) TimerEvent: {}
[5.463615] (-) TimerEvent: {}
[5.565560] (-) TimerEvent: {}
[5.667664] (-) TimerEvent: {}
[5.770108] (-) TimerEvent: {}
[5.873077] (-) TimerEvent: {}
[5.975350] (-) TimerEvent: {}
[6.078730] (-) TimerEvent: {}
[6.182868] (-) TimerEvent: {}
[6.284750] (-) TimerEvent: {}
[6.386607] (-) TimerEvent: {}
[6.492547] (-) TimerEvent: {}
[6.595996] (-) TimerEvent: {}
[6.697831] (-) TimerEvent: {}
[6.799896] (-) TimerEvent: {}
[6.902079] (-) TimerEvent: {}
[7.009135] (-) TimerEvent: {}
[7.116780] (-) TimerEvent: {}
[7.221779] (-) TimerEvent: {}
[7.328923] (-) TimerEvent: {}
[7.432773] (-) TimerEvent: {}
[7.535455] (-) TimerEvent: {}
[7.637241] (-) TimerEvent: {}
[7.741281] (-) TimerEvent: {}
[7.844411] (-) TimerEvent: {}
[7.947576] (-) TimerEvent: {}
[8.051849] (-) TimerEvent: {}
[8.154703] (-) TimerEvent: {}
[8.258598] (-) TimerEvent: {}
[8.363008] (-) TimerEvent: {}
[8.467115] (-) TimerEvent: {}
[8.571305] (-) TimerEvent: {}
[8.675635] (-) TimerEvent: {}
[8.780016] (-) TimerEvent: {}
[8.886739] (-) TimerEvent: {}
[8.990689] (-) TimerEvent: {}
[9.094892] (-) TimerEvent: {}
[9.201932] (-) TimerEvent: {}
[9.307653] (-) TimerEvent: {}
[9.414981] (-) TimerEvent: {}
[9.519319] (-) TimerEvent: {}
[9.623219] (-) TimerEvent: {}
[9.724100] (-) TimerEvent: {}
[9.825090] (-) TimerEvent: {}
[9.926222] (-) TimerEvent: {}
[10.027522] (-) TimerEvent: {}
[10.128572] (-) TimerEvent: {}
[10.229646] (-) TimerEvent: {}
[10.331253] (-) TimerEvent: {}
[10.432442] (-) TimerEvent: {}
[10.534340] (-) TimerEvent: {}
[10.635619] (-) TimerEvent: {}
[10.736733] (-) TimerEvent: {}
[10.837757] (-) TimerEvent: {}
[10.939804] (-) TimerEvent: {}
[11.040666] (-) TimerEvent: {}
[11.141766] (-) TimerEvent: {}
[11.243345] (-) TimerEvent: {}
[11.344693] (-) TimerEvent: {}
[11.446878] (-) TimerEvent: {}
[11.555337] (-) TimerEvent: {}
[11.656773] (-) TimerEvent: {}
[11.758238] (-) TimerEvent: {}
[11.859260] (-) TimerEvent: {}
[11.962211] (-) TimerEvent: {}
[12.068338] (-) TimerEvent: {}
[12.169240] (-) TimerEvent: {}
[12.272127] (-) TimerEvent: {}
[12.373262] (-) TimerEvent: {}
[12.475083] (-) TimerEvent: {}
