[0.081s] Invoking command in '/home/mimi/mimi_ros2_ws/build/mimi_head': CMAKE_PREFIX_PATH=${CMAKE_PREFIX_PATH}:/opt/ros/humble /usr/bin/cmake --build /home/mimi/mimi_ros2_ws/build/mimi_head -- -j4 -l4
[0.328s] -- Found ament_cmake: 1.3.4 (/opt/ros/humble/share/ament_cmake/cmake)
[1.188s] -- Override CMake install command with custom implementation using symlinks instead of copying resources
[1.267s] -- Found rclcpp: 16.0.4 (/opt/ros/humble/share/rclcpp/cmake)
[1.508s] -- Found rosidl_generator_c: 3.1.4 (/opt/ros/humble/share/rosidl_generator_c/cmake)
[1.529s] -- Found rosidl_adapter: 3.1.4 (/opt/ros/humble/share/rosidl_adapter/cmake)
[1.568s] -- Found rosidl_generator_cpp: 3.1.4 (/opt/ros/humble/share/rosidl_generator_cpp/cmake)
[1.639s] -- Using all available rosidl_typesupport_c: rosidl_typesupport_fastrtps_c;rosidl_typesupport_introspection_c
[1.746s] -- Using all available rosidl_typesupport_cpp: rosidl_typesupport_fastrtps_cpp;rosidl_typesupport_introspection_cpp
[2.128s] -- Found rmw_implementation_cmake: 6.1.1 (/opt/ros/humble/share/rmw_implementation_cmake/cmake)
[2.139s] -- Found rmw_fastrtps_cpp: 6.2.2 (/opt/ros/humble/share/rmw_fastrtps_cpp/cmake)
[3.206s] -- Using RMW implementation 'rmw_fastrtps_cpp' as default
[3.865s] -- Found sensor_msgs: 4.2.3 (/opt/ros/humble/share/sensor_msgs/cmake)
[4.390s] -- Found cv_bridge: 3.2.1 (/opt/ros/humble/share/cv_bridge/cmake)
[4.421s] -- Found rosidl_default_generators: 1.2.0 (/opt/ros/humble/share/rosidl_default_generators/cmake)
[5.343s] [31mCMake Error at /opt/ros/humble/share/rosidl_adapter/cmake/rosidl_adapt_interfaces.cmake:59 (message):
[5.345s]   execute_process(/usr/bin/python3.10 -m rosidl_adapter --package-name
[5.347s]   mimi_head --arguments-file
[5.349s]   /home/mimi/mimi_ros2_ws/build/mimi_head/rosidl_adapter__arguments__mimi_head.json
[5.350s]   --output-dir
[5.351s]   /home/mimi/mimi_ros2_ws/build/mimi_head/rosidl_adapter/mimi_head
[5.352s]   --output-file
[5.354s]   /home/mimi/mimi_ros2_ws/build/mimi_head/rosidl_adapter/mimi_head.idls)
[5.355s]   returned error code 1:
[5.356s] 
[5.358s]   Error processing '// msg for servo movement' of 'mimi_head/Movement': '//'
[5.359s] 
[5.360s]   Traceback (most recent call last):
[5.363s] 
[5.365s]     File "/usr/lib/python3.10/runpy.py", line 196, in _run_module_as_main
[5.368s]       return _run_code(code, main_globals, None,
[5.370s]     File "/usr/lib/python3.10/runpy.py", line 86, in _run_code
[5.371s]       exec(code, run_globals)
[5.372s]     File "/opt/ros/humble/local/lib/python3.10/dist-packages/rosidl_adapter/__main__.py", line 19, in <module>
[5.373s]       sys.exit(main())
[5.374s]     File "/opt/ros/humble/local/lib/python3.10/dist-packages/rosidl_adapter/main.py", line 53, in main
[5.375s]       abs_idl_file = convert_to_idl(
[5.376s]     File "/opt/ros/humble/local/lib/python3.10/dist-packages/rosidl_adapter/__init__.py", line 19, in convert_to_idl
[5.378s]       return convert_msg_to_idl(
[5.380s]     File "/opt/ros/humble/local/lib/python3.10/dist-packages/rosidl_adapter/msg/__init__.py", line 28, in convert_msg_to_idl
[5.383s]       msg = parse_message_string(package_name, input_file.stem, content)
[5.385s]     File "/opt/ros/humble/local/lib/python3.10/dist-packages/rosidl_adapter/parser.py", line 520, in parse_message_string
[5.387s]       Type(type_string, context_package_name=pkg_name),
[5.391s]     File "/opt/ros/humble/local/lib/python3.10/dist-packages/rosidl_adapter/parser.py", line 277, in __init__
[5.394s]       super(Type, self).__init__(
[5.396s]     File "/opt/ros/humble/local/lib/python3.10/dist-packages/rosidl_adapter/parser.py", line 190, in __init__
[5.398s]       raise InvalidResourceName(type_string)
[5.408s] 
[5.410s]   rosidl_adapter.parser.InvalidResourceName: //
[5.412s] 
[5.415s] Call Stack (most recent call first):
[5.416s]   /opt/ros/humble/share/rosidl_cmake/cmake/rosidl_generate_interfaces.cmake:130 (rosidl_adapt_interfaces)
[5.418s]   CMakeLists.txt:21 (rosidl_generate_interfaces)
[5.424s] 
[5.425s] [0m
[5.425s] -- Configuring incomplete, errors occurred!
[5.426s] See also "/home/mimi/mimi_ros2_ws/build/mimi_head/CMakeFiles/CMakeOutput.log".
[5.427s] gmake: *** [Makefile:870: cmake_check_build_system] Error 1
[5.433s] Invoked command in '/home/mimi/mimi_ros2_ws/build/mimi_head' returned '2': CMAKE_PREFIX_PATH=${CMAKE_PREFIX_PATH}:/opt/ros/humble /usr/bin/cmake --build /home/mimi/mimi_ros2_ws/build/mimi_head -- -j4 -l4
