[0.000000] (-) TimerEvent: {}
[0.002550] (mimi_head) JobQueued: {'identifier': 'mimi_head', 'dependencies': OrderedDict()}
[0.003943] (mimi_head) JobStarted: {'identifier': 'mimi_head'}
[0.080982] (mimi_head) JobProgress: {'identifier': 'mimi_head', 'progress': 'cmake'}
[0.084642] (mimi_head) JobProgress: {'identifier': 'mimi_head', 'progress': 'build'}
[0.087487] (mimi_head) Command: {'cmd': ['/usr/bin/cmake', '--build', '/home/mimi/mimi_ros2_ws/build/mimi_head', '--', '-j4', '-l4'], 'cwd': '/home/mimi/mimi_ros2_ws/build/mimi_head', 'env': OrderedDict([('LESSOPEN', '| /usr/bin/lesspipe %s'), ('USER', 'mimi'), ('SSH_CLIENT', '192.168.1.102 60461 22'), ('LC_TIME', 'th_TH.UTF-8'), ('XDG_SESSION_TYPE', 'tty'), ('GIT_ASKPASS', '/home/mimi/.vscode-server/bin/b3e4e68a0bc097f0ae7907b217c1119af9e03435/extensions/git/dist/askpass.sh'), ('SHLVL', '0'), ('LD_LIBRARY_PATH', '/home/mimi/mimi_ros2_ws/install/mimi_head/lib:/opt/ros/humble/opt/rviz_ogre_vendor/lib:/opt/ros/humble/lib/aarch64-linux-gnu:/opt/ros/humble/lib'), ('BROWSER', '/home/mimi/.vscode-server/bin/b3e4e68a0bc097f0ae7907b217c1119af9e03435/bin/helpers/browser.sh'), ('MOTD_SHOWN', 'pam'), ('HOME', '/home/mimi'), ('TERM_PROGRAM_VERSION', '1.78.2'), ('VSCODE_IPC_HOOK_CLI', '/run/user/1000/vscode-ipc-0a1e3411-af51-4e55-b6c8-ec7f7efc56be.sock'), ('ROS_PYTHON_VERSION', '3'), ('VSCODE_GIT_ASKPASS_MAIN', '/home/mimi/.vscode-server/bin/b3e4e68a0bc097f0ae7907b217c1119af9e03435/extensions/git/dist/askpass-main.js'), ('LC_MONETARY', 'th_TH.UTF-8'), ('VSCODE_GIT_ASKPASS_NODE', '/home/mimi/.vscode-server/bin/b3e4e68a0bc097f0ae7907b217c1119af9e03435/node'), ('DBUS_SESSION_BUS_ADDRESS', 'unix:path=/run/user/1000/bus'), ('COLORTERM', 'truecolor'), ('COLCON_PREFIX_PATH', '/home/mimi/mimi_ros2_ws/install'), ('ROS_DISTRO', 'humble'), ('LOGNAME', 'mimi'), ('_', '/usr/bin/colcon'), ('ROS_VERSION', '2'), ('XDG_SESSION_CLASS', 'user'), ('TERM', 'xterm-256color'), ('XDG_SESSION_ID', '2'), ('ROS_LOCALHOST_ONLY', '0'), ('PATH', '/home/mimi/.vscode-server/bin/b3e4e68a0bc097f0ae7907b217c1119af9e03435/bin/remote-cli:/home/mimi/.local/bin:/opt/ros/humble/bin:/usr/local/sbin:/usr/local/bin:/usr/sbin:/usr/bin:/sbin:/bin:/usr/games:/usr/local/games:/snap/bin'), ('LC_ADDRESS', 'th_TH.UTF-8'), ('XDG_RUNTIME_DIR', '/run/user/1000'), ('LANG', 'en_US.UTF-8'), ('LC_TELEPHONE', 'th_TH.UTF-8'), ('LS_COLORS', ''), ('VSCODE_GIT_IPC_HANDLE', '/run/user/1000/vscode-git-bb3d78543e.sock'), ('TERM_PROGRAM', 'vscode'), ('AMENT_PREFIX_PATH', '/home/mimi/mimi_ros2_ws/install/mimi_head:/opt/ros/humble'), ('SHELL', '/bin/bash'), ('LC_NAME', 'th_TH.UTF-8'), ('LESSCLOSE', '/usr/bin/lesspipe %s %s'), ('LC_MEASUREMENT', 'th_TH.UTF-8'), ('LC_IDENTIFICATION', 'th_TH.UTF-8'), ('VSCODE_GIT_ASKPASS_EXTRA_ARGS', ''), ('PWD', '/home/mimi/mimi_ros2_ws/build/mimi_head'), ('SSH_CONNECTION', '192.168.1.102 60461 192.168.1.100 22'), ('XDG_DATA_DIRS', '/usr/share/gnome:/usr/local/share:/usr/share:/var/lib/snapd/desktop'), ('PYTHONPATH', '/home/mimi/mimi_ros2_ws/install/mimi_head/local/lib/python3.10/dist-packages:/opt/ros/humble/lib/python3.10/site-packages:/opt/ros/humble/local/lib/python3.10/dist-packages'), ('LC_NUMERIC', 'th_TH.UTF-8'), ('LC_PAPER', 'th_TH.UTF-8'), ('COLCON', '1'), ('CMAKE_PREFIX_PATH', '/home/mimi/mimi_ros2_ws/install/mimi_head:/opt/ros/humble')]), 'shell': False}
[0.104717] (-) TimerEvent: {}
[0.205608] (-) TimerEvent: {}
[0.306404] (-) TimerEvent: {}
[0.387103] (mimi_head) StdoutLine: {'line': b'[  2%] Built target mimi_head__cpp\n'}
[0.406654] (-) TimerEvent: {}
[0.507577] (-) TimerEvent: {}
[0.523497] (mimi_head) StdoutLine: {'line': b'[  8%] Built target mimi_monitor\n'}
[0.607773] (-) TimerEvent: {}
[0.641376] (mimi_head) StdoutLine: {'line': b'[ 16%] Built target mimi_head__rosidl_typesupport_cpp\n'}
[0.708050] (-) TimerEvent: {}
[0.760517] (mimi_head) StdoutLine: {'line': b'[ 24%] Built target mimi_head__rosidl_typesupport_fastrtps_cpp\n'}
[0.809075] (-) TimerEvent: {}
[0.879507] (mimi_head) StdoutLine: {'line': b'[ 32%] Built target mimi_head__rosidl_typesupport_introspection_cpp\n'}
[0.909317] (-) TimerEvent: {}
[0.957239] (mimi_head) StdoutLine: {'line': b'\x1b[35m\x1b[1mConsolidate compiler generated dependencies of target mimi_camera\x1b[0m\n'}
[1.011204] (-) TimerEvent: {}
[1.080620] (mimi_head) StdoutLine: {'line': b'[ 35%] \x1b[32mBuilding CXX object CMakeFiles/mimi_camera.dir/src/mimi_camera.cpp.o\x1b[0m\n'}
[1.111393] (-) TimerEvent: {}
[1.212346] (-) TimerEvent: {}
[1.313391] (-) TimerEvent: {}
[1.414267] (-) TimerEvent: {}
[1.515305] (-) TimerEvent: {}
[1.616316] (-) TimerEvent: {}
[1.717384] (-) TimerEvent: {}
[1.820885] (-) TimerEvent: {}
[1.923999] (-) TimerEvent: {}
[2.024815] (-) TimerEvent: {}
[2.125683] (-) TimerEvent: {}
[2.226561] (-) TimerEvent: {}
[2.327491] (-) TimerEvent: {}
[2.428400] (-) TimerEvent: {}
[2.529275] (-) TimerEvent: {}
[2.630051] (-) TimerEvent: {}
[2.730913] (-) TimerEvent: {}
[2.831674] (-) TimerEvent: {}
[2.937967] (-) TimerEvent: {}
[3.038870] (-) TimerEvent: {}
[3.139749] (-) TimerEvent: {}
[3.240663] (-) TimerEvent: {}
[3.341589] (-) TimerEvent: {}
[3.442375] (-) TimerEvent: {}
[3.543196] (-) TimerEvent: {}
[3.644240] (-) TimerEvent: {}
[3.745127] (-) TimerEvent: {}
[3.846064] (-) TimerEvent: {}
[3.947030] (-) TimerEvent: {}
[4.047991] (-) TimerEvent: {}
[4.149062] (-) TimerEvent: {}
[4.250026] (-) TimerEvent: {}
[4.350926] (-) TimerEvent: {}
[4.451789] (-) TimerEvent: {}
[4.552584] (-) TimerEvent: {}
[4.653432] (-) TimerEvent: {}
[4.754259] (-) TimerEvent: {}
[4.855148] (-) TimerEvent: {}
[4.956062] (-) TimerEvent: {}
[5.056932] (-) TimerEvent: {}
[5.157786] (-) TimerEvent: {}
[5.258658] (-) TimerEvent: {}
[5.359775] (-) TimerEvent: {}
[5.461469] (-) TimerEvent: {}
[5.562300] (-) TimerEvent: {}
[5.663260] (-) TimerEvent: {}
[5.764134] (-) TimerEvent: {}
[5.865041] (-) TimerEvent: {}
[5.965879] (-) TimerEvent: {}
[6.066726] (-) TimerEvent: {}
[6.167667] (-) TimerEvent: {}
[6.268515] (-) TimerEvent: {}
[6.369410] (-) TimerEvent: {}
[6.470241] (-) TimerEvent: {}
[6.571096] (-) TimerEvent: {}
[6.671947] (-) TimerEvent: {}
[6.772791] (-) TimerEvent: {}
[6.873678] (-) TimerEvent: {}
[6.974494] (-) TimerEvent: {}
[7.075330] (-) TimerEvent: {}
[7.176207] (-) TimerEvent: {}
[7.277300] (-) TimerEvent: {}
[7.378183] (-) TimerEvent: {}
[7.479116] (-) TimerEvent: {}
[7.580113] (-) TimerEvent: {}
[7.681064] (-) TimerEvent: {}
[7.781899] (-) TimerEvent: {}
[7.882740] (-) TimerEvent: {}
[7.983630] (-) TimerEvent: {}
[8.084471] (-) TimerEvent: {}
[8.185455] (-) TimerEvent: {}
[8.286349] (-) TimerEvent: {}
[8.387208] (-) TimerEvent: {}
[8.488064] (-) TimerEvent: {}
[8.588978] (-) TimerEvent: {}
[8.689902] (-) TimerEvent: {}
[8.790727] (-) TimerEvent: {}
[8.891603] (-) TimerEvent: {}
[8.992463] (-) TimerEvent: {}
[9.093350] (-) TimerEvent: {}
[9.194168] (-) TimerEvent: {}
[9.295006] (-) TimerEvent: {}
[9.395856] (-) TimerEvent: {}
[9.496705] (-) TimerEvent: {}
[9.597603] (-) TimerEvent: {}
[9.698443] (-) TimerEvent: {}
[9.799330] (-) TimerEvent: {}
[9.900171] (-) TimerEvent: {}
[10.001061] (-) TimerEvent: {}
[10.101909] (-) TimerEvent: {}
[10.202839] (-) TimerEvent: {}
[10.303696] (-) TimerEvent: {}
[10.404526] (-) TimerEvent: {}
[10.505446] (-) TimerEvent: {}
[10.606281] (-) TimerEvent: {}
[10.707123] (-) TimerEvent: {}
[10.807966] (-) TimerEvent: {}
[10.908841] (-) TimerEvent: {}
[11.009778] (-) TimerEvent: {}
[11.110900] (-) TimerEvent: {}
[11.211777] (-) TimerEvent: {}
[11.312614] (-) TimerEvent: {}
[11.413548] (-) TimerEvent: {}
[11.514561] (-) TimerEvent: {}
[11.615572] (-) TimerEvent: {}
[11.716677] (-) TimerEvent: {}
[11.817542] (-) TimerEvent: {}
[11.918442] (-) TimerEvent: {}
[12.019310] (-) TimerEvent: {}
[12.120256] (-) TimerEvent: {}
[12.221133] (-) TimerEvent: {}
[12.322057] (-) TimerEvent: {}
[12.422906] (-) TimerEvent: {}
[12.523759] (-) TimerEvent: {}
[12.624595] (-) TimerEvent: {}
[12.725481] (-) TimerEvent: {}
[12.826311] (-) TimerEvent: {}
[12.927126] (-) TimerEvent: {}
[13.027965] (-) TimerEvent: {}
[13.128936] (-) TimerEvent: {}
[13.229770] (-) TimerEvent: {}
[13.330620] (-) TimerEvent: {}
[13.431518] (-) TimerEvent: {}
[13.532359] (-) TimerEvent: {}
[13.633267] (-) TimerEvent: {}
[13.734300] (-) TimerEvent: {}
[13.835164] (-) TimerEvent: {}
[13.936001] (-) TimerEvent: {}
[14.036972] (-) TimerEvent: {}
[14.138149] (-) TimerEvent: {}
[14.238965] (-) TimerEvent: {}
[14.339804] (-) TimerEvent: {}
[14.354993] (mimi_head) StderrLine: {'line': b'\x1b[01m\x1b[K/home/mimi/mimi_ros2_ws/src/mimi_head/src/mimi_camera.cpp:\x1b[m\x1b[K In function \xe2\x80\x98\x1b[01m\x1b[Kvoid sigint_handler(int)\x1b[m\x1b[K\xe2\x80\x99:\n'}
[14.355864] (mimi_head) StderrLine: {'line': b'\x1b[01m\x1b[K/home/mimi/mimi_ros2_ws/src/mimi_head/src/mimi_camera.cpp:283:25:\x1b[m\x1b[K \x1b[01;35m\x1b[Kwarning: \x1b[m\x1b[Kunused parameter \xe2\x80\x98\x1b[01m\x1b[Ksig\x1b[m\x1b[K\xe2\x80\x99 [\x1b[01;35m\x1b[K\x1b]8;;https://gcc.gnu.org/onlinedocs/gcc/Warning-Options.html#index-Wunused-parameter\x07-Wunused-parameter\x1b]8;;\x07\x1b[m\x1b[K]\n'}
[14.356352] (mimi_head) StderrLine: {'line': b'  283 | void sigint_handler(\x1b[01;35m\x1b[Kint sig\x1b[m\x1b[K)\n'}
[14.356739] (mimi_head) StderrLine: {'line': b'      |                     \x1b[01;35m\x1b[K~~~~^~~\x1b[m\x1b[K\n'}
[14.440008] (-) TimerEvent: {}
[14.541008] (-) TimerEvent: {}
[14.641913] (-) TimerEvent: {}
[14.742772] (-) TimerEvent: {}
[14.843645] (-) TimerEvent: {}
[14.944515] (-) TimerEvent: {}
[15.045397] (-) TimerEvent: {}
[15.146392] (-) TimerEvent: {}
[15.247248] (-) TimerEvent: {}
[15.348182] (-) TimerEvent: {}
[15.449025] (-) TimerEvent: {}
[15.549847] (-) TimerEvent: {}
[15.650711] (-) TimerEvent: {}
[15.751593] (-) TimerEvent: {}
[15.852525] (-) TimerEvent: {}
[15.953435] (-) TimerEvent: {}
[16.054323] (-) TimerEvent: {}
[16.155224] (-) TimerEvent: {}
[16.256144] (-) TimerEvent: {}
[16.357024] (-) TimerEvent: {}
[16.457860] (-) TimerEvent: {}
[16.558730] (-) TimerEvent: {}
[16.659562] (-) TimerEvent: {}
[16.760401] (-) TimerEvent: {}
[16.861254] (-) TimerEvent: {}
[16.962095] (-) TimerEvent: {}
[17.062927] (-) TimerEvent: {}
[17.163769] (-) TimerEvent: {}
[17.264630] (-) TimerEvent: {}
[17.367044] (-) TimerEvent: {}
[17.468042] (-) TimerEvent: {}
[17.568916] (-) TimerEvent: {}
[17.669750] (-) TimerEvent: {}
[17.770591] (-) TimerEvent: {}
[17.871400] (-) TimerEvent: {}
[17.972246] (-) TimerEvent: {}
[18.073086] (-) TimerEvent: {}
[18.173895] (-) TimerEvent: {}
[18.274732] (-) TimerEvent: {}
[18.375550] (-) TimerEvent: {}
[18.476388] (-) TimerEvent: {}
[18.577230] (-) TimerEvent: {}
[18.678054] (-) TimerEvent: {}
[18.779016] (-) TimerEvent: {}
[18.879977] (-) TimerEvent: {}
[18.980911] (-) TimerEvent: {}
[19.081790] (-) TimerEvent: {}
[19.182650] (-) TimerEvent: {}
[19.283520] (-) TimerEvent: {}
[19.384440] (-) TimerEvent: {}
[19.485462] (-) TimerEvent: {}
[19.586794] (-) TimerEvent: {}
[19.687647] (-) TimerEvent: {}
[19.788491] (-) TimerEvent: {}
[19.889418] (-) TimerEvent: {}
[19.990400] (-) TimerEvent: {}
[20.091226] (-) TimerEvent: {}
[20.192035] (-) TimerEvent: {}
[20.293151] (-) TimerEvent: {}
[20.393977] (-) TimerEvent: {}
[20.494895] (-) TimerEvent: {}
[20.595954] (-) TimerEvent: {}
[20.696802] (-) TimerEvent: {}
[20.797691] (-) TimerEvent: {}
[20.898535] (-) TimerEvent: {}
[20.999369] (-) TimerEvent: {}
[21.100226] (-) TimerEvent: {}
[21.201189] (-) TimerEvent: {}
[21.301991] (-) TimerEvent: {}
[21.402843] (-) TimerEvent: {}
[21.503664] (-) TimerEvent: {}
[21.604533] (-) TimerEvent: {}
[21.705454] (-) TimerEvent: {}
[21.806546] (-) TimerEvent: {}
[21.907382] (-) TimerEvent: {}
[22.008196] (-) TimerEvent: {}
[22.109039] (-) TimerEvent: {}
[22.209931] (-) TimerEvent: {}
[22.310925] (-) TimerEvent: {}
[22.411739] (-) TimerEvent: {}
[22.512584] (-) TimerEvent: {}
[22.613466] (-) TimerEvent: {}
[22.714295] (-) TimerEvent: {}
[22.815113] (-) TimerEvent: {}
[22.915923] (-) TimerEvent: {}
[23.016711] (-) TimerEvent: {}
[23.117665] (-) TimerEvent: {}
[23.218510] (-) TimerEvent: {}
[23.319351] (-) TimerEvent: {}
[23.420171] (-) TimerEvent: {}
[23.521092] (-) TimerEvent: {}
[23.622022] (-) TimerEvent: {}
[23.722832] (-) TimerEvent: {}
[23.823638] (-) TimerEvent: {}
[23.924463] (-) TimerEvent: {}
[24.025528] (-) TimerEvent: {}
[24.126373] (-) TimerEvent: {}
[24.227291] (-) TimerEvent: {}
[24.328732] (-) TimerEvent: {}
[24.429917] (-) TimerEvent: {}
[24.530956] (-) TimerEvent: {}
[24.631749] (-) TimerEvent: {}
[24.732553] (-) TimerEvent: {}
[24.833391] (-) TimerEvent: {}
[24.934382] (-) TimerEvent: {}
[25.035200] (-) TimerEvent: {}
[25.136061] (-) TimerEvent: {}
[25.236920] (-) TimerEvent: {}
[25.337818] (-) TimerEvent: {}
[25.438990] (-) TimerEvent: {}
[25.539956] (-) TimerEvent: {}
[25.640821] (-) TimerEvent: {}
[25.666344] (mimi_head) StdoutLine: {'line': b'[ 37%] \x1b[32m\x1b[1mLinking CXX executable mimi_camera\x1b[0m\n'}
[25.741026] (-) TimerEvent: {}
[25.841836] (-) TimerEvent: {}
[25.942727] (-) TimerEvent: {}
[26.044106] (-) TimerEvent: {}
[26.145135] (-) TimerEvent: {}
[26.246360] (-) TimerEvent: {}
[26.348272] (-) TimerEvent: {}
[26.450997] (-) TimerEvent: {}
[26.552558] (-) TimerEvent: {}
[26.653469] (-) TimerEvent: {}
[26.754846] (-) TimerEvent: {}
[26.858983] (-) TimerEvent: {}
[26.960750] (-) TimerEvent: {}
[27.061783] (-) TimerEvent: {}
[27.162839] (-) TimerEvent: {}
[27.263802] (-) TimerEvent: {}
[27.365417] (-) TimerEvent: {}
[27.466260] (-) TimerEvent: {}
[27.567210] (-) TimerEvent: {}
[27.668202] (-) TimerEvent: {}
[27.769163] (-) TimerEvent: {}
[27.869989] (-) TimerEvent: {}
[27.970925] (-) TimerEvent: {}
[28.073461] (-) TimerEvent: {}
[28.174412] (-) TimerEvent: {}
[28.275699] (-) TimerEvent: {}
[28.376613] (-) TimerEvent: {}
[28.477707] (-) TimerEvent: {}
[28.578661] (-) TimerEvent: {}
[28.679647] (-) TimerEvent: {}
[28.780625] (-) TimerEvent: {}
[28.881554] (-) TimerEvent: {}
[28.982350] (-) TimerEvent: {}
[29.015066] (mimi_head) StdoutLine: {'line': b'[ 37%] Built target mimi_camera\n'}
[29.082607] (-) TimerEvent: {}
[29.121309] (mimi_head) StdoutLine: {'line': b'[ 45%] Built target mimi_head__rosidl_generator_c\n'}
[29.143296] (mimi_head) StdoutLine: {'line': b'[ 48%] Built target ament_cmake_python_symlink_mimi_head\n'}
[29.148092] (mimi_head) StdoutLine: {'line': b'[ 51%] Built target mimi_head_movement\n'}
[29.182881] (-) TimerEvent: {}
[29.244249] (mimi_head) StdoutLine: {'line': b'[ 59%] Built target mimi_head__rosidl_typesupport_introspection_c\n'}
[29.255472] (mimi_head) StdoutLine: {'line': b'[ 67%] Built target mimi_head__rosidl_typesupport_c\n'}
[29.260717] (mimi_head) StdoutLine: {'line': b'[ 75%] Built target mimi_head__rosidl_typesupport_fastrtps_c\n'}
[29.283059] (-) TimerEvent: {}
[29.346144] (mimi_head) StdoutLine: {'line': b'[ 75%] Built target mimi_head\n'}
[29.383320] (-) TimerEvent: {}
[29.465443] (mimi_head) StdoutLine: {'line': b'[ 78%] Built target mimi_head__py\n'}
[29.489104] (-) TimerEvent: {}
[29.593078] (-) TimerEvent: {}
[29.613111] (mimi_head) StdoutLine: {'line': b'[ 83%] Built target mimi_head__rosidl_generator_py\n'}
[29.693256] (-) TimerEvent: {}
[29.747708] (mimi_head) StdoutLine: {'line': b'[ 89%] Built target mimi_head__rosidl_typesupport_introspection_c__pyext\n'}
[29.796599] (mimi_head) StdoutLine: {'line': b'[ 94%] Built target mimi_head__rosidl_typesupport_fastrtps_c__pyext\n'}
[29.797512] (-) TimerEvent: {}
[29.901038] (-) TimerEvent: {}
[29.909484] (mimi_head) StdoutLine: {'line': b'[100%] Built target mimi_head__rosidl_typesupport_c__pyext\n'}
[30.001227] (-) TimerEvent: {}
[30.102040] (-) TimerEvent: {}
[30.202945] (-) TimerEvent: {}
[30.305600] (-) TimerEvent: {}
[30.406885] (-) TimerEvent: {}
[30.507558] (-) TimerEvent: {}
[30.608273] (-) TimerEvent: {}
[30.709199] (-) TimerEvent: {}
[30.810011] (-) TimerEvent: {}
[30.910796] (-) TimerEvent: {}
[30.913440] (mimi_head) StdoutLine: {'line': b'running egg_info\n'}
[30.917103] (mimi_head) StdoutLine: {'line': b'writing mimi_head.egg-info/PKG-INFO\n'}
[30.918472] (mimi_head) StdoutLine: {'line': b'writing dependency_links to mimi_head.egg-info/dependency_links.txt\n'}
[30.919696] (mimi_head) StdoutLine: {'line': b'writing top-level names to mimi_head.egg-info/top_level.txt\n'}
[30.934594] (mimi_head) StdoutLine: {'line': b"reading manifest file 'mimi_head.egg-info/SOURCES.txt'\n"}
[30.937912] (mimi_head) StdoutLine: {'line': b"writing manifest file 'mimi_head.egg-info/SOURCES.txt'\n"}
[31.011287] (-) TimerEvent: {}
[31.112151] (mimi_head) StdoutLine: {'line': b'[100%] Built target ament_cmake_python_build_mimi_head_egg\n'}
[31.113377] (-) TimerEvent: {}
[31.195539] (mimi_head) CommandEnded: {'returncode': 0}
[31.213588] (-) TimerEvent: {}
[31.314480] (-) TimerEvent: {}
[31.415402] (-) TimerEvent: {}
[31.516318] (-) TimerEvent: {}
[31.604769] (mimi_head) JobProgress: {'identifier': 'mimi_head', 'progress': 'install'}
[31.616625] (-) TimerEvent: {}
[31.657220] (mimi_head) Command: {'cmd': ['/usr/bin/cmake', '--install', '/home/mimi/mimi_ros2_ws/build/mimi_head'], 'cwd': '/home/mimi/mimi_ros2_ws/build/mimi_head', 'env': OrderedDict([('LESSOPEN', '| /usr/bin/lesspipe %s'), ('USER', 'mimi'), ('SSH_CLIENT', '192.168.1.102 60461 22'), ('LC_TIME', 'th_TH.UTF-8'), ('XDG_SESSION_TYPE', 'tty'), ('GIT_ASKPASS', '/home/mimi/.vscode-server/bin/b3e4e68a0bc097f0ae7907b217c1119af9e03435/extensions/git/dist/askpass.sh'), ('SHLVL', '0'), ('LD_LIBRARY_PATH', '/home/mimi/mimi_ros2_ws/install/mimi_head/lib:/opt/ros/humble/opt/rviz_ogre_vendor/lib:/opt/ros/humble/lib/aarch64-linux-gnu:/opt/ros/humble/lib'), ('BROWSER', '/home/mimi/.vscode-server/bin/b3e4e68a0bc097f0ae7907b217c1119af9e03435/bin/helpers/browser.sh'), ('MOTD_SHOWN', 'pam'), ('HOME', '/home/mimi'), ('TERM_PROGRAM_VERSION', '1.78.2'), ('VSCODE_IPC_HOOK_CLI', '/run/user/1000/vscode-ipc-0a1e3411-af51-4e55-b6c8-ec7f7efc56be.sock'), ('ROS_PYTHON_VERSION', '3'), ('VSCODE_GIT_ASKPASS_MAIN', '/home/mimi/.vscode-server/bin/b3e4e68a0bc097f0ae7907b217c1119af9e03435/extensions/git/dist/askpass-main.js'), ('LC_MONETARY', 'th_TH.UTF-8'), ('VSCODE_GIT_ASKPASS_NODE', '/home/mimi/.vscode-server/bin/b3e4e68a0bc097f0ae7907b217c1119af9e03435/node'), ('DBUS_SESSION_BUS_ADDRESS', 'unix:path=/run/user/1000/bus'), ('COLORTERM', 'truecolor'), ('COLCON_PREFIX_PATH', '/home/mimi/mimi_ros2_ws/install'), ('ROS_DISTRO', 'humble'), ('LOGNAME', 'mimi'), ('_', '/usr/bin/colcon'), ('ROS_VERSION', '2'), ('XDG_SESSION_CLASS', 'user'), ('TERM', 'xterm-256color'), ('XDG_SESSION_ID', '2'), ('ROS_LOCALHOST_ONLY', '0'), ('PATH', '/home/mimi/.vscode-server/bin/b3e4e68a0bc097f0ae7907b217c1119af9e03435/bin/remote-cli:/home/mimi/.local/bin:/opt/ros/humble/bin:/usr/local/sbin:/usr/local/bin:/usr/sbin:/usr/bin:/sbin:/bin:/usr/games:/usr/local/games:/snap/bin'), ('LC_ADDRESS', 'th_TH.UTF-8'), ('XDG_RUNTIME_DIR', '/run/user/1000'), ('LANG', 'en_US.UTF-8'), ('LC_TELEPHONE', 'th_TH.UTF-8'), ('LS_COLORS', ''), ('VSCODE_GIT_IPC_HANDLE', '/run/user/1000/vscode-git-bb3d78543e.sock'), ('TERM_PROGRAM', 'vscode'), ('AMENT_PREFIX_PATH', '/home/mimi/mimi_ros2_ws/install/mimi_head:/opt/ros/humble'), ('SHELL', '/bin/bash'), ('LC_NAME', 'th_TH.UTF-8'), ('LESSCLOSE', '/usr/bin/lesspipe %s %s'), ('LC_MEASUREMENT', 'th_TH.UTF-8'), ('LC_IDENTIFICATION', 'th_TH.UTF-8'), ('VSCODE_GIT_ASKPASS_EXTRA_ARGS', ''), ('PWD', '/home/mimi/mimi_ros2_ws/build/mimi_head'), ('SSH_CONNECTION', '192.168.1.102 60461 192.168.1.100 22'), ('XDG_DATA_DIRS', '/usr/share/gnome:/usr/local/share:/usr/share:/var/lib/snapd/desktop'), ('PYTHONPATH', '/home/mimi/mimi_ros2_ws/install/mimi_head/local/lib/python3.10/dist-packages:/opt/ros/humble/lib/python3.10/site-packages:/opt/ros/humble/local/lib/python3.10/dist-packages'), ('LC_NUMERIC', 'th_TH.UTF-8'), ('LC_PAPER', 'th_TH.UTF-8'), ('COLCON', '1'), ('CMAKE_PREFIX_PATH', '/home/mimi/mimi_ros2_ws/install/mimi_head:/opt/ros/humble')]), 'shell': False}
[31.687755] (mimi_head) StdoutLine: {'line': b'-- Install configuration: ""\n'}
[31.693986] (mimi_head) StdoutLine: {'line': b'-- Execute custom install script\n'}
[31.696186] (mimi_head) StdoutLine: {'line': b'-- Up-to-date symlink: /home/mimi/mimi_ros2_ws/install/mimi_head/share/ament_index/resource_index/rosidl_interfaces/mimi_head\n'}
[31.698668] (mimi_head) StdoutLine: {'line': b'-- Up-to-date symlink: /home/mimi/mimi_ros2_ws/install/mimi_head/include/mimi_head/mimi_head/msg/angle.h\n'}
[31.699762] (mimi_head) StdoutLine: {'line': b'-- Up-to-date symlink: /home/mimi/mimi_ros2_ws/install/mimi_head/include/mimi_head/mimi_head/msg/detail/angle__functions.h\n'}
[31.701639] (mimi_head) StdoutLine: {'line': b'-- Up-to-date symlink: /home/mimi/mimi_ros2_ws/install/mimi_head/include/mimi_head/mimi_head/msg/detail/angle__struct.h\n'}
[31.702737] (mimi_head) StdoutLine: {'line': b'-- Up-to-date symlink: /home/mimi/mimi_ros2_ws/install/mimi_head/include/mimi_head/mimi_head/msg/detail/angle__type_support.h\n'}
[31.703688] (mimi_head) StdoutLine: {'line': b'-- Up-to-date symlink: /home/mimi/mimi_ros2_ws/install/mimi_head/include/mimi_head/mimi_head/msg/rosidl_generator_c__visibility_control.h\n'}
[31.704696] (mimi_head) StdoutLine: {'line': b'-- Up-to-date symlink: /home/mimi/mimi_ros2_ws/install/mimi_head/share/mimi_head/environment/library_path.sh\n'}
[31.705753] (mimi_head) StdoutLine: {'line': b'-- Up-to-date symlink: /home/mimi/mimi_ros2_ws/install/mimi_head/share/mimi_head/environment/library_path.dsv\n'}
[31.711085] (mimi_head) StdoutLine: {'line': b'-- Up-to-date symlink: /home/mimi/mimi_ros2_ws/install/mimi_head/include/mimi_head/mimi_head/msg/detail/angle__rosidl_typesupport_fastrtps_c.h\n'}
[31.712076] (mimi_head) StdoutLine: {'line': b'-- Up-to-date symlink: /home/mimi/mimi_ros2_ws/install/mimi_head/include/mimi_head/mimi_head/msg/rosidl_typesupport_fastrtps_c__visibility_control.h\n'}
[31.712927] (mimi_head) StdoutLine: {'line': b'-- Up-to-date symlink: /home/mimi/mimi_ros2_ws/install/mimi_head/include/mimi_head/mimi_head/msg/angle.hpp\n'}
[31.713846] (mimi_head) StdoutLine: {'line': b'-- Up-to-date symlink: /home/mimi/mimi_ros2_ws/install/mimi_head/include/mimi_head/mimi_head/msg/detail/angle__builder.hpp\n'}
[31.714863] (mimi_head) StdoutLine: {'line': b'-- Up-to-date symlink: /home/mimi/mimi_ros2_ws/install/mimi_head/include/mimi_head/mimi_head/msg/detail/angle__struct.hpp\n'}
[31.715737] (mimi_head) StdoutLine: {'line': b'-- Up-to-date symlink: /home/mimi/mimi_ros2_ws/install/mimi_head/include/mimi_head/mimi_head/msg/detail/angle__traits.hpp\n'}
[31.720911] (mimi_head) StdoutLine: {'line': b'-- Up-to-date symlink: /home/mimi/mimi_ros2_ws/install/mimi_head/include/mimi_head/mimi_head/msg/detail/angle__rosidl_typesupport_fastrtps_cpp.hpp\n'}
[31.721617] (-) TimerEvent: {}
[31.722538] (mimi_head) StdoutLine: {'line': b'-- Up-to-date symlink: /home/mimi/mimi_ros2_ws/install/mimi_head/include/mimi_head/mimi_head/msg/rosidl_typesupport_fastrtps_cpp__visibility_control.h\n'}
[31.726488] (mimi_head) StdoutLine: {'line': b'-- Up-to-date symlink: /home/mimi/mimi_ros2_ws/install/mimi_head/include/mimi_head/mimi_head/msg/detail/angle__rosidl_typesupport_introspection_c.h\n'}
[31.727330] (mimi_head) StdoutLine: {'line': b'-- Up-to-date symlink: /home/mimi/mimi_ros2_ws/install/mimi_head/include/mimi_head/mimi_head/msg/rosidl_typesupport_introspection_c__visibility_control.h\n'}
[31.728266] (mimi_head) StdoutLine: {'line': b'-- Up-to-date symlink: /home/mimi/mimi_ros2_ws/install/mimi_head/include/mimi_head/mimi_head/msg/detail/angle__rosidl_typesupport_introspection_cpp.hpp\n'}
[31.732208] (mimi_head) StdoutLine: {'line': b'-- Up-to-date symlink: /home/mimi/mimi_ros2_ws/install/mimi_head/share/mimi_head/environment/pythonpath.sh\n'}
[31.733219] (mimi_head) StdoutLine: {'line': b'-- Up-to-date symlink: /home/mimi/mimi_ros2_ws/install/mimi_head/share/mimi_head/environment/pythonpath.dsv\n'}
[31.733997] (mimi_head) StdoutLine: {'line': b'-- Up-to-date symlink: /home/mimi/mimi_ros2_ws/install/mimi_head/local/lib/python3.10/dist-packages/mimi_head-0.0.0-py3.10.egg-info/PKG-INFO\n'}
[31.737630] (mimi_head) StdoutLine: {'line': b'-- Up-to-date symlink: /home/mimi/mimi_ros2_ws/install/mimi_head/local/lib/python3.10/dist-packages/mimi_head-0.0.0-py3.10.egg-info/SOURCES.txt\n'}
[31.738429] (mimi_head) StdoutLine: {'line': b'-- Up-to-date symlink: /home/mimi/mimi_ros2_ws/install/mimi_head/local/lib/python3.10/dist-packages/mimi_head-0.0.0-py3.10.egg-info/dependency_links.txt\n'}
[31.739107] (mimi_head) StdoutLine: {'line': b'-- Up-to-date symlink: /home/mimi/mimi_ros2_ws/install/mimi_head/local/lib/python3.10/dist-packages/mimi_head-0.0.0-py3.10.egg-info/top_level.txt\n'}
[31.741319] (mimi_head) StdoutLine: {'line': b'-- Up-to-date symlink: /home/mimi/mimi_ros2_ws/install/mimi_head/local/lib/python3.10/dist-packages/mimi_head/__init__.py\n'}
[31.744512] (mimi_head) StdoutLine: {'line': b'-- Up-to-date symlink: /home/mimi/mimi_ros2_ws/install/mimi_head/local/lib/python3.10/dist-packages/mimi_head/_mimi_head_s.ep.rosidl_typesupport_c.c\n'}
[31.745371] (mimi_head) StdoutLine: {'line': b'-- Up-to-date symlink: /home/mimi/mimi_ros2_ws/install/mimi_head/local/lib/python3.10/dist-packages/mimi_head/_mimi_head_s.ep.rosidl_typesupport_fastrtps_c.c\n'}
[31.746234] (mimi_head) StdoutLine: {'line': b'-- Up-to-date symlink: /home/mimi/mimi_ros2_ws/install/mimi_head/local/lib/python3.10/dist-packages/mimi_head/_mimi_head_s.ep.rosidl_typesupport_introspection_c.c\n'}
[31.750085] (mimi_head) StdoutLine: {'line': b'-- Up-to-date symlink: /home/mimi/mimi_ros2_ws/install/mimi_head/local/lib/python3.10/dist-packages/mimi_head/libmimi_head__rosidl_generator_py.so\n'}
[31.750791] (mimi_head) StdoutLine: {'line': b'-- Up-to-date symlink: /home/mimi/mimi_ros2_ws/install/mimi_head/local/lib/python3.10/dist-packages/mimi_head/mimi_head_s__rosidl_typesupport_c.cpython-310-aarch64-linux-gnu.so\n'}
[31.753077] (mimi_head) StdoutLine: {'line': b'-- Up-to-date symlink: /home/mimi/mimi_ros2_ws/install/mimi_head/local/lib/python3.10/dist-packages/mimi_head/mimi_head_s__rosidl_typesupport_fastrtps_c.cpython-310-aarch64-linux-gnu.so\n'}
[31.753828] (mimi_head) StdoutLine: {'line': b'-- Up-to-date symlink: /home/mimi/mimi_ros2_ws/install/mimi_head/local/lib/python3.10/dist-packages/mimi_head/mimi_head_s__rosidl_typesupport_introspection_c.cpython-310-aarch64-linux-gnu.so\n'}
[31.754476] (mimi_head) StdoutLine: {'line': b'-- Up-to-date symlink: /home/mimi/mimi_ros2_ws/install/mimi_head/local/lib/python3.10/dist-packages/mimi_head/msg/__init__.py\n'}
[31.755970] (mimi_head) StdoutLine: {'line': b'-- Up-to-date symlink: /home/mimi/mimi_ros2_ws/install/mimi_head/local/lib/python3.10/dist-packages/mimi_head/msg/_angle.py\n'}
[31.756767] (mimi_head) StdoutLine: {'line': b'-- Up-to-date symlink: /home/mimi/mimi_ros2_ws/install/mimi_head/local/lib/python3.10/dist-packages/mimi_head/msg/_angle_s.c\n'}
[31.759192] (mimi_head) StdoutLine: {'line': b'-- Up-to-date symlink: /home/mimi/mimi_ros2_ws/install/mimi_head/local/lib/python3.10/dist-packages/mimi_head/mimi_head_s__rosidl_typesupport_fastrtps_c.cpython-310-aarch64-linux-gnu.so\n'}
[31.760129] (mimi_head) StdoutLine: {'line': b'-- Up-to-date symlink: /home/mimi/mimi_ros2_ws/install/mimi_head/local/lib/python3.10/dist-packages/mimi_head/mimi_head_s__rosidl_typesupport_introspection_c.cpython-310-aarch64-linux-gnu.so\n'}
[31.762256] (mimi_head) StdoutLine: {'line': b'-- Up-to-date symlink: /home/mimi/mimi_ros2_ws/install/mimi_head/local/lib/python3.10/dist-packages/mimi_head/mimi_head_s__rosidl_typesupport_c.cpython-310-aarch64-linux-gnu.so\n'}
[31.763507] (mimi_head) StdoutLine: {'line': b'-- Up-to-date symlink: /home/mimi/mimi_ros2_ws/install/mimi_head/share/mimi_head/msg/Angle.idl\n'}
[31.765012] (mimi_head) StdoutLine: {'line': b'-- Up-to-date symlink: /home/mimi/mimi_ros2_ws/install/mimi_head/share/mimi_head/msg/Angle.msg\n'}
[31.767586] (mimi_head) StdoutLine: {'line': b'-- Up-to-date symlink: /home/mimi/mimi_ros2_ws/install/mimi_head/lib/mimi_head/mimi_camera\n'}
[31.768495] (mimi_head) StdoutLine: {'line': b'-- Up-to-date symlink: /home/mimi/mimi_ros2_ws/install/mimi_head/lib/mimi_head/mimi_monitor\n'}
[31.769534] (mimi_head) StdoutLine: {'line': b'-- Up-to-date symlink: /home/mimi/mimi_ros2_ws/install/mimi_head/lib/mimi_head/mimi_head_movement\n'}
[31.771370] (mimi_head) StdoutLine: {'line': b'-- Up-to-date symlink: /home/mimi/mimi_ros2_ws/install/mimi_head/share/mimi_head//launch/main.launch.py\n'}
[31.772684] (mimi_head) StdoutLine: {'line': b'-- Up-to-date symlink: /home/mimi/mimi_ros2_ws/install/mimi_head/share/ament_index/resource_index/package_run_dependencies/mimi_head\n'}
[31.774145] (mimi_head) StdoutLine: {'line': b'-- Up-to-date symlink: /home/mimi/mimi_ros2_ws/install/mimi_head/share/ament_index/resource_index/parent_prefix_path/mimi_head\n'}
[31.775426] (mimi_head) StdoutLine: {'line': b'-- Up-to-date symlink: /home/mimi/mimi_ros2_ws/install/mimi_head/share/mimi_head/environment/ament_prefix_path.sh\n'}
[31.778758] (mimi_head) StdoutLine: {'line': b'-- Up-to-date symlink: /home/mimi/mimi_ros2_ws/install/mimi_head/share/mimi_head/environment/ament_prefix_path.dsv\n'}
[31.779761] (mimi_head) StdoutLine: {'line': b'-- Up-to-date symlink: /home/mimi/mimi_ros2_ws/install/mimi_head/share/mimi_head/environment/path.sh\n'}
[31.780747] (mimi_head) StdoutLine: {'line': b'-- Up-to-date symlink: /home/mimi/mimi_ros2_ws/install/mimi_head/share/mimi_head/environment/path.dsv\n'}
[31.781532] (mimi_head) StdoutLine: {'line': b'-- Up-to-date symlink: /home/mimi/mimi_ros2_ws/install/mimi_head/share/mimi_head/local_setup.bash\n'}
[31.785510] (mimi_head) StdoutLine: {'line': b'-- Up-to-date symlink: /home/mimi/mimi_ros2_ws/install/mimi_head/share/mimi_head/local_setup.sh\n'}
[31.786400] (mimi_head) StdoutLine: {'line': b'-- Up-to-date symlink: /home/mimi/mimi_ros2_ws/install/mimi_head/share/mimi_head/local_setup.zsh\n'}
[31.786954] (mimi_head) StdoutLine: {'line': b'-- Up-to-date symlink: /home/mimi/mimi_ros2_ws/install/mimi_head/share/mimi_head/local_setup.dsv\n'}
[31.787344] (mimi_head) StdoutLine: {'line': b'-- Symlinking: /home/mimi/mimi_ros2_ws/install/mimi_head/share/mimi_head/package.dsv\n'}
[31.822203] (-) TimerEvent: {}
[31.823042] (mimi_head) StdoutLine: {'line': b'-- Up-to-date symlink: /home/mimi/mimi_ros2_ws/install/mimi_head/share/ament_index/resource_index/packages/mimi_head\n'}
[31.825230] (mimi_head) StdoutLine: {'line': b'-- Up-to-date symlink: /home/mimi/mimi_ros2_ws/install/mimi_head/share/mimi_head/cmake/rosidl_cmake-extras.cmake\n'}
[31.826062] (mimi_head) StdoutLine: {'line': b'-- Up-to-date symlink: /home/mimi/mimi_ros2_ws/install/mimi_head/share/mimi_head/cmake/ament_cmake_export_include_directories-extras.cmake\n'}
[31.828788] (mimi_head) StdoutLine: {'line': b'-- Up-to-date symlink: /home/mimi/mimi_ros2_ws/install/mimi_head/share/mimi_head/cmake/ament_cmake_export_libraries-extras.cmake\n'}
[31.829785] (mimi_head) StdoutLine: {'line': b'-- Up-to-date symlink: /home/mimi/mimi_ros2_ws/install/mimi_head/share/mimi_head/cmake/ament_cmake_export_targets-extras.cmake\n'}
[31.830831] (mimi_head) StdoutLine: {'line': b'-- Up-to-date symlink: /home/mimi/mimi_ros2_ws/install/mimi_head/share/mimi_head/cmake/rosidl_cmake_export_typesupport_targets-extras.cmake\n'}
[31.831693] (mimi_head) StdoutLine: {'line': b'-- Up-to-date symlink: /home/mimi/mimi_ros2_ws/install/mimi_head/share/mimi_head/cmake/ament_cmake_export_dependencies-extras.cmake\n'}
[31.832317] (mimi_head) StdoutLine: {'line': b'-- Up-to-date symlink: /home/mimi/mimi_ros2_ws/install/mimi_head/share/mimi_head/cmake/rosidl_cmake_export_typesupport_libraries-extras.cmake\n'}
[31.833150] (mimi_head) StdoutLine: {'line': b'-- Up-to-date symlink: /home/mimi/mimi_ros2_ws/install/mimi_head/share/mimi_head/cmake/mimi_headConfig.cmake\n'}
[31.834144] (mimi_head) StdoutLine: {'line': b'-- Up-to-date symlink: /home/mimi/mimi_ros2_ws/install/mimi_head/share/mimi_head/cmake/mimi_headConfig-version.cmake\n'}
[31.839335] (mimi_head) StdoutLine: {'line': b'-- Up-to-date symlink: /home/mimi/mimi_ros2_ws/install/mimi_head/share/mimi_head/package.xml\n'}
[31.839970] (mimi_head) StdoutLine: {'line': b'-- Up-to-date: /home/mimi/mimi_ros2_ws/install/mimi_head/lib/libmimi_head__rosidl_generator_c.so\n'}
[31.840506] (mimi_head) StdoutLine: {'line': b'-- Up-to-date: /home/mimi/mimi_ros2_ws/install/mimi_head/lib/libmimi_head__rosidl_typesupport_fastrtps_c.so\n'}
[31.841452] (mimi_head) StdoutLine: {'line': b'-- Up-to-date: /home/mimi/mimi_ros2_ws/install/mimi_head/lib/libmimi_head__rosidl_typesupport_fastrtps_cpp.so\n'}
[31.843288] (mimi_head) StdoutLine: {'line': b'-- Up-to-date: /home/mimi/mimi_ros2_ws/install/mimi_head/lib/libmimi_head__rosidl_typesupport_introspection_c.so\n'}
[31.845638] (mimi_head) StdoutLine: {'line': b'-- Up-to-date: /home/mimi/mimi_ros2_ws/install/mimi_head/lib/libmimi_head__rosidl_typesupport_c.so\n'}
[31.847761] (mimi_head) StdoutLine: {'line': b'-- Up-to-date: /home/mimi/mimi_ros2_ws/install/mimi_head/lib/libmimi_head__rosidl_typesupport_introspection_cpp.so\n'}
[31.849960] (mimi_head) StdoutLine: {'line': b'-- Up-to-date: /home/mimi/mimi_ros2_ws/install/mimi_head/lib/libmimi_head__rosidl_typesupport_cpp.so\n'}
[31.922476] (-) TimerEvent: {}
[32.023419] (-) TimerEvent: {}
[32.054183] (mimi_head) StdoutLine: {'line': b"Listing '/home/mimi/mimi_ros2_ws/install/mimi_head/local/lib/python3.10/dist-packages/mimi_head'...\n"}
[32.055987] (mimi_head) StdoutLine: {'line': b"Listing '/home/mimi/mimi_ros2_ws/install/mimi_head/local/lib/python3.10/dist-packages/mimi_head/msg'...\n"}
[32.083818] (mimi_head) StdoutLine: {'line': b'-- Up-to-date: /home/mimi/mimi_ros2_ws/install/mimi_head/lib/libmimi_head__rosidl_generator_py.so\n'}
[32.092697] (mimi_head) StdoutLine: {'line': b'-- Up-to-date: /home/mimi/mimi_ros2_ws/install/mimi_head/share/mimi_head/cmake/export_mimi_head__rosidl_generator_cExport.cmake\n'}
[32.094527] (mimi_head) StdoutLine: {'line': b'-- Up-to-date: /home/mimi/mimi_ros2_ws/install/mimi_head/share/mimi_head/cmake/export_mimi_head__rosidl_generator_cExport-noconfig.cmake\n'}
[32.095185] (mimi_head) StdoutLine: {'line': b'-- Up-to-date: /home/mimi/mimi_ros2_ws/install/mimi_head/share/mimi_head/cmake/export_mimi_head__rosidl_typesupport_fastrtps_cExport.cmake\n'}
[32.095818] (mimi_head) StdoutLine: {'line': b'-- Up-to-date: /home/mimi/mimi_ros2_ws/install/mimi_head/share/mimi_head/cmake/export_mimi_head__rosidl_typesupport_fastrtps_cExport-noconfig.cmake\n'}
[32.096533] (mimi_head) StdoutLine: {'line': b'-- Up-to-date: /home/mimi/mimi_ros2_ws/install/mimi_head/share/mimi_head/cmake/export_mimi_head__rosidl_generator_cppExport.cmake\n'}
[32.100603] (mimi_head) StdoutLine: {'line': b'-- Up-to-date: /home/mimi/mimi_ros2_ws/install/mimi_head/share/mimi_head/cmake/export_mimi_head__rosidl_typesupport_fastrtps_cppExport.cmake\n'}
[32.101568] (mimi_head) StdoutLine: {'line': b'-- Up-to-date: /home/mimi/mimi_ros2_ws/install/mimi_head/share/mimi_head/cmake/export_mimi_head__rosidl_typesupport_fastrtps_cppExport-noconfig.cmake\n'}
[32.102385] (mimi_head) StdoutLine: {'line': b'-- Up-to-date: /home/mimi/mimi_ros2_ws/install/mimi_head/share/mimi_head/cmake/mimi_head__rosidl_typesupport_introspection_cExport.cmake\n'}
[32.103151] (mimi_head) StdoutLine: {'line': b'-- Up-to-date: /home/mimi/mimi_ros2_ws/install/mimi_head/share/mimi_head/cmake/mimi_head__rosidl_typesupport_introspection_cExport-noconfig.cmake\n'}
[32.103766] (mimi_head) StdoutLine: {'line': b'-- Up-to-date: /home/mimi/mimi_ros2_ws/install/mimi_head/share/mimi_head/cmake/mimi_head__rosidl_typesupport_cExport.cmake\n'}
[32.104445] (mimi_head) StdoutLine: {'line': b'-- Up-to-date: /home/mimi/mimi_ros2_ws/install/mimi_head/share/mimi_head/cmake/mimi_head__rosidl_typesupport_cExport-noconfig.cmake\n'}
[32.105152] (mimi_head) StdoutLine: {'line': b'-- Up-to-date: /home/mimi/mimi_ros2_ws/install/mimi_head/share/mimi_head/cmake/mimi_head__rosidl_typesupport_introspection_cppExport.cmake\n'}
[32.115177] (mimi_head) StdoutLine: {'line': b'-- Up-to-date: /home/mimi/mimi_ros2_ws/install/mimi_head/share/mimi_head/cmake/mimi_head__rosidl_typesupport_introspection_cppExport-noconfig.cmake\n'}
[32.116108] (mimi_head) StdoutLine: {'line': b'-- Up-to-date: /home/mimi/mimi_ros2_ws/install/mimi_head/share/mimi_head/cmake/mimi_head__rosidl_typesupport_cppExport.cmake\n'}
[32.117070] (mimi_head) StdoutLine: {'line': b'-- Up-to-date: /home/mimi/mimi_ros2_ws/install/mimi_head/share/mimi_head/cmake/mimi_head__rosidl_typesupport_cppExport-noconfig.cmake\n'}
[32.118042] (mimi_head) StdoutLine: {'line': b'-- Up-to-date: /home/mimi/mimi_ros2_ws/install/mimi_head/share/mimi_head/cmake/export_mimi_head__rosidl_generator_pyExport.cmake\n'}
[32.118918] (mimi_head) StdoutLine: {'line': b'-- Up-to-date: /home/mimi/mimi_ros2_ws/install/mimi_head/share/mimi_head/cmake/export_mimi_head__rosidl_generator_pyExport-noconfig.cmake\n'}
[32.125089] (-) TimerEvent: {}
[32.130786] (mimi_head) CommandEnded: {'returncode': 0}
[32.226202] (-) TimerEvent: {}
[32.327490] (-) TimerEvent: {}
[32.428666] (-) TimerEvent: {}
[32.530026] (-) TimerEvent: {}
[32.631055] (-) TimerEvent: {}
[32.732661] (-) TimerEvent: {}
[32.841752] (-) TimerEvent: {}
[32.843707] (mimi_head) JobEnded: {'identifier': 'mimi_head', 'rc': 0}
[32.847609] (-) EventReactorShutdown: {}
